WARNING: Logging before flag parsing goes to stderr.
W1221 20:50:20.304101 47710472195776 deprecation.py:506] From /home/zoshs2/anaconda3/envs/tf_gpu/lib/python3.7/site-packages/tensorflow/python/ops/init_ops.py:1251: calling VarianceScaling.__init__ (from tensorflow.python.ops.init_ops) with dtype is deprecated and will be removed in a future version.
Instructions for updating:
Call initializer instance with the dtype argument instead of passing it to the constructor
2019-12-21 20:50:21.851228: I tensorflow/core/platform/cpu_feature_guard.cc:142] Your CPU supports instructions that this TensorFlow binary was not compiled to use: SSE4.1 SSE4.2 AVX AVX2 FMA
2019-12-21 20:50:21.858196: I tensorflow/core/platform/profile_utils/cpu_utils.cc:94] CPU Frequency: 2195055000 Hz
2019-12-21 20:50:21.863486: I tensorflow/compiler/xla/service/service.cc:168] XLA service 0x55f0addbbae0 executing computations on platform Host. Devices:
2019-12-21 20:50:21.863542: I tensorflow/compiler/xla/service/service.cc:175]   StreamExecutor device (0): <undefined>, <undefined>
2019-12-21 20:50:21.866127: I tensorflow/stream_executor/platform/default/dso_loader.cc:42] Successfully opened dynamic library libcuda.so.1
2019-12-21 20:50:21.939512: I tensorflow/core/common_runtime/gpu/gpu_device.cc:1640] Found device 0 with properties: 
name: Tesla V100-SXM2-32GB major: 7 minor: 0 memoryClockRate(GHz): 1.53
pciBusID: 0000:85:00.0
2019-12-21 20:50:21.940129: I tensorflow/stream_executor/platform/default/dso_loader.cc:42] Successfully opened dynamic library libcudart.so.10.1
2019-12-21 20:50:21.946846: I tensorflow/stream_executor/platform/default/dso_loader.cc:42] Successfully opened dynamic library libcublas.so.10
2019-12-21 20:50:22.102013: I tensorflow/stream_executor/platform/default/dso_loader.cc:42] Successfully opened dynamic library libcufft.so.10
2019-12-21 20:50:22.433213: I tensorflow/stream_executor/platform/default/dso_loader.cc:42] Successfully opened dynamic library libcurand.so.10
2019-12-21 20:50:22.866784: I tensorflow/stream_executor/platform/default/dso_loader.cc:42] Successfully opened dynamic library libcusolver.so.10
2019-12-21 20:50:23.329690: I tensorflow/stream_executor/platform/default/dso_loader.cc:42] Successfully opened dynamic library libcusparse.so.10
2019-12-21 20:50:23.956527: I tensorflow/stream_executor/platform/default/dso_loader.cc:42] Successfully opened dynamic library libcudnn.so.7
2019-12-21 20:50:23.983813: I tensorflow/core/common_runtime/gpu/gpu_device.cc:1763] Adding visible gpu devices: 0
2019-12-21 20:50:23.983925: I tensorflow/stream_executor/platform/default/dso_loader.cc:42] Successfully opened dynamic library libcudart.so.10.1
2019-12-21 20:50:24.773275: I tensorflow/core/common_runtime/gpu/gpu_device.cc:1181] Device interconnect StreamExecutor with strength 1 edge matrix:
2019-12-21 20:50:24.773322: I tensorflow/core/common_runtime/gpu/gpu_device.cc:1187]      0 
2019-12-21 20:50:24.773336: I tensorflow/core/common_runtime/gpu/gpu_device.cc:1200] 0:   N 
2019-12-21 20:50:24.787884: I tensorflow/core/common_runtime/gpu/gpu_device.cc:1326] Created TensorFlow device (/job:localhost/replica:0/task:0/device:GPU:0 with 30583 MB memory) -> physical GPU (device: 0, name: Tesla V100-SXM2-32GB, pci bus id: 0000:85:00.0, compute capability: 7.0)
2019-12-21 20:50:24.790666: I tensorflow/compiler/xla/service/service.cc:168] XLA service 0x55f0aeb03c10 executing computations on platform CUDA. Devices:
2019-12-21 20:50:24.790723: I tensorflow/compiler/xla/service/service.cc:175]   StreamExecutor device (0): Tesla V100-SXM2-32GB, Compute Capability 7.0
2019-12-21 20:50:38.901628: I tensorflow/stream_executor/platform/default/dso_loader.cc:42] Successfully opened dynamic library libcublas.so.10
2019-12-21 20:50:40.290851: I tensorflow/stream_executor/platform/default/dso_loader.cc:42] Successfully opened dynamic library libcudnn.so.7
2019-12-21 20:50:48.628066: I tensorflow/core/common_runtime/gpu/gpu_device.cc:1640] Found device 0 with properties: 
name: Tesla V100-SXM2-32GB major: 7 minor: 0 memoryClockRate(GHz): 1.53
pciBusID: 0000:85:00.0
2019-12-21 20:50:48.628210: I tensorflow/stream_executor/platform/default/dso_loader.cc:42] Successfully opened dynamic library libcudart.so.10.1
2019-12-21 20:50:48.628254: I tensorflow/stream_executor/platform/default/dso_loader.cc:42] Successfully opened dynamic library libcublas.so.10
2019-12-21 20:50:48.628288: I tensorflow/stream_executor/platform/default/dso_loader.cc:42] Successfully opened dynamic library libcufft.so.10
2019-12-21 20:50:48.628322: I tensorflow/stream_executor/platform/default/dso_loader.cc:42] Successfully opened dynamic library libcurand.so.10
2019-12-21 20:50:48.628354: I tensorflow/stream_executor/platform/default/dso_loader.cc:42] Successfully opened dynamic library libcusolver.so.10
2019-12-21 20:50:48.628387: I tensorflow/stream_executor/platform/default/dso_loader.cc:42] Successfully opened dynamic library libcusparse.so.10
2019-12-21 20:50:48.628419: I tensorflow/stream_executor/platform/default/dso_loader.cc:42] Successfully opened dynamic library libcudnn.so.7
2019-12-21 20:50:48.632638: I tensorflow/core/common_runtime/gpu/gpu_device.cc:1763] Adding visible gpu devices: 0
2019-12-21 20:50:48.635117: I tensorflow/core/common_runtime/gpu/gpu_device.cc:1640] Found device 0 with properties: 
name: Tesla V100-SXM2-32GB major: 7 minor: 0 memoryClockRate(GHz): 1.53
pciBusID: 0000:85:00.0
2019-12-21 20:50:48.635233: I tensorflow/stream_executor/platform/default/dso_loader.cc:42] Successfully opened dynamic library libcudart.so.10.1
2019-12-21 20:50:48.635260: I tensorflow/stream_executor/platform/default/dso_loader.cc:42] Successfully opened dynamic library libcublas.so.10
2019-12-21 20:50:48.635282: I tensorflow/stream_executor/platform/default/dso_loader.cc:42] Successfully opened dynamic library libcufft.so.10
2019-12-21 20:50:48.635304: I tensorflow/stream_executor/platform/default/dso_loader.cc:42] Successfully opened dynamic library libcurand.so.10
2019-12-21 20:50:48.635326: I tensorflow/stream_executor/platform/default/dso_loader.cc:42] Successfully opened dynamic library libcusolver.so.10
2019-12-21 20:50:48.635347: I tensorflow/stream_executor/platform/default/dso_loader.cc:42] Successfully opened dynamic library libcusparse.so.10
2019-12-21 20:50:48.635369: I tensorflow/stream_executor/platform/default/dso_loader.cc:42] Successfully opened dynamic library libcudnn.so.7
2019-12-21 20:50:48.638123: I tensorflow/core/common_runtime/gpu/gpu_device.cc:1763] Adding visible gpu devices: 0
2019-12-21 20:50:48.638190: I tensorflow/core/common_runtime/gpu/gpu_device.cc:1181] Device interconnect StreamExecutor with strength 1 edge matrix:
2019-12-21 20:50:48.638202: I tensorflow/core/common_runtime/gpu/gpu_device.cc:1187]      0 
2019-12-21 20:50:48.638211: I tensorflow/core/common_runtime/gpu/gpu_device.cc:1200] 0:   N 
2019-12-21 20:50:48.641024: I tensorflow/core/common_runtime/gpu/gpu_device.cc:1326] Created TensorFlow device (/job:localhost/replica:0/task:0/device:GPU:0 with 30583 MB memory) -> physical GPU (device: 0, name: Tesla V100-SXM2-32GB, pci bus id: 0000:85:00.0, compute capability: 7.0)
2019-12-21 20:50:48.646999: I tensorflow/core/profiler/lib/profiler_session.cc:174] Profiler session started.
2019-12-21 20:50:48.648438: I tensorflow/stream_executor/platform/default/dso_loader.cc:42] Successfully opened dynamic library libcupti.so.10.1
2019-12-21 20:50:48.749055: W tensorflow/core/profiler/lib/profiler_session.cc:182] Encountered error while starting profiler: Unavailable: CUPTI error: CUPTI_ERROR_INSUFFICIENT_PRIVILEGES
2019-12-21 20:50:48.777719: I tensorflow/core/platform/default/device_tracer.cc:641] Collecting 0 kernel records, 0 memcpy records.
2019-12-21 20:50:48.777975: E tensorflow/core/platform/default/device_tracer.cc:68] CUPTI error: CUPTI_ERROR_INVALID_PARAMETER
2019-12-21 21:03:17.214365: I tensorflow/core/profiler/lib/profiler_session.cc:174] Profiler session started.
2019-12-21 21:03:17.215804: W tensorflow/core/profiler/lib/profiler_session.cc:182] Encountered error while starting profiler: Unavailable: CUPTI error: CUPTI_ERROR_INSUFFICIENT_PRIVILEGES
2019-12-21 21:03:17.240325: I tensorflow/core/platform/default/device_tracer.cc:641] Collecting 0 kernel records, 0 memcpy records.
2019-12-21 21:03:17.240495: E tensorflow/core/platform/default/device_tracer.cc:68] CUPTI error: CUPTI_ERROR_INVALID_PARAMETER
2019-12-21 21:10:54.752452: I tensorflow/core/profiler/lib/profiler_session.cc:174] Profiler session started.
2019-12-21 21:10:54.752588: W tensorflow/core/profiler/lib/profiler_session.cc:182] Encountered error while starting profiler: Unavailable: CUPTI error: CUPTI_ERROR_NOT_INITIALIZED
2019-12-21 21:10:54.785057: I tensorflow/core/platform/default/device_tracer.cc:641] Collecting 0 kernel records, 0 memcpy records.
2019-12-21 21:10:54.785256: E tensorflow/core/platform/default/device_tracer.cc:68] CUPTI error: CUPTI_ERROR_INVALID_PARAMETER
2019-12-21 21:21:30.170433: I tensorflow/core/profiler/lib/profiler_session.cc:174] Profiler session started.
2019-12-21 21:21:30.170534: W tensorflow/core/profiler/lib/profiler_session.cc:182] Encountered error while starting profiler: Unavailable: CUPTI error: CUPTI_ERROR_NOT_INITIALIZED
2019-12-21 21:21:30.189033: I tensorflow/core/platform/default/device_tracer.cc:641] Collecting 0 kernel records, 0 memcpy records.
2019-12-21 21:21:30.189190: E tensorflow/core/platform/default/device_tracer.cc:68] CUPTI error: CUPTI_ERROR_INVALID_PARAMETER
2019-12-21 21:28:18.765176: I tensorflow/core/profiler/lib/profiler_session.cc:174] Profiler session started.
2019-12-21 21:28:18.765278: W tensorflow/core/profiler/lib/profiler_session.cc:182] Encountered error while starting profiler: Unavailable: CUPTI error: CUPTI_ERROR_NOT_INITIALIZED
2019-12-21 21:28:18.787290: I tensorflow/core/platform/default/device_tracer.cc:641] Collecting 0 kernel records, 0 memcpy records.
2019-12-21 21:28:18.787415: E tensorflow/core/platform/default/device_tracer.cc:68] CUPTI error: CUPTI_ERROR_INVALID_PARAMETER
