WARNING: Logging before flag parsing goes to stderr.
W1221 20:50:18.975017 47306832207552 deprecation.py:506] From /home/zoshs2/anaconda3/envs/tf_gpu/lib/python3.7/site-packages/tensorflow/python/ops/init_ops.py:1251: calling VarianceScaling.__init__ (from tensorflow.python.ops.init_ops) with dtype is deprecated and will be removed in a future version.
Instructions for updating:
Call initializer instance with the dtype argument instead of passing it to the constructor
2019-12-21 20:50:20.345932: I tensorflow/core/platform/cpu_feature_guard.cc:142] Your CPU supports instructions that this TensorFlow binary was not compiled to use: SSE4.1 SSE4.2 AVX AVX2 FMA
2019-12-21 20:50:20.353162: I tensorflow/core/platform/profile_utils/cpu_utils.cc:94] CPU Frequency: 2195055000 Hz
2019-12-21 20:50:20.357683: I tensorflow/compiler/xla/service/service.cc:168] XLA service 0x55d3c31f5330 executing computations on platform Host. Devices:
2019-12-21 20:50:20.357712: I tensorflow/compiler/xla/service/service.cc:175]   StreamExecutor device (0): <undefined>, <undefined>
2019-12-21 20:50:20.359088: I tensorflow/stream_executor/platform/default/dso_loader.cc:42] Successfully opened dynamic library libcuda.so.1
2019-12-21 20:50:20.409315: I tensorflow/core/common_runtime/gpu/gpu_device.cc:1640] Found device 0 with properties: 
name: Tesla V100-SXM2-32GB major: 7 minor: 0 memoryClockRate(GHz): 1.53
pciBusID: 0000:89:00.0
2019-12-21 20:50:20.438372: I tensorflow/stream_executor/platform/default/dso_loader.cc:42] Successfully opened dynamic library libcudart.so.10.1
2019-12-21 20:50:21.138293: I tensorflow/stream_executor/platform/default/dso_loader.cc:42] Successfully opened dynamic library libcublas.so.10
2019-12-21 20:50:21.698848: I tensorflow/stream_executor/platform/default/dso_loader.cc:42] Successfully opened dynamic library libcufft.so.10
2019-12-21 20:50:22.433234: I tensorflow/stream_executor/platform/default/dso_loader.cc:42] Successfully opened dynamic library libcurand.so.10
2019-12-21 20:50:22.866785: I tensorflow/stream_executor/platform/default/dso_loader.cc:42] Successfully opened dynamic library libcusolver.so.10
2019-12-21 20:50:23.329690: I tensorflow/stream_executor/platform/default/dso_loader.cc:42] Successfully opened dynamic library libcusparse.so.10
2019-12-21 20:50:23.956511: I tensorflow/stream_executor/platform/default/dso_loader.cc:42] Successfully opened dynamic library libcudnn.so.7
2019-12-21 20:50:23.983693: I tensorflow/core/common_runtime/gpu/gpu_device.cc:1763] Adding visible gpu devices: 0
2019-12-21 20:50:23.983813: I tensorflow/stream_executor/platform/default/dso_loader.cc:42] Successfully opened dynamic library libcudart.so.10.1
2019-12-21 20:50:24.770063: I tensorflow/core/common_runtime/gpu/gpu_device.cc:1181] Device interconnect StreamExecutor with strength 1 edge matrix:
2019-12-21 20:50:24.770099: I tensorflow/core/common_runtime/gpu/gpu_device.cc:1187]      0 
2019-12-21 20:50:24.770113: I tensorflow/core/common_runtime/gpu/gpu_device.cc:1200] 0:   N 
2019-12-21 20:50:24.785196: I tensorflow/core/common_runtime/gpu/gpu_device.cc:1326] Created TensorFlow device (/job:localhost/replica:0/task:0/device:GPU:0 with 30469 MB memory) -> physical GPU (device: 0, name: Tesla V100-SXM2-32GB, pci bus id: 0000:89:00.0, compute capability: 7.0)
2019-12-21 20:50:24.787689: I tensorflow/compiler/xla/service/service.cc:168] XLA service 0x55d3c3a4f210 executing computations on platform CUDA. Devices:
2019-12-21 20:50:24.787717: I tensorflow/compiler/xla/service/service.cc:175]   StreamExecutor device (0): Tesla V100-SXM2-32GB, Compute Capability 7.0
2019-12-21 20:50:38.980081: I tensorflow/stream_executor/platform/default/dso_loader.cc:42] Successfully opened dynamic library libcublas.so.10
2019-12-21 20:50:40.291810: I tensorflow/stream_executor/platform/default/dso_loader.cc:42] Successfully opened dynamic library libcudnn.so.7
2019-12-21 20:50:48.248590: I tensorflow/core/common_runtime/gpu/gpu_device.cc:1640] Found device 0 with properties: 
name: Tesla V100-SXM2-32GB major: 7 minor: 0 memoryClockRate(GHz): 1.53
pciBusID: 0000:89:00.0
2019-12-21 20:50:48.248725: I tensorflow/stream_executor/platform/default/dso_loader.cc:42] Successfully opened dynamic library libcudart.so.10.1
2019-12-21 20:50:48.248766: I tensorflow/stream_executor/platform/default/dso_loader.cc:42] Successfully opened dynamic library libcublas.so.10
2019-12-21 20:50:48.248817: I tensorflow/stream_executor/platform/default/dso_loader.cc:42] Successfully opened dynamic library libcufft.so.10
2019-12-21 20:50:48.248848: I tensorflow/stream_executor/platform/default/dso_loader.cc:42] Successfully opened dynamic library libcurand.so.10
2019-12-21 20:50:48.248877: I tensorflow/stream_executor/platform/default/dso_loader.cc:42] Successfully opened dynamic library libcusolver.so.10
2019-12-21 20:50:48.248907: I tensorflow/stream_executor/platform/default/dso_loader.cc:42] Successfully opened dynamic library libcusparse.so.10
2019-12-21 20:50:48.248937: I tensorflow/stream_executor/platform/default/dso_loader.cc:42] Successfully opened dynamic library libcudnn.so.7
2019-12-21 20:50:48.252882: I tensorflow/core/common_runtime/gpu/gpu_device.cc:1763] Adding visible gpu devices: 0
2019-12-21 20:50:48.255910: I tensorflow/core/common_runtime/gpu/gpu_device.cc:1640] Found device 0 with properties: 
name: Tesla V100-SXM2-32GB major: 7 minor: 0 memoryClockRate(GHz): 1.53
pciBusID: 0000:89:00.0
2019-12-21 20:50:48.255986: I tensorflow/stream_executor/platform/default/dso_loader.cc:42] Successfully opened dynamic library libcudart.so.10.1
2019-12-21 20:50:48.256023: I tensorflow/stream_executor/platform/default/dso_loader.cc:42] Successfully opened dynamic library libcublas.so.10
2019-12-21 20:50:48.256053: I tensorflow/stream_executor/platform/default/dso_loader.cc:42] Successfully opened dynamic library libcufft.so.10
2019-12-21 20:50:48.256082: I tensorflow/stream_executor/platform/default/dso_loader.cc:42] Successfully opened dynamic library libcurand.so.10
2019-12-21 20:50:48.256111: I tensorflow/stream_executor/platform/default/dso_loader.cc:42] Successfully opened dynamic library libcusolver.so.10
2019-12-21 20:50:48.256140: I tensorflow/stream_executor/platform/default/dso_loader.cc:42] Successfully opened dynamic library libcusparse.so.10
2019-12-21 20:50:48.256169: I tensorflow/stream_executor/platform/default/dso_loader.cc:42] Successfully opened dynamic library libcudnn.so.7
2019-12-21 20:50:48.260199: I tensorflow/core/common_runtime/gpu/gpu_device.cc:1763] Adding visible gpu devices: 0
2019-12-21 20:50:48.260258: I tensorflow/core/common_runtime/gpu/gpu_device.cc:1181] Device interconnect StreamExecutor with strength 1 edge matrix:
2019-12-21 20:50:48.260274: I tensorflow/core/common_runtime/gpu/gpu_device.cc:1187]      0 
2019-12-21 20:50:48.260285: I tensorflow/core/common_runtime/gpu/gpu_device.cc:1200] 0:   N 
2019-12-21 20:50:48.264106: I tensorflow/core/common_runtime/gpu/gpu_device.cc:1326] Created TensorFlow device (/job:localhost/replica:0/task:0/device:GPU:0 with 30469 MB memory) -> physical GPU (device: 0, name: Tesla V100-SXM2-32GB, pci bus id: 0000:89:00.0, compute capability: 7.0)
2019-12-21 20:50:48.271080: I tensorflow/core/profiler/lib/profiler_session.cc:174] Profiler session started.
2019-12-21 20:50:48.382981: I tensorflow/stream_executor/platform/default/dso_loader.cc:42] Successfully opened dynamic library libcupti.so.10.1
2019-12-21 20:50:48.483868: W tensorflow/core/profiler/lib/profiler_session.cc:182] Encountered error while starting profiler: Unavailable: CUPTI error: CUPTI_ERROR_INSUFFICIENT_PRIVILEGES
2019-12-21 20:50:48.499490: I tensorflow/core/platform/default/device_tracer.cc:641] Collecting 0 kernel records, 0 memcpy records.
2019-12-21 20:50:48.499740: E tensorflow/core/platform/default/device_tracer.cc:68] CUPTI error: CUPTI_ERROR_INVALID_PARAMETER
W1221 20:50:48.520652 47306832207552 callbacks.py:257] Method (on_train_batch_end) is slow compared to the batch update (0.129790). Check your callbacks.
2019-12-21 21:10:50.468194: I tensorflow/core/profiler/lib/profiler_session.cc:174] Profiler session started.
2019-12-21 21:10:50.469247: W tensorflow/core/profiler/lib/profiler_session.cc:182] Encountered error while starting profiler: Unavailable: CUPTI error: CUPTI_ERROR_INSUFFICIENT_PRIVILEGES
2019-12-21 21:10:50.484151: I tensorflow/core/platform/default/device_tracer.cc:641] Collecting 0 kernel records, 0 memcpy records.
2019-12-21 21:10:50.484300: E tensorflow/core/platform/default/device_tracer.cc:68] CUPTI error: CUPTI_ERROR_INVALID_PARAMETER
2019-12-21 21:27:46.939097: I tensorflow/core/profiler/lib/profiler_session.cc:174] Profiler session started.
2019-12-21 21:27:46.939214: W tensorflow/core/profiler/lib/profiler_session.cc:182] Encountered error while starting profiler: Unavailable: CUPTI error: CUPTI_ERROR_NOT_INITIALIZED
2019-12-21 21:27:46.959463: I tensorflow/core/platform/default/device_tracer.cc:641] Collecting 0 kernel records, 0 memcpy records.
2019-12-21 21:27:46.959625: E tensorflow/core/platform/default/device_tracer.cc:68] CUPTI error: CUPTI_ERROR_INVALID_PARAMETER
2019-12-21 21:41:05.957293: I tensorflow/core/profiler/lib/profiler_session.cc:174] Profiler session started.
2019-12-21 21:41:05.957439: W tensorflow/core/profiler/lib/profiler_session.cc:182] Encountered error while starting profiler: Unavailable: CUPTI error: CUPTI_ERROR_NOT_INITIALIZED
2019-12-21 21:41:05.976749: I tensorflow/core/platform/default/device_tracer.cc:641] Collecting 0 kernel records, 0 memcpy records.
2019-12-21 21:41:05.976969: E tensorflow/core/platform/default/device_tracer.cc:68] CUPTI error: CUPTI_ERROR_INVALID_PARAMETER
2019-12-21 22:01:51.252114: I tensorflow/core/profiler/lib/profiler_session.cc:174] Profiler session started.
2019-12-21 22:01:51.252218: W tensorflow/core/profiler/lib/profiler_session.cc:182] Encountered error while starting profiler: Unavailable: CUPTI error: CUPTI_ERROR_NOT_INITIALIZED
2019-12-21 22:01:51.266338: I tensorflow/core/platform/default/device_tracer.cc:641] Collecting 0 kernel records, 0 memcpy records.
2019-12-21 22:01:51.266454: E tensorflow/core/platform/default/device_tracer.cc:68] CUPTI error: CUPTI_ERROR_INVALID_PARAMETER
