WARNING: Logging before flag parsing goes to stderr.
W0228 16:49:26.614874 140709674813248 deprecation.py:506] From /home/zoshs2/anaconda3/envs/tf_gpu/lib/python3.7/site-packages/tensorflow/python/ops/init_ops.py:1251: calling VarianceScaling.__init__ (from tensorflow.python.ops.init_ops) with dtype is deprecated and will be removed in a future version.
Instructions for updating:
Call initializer instance with the dtype argument instead of passing it to the constructor
2020-02-28 16:49:27.934518: I tensorflow/core/platform/cpu_feature_guard.cc:142] Your CPU supports instructions that this TensorFlow binary was not compiled to use: SSE4.1 SSE4.2 AVX AVX2 FMA
2020-02-28 16:49:27.950178: I tensorflow/core/platform/profile_utils/cpu_utils.cc:94] CPU Frequency: 2199870000 Hz
2020-02-28 16:49:27.959943: I tensorflow/compiler/xla/service/service.cc:168] XLA service 0x55915999d250 executing computations on platform Host. Devices:
2020-02-28 16:49:27.964613: I tensorflow/compiler/xla/service/service.cc:175]   StreamExecutor device (0): <undefined>, <undefined>
2020-02-28 16:49:27.966605: I tensorflow/stream_executor/platform/default/dso_loader.cc:42] Successfully opened dynamic library libcuda.so.1
2020-02-28 16:49:30.999713: I tensorflow/core/common_runtime/gpu/gpu_device.cc:1640] Found device 0 with properties: 
name: Tesla V100-PCIE-16GB major: 7 minor: 0 memoryClockRate(GHz): 1.38
pciBusID: 0000:08:00.0
2020-02-28 16:49:31.047123: I tensorflow/stream_executor/platform/default/dso_loader.cc:42] Successfully opened dynamic library libcudart.so.10.1
2020-02-28 16:49:31.084535: I tensorflow/stream_executor/platform/default/dso_loader.cc:42] Successfully opened dynamic library libcublas.so.10
2020-02-28 16:49:31.093684: I tensorflow/stream_executor/platform/default/dso_loader.cc:42] Successfully opened dynamic library libcufft.so.10
2020-02-28 16:49:31.107437: I tensorflow/stream_executor/platform/default/dso_loader.cc:42] Successfully opened dynamic library libcurand.so.10
2020-02-28 16:49:31.141612: I tensorflow/stream_executor/platform/default/dso_loader.cc:42] Successfully opened dynamic library libcusolver.so.10
2020-02-28 16:49:31.148421: I tensorflow/stream_executor/platform/default/dso_loader.cc:42] Successfully opened dynamic library libcusparse.so.10
2020-02-28 16:49:31.157592: I tensorflow/stream_executor/platform/default/dso_loader.cc:42] Successfully opened dynamic library libcudnn.so.7
2020-02-28 16:49:31.315347: I tensorflow/core/common_runtime/gpu/gpu_device.cc:1763] Adding visible gpu devices: 0
2020-02-28 16:49:31.315462: I tensorflow/stream_executor/platform/default/dso_loader.cc:42] Successfully opened dynamic library libcudart.so.10.1
2020-02-28 16:49:31.482500: I tensorflow/core/common_runtime/gpu/gpu_device.cc:1181] Device interconnect StreamExecutor with strength 1 edge matrix:
2020-02-28 16:49:31.482552: I tensorflow/core/common_runtime/gpu/gpu_device.cc:1187]      0 
2020-02-28 16:49:31.482566: I tensorflow/core/common_runtime/gpu/gpu_device.cc:1200] 0:   N 
2020-02-28 16:49:31.488375: I tensorflow/core/common_runtime/gpu/gpu_device.cc:1326] Created TensorFlow device (/job:localhost/replica:0/task:0/device:GPU:0 with 15050 MB memory) -> physical GPU (device: 0, name: Tesla V100-PCIE-16GB, pci bus id: 0000:08:00.0, compute capability: 7.0)
2020-02-28 16:49:31.490906: I tensorflow/compiler/xla/service/service.cc:168] XLA service 0x55915a7ae1d0 executing computations on platform CUDA. Devices:
2020-02-28 16:49:31.513915: I tensorflow/compiler/xla/service/service.cc:175]   StreamExecutor device (0): Tesla V100-PCIE-16GB, Compute Capability 7.0
2020-02-28 16:49:33.580973: I tensorflow/stream_executor/platform/default/dso_loader.cc:42] Successfully opened dynamic library libcublas.so.10
2020-02-28 16:49:33.893764: I tensorflow/stream_executor/platform/default/dso_loader.cc:42] Successfully opened dynamic library libcudnn.so.7
TESTSET SAVE!
Train on 1414 samples, validate on 354 samples
Epoch 1/500
1414/1414 - 9s - loss: 0.5116 - mean_squared_error: 0.5116 - val_loss: 0.6015 - val_mean_squared_error: 0.6015
Epoch 2/500
1414/1414 - 5s - loss: 0.0663 - mean_squared_error: 0.0663 - val_loss: 0.1831 - val_mean_squared_error: 0.1831
Epoch 3/500
1414/1414 - 4s - loss: 0.0405 - mean_squared_error: 0.0405 - val_loss: 0.0529 - val_mean_squared_error: 0.0529
Epoch 4/500
1414/1414 - 3s - loss: 0.0368 - mean_squared_error: 0.0368 - val_loss: 0.0169 - val_mean_squared_error: 0.0169
Epoch 5/500
1414/1414 - 3s - loss: 0.0314 - mean_squared_error: 0.0314 - val_loss: 0.0160 - val_mean_squared_error: 0.0160
Epoch 6/500
1414/1414 - 4s - loss: 0.0257 - mean_squared_error: 0.0257 - val_loss: 0.0119 - val_mean_squared_error: 0.0119
Epoch 7/500
1414/1414 - 3s - loss: 0.0244 - mean_squared_error: 0.0244 - val_loss: 0.0136 - val_mean_squared_error: 0.0136
Epoch 8/500
1414/1414 - 3s - loss: 0.0245 - mean_squared_error: 0.0245 - val_loss: 0.0209 - val_mean_squared_error: 0.0209
Epoch 9/500
1414/1414 - 4s - loss: 0.0263 - mean_squared_error: 0.0263 - val_loss: 0.0112 - val_mean_squared_error: 0.0112
Epoch 10/500
1414/1414 - 4s - loss: 0.0239 - mean_squared_error: 0.0239 - val_loss: 0.0076 - val_mean_squared_error: 0.0076
Epoch 11/500
1414/1414 - 3s - loss: 0.0182 - mean_squared_error: 0.0182 - val_loss: 0.0223 - val_mean_squared_error: 0.0223
Epoch 12/500
1414/1414 - 3s - loss: 0.0214 - mean_squared_error: 0.0214 - val_loss: 0.0161 - val_mean_squared_error: 0.0161
Epoch 13/500
1414/1414 - 4s - loss: 0.0185 - mean_squared_error: 0.0185 - val_loss: 0.0068 - val_mean_squared_error: 0.0068
Epoch 14/500
1414/1414 - 3s - loss: 0.0175 - mean_squared_error: 0.0175 - val_loss: 0.0089 - val_mean_squared_error: 0.0089
Epoch 15/500
1414/1414 - 3s - loss: 0.0188 - mean_squared_error: 0.0188 - val_loss: 0.0135 - val_mean_squared_error: 0.0135
Epoch 16/500
1414/1414 - 4s - loss: 0.0175 - mean_squared_error: 0.0175 - val_loss: 0.0066 - val_mean_squared_error: 0.0066
Epoch 17/500
1414/1414 - 3s - loss: 0.0162 - mean_squared_error: 0.0162 - val_loss: 0.0068 - val_mean_squared_error: 0.0068
Epoch 18/500
1414/1414 - 4s - loss: 0.0145 - mean_squared_error: 0.0145 - val_loss: 0.0079 - val_mean_squared_error: 0.0079
Epoch 19/500
1414/1414 - 4s - loss: 0.0197 - mean_squared_error: 0.0197 - val_loss: 0.0089 - val_mean_squared_error: 0.0089
Epoch 20/500
1414/1414 - 4s - loss: 0.0140 - mean_squared_error: 0.0140 - val_loss: 0.0060 - val_mean_squared_error: 0.0060
Epoch 21/500
1414/1414 - 3s - loss: 0.0120 - mean_squared_error: 0.0120 - val_loss: 0.0043 - val_mean_squared_error: 0.0043
Epoch 22/500
1414/1414 - 3s - loss: 0.0136 - mean_squared_error: 0.0136 - val_loss: 0.0058 - val_mean_squared_error: 0.0058
Epoch 23/500
1414/1414 - 3s - loss: 0.0139 - mean_squared_error: 0.0139 - val_loss: 0.0053 - val_mean_squared_error: 0.0053
Epoch 24/500
1414/1414 - 3s - loss: 0.0121 - mean_squared_error: 0.0121 - val_loss: 0.0078 - val_mean_squared_error: 0.0078
Epoch 25/500
1414/1414 - 3s - loss: 0.0133 - mean_squared_error: 0.0133 - val_loss: 0.0057 - val_mean_squared_error: 0.0057
Epoch 26/500
1414/1414 - 3s - loss: 0.0131 - mean_squared_error: 0.0131 - val_loss: 0.0104 - val_mean_squared_error: 0.0104
Epoch 27/500
1414/1414 - 3s - loss: 0.0120 - mean_squared_error: 0.0120 - val_loss: 0.0044 - val_mean_squared_error: 0.0044
Epoch 28/500
1414/1414 - 3s - loss: 0.0087 - mean_squared_error: 0.0087 - val_loss: 0.0079 - val_mean_squared_error: 0.0079
Epoch 29/500
1414/1414 - 3s - loss: 0.0138 - mean_squared_error: 0.0138 - val_loss: 0.0162 - val_mean_squared_error: 0.0162
Epoch 30/500
1414/1414 - 3s - loss: 0.0135 - mean_squared_error: 0.0135 - val_loss: 0.0076 - val_mean_squared_error: 0.0076
Epoch 31/500
1414/1414 - 3s - loss: 0.0100 - mean_squared_error: 0.0100 - val_loss: 0.0060 - val_mean_squared_error: 0.0060
Epoch 32/500
1414/1414 - 3s - loss: 0.0117 - mean_squared_error: 0.0117 - val_loss: 0.0062 - val_mean_squared_error: 0.0062
Epoch 33/500
1414/1414 - 3s - loss: 0.0087 - mean_squared_error: 0.0087 - val_loss: 0.0040 - val_mean_squared_error: 0.0040
Epoch 34/500
1414/1414 - 3s - loss: 0.0083 - mean_squared_error: 0.0083 - val_loss: 0.0033 - val_mean_squared_error: 0.0033
Epoch 35/500
1414/1414 - 3s - loss: 0.0107 - mean_squared_error: 0.0107 - val_loss: 0.0053 - val_mean_squared_error: 0.0053
Epoch 36/500
1414/1414 - 4s - loss: 0.0095 - mean_squared_error: 0.0095 - val_loss: 0.0031 - val_mean_squared_error: 0.0031
Epoch 37/500
1414/1414 - 3s - loss: 0.0073 - mean_squared_error: 0.0073 - val_loss: 0.0043 - val_mean_squared_error: 0.0043
Epoch 38/500
1414/1414 - 3s - loss: 0.0072 - mean_squared_error: 0.0072 - val_loss: 0.0075 - val_mean_squared_error: 0.0075
Epoch 39/500
1414/1414 - 3s - loss: 0.0082 - mean_squared_error: 0.0082 - val_loss: 0.0094 - val_mean_squared_error: 0.0094
Epoch 40/500
1414/1414 - 3s - loss: 0.0088 - mean_squared_error: 0.0088 - val_loss: 0.0075 - val_mean_squared_error: 0.0075
Epoch 41/500
1414/1414 - 3s - loss: 0.0073 - mean_squared_error: 0.0073 - val_loss: 0.0040 - val_mean_squared_error: 0.0040
Epoch 42/500
1414/1414 - 3s - loss: 0.0081 - mean_squared_error: 0.0081 - val_loss: 0.0028 - val_mean_squared_error: 0.0028
Epoch 43/500
1414/1414 - 3s - loss: 0.0059 - mean_squared_error: 0.0059 - val_loss: 0.0066 - val_mean_squared_error: 0.0066
Epoch 44/500
1414/1414 - 3s - loss: 0.0075 - mean_squared_error: 0.0075 - val_loss: 0.0032 - val_mean_squared_error: 0.0032
Epoch 45/500
1414/1414 - 3s - loss: 0.0056 - mean_squared_error: 0.0056 - val_loss: 0.0079 - val_mean_squared_error: 0.0079
Epoch 46/500
1414/1414 - 3s - loss: 0.0090 - mean_squared_error: 0.0090 - val_loss: 0.0150 - val_mean_squared_error: 0.0150
Epoch 47/500
1414/1414 - 3s - loss: 0.0081 - mean_squared_error: 0.0081 - val_loss: 0.0052 - val_mean_squared_error: 0.0052
Epoch 48/500
1414/1414 - 3s - loss: 0.0049 - mean_squared_error: 0.0049 - val_loss: 0.0015 - val_mean_squared_error: 0.0015
Epoch 49/500
1414/1414 - 4s - loss: 0.0072 - mean_squared_error: 0.0072 - val_loss: 0.0101 - val_mean_squared_error: 0.0101
Epoch 50/500
1414/1414 - 4s - loss: 0.0078 - mean_squared_error: 0.0078 - val_loss: 0.0027 - val_mean_squared_error: 0.0027
Epoch 51/500
1414/1414 - 3s - loss: 0.0049 - mean_squared_error: 0.0049 - val_loss: 0.0022 - val_mean_squared_error: 0.0022
Epoch 52/500
1414/1414 - 3s - loss: 0.0080 - mean_squared_error: 0.0080 - val_loss: 0.0025 - val_mean_squared_error: 0.0025
Epoch 53/500
1414/1414 - 3s - loss: 0.0051 - mean_squared_error: 0.0051 - val_loss: 0.0027 - val_mean_squared_error: 0.0027
Epoch 54/500
1414/1414 - 3s - loss: 0.0074 - mean_squared_error: 0.0074 - val_loss: 0.0049 - val_mean_squared_error: 0.0049
Epoch 55/500
1414/1414 - 3s - loss: 0.0057 - mean_squared_error: 0.0057 - val_loss: 0.0026 - val_mean_squared_error: 0.0026
Epoch 56/500
1414/1414 - 3s - loss: 0.0077 - mean_squared_error: 0.0077 - val_loss: 0.0248 - val_mean_squared_error: 0.0248
Epoch 57/500
1414/1414 - 3s - loss: 0.0084 - mean_squared_error: 0.0084 - val_loss: 0.0039 - val_mean_squared_error: 0.0039
Epoch 58/500
1414/1414 - 3s - loss: 0.0060 - mean_squared_error: 0.0060 - val_loss: 0.0027 - val_mean_squared_error: 0.0027
Epoch 59/500
1414/1414 - 4s - loss: 0.0050 - mean_squared_error: 0.0050 - val_loss: 0.0014 - val_mean_squared_error: 0.0014
Epoch 60/500
1414/1414 - 3s - loss: 0.0064 - mean_squared_error: 0.0064 - val_loss: 0.0018 - val_mean_squared_error: 0.0018
Epoch 61/500
1414/1414 - 3s - loss: 0.0070 - mean_squared_error: 0.0070 - val_loss: 0.0019 - val_mean_squared_error: 0.0019
Epoch 62/500
1414/1414 - 3s - loss: 0.0041 - mean_squared_error: 0.0041 - val_loss: 0.0010 - val_mean_squared_error: 0.0010
Epoch 63/500
1414/1414 - 3s - loss: 0.0037 - mean_squared_error: 0.0037 - val_loss: 0.0020 - val_mean_squared_error: 0.0020
Epoch 64/500
1414/1414 - 3s - loss: 0.0048 - mean_squared_error: 0.0048 - val_loss: 0.0031 - val_mean_squared_error: 0.0031
Epoch 65/500
1414/1414 - 3s - loss: 0.0046 - mean_squared_error: 0.0046 - val_loss: 0.0016 - val_mean_squared_error: 0.0016
Epoch 66/500
1414/1414 - 3s - loss: 0.0045 - mean_squared_error: 0.0045 - val_loss: 9.6144e-04 - val_mean_squared_error: 9.6144e-04
Epoch 67/500
1414/1414 - 3s - loss: 0.0035 - mean_squared_error: 0.0035 - val_loss: 0.0010 - val_mean_squared_error: 0.0010
Epoch 68/500
1414/1414 - 3s - loss: 0.0041 - mean_squared_error: 0.0041 - val_loss: 0.0015 - val_mean_squared_error: 0.0015
Epoch 69/500
1414/1414 - 3s - loss: 0.0048 - mean_squared_error: 0.0048 - val_loss: 0.0074 - val_mean_squared_error: 0.0074
Epoch 70/500
1414/1414 - 3s - loss: 0.0042 - mean_squared_error: 0.0042 - val_loss: 0.0014 - val_mean_squared_error: 0.0014
Epoch 71/500
1414/1414 - 3s - loss: 0.0033 - mean_squared_error: 0.0033 - val_loss: 0.0013 - val_mean_squared_error: 0.0013
Epoch 72/500
1414/1414 - 3s - loss: 0.0043 - mean_squared_error: 0.0043 - val_loss: 9.5752e-04 - val_mean_squared_error: 9.5752e-04
Epoch 73/500
1414/1414 - 3s - loss: 0.0038 - mean_squared_error: 0.0038 - val_loss: 0.0011 - val_mean_squared_error: 0.0011
Epoch 74/500
1414/1414 - 3s - loss: 0.0053 - mean_squared_error: 0.0053 - val_loss: 0.0017 - val_mean_squared_error: 0.0017
Epoch 75/500
1414/1414 - 3s - loss: 0.0049 - mean_squared_error: 0.0049 - val_loss: 0.0367 - val_mean_squared_error: 0.0367
Epoch 76/500
1414/1414 - 3s - loss: 0.0036 - mean_squared_error: 0.0036 - val_loss: 0.0015 - val_mean_squared_error: 0.0015
Epoch 77/500
1414/1414 - 3s - loss: 0.0055 - mean_squared_error: 0.0055 - val_loss: 0.0019 - val_mean_squared_error: 0.0019
Epoch 78/500
1414/1414 - 3s - loss: 0.0036 - mean_squared_error: 0.0036 - val_loss: 0.0018 - val_mean_squared_error: 0.0018
Epoch 79/500
1414/1414 - 3s - loss: 0.0057 - mean_squared_error: 0.0057 - val_loss: 0.0046 - val_mean_squared_error: 0.0046
Epoch 80/500
1414/1414 - 3s - loss: 0.0033 - mean_squared_error: 0.0033 - val_loss: 8.3175e-04 - val_mean_squared_error: 8.3175e-04
Epoch 81/500
1414/1414 - 3s - loss: 0.0033 - mean_squared_error: 0.0033 - val_loss: 8.5123e-04 - val_mean_squared_error: 8.5123e-04
Epoch 82/500
1414/1414 - 3s - loss: 0.0032 - mean_squared_error: 0.0032 - val_loss: 0.0035 - val_mean_squared_error: 0.0035
Epoch 83/500
1414/1414 - 3s - loss: 0.0031 - mean_squared_error: 0.0031 - val_loss: 7.5032e-04 - val_mean_squared_error: 7.5032e-04
Epoch 84/500
1414/1414 - 3s - loss: 0.0061 - mean_squared_error: 0.0061 - val_loss: 0.0015 - val_mean_squared_error: 0.0015
Epoch 85/500
1414/1414 - 3s - loss: 0.0038 - mean_squared_error: 0.0038 - val_loss: 0.0020 - val_mean_squared_error: 0.0020
Epoch 86/500
1414/1414 - 3s - loss: 0.0026 - mean_squared_error: 0.0026 - val_loss: 0.0016 - val_mean_squared_error: 0.0016
Epoch 87/500
1414/1414 - 3s - loss: 0.0026 - mean_squared_error: 0.0026 - val_loss: 9.0337e-04 - val_mean_squared_error: 9.0337e-04
Epoch 88/500
1414/1414 - 3s - loss: 0.0039 - mean_squared_error: 0.0039 - val_loss: 0.0023 - val_mean_squared_error: 0.0023
Epoch 89/500
1414/1414 - 3s - loss: 0.0029 - mean_squared_error: 0.0029 - val_loss: 7.7733e-04 - val_mean_squared_error: 7.7733e-04
Epoch 90/500
1414/1414 - 3s - loss: 0.0032 - mean_squared_error: 0.0032 - val_loss: 0.0011 - val_mean_squared_error: 0.0011
Epoch 91/500
1414/1414 - 3s - loss: 0.0043 - mean_squared_error: 0.0043 - val_loss: 0.0029 - val_mean_squared_error: 0.0029
Epoch 92/500
1414/1414 - 3s - loss: 0.0035 - mean_squared_error: 0.0035 - val_loss: 0.0035 - val_mean_squared_error: 0.0035
Epoch 93/500
1414/1414 - 3s - loss: 0.0046 - mean_squared_error: 0.0046 - val_loss: 0.0011 - val_mean_squared_error: 0.0011
Epoch 94/500
1414/1414 - 3s - loss: 0.0031 - mean_squared_error: 0.0031 - val_loss: 7.7888e-04 - val_mean_squared_error: 7.7888e-04
Epoch 95/500
1414/1414 - 3s - loss: 0.0020 - mean_squared_error: 0.0020 - val_loss: 6.4388e-04 - val_mean_squared_error: 6.4388e-04
Epoch 96/500
1414/1414 - 3s - loss: 0.0035 - mean_squared_error: 0.0035 - val_loss: 8.7314e-04 - val_mean_squared_error: 8.7314e-04
Epoch 97/500
1414/1414 - 3s - loss: 0.0024 - mean_squared_error: 0.0024 - val_loss: 6.5881e-04 - val_mean_squared_error: 6.5881e-04
Epoch 98/500
1414/1414 - 3s - loss: 0.0054 - mean_squared_error: 0.0054 - val_loss: 0.0032 - val_mean_squared_error: 0.0032
Epoch 99/500
1414/1414 - 3s - loss: 0.0028 - mean_squared_error: 0.0028 - val_loss: 7.9678e-04 - val_mean_squared_error: 7.9678e-04
Epoch 100/500
1414/1414 - 3s - loss: 0.0026 - mean_squared_error: 0.0026 - val_loss: 9.5148e-04 - val_mean_squared_error: 9.5148e-04
Epoch 101/500
1414/1414 - 3s - loss: 0.0021 - mean_squared_error: 0.0021 - val_loss: 8.3993e-04 - val_mean_squared_error: 8.3993e-04
Epoch 102/500
1414/1414 - 3s - loss: 0.0031 - mean_squared_error: 0.0031 - val_loss: 0.0015 - val_mean_squared_error: 0.0015
Epoch 103/500
1414/1414 - 3s - loss: 0.0029 - mean_squared_error: 0.0029 - val_loss: 0.0011 - val_mean_squared_error: 0.0011
Epoch 104/500
1414/1414 - 3s - loss: 0.0052 - mean_squared_error: 0.0052 - val_loss: 0.0013 - val_mean_squared_error: 0.0013
Epoch 105/500
1414/1414 - 3s - loss: 0.0041 - mean_squared_error: 0.0041 - val_loss: 0.0017 - val_mean_squared_error: 0.0017
Epoch 106/500
1414/1414 - 3s - loss: 0.0044 - mean_squared_error: 0.0044 - val_loss: 0.0143 - val_mean_squared_error: 0.0143
Epoch 107/500
1414/1414 - 3s - loss: 0.0032 - mean_squared_error: 0.0032 - val_loss: 0.0017 - val_mean_squared_error: 0.0017
Epoch 108/500
1414/1414 - 3s - loss: 0.0029 - mean_squared_error: 0.0029 - val_loss: 0.0012 - val_mean_squared_error: 0.0012
Epoch 109/500
1414/1414 - 3s - loss: 0.0030 - mean_squared_error: 0.0030 - val_loss: 6.7263e-04 - val_mean_squared_error: 6.7263e-04
Epoch 110/500
1414/1414 - 3s - loss: 0.0016 - mean_squared_error: 0.0016 - val_loss: 0.0012 - val_mean_squared_error: 0.0012
Epoch 111/500
1414/1414 - 3s - loss: 0.0021 - mean_squared_error: 0.0021 - val_loss: 0.0011 - val_mean_squared_error: 0.0011
Epoch 112/500
1414/1414 - 3s - loss: 0.0025 - mean_squared_error: 0.0025 - val_loss: 8.0876e-04 - val_mean_squared_error: 8.0876e-04
Epoch 113/500
1414/1414 - 3s - loss: 0.0018 - mean_squared_error: 0.0018 - val_loss: 9.9355e-04 - val_mean_squared_error: 9.9355e-04
Epoch 114/500
1414/1414 - 3s - loss: 0.0018 - mean_squared_error: 0.0018 - val_loss: 8.6208e-04 - val_mean_squared_error: 8.6208e-04
Epoch 115/500
1414/1414 - 3s - loss: 0.0036 - mean_squared_error: 0.0036 - val_loss: 0.0025 - val_mean_squared_error: 0.0025
Epoch 116/500
1414/1414 - 3s - loss: 0.0023 - mean_squared_error: 0.0023 - val_loss: 9.0488e-04 - val_mean_squared_error: 9.0488e-04
Epoch 117/500
1414/1414 - 3s - loss: 0.0017 - mean_squared_error: 0.0017 - val_loss: 5.2989e-04 - val_mean_squared_error: 5.2989e-04
Epoch 118/500
1414/1414 - 3s - loss: 0.0018 - mean_squared_error: 0.0018 - val_loss: 0.0014 - val_mean_squared_error: 0.0014
Epoch 119/500
1414/1414 - 3s - loss: 0.0029 - mean_squared_error: 0.0029 - val_loss: 0.0018 - val_mean_squared_error: 0.0018
Epoch 120/500
1414/1414 - 3s - loss: 0.0027 - mean_squared_error: 0.0027 - val_loss: 0.0011 - val_mean_squared_error: 0.0011
Epoch 121/500
1414/1414 - 3s - loss: 0.0023 - mean_squared_error: 0.0023 - val_loss: 8.4686e-04 - val_mean_squared_error: 8.4686e-04
Epoch 122/500
1414/1414 - 3s - loss: 0.0019 - mean_squared_error: 0.0019 - val_loss: 0.0012 - val_mean_squared_error: 0.0012
Epoch 123/500
1414/1414 - 3s - loss: 0.0020 - mean_squared_error: 0.0020 - val_loss: 0.0017 - val_mean_squared_error: 0.0017
Epoch 124/500
1414/1414 - 3s - loss: 0.0020 - mean_squared_error: 0.0020 - val_loss: 8.2673e-04 - val_mean_squared_error: 8.2673e-04
Epoch 125/500
1414/1414 - 2s - loss: 0.0028 - mean_squared_error: 0.0028 - val_loss: 0.0011 - val_mean_squared_error: 0.0011
Epoch 126/500
1414/1414 - 2s - loss: 0.0018 - mean_squared_error: 0.0018 - val_loss: 0.0022 - val_mean_squared_error: 0.0022
Epoch 127/500
1414/1414 - 3s - loss: 0.0032 - mean_squared_error: 0.0032 - val_loss: 0.0040 - val_mean_squared_error: 0.0040
Epoch 128/500
1414/1414 - 3s - loss: 0.0019 - mean_squared_error: 0.0019 - val_loss: 0.0011 - val_mean_squared_error: 0.0011
Epoch 129/500
1414/1414 - 3s - loss: 0.0022 - mean_squared_error: 0.0022 - val_loss: 0.0016 - val_mean_squared_error: 0.0016
Epoch 130/500
1414/1414 - 3s - loss: 0.0020 - mean_squared_error: 0.0020 - val_loss: 4.9149e-04 - val_mean_squared_error: 4.9149e-04
Epoch 131/500
1414/1414 - 3s - loss: 0.0014 - mean_squared_error: 0.0014 - val_loss: 6.7663e-04 - val_mean_squared_error: 6.7663e-04
Epoch 132/500
1414/1414 - 3s - loss: 0.0022 - mean_squared_error: 0.0022 - val_loss: 0.0019 - val_mean_squared_error: 0.0019
Epoch 133/500
1414/1414 - 2s - loss: 0.0019 - mean_squared_error: 0.0019 - val_loss: 7.0533e-04 - val_mean_squared_error: 7.0533e-04
Epoch 134/500
1414/1414 - 3s - loss: 0.0016 - mean_squared_error: 0.0016 - val_loss: 5.6778e-04 - val_mean_squared_error: 5.6778e-04
Epoch 135/500
1414/1414 - 3s - loss: 0.0027 - mean_squared_error: 0.0027 - val_loss: 0.0050 - val_mean_squared_error: 0.0050
Epoch 136/500
1414/1414 - 3s - loss: 0.0024 - mean_squared_error: 0.0024 - val_loss: 0.0011 - val_mean_squared_error: 0.0011
Epoch 137/500
1414/1414 - 3s - loss: 0.0019 - mean_squared_error: 0.0019 - val_loss: 0.0015 - val_mean_squared_error: 0.0015
Epoch 138/500
1414/1414 - 3s - loss: 0.0050 - mean_squared_error: 0.0050 - val_loss: 0.0055 - val_mean_squared_error: 0.0055
Epoch 139/500
1414/1414 - 3s - loss: 0.0019 - mean_squared_error: 0.0019 - val_loss: 0.0014 - val_mean_squared_error: 0.0014
Epoch 140/500
1414/1414 - 2s - loss: 0.0026 - mean_squared_error: 0.0026 - val_loss: 9.8138e-04 - val_mean_squared_error: 9.8138e-04
Epoch 141/500
1414/1414 - 2s - loss: 0.0026 - mean_squared_error: 0.0026 - val_loss: 0.0013 - val_mean_squared_error: 0.0013
Epoch 142/500
1414/1414 - 3s - loss: 0.0024 - mean_squared_error: 0.0024 - val_loss: 8.2438e-04 - val_mean_squared_error: 8.2438e-04
Epoch 143/500
1414/1414 - 3s - loss: 0.0016 - mean_squared_error: 0.0016 - val_loss: 6.7225e-04 - val_mean_squared_error: 6.7225e-04
Epoch 144/500
1414/1414 - 3s - loss: 0.0016 - mean_squared_error: 0.0016 - val_loss: 9.6580e-04 - val_mean_squared_error: 9.6580e-04
Epoch 145/500
1414/1414 - 2s - loss: 0.0022 - mean_squared_error: 0.0022 - val_loss: 0.0045 - val_mean_squared_error: 0.0045
Epoch 146/500
1414/1414 - 3s - loss: 0.0029 - mean_squared_error: 0.0029 - val_loss: 0.0018 - val_mean_squared_error: 0.0018
Epoch 147/500
1414/1414 - 3s - loss: 0.0021 - mean_squared_error: 0.0021 - val_loss: 0.0013 - val_mean_squared_error: 0.0013
Epoch 148/500
1414/1414 - 3s - loss: 0.0016 - mean_squared_error: 0.0016 - val_loss: 6.2856e-04 - val_mean_squared_error: 6.2856e-04
Epoch 149/500
1414/1414 - 3s - loss: 0.0013 - mean_squared_error: 0.0013 - val_loss: 6.2480e-04 - val_mean_squared_error: 6.2480e-04
Epoch 150/500
1414/1414 - 3s - loss: 0.0025 - mean_squared_error: 0.0025 - val_loss: 8.1640e-04 - val_mean_squared_error: 8.1640e-04
Epoch 151/500
1414/1414 - 2s - loss: 0.0020 - mean_squared_error: 0.0020 - val_loss: 9.3853e-04 - val_mean_squared_error: 9.3853e-04
Epoch 152/500
1414/1414 - 3s - loss: 0.0015 - mean_squared_error: 0.0015 - val_loss: 6.0752e-04 - val_mean_squared_error: 6.0752e-04
Epoch 153/500
1414/1414 - 3s - loss: 0.0016 - mean_squared_error: 0.0016 - val_loss: 5.9261e-04 - val_mean_squared_error: 5.9261e-04
Epoch 154/500
1414/1414 - 3s - loss: 0.0017 - mean_squared_error: 0.0017 - val_loss: 0.0016 - val_mean_squared_error: 0.0016
Epoch 155/500
1414/1414 - 3s - loss: 0.0045 - mean_squared_error: 0.0045 - val_loss: 0.0025 - val_mean_squared_error: 0.0025
Epoch 156/500
1414/1414 - 3s - loss: 0.0023 - mean_squared_error: 0.0023 - val_loss: 0.0012 - val_mean_squared_error: 0.0012
Epoch 157/500
1414/1414 - 3s - loss: 0.0032 - mean_squared_error: 0.0032 - val_loss: 0.0027 - val_mean_squared_error: 0.0027
Epoch 158/500
1414/1414 - 3s - loss: 0.0024 - mean_squared_error: 0.0024 - val_loss: 7.8359e-04 - val_mean_squared_error: 7.8359e-04
Epoch 159/500
1414/1414 - 3s - loss: 0.0014 - mean_squared_error: 0.0014 - val_loss: 6.9593e-04 - val_mean_squared_error: 6.9593e-04
Epoch 160/500
1414/1414 - 3s - loss: 0.0014 - mean_squared_error: 0.0014 - val_loss: 8.7956e-04 - val_mean_squared_error: 8.7956e-04
Epoch 161/500
1414/1414 - 2s - loss: 0.0014 - mean_squared_error: 0.0014 - val_loss: 9.0877e-04 - val_mean_squared_error: 9.0877e-04
Epoch 162/500
1414/1414 - 2s - loss: 0.0026 - mean_squared_error: 0.0026 - val_loss: 0.0051 - val_mean_squared_error: 0.0051
Epoch 163/500
1414/1414 - 2s - loss: 0.0019 - mean_squared_error: 0.0019 - val_loss: 6.0873e-04 - val_mean_squared_error: 6.0873e-04
Epoch 164/500
1414/1414 - 3s - loss: 0.0025 - mean_squared_error: 0.0025 - val_loss: 0.0034 - val_mean_squared_error: 0.0034
Epoch 165/500
1414/1414 - 2s - loss: 0.0017 - mean_squared_error: 0.0017 - val_loss: 8.3672e-04 - val_mean_squared_error: 8.3672e-04
Epoch 166/500
1414/1414 - 2s - loss: 0.0015 - mean_squared_error: 0.0015 - val_loss: 7.4593e-04 - val_mean_squared_error: 7.4593e-04
Epoch 167/500
1414/1414 - 2s - loss: 0.0015 - mean_squared_error: 0.0015 - val_loss: 9.2382e-04 - val_mean_squared_error: 9.2382e-04
Epoch 168/500
1414/1414 - 2s - loss: 0.0015 - mean_squared_error: 0.0015 - val_loss: 6.0158e-04 - val_mean_squared_error: 6.0158e-04
Epoch 169/500
1414/1414 - 3s - loss: 0.0022 - mean_squared_error: 0.0022 - val_loss: 0.0018 - val_mean_squared_error: 0.0018
Epoch 170/500
1414/1414 - 2s - loss: 0.0026 - mean_squared_error: 0.0026 - val_loss: 8.8812e-04 - val_mean_squared_error: 8.8812e-04
Epoch 171/500
1414/1414 - 3s - loss: 0.0016 - mean_squared_error: 0.0016 - val_loss: 8.8342e-04 - val_mean_squared_error: 8.8342e-04
Epoch 172/500
1414/1414 - 2s - loss: 0.0015 - mean_squared_error: 0.0015 - val_loss: 6.4175e-04 - val_mean_squared_error: 6.4175e-04
Epoch 173/500
1414/1414 - 2s - loss: 0.0015 - mean_squared_error: 0.0015 - val_loss: 5.3429e-04 - val_mean_squared_error: 5.3429e-04
Epoch 174/500
1414/1414 - 2s - loss: 0.0015 - mean_squared_error: 0.0015 - val_loss: 0.0012 - val_mean_squared_error: 0.0012
Epoch 175/500
1414/1414 - 2s - loss: 0.0012 - mean_squared_error: 0.0012 - val_loss: 5.1918e-04 - val_mean_squared_error: 5.1918e-04
Epoch 176/500
1414/1414 - 3s - loss: 0.0015 - mean_squared_error: 0.0015 - val_loss: 0.0067 - val_mean_squared_error: 0.0067
Epoch 177/500
1414/1414 - 3s - loss: 0.0015 - mean_squared_error: 0.0015 - val_loss: 6.6722e-04 - val_mean_squared_error: 6.6722e-04
Epoch 178/500
1414/1414 - 2s - loss: 0.0011 - mean_squared_error: 0.0011 - val_loss: 0.0011 - val_mean_squared_error: 0.0011
Epoch 179/500
1414/1414 - 2s - loss: 0.0014 - mean_squared_error: 0.0014 - val_loss: 7.5941e-04 - val_mean_squared_error: 7.5941e-04
Epoch 180/500
1414/1414 - 3s - loss: 0.0011 - mean_squared_error: 0.0011 - val_loss: 6.9649e-04 - val_mean_squared_error: 6.9649e-04
Epoch 181/500
1414/1414 - 2s - loss: 9.4081e-04 - mean_squared_error: 9.4081e-04 - val_loss: 6.5204e-04 - val_mean_squared_error: 6.5204e-04
Epoch 182/500
1414/1414 - 3s - loss: 9.6692e-04 - mean_squared_error: 9.6692e-04 - val_loss: 5.0920e-04 - val_mean_squared_error: 5.0920e-04
Epoch 183/500
1414/1414 - 2s - loss: 0.0013 - mean_squared_error: 0.0013 - val_loss: 0.0023 - val_mean_squared_error: 0.0023
Epoch 184/500
1414/1414 - 3s - loss: 0.0013 - mean_squared_error: 0.0013 - val_loss: 4.7923e-04 - val_mean_squared_error: 4.7923e-04
Epoch 185/500
1414/1414 - 3s - loss: 0.0011 - mean_squared_error: 0.0011 - val_loss: 7.8897e-04 - val_mean_squared_error: 7.8897e-04
Epoch 186/500
1414/1414 - 3s - loss: 0.0029 - mean_squared_error: 0.0029 - val_loss: 0.0018 - val_mean_squared_error: 0.0018
Epoch 187/500
1414/1414 - 3s - loss: 0.0018 - mean_squared_error: 0.0018 - val_loss: 5.6985e-04 - val_mean_squared_error: 5.6985e-04
Epoch 188/500
1414/1414 - 3s - loss: 0.0013 - mean_squared_error: 0.0013 - val_loss: 9.6174e-04 - val_mean_squared_error: 9.6174e-04
Epoch 189/500
1414/1414 - 3s - loss: 0.0013 - mean_squared_error: 0.0013 - val_loss: 8.2633e-04 - val_mean_squared_error: 8.2633e-04
Epoch 190/500
1414/1414 - 3s - loss: 0.0013 - mean_squared_error: 0.0013 - val_loss: 0.0038 - val_mean_squared_error: 0.0038
Epoch 191/500
1414/1414 - 3s - loss: 0.0018 - mean_squared_error: 0.0018 - val_loss: 5.6028e-04 - val_mean_squared_error: 5.6028e-04
Epoch 192/500
1414/1414 - 3s - loss: 0.0014 - mean_squared_error: 0.0014 - val_loss: 7.7614e-04 - val_mean_squared_error: 7.7614e-04
Epoch 193/500
1414/1414 - 3s - loss: 0.0011 - mean_squared_error: 0.0011 - val_loss: 6.5341e-04 - val_mean_squared_error: 6.5341e-04
Epoch 194/500
1414/1414 - 3s - loss: 0.0016 - mean_squared_error: 0.0016 - val_loss: 0.0012 - val_mean_squared_error: 0.0012
Epoch 195/500
1414/1414 - 3s - loss: 0.0016 - mean_squared_error: 0.0016 - val_loss: 5.9983e-04 - val_mean_squared_error: 5.9983e-04
Epoch 196/500
1414/1414 - 2s - loss: 0.0017 - mean_squared_error: 0.0017 - val_loss: 8.7103e-04 - val_mean_squared_error: 8.7103e-04
Epoch 197/500
1414/1414 - 2s - loss: 0.0012 - mean_squared_error: 0.0012 - val_loss: 4.9547e-04 - val_mean_squared_error: 4.9547e-04
Epoch 198/500
1414/1414 - 3s - loss: 0.0013 - mean_squared_error: 0.0013 - val_loss: 7.8093e-04 - val_mean_squared_error: 7.8093e-04
Epoch 199/500
1414/1414 - 3s - loss: 0.0028 - mean_squared_error: 0.0028 - val_loss: 0.0048 - val_mean_squared_error: 0.0048
Epoch 200/500
1414/1414 - 3s - loss: 0.0015 - mean_squared_error: 0.0015 - val_loss: 0.0014 - val_mean_squared_error: 0.0014
Epoch 201/500
1414/1414 - 3s - loss: 0.0021 - mean_squared_error: 0.0021 - val_loss: 0.0010 - val_mean_squared_error: 0.0010
Epoch 202/500
1414/1414 - 3s - loss: 0.0018 - mean_squared_error: 0.0018 - val_loss: 0.0017 - val_mean_squared_error: 0.0017
Epoch 203/500
1414/1414 - 3s - loss: 0.0015 - mean_squared_error: 0.0015 - val_loss: 3.9467e-04 - val_mean_squared_error: 3.9467e-04
Epoch 204/500
1414/1414 - 3s - loss: 0.0013 - mean_squared_error: 0.0013 - val_loss: 8.5754e-04 - val_mean_squared_error: 8.5754e-04
Epoch 205/500
1414/1414 - 3s - loss: 0.0012 - mean_squared_error: 0.0012 - val_loss: 3.5866e-04 - val_mean_squared_error: 3.5866e-04
Epoch 206/500
1414/1414 - 3s - loss: 0.0010 - mean_squared_error: 0.0010 - val_loss: 3.3094e-04 - val_mean_squared_error: 3.3094e-04
Epoch 207/500
1414/1414 - 2s - loss: 0.0011 - mean_squared_error: 0.0011 - val_loss: 8.1805e-04 - val_mean_squared_error: 8.1805e-04
Epoch 208/500
1414/1414 - 3s - loss: 0.0010 - mean_squared_error: 0.0010 - val_loss: 4.3483e-04 - val_mean_squared_error: 4.3483e-04
Epoch 209/500
1414/1414 - 2s - loss: 0.0012 - mean_squared_error: 0.0012 - val_loss: 4.6129e-04 - val_mean_squared_error: 4.6129e-04
Epoch 210/500
1414/1414 - 2s - loss: 0.0026 - mean_squared_error: 0.0026 - val_loss: 0.0012 - val_mean_squared_error: 0.0012
Epoch 211/500
1414/1414 - 2s - loss: 0.0014 - mean_squared_error: 0.0014 - val_loss: 8.0679e-04 - val_mean_squared_error: 8.0679e-04
Epoch 212/500
1414/1414 - 3s - loss: 0.0010 - mean_squared_error: 0.0010 - val_loss: 0.0021 - val_mean_squared_error: 0.0021
Epoch 213/500
1414/1414 - 3s - loss: 0.0016 - mean_squared_error: 0.0016 - val_loss: 6.6649e-04 - val_mean_squared_error: 6.6649e-04
Epoch 214/500
1414/1414 - 3s - loss: 0.0034 - mean_squared_error: 0.0034 - val_loss: 7.3091e-04 - val_mean_squared_error: 7.3091e-04
Epoch 215/500
1414/1414 - 2s - loss: 0.0017 - mean_squared_error: 0.0017 - val_loss: 0.0011 - val_mean_squared_error: 0.0011
Epoch 216/500
1414/1414 - 2s - loss: 0.0018 - mean_squared_error: 0.0018 - val_loss: 0.0017 - val_mean_squared_error: 0.0017
Epoch 217/500
1414/1414 - 2s - loss: 0.0013 - mean_squared_error: 0.0013 - val_loss: 5.3798e-04 - val_mean_squared_error: 5.3798e-04
Epoch 218/500
1414/1414 - 3s - loss: 0.0025 - mean_squared_error: 0.0025 - val_loss: 6.8070e-04 - val_mean_squared_error: 6.8070e-04
Epoch 219/500
1414/1414 - 3s - loss: 0.0018 - mean_squared_error: 0.0018 - val_loss: 4.0353e-04 - val_mean_squared_error: 4.0353e-04
Epoch 220/500
1414/1414 - 3s - loss: 0.0018 - mean_squared_error: 0.0018 - val_loss: 0.0010 - val_mean_squared_error: 0.0010
Epoch 221/500
1414/1414 - 3s - loss: 0.0015 - mean_squared_error: 0.0015 - val_loss: 5.7576e-04 - val_mean_squared_error: 5.7576e-04
Epoch 222/500
1414/1414 - 2s - loss: 0.0011 - mean_squared_error: 0.0011 - val_loss: 5.6867e-04 - val_mean_squared_error: 5.6867e-04
Epoch 223/500
1414/1414 - 3s - loss: 0.0011 - mean_squared_error: 0.0011 - val_loss: 4.7043e-04 - val_mean_squared_error: 4.7043e-04
Epoch 224/500
1414/1414 - 3s - loss: 0.0013 - mean_squared_error: 0.0013 - val_loss: 0.0012 - val_mean_squared_error: 0.0012
Epoch 225/500
1414/1414 - 3s - loss: 0.0011 - mean_squared_error: 0.0011 - val_loss: 5.0013e-04 - val_mean_squared_error: 5.0013e-04
Epoch 226/500
1414/1414 - 3s - loss: 0.0014 - mean_squared_error: 0.0014 - val_loss: 6.1249e-04 - val_mean_squared_error: 6.1249e-04
Epoch 227/500
1414/1414 - 2s - loss: 0.0012 - mean_squared_error: 0.0012 - val_loss: 8.6216e-04 - val_mean_squared_error: 8.6216e-04
Epoch 228/500
1414/1414 - 3s - loss: 0.0015 - mean_squared_error: 0.0015 - val_loss: 0.0118 - val_mean_squared_error: 0.0118
Epoch 229/500
1414/1414 - 3s - loss: 0.0017 - mean_squared_error: 0.0017 - val_loss: 6.8900e-04 - val_mean_squared_error: 6.8900e-04
Epoch 230/500
1414/1414 - 3s - loss: 0.0019 - mean_squared_error: 0.0019 - val_loss: 7.9045e-04 - val_mean_squared_error: 7.9045e-04
Epoch 231/500
1414/1414 - 3s - loss: 0.0013 - mean_squared_error: 0.0013 - val_loss: 0.0013 - val_mean_squared_error: 0.0013
Epoch 232/500
1414/1414 - 2s - loss: 0.0013 - mean_squared_error: 0.0013 - val_loss: 7.5525e-04 - val_mean_squared_error: 7.5525e-04
Epoch 233/500
1414/1414 - 2s - loss: 0.0010 - mean_squared_error: 0.0010 - val_loss: 5.7498e-04 - val_mean_squared_error: 5.7498e-04
Epoch 234/500
1414/1414 - 2s - loss: 0.0029 - mean_squared_error: 0.0029 - val_loss: 0.0020 - val_mean_squared_error: 0.0020
Epoch 235/500
1414/1414 - 3s - loss: 0.0014 - mean_squared_error: 0.0014 - val_loss: 6.9556e-04 - val_mean_squared_error: 6.9556e-04
Epoch 236/500
1414/1414 - 3s - loss: 0.0017 - mean_squared_error: 0.0017 - val_loss: 0.0016 - val_mean_squared_error: 0.0016
Epoch 237/500
1414/1414 - 3s - loss: 0.0016 - mean_squared_error: 0.0016 - val_loss: 6.9314e-04 - val_mean_squared_error: 6.9314e-04
Epoch 238/500
1414/1414 - 2s - loss: 0.0017 - mean_squared_error: 0.0017 - val_loss: 5.1168e-04 - val_mean_squared_error: 5.1168e-04
Epoch 239/500
1414/1414 - 2s - loss: 0.0011 - mean_squared_error: 0.0011 - val_loss: 5.4717e-04 - val_mean_squared_error: 5.4717e-04
Epoch 240/500
1414/1414 - 2s - loss: 0.0018 - mean_squared_error: 0.0018 - val_loss: 9.1272e-04 - val_mean_squared_error: 9.1272e-04
Epoch 241/500
1414/1414 - 3s - loss: 0.0011 - mean_squared_error: 0.0011 - val_loss: 5.0075e-04 - val_mean_squared_error: 5.0075e-04
Epoch 242/500
1414/1414 - 3s - loss: 0.0013 - mean_squared_error: 0.0013 - val_loss: 7.6360e-04 - val_mean_squared_error: 7.6360e-04
Epoch 243/500
1414/1414 - 3s - loss: 0.0011 - mean_squared_error: 0.0011 - val_loss: 6.4332e-04 - val_mean_squared_error: 6.4332e-04
Epoch 244/500
1414/1414 - 3s - loss: 0.0021 - mean_squared_error: 0.0021 - val_loss: 0.0016 - val_mean_squared_error: 0.0016
Epoch 245/500
1414/1414 - 2s - loss: 0.0015 - mean_squared_error: 0.0015 - val_loss: 0.0022 - val_mean_squared_error: 0.0022
Epoch 246/500
1414/1414 - 3s - loss: 0.0015 - mean_squared_error: 0.0015 - val_loss: 6.3413e-04 - val_mean_squared_error: 6.3413e-04
Epoch 247/500
1414/1414 - 3s - loss: 0.0011 - mean_squared_error: 0.0011 - val_loss: 6.3352e-04 - val_mean_squared_error: 6.3352e-04
Epoch 248/500
1414/1414 - 2s - loss: 0.0012 - mean_squared_error: 0.0012 - val_loss: 8.3231e-04 - val_mean_squared_error: 8.3231e-04
Epoch 249/500
1414/1414 - 2s - loss: 0.0019 - mean_squared_error: 0.0019 - val_loss: 0.0010 - val_mean_squared_error: 0.0010
Epoch 250/500
1414/1414 - 3s - loss: 0.0012 - mean_squared_error: 0.0012 - val_loss: 6.7717e-04 - val_mean_squared_error: 6.7717e-04
Epoch 251/500
1414/1414 - 3s - loss: 7.6516e-04 - mean_squared_error: 7.6516e-04 - val_loss: 5.8239e-04 - val_mean_squared_error: 5.8239e-04
Epoch 252/500
1414/1414 - 3s - loss: 7.9682e-04 - mean_squared_error: 7.9682e-04 - val_loss: 4.5052e-04 - val_mean_squared_error: 4.5052e-04
Epoch 253/500
1414/1414 - 2s - loss: 0.0011 - mean_squared_error: 0.0011 - val_loss: 5.0008e-04 - val_mean_squared_error: 5.0008e-04
Epoch 254/500
1414/1414 - 2s - loss: 0.0018 - mean_squared_error: 0.0018 - val_loss: 9.9589e-04 - val_mean_squared_error: 9.9589e-04
Epoch 255/500
1414/1414 - 2s - loss: 0.0017 - mean_squared_error: 0.0017 - val_loss: 8.9205e-04 - val_mean_squared_error: 8.9205e-04
Epoch 256/500
1414/1414 - 3s - loss: 0.0011 - mean_squared_error: 0.0011 - val_loss: 5.6028e-04 - val_mean_squared_error: 5.6028e-04
Epoch 257/500
1414/1414 - 3s - loss: 0.0014 - mean_squared_error: 0.0014 - val_loss: 0.0017 - val_mean_squared_error: 0.0017
Epoch 258/500
1414/1414 - 3s - loss: 0.0017 - mean_squared_error: 0.0017 - val_loss: 5.3188e-04 - val_mean_squared_error: 5.3188e-04
Epoch 259/500
1414/1414 - 2s - loss: 9.4151e-04 - mean_squared_error: 9.4151e-04 - val_loss: 6.4618e-04 - val_mean_squared_error: 6.4618e-04
Epoch 260/500
1414/1414 - 2s - loss: 0.0025 - mean_squared_error: 0.0025 - val_loss: 0.0027 - val_mean_squared_error: 0.0027
Epoch 261/500
1414/1414 - 2s - loss: 0.0014 - mean_squared_error: 0.0014 - val_loss: 9.5143e-04 - val_mean_squared_error: 9.5143e-04
Epoch 262/500
1414/1414 - 3s - loss: 0.0017 - mean_squared_error: 0.0017 - val_loss: 9.7019e-04 - val_mean_squared_error: 9.7019e-04
Epoch 263/500
1414/1414 - 2s - loss: 0.0011 - mean_squared_error: 0.0011 - val_loss: 3.8093e-04 - val_mean_squared_error: 3.8093e-04
Epoch 264/500
1414/1414 - 3s - loss: 0.0011 - mean_squared_error: 0.0011 - val_loss: 5.3240e-04 - val_mean_squared_error: 5.3240e-04
Epoch 265/500
1414/1414 - 3s - loss: 0.0015 - mean_squared_error: 0.0015 - val_loss: 4.5045e-04 - val_mean_squared_error: 4.5045e-04
Epoch 266/500
1414/1414 - 3s - loss: 0.0011 - mean_squared_error: 0.0011 - val_loss: 5.7773e-04 - val_mean_squared_error: 5.7773e-04
Epoch 267/500
1414/1414 - 2s - loss: 9.4846e-04 - mean_squared_error: 9.4846e-04 - val_loss: 5.1228e-04 - val_mean_squared_error: 5.1228e-04
Epoch 268/500
1414/1414 - 2s - loss: 9.1368e-04 - mean_squared_error: 9.1368e-04 - val_loss: 5.0997e-04 - val_mean_squared_error: 5.0997e-04
Epoch 269/500
1414/1414 - 2s - loss: 0.0011 - mean_squared_error: 0.0011 - val_loss: 9.3708e-04 - val_mean_squared_error: 9.3708e-04
Epoch 270/500
1414/1414 - 2s - loss: 9.9100e-04 - mean_squared_error: 9.9100e-04 - val_loss: 5.0303e-04 - val_mean_squared_error: 5.0303e-04
Epoch 271/500
1414/1414 - 3s - loss: 0.0012 - mean_squared_error: 0.0012 - val_loss: 0.0012 - val_mean_squared_error: 0.0012
Epoch 272/500
1414/1414 - 3s - loss: 0.0010 - mean_squared_error: 0.0010 - val_loss: 7.0910e-04 - val_mean_squared_error: 7.0910e-04
Epoch 273/500
1414/1414 - 3s - loss: 9.1156e-04 - mean_squared_error: 9.1156e-04 - val_loss: 7.6043e-04 - val_mean_squared_error: 7.6043e-04
Epoch 274/500
1414/1414 - 3s - loss: 0.0014 - mean_squared_error: 0.0014 - val_loss: 7.2630e-04 - val_mean_squared_error: 7.2630e-04
Epoch 275/500
1414/1414 - 2s - loss: 0.0010 - mean_squared_error: 0.0010 - val_loss: 8.3710e-04 - val_mean_squared_error: 8.3710e-04
Epoch 276/500
1414/1414 - 3s - loss: 0.0012 - mean_squared_error: 0.0012 - val_loss: 5.4300e-04 - val_mean_squared_error: 5.4300e-04
Epoch 277/500
1414/1414 - 3s - loss: 9.0253e-04 - mean_squared_error: 9.0253e-04 - val_loss: 5.4301e-04 - val_mean_squared_error: 5.4301e-04
Epoch 278/500
1414/1414 - 3s - loss: 8.9319e-04 - mean_squared_error: 8.9319e-04 - val_loss: 5.3109e-04 - val_mean_squared_error: 5.3109e-04
Epoch 279/500
1414/1414 - 2s - loss: 9.3495e-04 - mean_squared_error: 9.3495e-04 - val_loss: 6.1185e-04 - val_mean_squared_error: 6.1185e-04
Epoch 280/500
1414/1414 - 2s - loss: 9.8202e-04 - mean_squared_error: 9.8202e-04 - val_loss: 4.1055e-04 - val_mean_squared_error: 4.1055e-04
Epoch 281/500
1414/1414 - 3s - loss: 0.0019 - mean_squared_error: 0.0019 - val_loss: 9.5841e-04 - val_mean_squared_error: 9.5841e-04
Epoch 282/500
1414/1414 - 3s - loss: 0.0023 - mean_squared_error: 0.0023 - val_loss: 0.0012 - val_mean_squared_error: 0.0012
Epoch 283/500
1414/1414 - 3s - loss: 0.0013 - mean_squared_error: 0.0013 - val_loss: 6.7120e-04 - val_mean_squared_error: 6.7120e-04
Epoch 284/500
1414/1414 - 3s - loss: 0.0014 - mean_squared_error: 0.0014 - val_loss: 6.4738e-04 - val_mean_squared_error: 6.4738e-04
Epoch 285/500
1414/1414 - 2s - loss: 8.6139e-04 - mean_squared_error: 8.6139e-04 - val_loss: 4.7643e-04 - val_mean_squared_error: 4.7643e-04
Epoch 286/500
1414/1414 - 2s - loss: 8.0654e-04 - mean_squared_error: 8.0654e-04 - val_loss: 5.1304e-04 - val_mean_squared_error: 5.1304e-04
Epoch 287/500
1414/1414 - 3s - loss: 8.6722e-04 - mean_squared_error: 8.6722e-04 - val_loss: 4.5407e-04 - val_mean_squared_error: 4.5407e-04
Epoch 288/500
1414/1414 - 2s - loss: 8.7513e-04 - mean_squared_error: 8.7513e-04 - val_loss: 4.1816e-04 - val_mean_squared_error: 4.1816e-04
Epoch 289/500
1414/1414 - 2s - loss: 7.6414e-04 - mean_squared_error: 7.6414e-04 - val_loss: 3.8781e-04 - val_mean_squared_error: 3.8781e-04
Epoch 290/500
1414/1414 - 2s - loss: 0.0013 - mean_squared_error: 0.0013 - val_loss: 0.0021 - val_mean_squared_error: 0.0021
Epoch 291/500
1414/1414 - 3s - loss: 0.0017 - mean_squared_error: 0.0017 - val_loss: 9.2540e-04 - val_mean_squared_error: 9.2540e-04
Epoch 292/500
1414/1414 - 3s - loss: 0.0010 - mean_squared_error: 0.0010 - val_loss: 0.0011 - val_mean_squared_error: 0.0011
Epoch 293/500
1414/1414 - 3s - loss: 9.2631e-04 - mean_squared_error: 9.2631e-04 - val_loss: 5.0081e-04 - val_mean_squared_error: 5.0081e-04
Epoch 294/500
1414/1414 - 3s - loss: 0.0017 - mean_squared_error: 0.0017 - val_loss: 9.3402e-04 - val_mean_squared_error: 9.3402e-04
Epoch 295/500
1414/1414 - 2s - loss: 0.0017 - mean_squared_error: 0.0017 - val_loss: 5.3848e-04 - val_mean_squared_error: 5.3848e-04
Epoch 296/500
1414/1414 - 3s - loss: 0.0011 - mean_squared_error: 0.0011 - val_loss: 0.0012 - val_mean_squared_error: 0.0012
Epoch 297/500
1414/1414 - 3s - loss: 9.6031e-04 - mean_squared_error: 9.6031e-04 - val_loss: 6.2818e-04 - val_mean_squared_error: 6.2818e-04
Epoch 298/500
1414/1414 - 3s - loss: 7.9616e-04 - mean_squared_error: 7.9616e-04 - val_loss: 5.9440e-04 - val_mean_squared_error: 5.9440e-04
Epoch 299/500
1414/1414 - 3s - loss: 6.6980e-04 - mean_squared_error: 6.6980e-04 - val_loss: 5.3189e-04 - val_mean_squared_error: 5.3189e-04
Epoch 300/500
1414/1414 - 3s - loss: 0.0012 - mean_squared_error: 0.0012 - val_loss: 0.0023 - val_mean_squared_error: 0.0023
Epoch 301/500
1414/1414 - 3s - loss: 0.0017 - mean_squared_error: 0.0017 - val_loss: 7.8152e-04 - val_mean_squared_error: 7.8152e-04
Epoch 302/500
1414/1414 - 3s - loss: 0.0012 - mean_squared_error: 0.0012 - val_loss: 8.2538e-04 - val_mean_squared_error: 8.2537e-04
Epoch 303/500
1414/1414 - 3s - loss: 7.9935e-04 - mean_squared_error: 7.9935e-04 - val_loss: 6.4769e-04 - val_mean_squared_error: 6.4769e-04
Epoch 304/500
1414/1414 - 2s - loss: 0.0012 - mean_squared_error: 0.0012 - val_loss: 7.1195e-04 - val_mean_squared_error: 7.1195e-04
Epoch 305/500
1414/1414 - 3s - loss: 7.2124e-04 - mean_squared_error: 7.2124e-04 - val_loss: 4.6310e-04 - val_mean_squared_error: 4.6310e-04
Epoch 306/500
1414/1414 - 3s - loss: 0.0024 - mean_squared_error: 0.0024 - val_loss: 9.0803e-04 - val_mean_squared_error: 9.0803e-04
Epoch 307/500
1414/1414 - 3s - loss: 0.0011 - mean_squared_error: 0.0011 - val_loss: 5.7391e-04 - val_mean_squared_error: 5.7391e-04
Epoch 308/500
1414/1414 - 3s - loss: 0.0013 - mean_squared_error: 0.0013 - val_loss: 6.7791e-04 - val_mean_squared_error: 6.7791e-04
Epoch 309/500
1414/1414 - 3s - loss: 0.0012 - mean_squared_error: 0.0012 - val_loss: 5.5145e-04 - val_mean_squared_error: 5.5145e-04
Epoch 310/500
1414/1414 - 2s - loss: 8.5613e-04 - mean_squared_error: 8.5613e-04 - val_loss: 0.0011 - val_mean_squared_error: 0.0011
Epoch 311/500
1414/1414 - 2s - loss: 8.7814e-04 - mean_squared_error: 8.7814e-04 - val_loss: 6.2009e-04 - val_mean_squared_error: 6.2009e-04
Epoch 312/500
1414/1414 - 3s - loss: 9.6930e-04 - mean_squared_error: 9.6930e-04 - val_loss: 0.0012 - val_mean_squared_error: 0.0012
Epoch 313/500
1414/1414 - 3s - loss: 7.1067e-04 - mean_squared_error: 7.1067e-04 - val_loss: 6.4599e-04 - val_mean_squared_error: 6.4599e-04
Epoch 314/500
1414/1414 - 3s - loss: 8.4153e-04 - mean_squared_error: 8.4153e-04 - val_loss: 0.0014 - val_mean_squared_error: 0.0014
Epoch 315/500
1414/1414 - 3s - loss: 6.0655e-04 - mean_squared_error: 6.0655e-04 - val_loss: 4.7941e-04 - val_mean_squared_error: 4.7941e-04
Epoch 316/500
1414/1414 - 3s - loss: 0.0011 - mean_squared_error: 0.0011 - val_loss: 9.9212e-04 - val_mean_squared_error: 9.9212e-04
Epoch 317/500
1414/1414 - 2s - loss: 0.0013 - mean_squared_error: 0.0013 - val_loss: 7.0967e-04 - val_mean_squared_error: 7.0967e-04
Epoch 318/500
1414/1414 - 2s - loss: 7.9563e-04 - mean_squared_error: 7.9563e-04 - val_loss: 5.2737e-04 - val_mean_squared_error: 5.2737e-04
Epoch 319/500
1414/1414 - 3s - loss: 0.0028 - mean_squared_error: 0.0028 - val_loss: 0.0033 - val_mean_squared_error: 0.0033
Epoch 320/500
1414/1414 - 3s - loss: 0.0013 - mean_squared_error: 0.0013 - val_loss: 0.0011 - val_mean_squared_error: 0.0011
Epoch 321/500
1414/1414 - 3s - loss: 0.0014 - mean_squared_error: 0.0014 - val_loss: 9.2649e-04 - val_mean_squared_error: 9.2649e-04
Epoch 322/500
1414/1414 - 2s - loss: 0.0013 - mean_squared_error: 0.0013 - val_loss: 9.5169e-04 - val_mean_squared_error: 9.5169e-04
Epoch 323/500
1414/1414 - 2s - loss: 0.0013 - mean_squared_error: 0.0013 - val_loss: 0.0011 - val_mean_squared_error: 0.0011
Epoch 324/500
1414/1414 - 2s - loss: 0.0011 - mean_squared_error: 0.0011 - val_loss: 4.4754e-04 - val_mean_squared_error: 4.4754e-04
Epoch 325/500
1414/1414 - 2s - loss: 7.8934e-04 - mean_squared_error: 7.8934e-04 - val_loss: 8.8552e-04 - val_mean_squared_error: 8.8552e-04
Epoch 326/500
1414/1414 - 3s - loss: 8.8629e-04 - mean_squared_error: 8.8629e-04 - val_loss: 8.8598e-04 - val_mean_squared_error: 8.8598e-04
Epoch 327/500
1414/1414 - 3s - loss: 0.0023 - mean_squared_error: 0.0023 - val_loss: 0.0021 - val_mean_squared_error: 0.0021
Epoch 328/500
1414/1414 - 2s - loss: 0.0012 - mean_squared_error: 0.0012 - val_loss: 7.7108e-04 - val_mean_squared_error: 7.7108e-04
Epoch 329/500
1414/1414 - 3s - loss: 9.3533e-04 - mean_squared_error: 9.3533e-04 - val_loss: 6.7429e-04 - val_mean_squared_error: 6.7429e-04
Epoch 330/500
1414/1414 - 2s - loss: 0.0011 - mean_squared_error: 0.0011 - val_loss: 6.9854e-04 - val_mean_squared_error: 6.9854e-04
Epoch 331/500
1414/1414 - 3s - loss: 7.9238e-04 - mean_squared_error: 7.9238e-04 - val_loss: 4.8845e-04 - val_mean_squared_error: 4.8845e-04
Epoch 332/500
1414/1414 - 3s - loss: 7.1799e-04 - mean_squared_error: 7.1799e-04 - val_loss: 4.2007e-04 - val_mean_squared_error: 4.2007e-04
Epoch 333/500
1414/1414 - 3s - loss: 6.7408e-04 - mean_squared_error: 6.7408e-04 - val_loss: 4.1388e-04 - val_mean_squared_error: 4.1388e-04
Epoch 334/500
1414/1414 - 3s - loss: 6.4237e-04 - mean_squared_error: 6.4237e-04 - val_loss: 6.0812e-04 - val_mean_squared_error: 6.0812e-04
Epoch 335/500
1414/1414 - 3s - loss: 9.3062e-04 - mean_squared_error: 9.3062e-04 - val_loss: 5.5579e-04 - val_mean_squared_error: 5.5579e-04
Epoch 336/500
1414/1414 - 2s - loss: 0.0018 - mean_squared_error: 0.0018 - val_loss: 8.1780e-04 - val_mean_squared_error: 8.1780e-04
Epoch 337/500
1414/1414 - 3s - loss: 0.0011 - mean_squared_error: 0.0011 - val_loss: 6.7684e-04 - val_mean_squared_error: 6.7684e-04
Epoch 338/500
1414/1414 - 3s - loss: 9.7240e-04 - mean_squared_error: 9.7240e-04 - val_loss: 4.2203e-04 - val_mean_squared_error: 4.2203e-04
Epoch 339/500
1414/1414 - 3s - loss: 0.0010 - mean_squared_error: 0.0010 - val_loss: 7.9109e-04 - val_mean_squared_error: 7.9109e-04
Epoch 340/500
1414/1414 - 3s - loss: 0.0015 - mean_squared_error: 0.0015 - val_loss: 0.0015 - val_mean_squared_error: 0.0015
Epoch 341/500
1414/1414 - 3s - loss: 6.5591e-04 - mean_squared_error: 6.5591e-04 - val_loss: 7.8655e-04 - val_mean_squared_error: 7.8655e-04
Epoch 342/500
1414/1414 - 3s - loss: 7.6013e-04 - mean_squared_error: 7.6013e-04 - val_loss: 7.1263e-04 - val_mean_squared_error: 7.1263e-04
Epoch 343/500
1414/1414 - 3s - loss: 0.0013 - mean_squared_error: 0.0013 - val_loss: 8.2776e-04 - val_mean_squared_error: 8.2776e-04
Epoch 344/500
1414/1414 - 3s - loss: 0.0017 - mean_squared_error: 0.0017 - val_loss: 0.0011 - val_mean_squared_error: 0.0011
Epoch 345/500
1414/1414 - 3s - loss: 7.4681e-04 - mean_squared_error: 7.4681e-04 - val_loss: 0.0012 - val_mean_squared_error: 0.0012
Epoch 346/500
1414/1414 - 2s - loss: 0.0011 - mean_squared_error: 0.0011 - val_loss: 8.9718e-04 - val_mean_squared_error: 8.9718e-04
Epoch 347/500
1414/1414 - 3s - loss: 7.9371e-04 - mean_squared_error: 7.9371e-04 - val_loss: 5.7535e-04 - val_mean_squared_error: 5.7535e-04
Epoch 348/500
1414/1414 - 3s - loss: 9.8994e-04 - mean_squared_error: 9.8994e-04 - val_loss: 9.5363e-04 - val_mean_squared_error: 9.5363e-04
Epoch 349/500
1414/1414 - 3s - loss: 9.2560e-04 - mean_squared_error: 9.2560e-04 - val_loss: 5.0756e-04 - val_mean_squared_error: 5.0756e-04
Epoch 350/500
1414/1414 - 2s - loss: 7.6773e-04 - mean_squared_error: 7.6773e-04 - val_loss: 7.6790e-04 - val_mean_squared_error: 7.6790e-04
Epoch 351/500
1414/1414 - 2s - loss: 6.6024e-04 - mean_squared_error: 6.6024e-04 - val_loss: 5.6326e-04 - val_mean_squared_error: 5.6326e-04
Epoch 352/500
1414/1414 - 3s - loss: 0.0010 - mean_squared_error: 0.0010 - val_loss: 0.0011 - val_mean_squared_error: 0.0011
Epoch 353/500
1414/1414 - 3s - loss: 9.4197e-04 - mean_squared_error: 9.4197e-04 - val_loss: 0.0012 - val_mean_squared_error: 0.0012
Epoch 354/500
1414/1414 - 2s - loss: 8.0070e-04 - mean_squared_error: 8.0070e-04 - val_loss: 0.0011 - val_mean_squared_error: 0.0011
Epoch 355/500
1414/1414 - 2s - loss: 0.0010 - mean_squared_error: 0.0010 - val_loss: 0.0012 - val_mean_squared_error: 0.0012
Epoch 356/500
1414/1414 - 2s - loss: 6.6629e-04 - mean_squared_error: 6.6629e-04 - val_loss: 8.5185e-04 - val_mean_squared_error: 8.5185e-04
Epoch 357/500
1414/1414 - 3s - loss: 7.1297e-04 - mean_squared_error: 7.1297e-04 - val_loss: 8.2450e-04 - val_mean_squared_error: 8.2450e-04
Epoch 358/500
1414/1414 - 2s - loss: 9.2715e-04 - mean_squared_error: 9.2715e-04 - val_loss: 4.0942e-04 - val_mean_squared_error: 4.0942e-04
Epoch 359/500
1414/1414 - 3s - loss: 7.5868e-04 - mean_squared_error: 7.5868e-04 - val_loss: 6.2156e-04 - val_mean_squared_error: 6.2156e-04
Epoch 360/500
1414/1414 - 2s - loss: 7.1726e-04 - mean_squared_error: 7.1726e-04 - val_loss: 8.0144e-04 - val_mean_squared_error: 8.0144e-04
Epoch 361/500
1414/1414 - 2s - loss: 8.0986e-04 - mean_squared_error: 8.0986e-04 - val_loss: 0.0011 - val_mean_squared_error: 0.0011
Epoch 362/500
1414/1414 - 3s - loss: 0.0010 - mean_squared_error: 0.0010 - val_loss: 8.6267e-04 - val_mean_squared_error: 8.6267e-04
Epoch 363/500
1414/1414 - 3s - loss: 0.0010 - mean_squared_error: 0.0010 - val_loss: 5.7485e-04 - val_mean_squared_error: 5.7485e-04
Epoch 364/500
1414/1414 - 2s - loss: 8.1439e-04 - mean_squared_error: 8.1439e-04 - val_loss: 7.1186e-04 - val_mean_squared_error: 7.1186e-04
Epoch 365/500
1414/1414 - 3s - loss: 6.4027e-04 - mean_squared_error: 6.4027e-04 - val_loss: 8.0704e-04 - val_mean_squared_error: 8.0704e-04
Epoch 366/500
1414/1414 - 3s - loss: 6.0793e-04 - mean_squared_error: 6.0793e-04 - val_loss: 0.0010 - val_mean_squared_error: 0.0010
Epoch 367/500
1414/1414 - 2s - loss: 6.2077e-04 - mean_squared_error: 6.2077e-04 - val_loss: 8.0712e-04 - val_mean_squared_error: 8.0712e-04
Epoch 368/500
1414/1414 - 3s - loss: 0.0013 - mean_squared_error: 0.0013 - val_loss: 0.0013 - val_mean_squared_error: 0.0013
Epoch 369/500
1414/1414 - 2s - loss: 0.0013 - mean_squared_error: 0.0013 - val_loss: 0.0016 - val_mean_squared_error: 0.0016
Epoch 370/500
1414/1414 - 2s - loss: 0.0010 - mean_squared_error: 0.0010 - val_loss: 0.0011 - val_mean_squared_error: 0.0011
Epoch 371/500
1414/1414 - 2s - loss: 9.2143e-04 - mean_squared_error: 9.2143e-04 - val_loss: 6.1568e-04 - val_mean_squared_error: 6.1568e-04
Epoch 372/500
1414/1414 - 3s - loss: 7.3384e-04 - mean_squared_error: 7.3384e-04 - val_loss: 7.1697e-04 - val_mean_squared_error: 7.1697e-04
Epoch 373/500
1414/1414 - 2s - loss: 6.9948e-04 - mean_squared_error: 6.9948e-04 - val_loss: 8.6229e-04 - val_mean_squared_error: 8.6229e-04
Epoch 374/500
1414/1414 - 3s - loss: 0.0010 - mean_squared_error: 0.0010 - val_loss: 7.7499e-04 - val_mean_squared_error: 7.7499e-04
Epoch 375/500
1414/1414 - 3s - loss: 0.0017 - mean_squared_error: 0.0017 - val_loss: 0.0012 - val_mean_squared_error: 0.0012
Epoch 376/500
1414/1414 - 2s - loss: 9.6943e-04 - mean_squared_error: 9.6943e-04 - val_loss: 7.0019e-04 - val_mean_squared_error: 7.0019e-04
Epoch 377/500
1414/1414 - 2s - loss: 8.4273e-04 - mean_squared_error: 8.4273e-04 - val_loss: 6.5582e-04 - val_mean_squared_error: 6.5582e-04
Epoch 378/500
1414/1414 - 3s - loss: 7.3398e-04 - mean_squared_error: 7.3398e-04 - val_loss: 0.0011 - val_mean_squared_error: 0.0011
Epoch 379/500
1414/1414 - 3s - loss: 7.3554e-04 - mean_squared_error: 7.3554e-04 - val_loss: 5.6934e-04 - val_mean_squared_error: 5.6934e-04
Epoch 380/500
1414/1414 - 3s - loss: 0.0012 - mean_squared_error: 0.0012 - val_loss: 8.9346e-04 - val_mean_squared_error: 8.9346e-04
Epoch 381/500
1414/1414 - 2s - loss: 0.0018 - mean_squared_error: 0.0018 - val_loss: 0.0024 - val_mean_squared_error: 0.0024
Epoch 382/500
1414/1414 - 2s - loss: 0.0012 - mean_squared_error: 0.0012 - val_loss: 7.4627e-04 - val_mean_squared_error: 7.4627e-04
Epoch 383/500
1414/1414 - 3s - loss: 6.9257e-04 - mean_squared_error: 6.9257e-04 - val_loss: 9.5708e-04 - val_mean_squared_error: 9.5708e-04
Epoch 384/500
1414/1414 - 3s - loss: 7.1203e-04 - mean_squared_error: 7.1203e-04 - val_loss: 0.0011 - val_mean_squared_error: 0.0011
Epoch 385/500
1414/1414 - 2s - loss: 5.7939e-04 - mean_squared_error: 5.7939e-04 - val_loss: 8.5067e-04 - val_mean_squared_error: 8.5067e-04
Epoch 386/500
1414/1414 - 2s - loss: 6.6127e-04 - mean_squared_error: 6.6127e-04 - val_loss: 9.5151e-04 - val_mean_squared_error: 9.5151e-04
Epoch 387/500
1414/1414 - 3s - loss: 0.0010 - mean_squared_error: 0.0010 - val_loss: 9.0806e-04 - val_mean_squared_error: 9.0806e-04
Epoch 388/500
1414/1414 - 3s - loss: 0.0012 - mean_squared_error: 0.0012 - val_loss: 9.1338e-04 - val_mean_squared_error: 9.1338e-04
Epoch 389/500
1414/1414 - 3s - loss: 0.0013 - mean_squared_error: 0.0013 - val_loss: 4.9175e-04 - val_mean_squared_error: 4.9175e-04
Epoch 390/500
1414/1414 - 2s - loss: 8.4950e-04 - mean_squared_error: 8.4950e-04 - val_loss: 6.4997e-04 - val_mean_squared_error: 6.4997e-04
Epoch 391/500
1414/1414 - 3s - loss: 0.0012 - mean_squared_error: 0.0012 - val_loss: 5.2848e-04 - val_mean_squared_error: 5.2848e-04
Epoch 392/500
1414/1414 - 2s - loss: 0.0011 - mean_squared_error: 0.0011 - val_loss: 6.3736e-04 - val_mean_squared_error: 6.3736e-04
Epoch 393/500
1414/1414 - 3s - loss: 0.0019 - mean_squared_error: 0.0019 - val_loss: 7.8889e-04 - val_mean_squared_error: 7.8889e-04
Epoch 394/500
1414/1414 - 3s - loss: 6.4939e-04 - mean_squared_error: 6.4939e-04 - val_loss: 5.2189e-04 - val_mean_squared_error: 5.2189e-04
Epoch 395/500
1414/1414 - 2s - loss: 0.0014 - mean_squared_error: 0.0014 - val_loss: 0.0010 - val_mean_squared_error: 0.0010
Epoch 396/500
1414/1414 - 3s - loss: 7.2797e-04 - mean_squared_error: 7.2797e-04 - val_loss: 4.5869e-04 - val_mean_squared_error: 4.5869e-04
Epoch 397/500
1414/1414 - 3s - loss: 7.2453e-04 - mean_squared_error: 7.2453e-04 - val_loss: 5.9352e-04 - val_mean_squared_error: 5.9352e-04
Epoch 398/500
1414/1414 - 3s - loss: 9.3467e-04 - mean_squared_error: 9.3467e-04 - val_loss: 5.5971e-04 - val_mean_squared_error: 5.5971e-04
Epoch 399/500
1414/1414 - 3s - loss: 0.0010 - mean_squared_error: 0.0010 - val_loss: 0.0010 - val_mean_squared_error: 0.0010
Epoch 400/500
1414/1414 - 2s - loss: 5.8731e-04 - mean_squared_error: 5.8731e-04 - val_loss: 4.8554e-04 - val_mean_squared_error: 4.8554e-04
Epoch 401/500
1414/1414 - 2s - loss: 9.5787e-04 - mean_squared_error: 9.5787e-04 - val_loss: 4.9443e-04 - val_mean_squared_error: 4.9443e-04
Epoch 402/500
1414/1414 - 2s - loss: 9.3785e-04 - mean_squared_error: 9.3785e-04 - val_loss: 3.7227e-04 - val_mean_squared_error: 3.7227e-04
Epoch 403/500
1414/1414 - 3s - loss: 7.2129e-04 - mean_squared_error: 7.2129e-04 - val_loss: 5.7904e-04 - val_mean_squared_error: 5.7904e-04
Epoch 404/500
1414/1414 - 3s - loss: 7.6593e-04 - mean_squared_error: 7.6593e-04 - val_loss: 0.0015 - val_mean_squared_error: 0.0015
Epoch 405/500
1414/1414 - 3s - loss: 8.1509e-04 - mean_squared_error: 8.1509e-04 - val_loss: 7.8207e-04 - val_mean_squared_error: 7.8207e-04
Epoch 406/500
1414/1414 - 2s - loss: 6.4589e-04 - mean_squared_error: 6.4589e-04 - val_loss: 0.0012 - val_mean_squared_error: 0.0012
Epoch 407/500
1414/1414 - 2s - loss: 9.5743e-04 - mean_squared_error: 9.5743e-04 - val_loss: 5.6669e-04 - val_mean_squared_error: 5.6669e-04
Epoch 408/500
1414/1414 - 3s - loss: 0.0012 - mean_squared_error: 0.0012 - val_loss: 5.1402e-04 - val_mean_squared_error: 5.1402e-04
Epoch 409/500
1414/1414 - 3s - loss: 6.8123e-04 - mean_squared_error: 6.8123e-04 - val_loss: 5.5169e-04 - val_mean_squared_error: 5.5169e-04
Epoch 410/500
1414/1414 - 3s - loss: 7.5844e-04 - mean_squared_error: 7.5844e-04 - val_loss: 4.9439e-04 - val_mean_squared_error: 4.9439e-04
Epoch 411/500
1414/1414 - 3s - loss: 5.4881e-04 - mean_squared_error: 5.4881e-04 - val_loss: 5.2007e-04 - val_mean_squared_error: 5.2007e-04
Epoch 412/500
1414/1414 - 3s - loss: 0.0015 - mean_squared_error: 0.0015 - val_loss: 0.0010 - val_mean_squared_error: 0.0010
Epoch 413/500
1414/1414 - 3s - loss: 8.7986e-04 - mean_squared_error: 8.7986e-04 - val_loss: 6.8267e-04 - val_mean_squared_error: 6.8267e-04
Epoch 414/500
1414/1414 - 3s - loss: 6.3580e-04 - mean_squared_error: 6.3580e-04 - val_loss: 4.6542e-04 - val_mean_squared_error: 4.6542e-04
Epoch 415/500
1414/1414 - 2s - loss: 0.0013 - mean_squared_error: 0.0013 - val_loss: 0.0039 - val_mean_squared_error: 0.0039
Epoch 416/500
1414/1414 - 3s - loss: 0.0018 - mean_squared_error: 0.0018 - val_loss: 0.0012 - val_mean_squared_error: 0.0012
Epoch 417/500
1414/1414 - 3s - loss: 0.0011 - mean_squared_error: 0.0011 - val_loss: 8.1876e-04 - val_mean_squared_error: 8.1876e-04
Epoch 418/500
1414/1414 - 3s - loss: 7.6019e-04 - mean_squared_error: 7.6019e-04 - val_loss: 6.4570e-04 - val_mean_squared_error: 6.4570e-04
Epoch 419/500
1414/1414 - 3s - loss: 5.9080e-04 - mean_squared_error: 5.9080e-04 - val_loss: 5.9955e-04 - val_mean_squared_error: 5.9955e-04
Epoch 420/500
1414/1414 - 3s - loss: 7.8293e-04 - mean_squared_error: 7.8293e-04 - val_loss: 4.5097e-04 - val_mean_squared_error: 4.5097e-04
Epoch 421/500
1414/1414 - 3s - loss: 0.0011 - mean_squared_error: 0.0011 - val_loss: 6.4166e-04 - val_mean_squared_error: 6.4166e-04
Epoch 422/500
1414/1414 - 2s - loss: 5.7842e-04 - mean_squared_error: 5.7842e-04 - val_loss: 4.9319e-04 - val_mean_squared_error: 4.9319e-04
Epoch 423/500
1414/1414 - 2s - loss: 6.6934e-04 - mean_squared_error: 6.6934e-04 - val_loss: 5.4158e-04 - val_mean_squared_error: 5.4158e-04
Epoch 424/500
1414/1414 - 3s - loss: 0.0011 - mean_squared_error: 0.0011 - val_loss: 0.0012 - val_mean_squared_error: 0.0012
Epoch 425/500
1414/1414 - 3s - loss: 8.7892e-04 - mean_squared_error: 8.7892e-04 - val_loss: 9.3444e-04 - val_mean_squared_error: 9.3444e-04
Epoch 426/500
1414/1414 - 2s - loss: 6.7392e-04 - mean_squared_error: 6.7392e-04 - val_loss: 6.3825e-04 - val_mean_squared_error: 6.3825e-04
Epoch 427/500
1414/1414 - 2s - loss: 6.7787e-04 - mean_squared_error: 6.7787e-04 - val_loss: 0.0015 - val_mean_squared_error: 0.0015
Epoch 428/500
1414/1414 - 3s - loss: 9.1920e-04 - mean_squared_error: 9.1920e-04 - val_loss: 8.2911e-04 - val_mean_squared_error: 8.2911e-04
Epoch 429/500
1414/1414 - 3s - loss: 6.8566e-04 - mean_squared_error: 6.8566e-04 - val_loss: 0.0011 - val_mean_squared_error: 0.0011
Epoch 430/500
1414/1414 - 2s - loss: 6.8683e-04 - mean_squared_error: 6.8683e-04 - val_loss: 5.2974e-04 - val_mean_squared_error: 5.2974e-04
Epoch 431/500
1414/1414 - 2s - loss: 0.0010 - mean_squared_error: 0.0010 - val_loss: 7.4393e-04 - val_mean_squared_error: 7.4393e-04
Epoch 432/500
1414/1414 - 3s - loss: 6.5332e-04 - mean_squared_error: 6.5332e-04 - val_loss: 5.3107e-04 - val_mean_squared_error: 5.3107e-04
Epoch 433/500
1414/1414 - 3s - loss: 8.4508e-04 - mean_squared_error: 8.4508e-04 - val_loss: 7.3565e-04 - val_mean_squared_error: 7.3565e-04
Epoch 434/500
1414/1414 - 2s - loss: 0.0011 - mean_squared_error: 0.0011 - val_loss: 5.7676e-04 - val_mean_squared_error: 5.7676e-04
Epoch 435/500
1414/1414 - 2s - loss: 0.0020 - mean_squared_error: 0.0020 - val_loss: 0.0024 - val_mean_squared_error: 0.0024
Epoch 436/500
1414/1414 - 2s - loss: 8.2320e-04 - mean_squared_error: 8.2320e-04 - val_loss: 6.0395e-04 - val_mean_squared_error: 6.0395e-04
Epoch 437/500
1414/1414 - 2s - loss: 6.9719e-04 - mean_squared_error: 6.9719e-04 - val_loss: 6.9450e-04 - val_mean_squared_error: 6.9450e-04
Epoch 438/500
1414/1414 - 3s - loss: 8.0909e-04 - mean_squared_error: 8.0909e-04 - val_loss: 4.6135e-04 - val_mean_squared_error: 4.6135e-04
Epoch 439/500
1414/1414 - 3s - loss: 6.7084e-04 - mean_squared_error: 6.7084e-04 - val_loss: 4.6435e-04 - val_mean_squared_error: 4.6435e-04
Epoch 440/500
1414/1414 - 2s - loss: 8.1589e-04 - mean_squared_error: 8.1589e-04 - val_loss: 5.3204e-04 - val_mean_squared_error: 5.3204e-04
Epoch 441/500
1414/1414 - 2s - loss: 6.8487e-04 - mean_squared_error: 6.8488e-04 - val_loss: 3.9466e-04 - val_mean_squared_error: 3.9466e-04
Epoch 442/500
1414/1414 - 2s - loss: 0.0011 - mean_squared_error: 0.0011 - val_loss: 0.0015 - val_mean_squared_error: 0.0015
Epoch 443/500
1414/1414 - 2s - loss: 8.8699e-04 - mean_squared_error: 8.8699e-04 - val_loss: 7.1378e-04 - val_mean_squared_error: 7.1378e-04
Epoch 444/500
1414/1414 - 3s - loss: 5.2427e-04 - mean_squared_error: 5.2427e-04 - val_loss: 4.7482e-04 - val_mean_squared_error: 4.7482e-04
Epoch 445/500
1414/1414 - 3s - loss: 7.0672e-04 - mean_squared_error: 7.0672e-04 - val_loss: 4.6896e-04 - val_mean_squared_error: 4.6896e-04
Epoch 446/500
1414/1414 - 3s - loss: 7.6402e-04 - mean_squared_error: 7.6402e-04 - val_loss: 5.8028e-04 - val_mean_squared_error: 5.8028e-04
Epoch 447/500
1414/1414 - 2s - loss: 6.2190e-04 - mean_squared_error: 6.2190e-04 - val_loss: 4.9717e-04 - val_mean_squared_error: 4.9717e-04
Epoch 448/500
1414/1414 - 2s - loss: 5.8074e-04 - mean_squared_error: 5.8074e-04 - val_loss: 4.6156e-04 - val_mean_squared_error: 4.6156e-04
Epoch 449/500
1414/1414 - 3s - loss: 4.9386e-04 - mean_squared_error: 4.9386e-04 - val_loss: 3.7075e-04 - val_mean_squared_error: 3.7075e-04
Epoch 450/500
1414/1414 - 3s - loss: 5.5818e-04 - mean_squared_error: 5.5818e-04 - val_loss: 7.2991e-04 - val_mean_squared_error: 7.2991e-04
Epoch 451/500
1414/1414 - 2s - loss: 0.0014 - mean_squared_error: 0.0014 - val_loss: 0.0014 - val_mean_squared_error: 0.0014
Epoch 452/500
1414/1414 - 3s - loss: 7.3335e-04 - mean_squared_error: 7.3335e-04 - val_loss: 7.5242e-04 - val_mean_squared_error: 7.5242e-04
Epoch 453/500
1414/1414 - 2s - loss: 7.6757e-04 - mean_squared_error: 7.6757e-04 - val_loss: 6.2109e-04 - val_mean_squared_error: 6.2109e-04
Epoch 454/500
1414/1414 - 3s - loss: 5.6950e-04 - mean_squared_error: 5.6950e-04 - val_loss: 8.1904e-04 - val_mean_squared_error: 8.1904e-04
Epoch 455/500
1414/1414 - 3s - loss: 8.5944e-04 - mean_squared_error: 8.5944e-04 - val_loss: 5.9049e-04 - val_mean_squared_error: 5.9049e-04
Epoch 456/500
1414/1414 - 3s - loss: 6.9815e-04 - mean_squared_error: 6.9815e-04 - val_loss: 5.4632e-04 - val_mean_squared_error: 5.4632e-04
Epoch 457/500
1414/1414 - 2s - loss: 9.3027e-04 - mean_squared_error: 9.3027e-04 - val_loss: 8.2267e-04 - val_mean_squared_error: 8.2267e-04
Epoch 458/500
1414/1414 - 3s - loss: 8.1446e-04 - mean_squared_error: 8.1446e-04 - val_loss: 6.2529e-04 - val_mean_squared_error: 6.2529e-04
Epoch 459/500
1414/1414 - 3s - loss: 9.7239e-04 - mean_squared_error: 9.7239e-04 - val_loss: 5.4009e-04 - val_mean_squared_error: 5.4009e-04
Epoch 460/500
1414/1414 - 3s - loss: 5.6426e-04 - mean_squared_error: 5.6426e-04 - val_loss: 5.3157e-04 - val_mean_squared_error: 5.3157e-04
Epoch 461/500
1414/1414 - 3s - loss: 0.0011 - mean_squared_error: 0.0011 - val_loss: 6.9428e-04 - val_mean_squared_error: 6.9428e-04
Epoch 462/500
1414/1414 - 2s - loss: 7.0666e-04 - mean_squared_error: 7.0666e-04 - val_loss: 5.2477e-04 - val_mean_squared_error: 5.2477e-04
Epoch 463/500
1414/1414 - 3s - loss: 0.0022 - mean_squared_error: 0.0022 - val_loss: 6.2664e-04 - val_mean_squared_error: 6.2664e-04
Epoch 464/500
1414/1414 - 3s - loss: 7.3890e-04 - mean_squared_error: 7.3890e-04 - val_loss: 5.2413e-04 - val_mean_squared_error: 5.2413e-04
Epoch 465/500
1414/1414 - 2s - loss: 0.0010 - mean_squared_error: 0.0010 - val_loss: 4.2812e-04 - val_mean_squared_error: 4.2812e-04
Epoch 466/500
1414/1414 - 2s - loss: 8.4041e-04 - mean_squared_error: 8.4041e-04 - val_loss: 0.0010 - val_mean_squared_error: 0.0010
Epoch 467/500
1414/1414 - 3s - loss: 0.0012 - mean_squared_error: 0.0012 - val_loss: 0.0018 - val_mean_squared_error: 0.0018
Epoch 468/500
1414/1414 - 3s - loss: 7.5797e-04 - mean_squared_error: 7.5797e-04 - val_loss: 5.5932e-04 - val_mean_squared_error: 5.5932e-04
Epoch 469/500
1414/1414 - 3s - loss: 6.9245e-04 - mean_squared_error: 6.9245e-04 - val_loss: 5.3985e-04 - val_mean_squared_error: 5.3985e-04
Epoch 470/500
1414/1414 - 2s - loss: 9.8441e-04 - mean_squared_error: 9.8441e-04 - val_loss: 6.2445e-04 - val_mean_squared_error: 6.2445e-04
Epoch 471/500
1414/1414 - 3s - loss: 6.7770e-04 - mean_squared_error: 6.7770e-04 - val_loss: 4.8961e-04 - val_mean_squared_error: 4.8961e-04
Epoch 472/500
1414/1414 - 3s - loss: 5.9033e-04 - mean_squared_error: 5.9033e-04 - val_loss: 6.2832e-04 - val_mean_squared_error: 6.2832e-04
Epoch 473/500
1414/1414 - 2s - loss: 4.9994e-04 - mean_squared_error: 4.9994e-04 - val_loss: 4.7374e-04 - val_mean_squared_error: 4.7374e-04
Epoch 474/500
1414/1414 - 3s - loss: 5.2821e-04 - mean_squared_error: 5.2821e-04 - val_loss: 5.3380e-04 - val_mean_squared_error: 5.3380e-04
Epoch 475/500
1414/1414 - 3s - loss: 4.0089e-04 - mean_squared_error: 4.0089e-04 - val_loss: 4.4144e-04 - val_mean_squared_error: 4.4144e-04
Epoch 476/500
1414/1414 - 2s - loss: 0.0015 - mean_squared_error: 0.0015 - val_loss: 5.3943e-04 - val_mean_squared_error: 5.3943e-04
Epoch 477/500
1414/1414 - 2s - loss: 5.5004e-04 - mean_squared_error: 5.5004e-04 - val_loss: 5.3367e-04 - val_mean_squared_error: 5.3367e-04
Epoch 478/500
1414/1414 - 2s - loss: 7.1178e-04 - mean_squared_error: 7.1178e-04 - val_loss: 9.2644e-04 - val_mean_squared_error: 9.2644e-04
Epoch 479/500
1414/1414 - 2s - loss: 5.3369e-04 - mean_squared_error: 5.3369e-04 - val_loss: 4.6592e-04 - val_mean_squared_error: 4.6592e-04
Epoch 480/500
1414/1414 - 3s - loss: 6.2956e-04 - mean_squared_error: 6.2956e-04 - val_loss: 0.0010 - val_mean_squared_error: 0.0010
Epoch 481/500
1414/1414 - 3s - loss: 5.5442e-04 - mean_squared_error: 5.5442e-04 - val_loss: 6.2131e-04 - val_mean_squared_error: 6.2131e-04
Epoch 482/500
1414/1414 - 2s - loss: 3.5665e-04 - mean_squared_error: 3.5665e-04 - val_loss: 4.5324e-04 - val_mean_squared_error: 4.5324e-04
Epoch 483/500
1414/1414 - 2s - loss: 7.8673e-04 - mean_squared_error: 7.8673e-04 - val_loss: 8.7264e-04 - val_mean_squared_error: 8.7264e-04
Epoch 484/500
1414/1414 - 2s - loss: 8.1064e-04 - mean_squared_error: 8.1064e-04 - val_loss: 6.0962e-04 - val_mean_squared_error: 6.0962e-04
Epoch 485/500
1414/1414 - 3s - loss: 5.3596e-04 - mean_squared_error: 5.3596e-04 - val_loss: 3.5080e-04 - val_mean_squared_error: 3.5080e-04
Epoch 486/500
1414/1414 - 3s - loss: 5.9531e-04 - mean_squared_error: 5.9531e-04 - val_loss: 4.6620e-04 - val_mean_squared_error: 4.6620e-04
Epoch 487/500
1414/1414 - 2s - loss: 4.7408e-04 - mean_squared_error: 4.7408e-04 - val_loss: 3.7953e-04 - val_mean_squared_error: 3.7953e-04
Epoch 488/500
1414/1414 - 2s - loss: 4.7828e-04 - mean_squared_error: 4.7828e-04 - val_loss: 3.9744e-04 - val_mean_squared_error: 3.9744e-04
Epoch 489/500
1414/1414 - 3s - loss: 7.2394e-04 - mean_squared_error: 7.2394e-04 - val_loss: 8.0898e-04 - val_mean_squared_error: 8.0898e-04
Epoch 490/500
1414/1414 - 3s - loss: 6.2389e-04 - mean_squared_error: 6.2389e-04 - val_loss: 7.7808e-04 - val_mean_squared_error: 7.7808e-04
Epoch 491/500
1414/1414 - 3s - loss: 5.3862e-04 - mean_squared_error: 5.3862e-04 - val_loss: 3.9250e-04 - val_mean_squared_error: 3.9250e-04
Epoch 492/500
1414/1414 - 3s - loss: 7.2285e-04 - mean_squared_error: 7.2285e-04 - val_loss: 8.2796e-04 - val_mean_squared_error: 8.2796e-04
Epoch 493/500
1414/1414 - 3s - loss: 6.1329e-04 - mean_squared_error: 6.1329e-04 - val_loss: 6.1641e-04 - val_mean_squared_error: 6.1641e-04
Epoch 494/500
1414/1414 - 3s - loss: 5.1741e-04 - mean_squared_error: 5.1741e-04 - val_loss: 0.0020 - val_mean_squared_error: 0.0020
Epoch 495/500
1414/1414 - 2s - loss: 7.6752e-04 - mean_squared_error: 7.6752e-04 - val_loss: 7.0456e-04 - val_mean_squared_error: 7.0456e-04
Epoch 496/500
1414/1414 - 3s - loss: 5.7789e-04 - mean_squared_error: 5.7789e-04 - val_loss: 9.7809e-04 - val_mean_squared_error: 9.7809e-04
Epoch 497/500
1414/1414 - 3s - loss: 9.7473e-04 - mean_squared_error: 9.7473e-04 - val_loss: 5.6132e-04 - val_mean_squared_error: 5.6132e-04
Epoch 498/500
1414/1414 - 2s - loss: 5.4207e-04 - mean_squared_error: 5.4207e-04 - val_loss: 6.0799e-04 - val_mean_squared_error: 6.0799e-04
Epoch 499/500
1414/1414 - 3s - loss: 9.1480e-04 - mean_squared_error: 9.1480e-04 - val_loss: 4.5519e-04 - val_mean_squared_error: 4.5519e-04
Epoch 500/500
1414/1414 - 3s - loss: 7.1627e-04 - mean_squared_error: 7.1627e-04 - val_loss: 8.2138e-04 - val_mean_squared_error: 8.2138e-04
Being drawing the graph of MODEL LOSS
