WARNING: Logging before flag parsing goes to stderr.
W0228 15:14:35.161031 140349650114368 deprecation.py:506] From /home/zoshs2/anaconda3/envs/tf_gpu/lib/python3.7/site-packages/tensorflow/python/ops/init_ops.py:1251: calling VarianceScaling.__init__ (from tensorflow.python.ops.init_ops) with dtype is deprecated and will be removed in a future version.
Instructions for updating:
Call initializer instance with the dtype argument instead of passing it to the constructor
2020-02-28 15:14:36.279698: I tensorflow/core/platform/cpu_feature_guard.cc:142] Your CPU supports instructions that this TensorFlow binary was not compiled to use: SSE4.1 SSE4.2 AVX AVX2 FMA
2020-02-28 15:14:36.288053: I tensorflow/core/platform/profile_utils/cpu_utils.cc:94] CPU Frequency: 2199870000 Hz
2020-02-28 15:14:36.290138: I tensorflow/compiler/xla/service/service.cc:168] XLA service 0x55728b3daf10 executing computations on platform Host. Devices:
2020-02-28 15:14:36.290161: I tensorflow/compiler/xla/service/service.cc:175]   StreamExecutor device (0): <undefined>, <undefined>
2020-02-28 15:14:36.292241: I tensorflow/stream_executor/platform/default/dso_loader.cc:42] Successfully opened dynamic library libcuda.so.1
2020-02-28 15:14:38.406394: I tensorflow/core/common_runtime/gpu/gpu_device.cc:1640] Found device 0 with properties: 
name: Tesla V100-PCIE-16GB major: 7 minor: 0 memoryClockRate(GHz): 1.38
pciBusID: 0000:0c:00.0
2020-02-28 15:14:38.406875: I tensorflow/stream_executor/platform/default/dso_loader.cc:42] Successfully opened dynamic library libcudart.so.10.1
2020-02-28 15:14:38.409288: I tensorflow/stream_executor/platform/default/dso_loader.cc:42] Successfully opened dynamic library libcublas.so.10
2020-02-28 15:14:38.412034: I tensorflow/stream_executor/platform/default/dso_loader.cc:42] Successfully opened dynamic library libcufft.so.10
2020-02-28 15:14:38.412782: I tensorflow/stream_executor/platform/default/dso_loader.cc:42] Successfully opened dynamic library libcurand.so.10
2020-02-28 15:14:38.415543: I tensorflow/stream_executor/platform/default/dso_loader.cc:42] Successfully opened dynamic library libcusolver.so.10
2020-02-28 15:14:38.416921: I tensorflow/stream_executor/platform/default/dso_loader.cc:42] Successfully opened dynamic library libcusparse.so.10
2020-02-28 15:14:38.421971: I tensorflow/stream_executor/platform/default/dso_loader.cc:42] Successfully opened dynamic library libcudnn.so.7
2020-02-28 15:14:38.424427: I tensorflow/core/common_runtime/gpu/gpu_device.cc:1763] Adding visible gpu devices: 0
2020-02-28 15:14:38.428080: I tensorflow/stream_executor/platform/default/dso_loader.cc:42] Successfully opened dynamic library libcudart.so.10.1
2020-02-28 15:14:38.559786: I tensorflow/core/common_runtime/gpu/gpu_device.cc:1181] Device interconnect StreamExecutor with strength 1 edge matrix:
2020-02-28 15:14:38.559833: I tensorflow/core/common_runtime/gpu/gpu_device.cc:1187]      0 
2020-02-28 15:14:38.559845: I tensorflow/core/common_runtime/gpu/gpu_device.cc:1200] 0:   N 
2020-02-28 15:14:38.563415: I tensorflow/core/common_runtime/gpu/gpu_device.cc:1326] Created TensorFlow device (/job:localhost/replica:0/task:0/device:GPU:0 with 15051 MB memory) -> physical GPU (device: 0, name: Tesla V100-PCIE-16GB, pci bus id: 0000:0c:00.0, compute capability: 7.0)
2020-02-28 15:14:38.588698: I tensorflow/compiler/xla/service/service.cc:168] XLA service 0x55728c1ebe30 executing computations on platform CUDA. Devices:
2020-02-28 15:14:38.594216: I tensorflow/compiler/xla/service/service.cc:175]   StreamExecutor device (0): Tesla V100-PCIE-16GB, Compute Capability 7.0
2020-02-28 15:14:40.576708: I tensorflow/stream_executor/platform/default/dso_loader.cc:42] Successfully opened dynamic library libcublas.so.10
2020-02-28 15:14:40.842666: I tensorflow/stream_executor/platform/default/dso_loader.cc:42] Successfully opened dynamic library libcudnn.so.7
TESTSET SAVE!
Train on 1672 samples, validate on 418 samples
Epoch 1/1000
1672/1672 - 7s - loss: 0.1382 - mean_squared_error: 0.1382 - val_loss: 1.4905 - val_mean_squared_error: 1.4905
Epoch 2/1000
1672/1672 - 3s - loss: 0.0516 - mean_squared_error: 0.0516 - val_loss: 1.5474 - val_mean_squared_error: 1.5474
Epoch 3/1000
1672/1672 - 4s - loss: 0.0414 - mean_squared_error: 0.0414 - val_loss: 0.2344 - val_mean_squared_error: 0.2344
Epoch 4/1000
1672/1672 - 4s - loss: 0.0350 - mean_squared_error: 0.0350 - val_loss: 0.0511 - val_mean_squared_error: 0.0511
Epoch 5/1000
1672/1672 - 4s - loss: 0.0315 - mean_squared_error: 0.0315 - val_loss: 0.0194 - val_mean_squared_error: 0.0194
Epoch 6/1000
1672/1672 - 4s - loss: 0.0282 - mean_squared_error: 0.0282 - val_loss: 0.0158 - val_mean_squared_error: 0.0158
Epoch 7/1000
1672/1672 - 3s - loss: 0.0258 - mean_squared_error: 0.0258 - val_loss: 0.0118 - val_mean_squared_error: 0.0118
Epoch 8/1000
1672/1672 - 3s - loss: 0.0230 - mean_squared_error: 0.0230 - val_loss: 0.0293 - val_mean_squared_error: 0.0293
Epoch 9/1000
1672/1672 - 3s - loss: 0.0216 - mean_squared_error: 0.0216 - val_loss: 0.0124 - val_mean_squared_error: 0.0124
Epoch 10/1000
1672/1672 - 3s - loss: 0.0217 - mean_squared_error: 0.0217 - val_loss: 0.0137 - val_mean_squared_error: 0.0137
Epoch 11/1000
1672/1672 - 3s - loss: 0.0209 - mean_squared_error: 0.0209 - val_loss: 0.0122 - val_mean_squared_error: 0.0122
Epoch 12/1000
1672/1672 - 3s - loss: 0.0185 - mean_squared_error: 0.0185 - val_loss: 0.0101 - val_mean_squared_error: 0.0101
Epoch 13/1000
1672/1672 - 3s - loss: 0.0198 - mean_squared_error: 0.0198 - val_loss: 0.0212 - val_mean_squared_error: 0.0212
Epoch 14/1000
1672/1672 - 3s - loss: 0.0175 - mean_squared_error: 0.0175 - val_loss: 0.0093 - val_mean_squared_error: 0.0093
Epoch 15/1000
1672/1672 - 3s - loss: 0.0157 - mean_squared_error: 0.0157 - val_loss: 0.0082 - val_mean_squared_error: 0.0082
Epoch 16/1000
1672/1672 - 3s - loss: 0.0165 - mean_squared_error: 0.0165 - val_loss: 0.0196 - val_mean_squared_error: 0.0196
Epoch 17/1000
1672/1672 - 3s - loss: 0.0164 - mean_squared_error: 0.0164 - val_loss: 0.0125 - val_mean_squared_error: 0.0125
Epoch 18/1000
1672/1672 - 3s - loss: 0.0168 - mean_squared_error: 0.0168 - val_loss: 0.0128 - val_mean_squared_error: 0.0128
Epoch 19/1000
1672/1672 - 3s - loss: 0.0150 - mean_squared_error: 0.0150 - val_loss: 0.0154 - val_mean_squared_error: 0.0154
Epoch 20/1000
1672/1672 - 4s - loss: 0.0153 - mean_squared_error: 0.0153 - val_loss: 0.0070 - val_mean_squared_error: 0.0070
Epoch 21/1000
1672/1672 - 3s - loss: 0.0156 - mean_squared_error: 0.0156 - val_loss: 0.0063 - val_mean_squared_error: 0.0063
Epoch 22/1000
1672/1672 - 3s - loss: 0.0154 - mean_squared_error: 0.0154 - val_loss: 0.0067 - val_mean_squared_error: 0.0067
Epoch 23/1000
1672/1672 - 3s - loss: 0.0133 - mean_squared_error: 0.0133 - val_loss: 0.0092 - val_mean_squared_error: 0.0092
Epoch 24/1000
1672/1672 - 3s - loss: 0.0150 - mean_squared_error: 0.0150 - val_loss: 0.0069 - val_mean_squared_error: 0.0069
Epoch 25/1000
1672/1672 - 3s - loss: 0.0139 - mean_squared_error: 0.0139 - val_loss: 0.0077 - val_mean_squared_error: 0.0077
Epoch 26/1000
1672/1672 - 3s - loss: 0.0149 - mean_squared_error: 0.0149 - val_loss: 0.0070 - val_mean_squared_error: 0.0070
Epoch 27/1000
1672/1672 - 3s - loss: 0.0119 - mean_squared_error: 0.0119 - val_loss: 0.0052 - val_mean_squared_error: 0.0052
Epoch 28/1000
1672/1672 - 3s - loss: 0.0114 - mean_squared_error: 0.0114 - val_loss: 0.0073 - val_mean_squared_error: 0.0073
Epoch 29/1000
1672/1672 - 3s - loss: 0.0113 - mean_squared_error: 0.0113 - val_loss: 0.0103 - val_mean_squared_error: 0.0103
Epoch 30/1000
1672/1672 - 3s - loss: 0.0109 - mean_squared_error: 0.0109 - val_loss: 0.0090 - val_mean_squared_error: 0.0090
Epoch 31/1000
1672/1672 - 3s - loss: 0.0119 - mean_squared_error: 0.0119 - val_loss: 0.0085 - val_mean_squared_error: 0.0085
Epoch 32/1000
1672/1672 - 3s - loss: 0.0136 - mean_squared_error: 0.0136 - val_loss: 0.0128 - val_mean_squared_error: 0.0128
Epoch 33/1000
1672/1672 - 3s - loss: 0.0114 - mean_squared_error: 0.0114 - val_loss: 0.0048 - val_mean_squared_error: 0.0048
Epoch 34/1000
1672/1672 - 3s - loss: 0.0114 - mean_squared_error: 0.0114 - val_loss: 0.0159 - val_mean_squared_error: 0.0159
Epoch 35/1000
1672/1672 - 3s - loss: 0.0109 - mean_squared_error: 0.0109 - val_loss: 0.0084 - val_mean_squared_error: 0.0084
Epoch 36/1000
1672/1672 - 3s - loss: 0.0118 - mean_squared_error: 0.0118 - val_loss: 0.0041 - val_mean_squared_error: 0.0041
Epoch 37/1000
1672/1672 - 4s - loss: 0.0094 - mean_squared_error: 0.0094 - val_loss: 0.0040 - val_mean_squared_error: 0.0040
Epoch 38/1000
1672/1672 - 3s - loss: 0.0105 - mean_squared_error: 0.0105 - val_loss: 0.0247 - val_mean_squared_error: 0.0247
Epoch 39/1000
1672/1672 - 3s - loss: 0.0106 - mean_squared_error: 0.0106 - val_loss: 0.0039 - val_mean_squared_error: 0.0039
Epoch 40/1000
1672/1672 - 3s - loss: 0.0095 - mean_squared_error: 0.0095 - val_loss: 0.0103 - val_mean_squared_error: 0.0103
Epoch 41/1000
1672/1672 - 3s - loss: 0.0095 - mean_squared_error: 0.0095 - val_loss: 0.0096 - val_mean_squared_error: 0.0096
Epoch 42/1000
1672/1672 - 3s - loss: 0.0103 - mean_squared_error: 0.0103 - val_loss: 0.0050 - val_mean_squared_error: 0.0050
Epoch 43/1000
1672/1672 - 3s - loss: 0.0078 - mean_squared_error: 0.0078 - val_loss: 0.0040 - val_mean_squared_error: 0.0040
Epoch 44/1000
1672/1672 - 3s - loss: 0.0074 - mean_squared_error: 0.0074 - val_loss: 0.0103 - val_mean_squared_error: 0.0103
Epoch 45/1000
1672/1672 - 3s - loss: 0.0073 - mean_squared_error: 0.0073 - val_loss: 0.0110 - val_mean_squared_error: 0.0110
Epoch 46/1000
1672/1672 - 3s - loss: 0.0075 - mean_squared_error: 0.0075 - val_loss: 0.0056 - val_mean_squared_error: 0.0056
Epoch 47/1000
1672/1672 - 3s - loss: 0.0071 - mean_squared_error: 0.0071 - val_loss: 0.0073 - val_mean_squared_error: 0.0073
Epoch 48/1000
1672/1672 - 3s - loss: 0.0074 - mean_squared_error: 0.0074 - val_loss: 0.0090 - val_mean_squared_error: 0.0090
Epoch 49/1000
1672/1672 - 3s - loss: 0.0060 - mean_squared_error: 0.0060 - val_loss: 0.0027 - val_mean_squared_error: 0.0027
Epoch 50/1000
1672/1672 - 3s - loss: 0.0058 - mean_squared_error: 0.0058 - val_loss: 0.0053 - val_mean_squared_error: 0.0053
Epoch 51/1000
1672/1672 - 3s - loss: 0.0060 - mean_squared_error: 0.0060 - val_loss: 0.0044 - val_mean_squared_error: 0.0044
Epoch 52/1000
1672/1672 - 3s - loss: 0.0084 - mean_squared_error: 0.0084 - val_loss: 0.0047 - val_mean_squared_error: 0.0047
Epoch 53/1000
1672/1672 - 3s - loss: 0.0060 - mean_squared_error: 0.0060 - val_loss: 0.0037 - val_mean_squared_error: 0.0037
Epoch 54/1000
1672/1672 - 3s - loss: 0.0074 - mean_squared_error: 0.0074 - val_loss: 0.0039 - val_mean_squared_error: 0.0039
Epoch 55/1000
1672/1672 - 3s - loss: 0.0072 - mean_squared_error: 0.0072 - val_loss: 0.0079 - val_mean_squared_error: 0.0079
Epoch 56/1000
1672/1672 - 3s - loss: 0.0055 - mean_squared_error: 0.0055 - val_loss: 0.0031 - val_mean_squared_error: 0.0031
Epoch 57/1000
1672/1672 - 3s - loss: 0.0047 - mean_squared_error: 0.0047 - val_loss: 0.0024 - val_mean_squared_error: 0.0024
Epoch 58/1000
1672/1672 - 3s - loss: 0.0042 - mean_squared_error: 0.0042 - val_loss: 0.0029 - val_mean_squared_error: 0.0029
Epoch 59/1000
1672/1672 - 3s - loss: 0.0063 - mean_squared_error: 0.0063 - val_loss: 0.0041 - val_mean_squared_error: 0.0041
Epoch 60/1000
1672/1672 - 3s - loss: 0.0058 - mean_squared_error: 0.0058 - val_loss: 0.0034 - val_mean_squared_error: 0.0034
Epoch 61/1000
1672/1672 - 3s - loss: 0.0054 - mean_squared_error: 0.0054 - val_loss: 0.0040 - val_mean_squared_error: 0.0040
Epoch 62/1000
1672/1672 - 3s - loss: 0.0063 - mean_squared_error: 0.0063 - val_loss: 0.0023 - val_mean_squared_error: 0.0023
Epoch 63/1000
1672/1672 - 3s - loss: 0.0040 - mean_squared_error: 0.0040 - val_loss: 0.0012 - val_mean_squared_error: 0.0012
Epoch 64/1000
1672/1672 - 3s - loss: 0.0047 - mean_squared_error: 0.0047 - val_loss: 0.0038 - val_mean_squared_error: 0.0038
Epoch 65/1000
1672/1672 - 3s - loss: 0.0055 - mean_squared_error: 0.0055 - val_loss: 0.0025 - val_mean_squared_error: 0.0025
Epoch 66/1000
1672/1672 - 3s - loss: 0.0046 - mean_squared_error: 0.0046 - val_loss: 0.0015 - val_mean_squared_error: 0.0015
Epoch 67/1000
1672/1672 - 3s - loss: 0.0056 - mean_squared_error: 0.0056 - val_loss: 0.0027 - val_mean_squared_error: 0.0027
Epoch 68/1000
1672/1672 - 3s - loss: 0.0036 - mean_squared_error: 0.0036 - val_loss: 0.0023 - val_mean_squared_error: 0.0023
Epoch 69/1000
1672/1672 - 3s - loss: 0.0035 - mean_squared_error: 0.0035 - val_loss: 0.0012 - val_mean_squared_error: 0.0012
Epoch 70/1000
1672/1672 - 3s - loss: 0.0050 - mean_squared_error: 0.0050 - val_loss: 0.0018 - val_mean_squared_error: 0.0018
Epoch 71/1000
1672/1672 - 3s - loss: 0.0039 - mean_squared_error: 0.0039 - val_loss: 0.0025 - val_mean_squared_error: 0.0025
Epoch 72/1000
1672/1672 - 3s - loss: 0.0040 - mean_squared_error: 0.0040 - val_loss: 0.0049 - val_mean_squared_error: 0.0049
Epoch 73/1000
1672/1672 - 3s - loss: 0.0040 - mean_squared_error: 0.0040 - val_loss: 0.0118 - val_mean_squared_error: 0.0118
Epoch 74/1000
1672/1672 - 3s - loss: 0.0039 - mean_squared_error: 0.0039 - val_loss: 0.0030 - val_mean_squared_error: 0.0030
Epoch 75/1000
1672/1672 - 3s - loss: 0.0039 - mean_squared_error: 0.0039 - val_loss: 0.0021 - val_mean_squared_error: 0.0021
Epoch 76/1000
1672/1672 - 3s - loss: 0.0041 - mean_squared_error: 0.0041 - val_loss: 0.0023 - val_mean_squared_error: 0.0023
Epoch 77/1000
1672/1672 - 3s - loss: 0.0035 - mean_squared_error: 0.0035 - val_loss: 0.0012 - val_mean_squared_error: 0.0012
Epoch 78/1000
1672/1672 - 3s - loss: 0.0032 - mean_squared_error: 0.0032 - val_loss: 0.0022 - val_mean_squared_error: 0.0022
Epoch 79/1000
1672/1672 - 3s - loss: 0.0033 - mean_squared_error: 0.0033 - val_loss: 0.0019 - val_mean_squared_error: 0.0019
Epoch 80/1000
1672/1672 - 3s - loss: 0.0039 - mean_squared_error: 0.0039 - val_loss: 0.0045 - val_mean_squared_error: 0.0045
Epoch 81/1000
1672/1672 - 3s - loss: 0.0027 - mean_squared_error: 0.0027 - val_loss: 0.0021 - val_mean_squared_error: 0.0021
Epoch 82/1000
1672/1672 - 3s - loss: 0.0030 - mean_squared_error: 0.0030 - val_loss: 0.0013 - val_mean_squared_error: 0.0013
Epoch 83/1000
1672/1672 - 3s - loss: 0.0039 - mean_squared_error: 0.0039 - val_loss: 0.0032 - val_mean_squared_error: 0.0032
Epoch 84/1000
1672/1672 - 3s - loss: 0.0043 - mean_squared_error: 0.0043 - val_loss: 0.0017 - val_mean_squared_error: 0.0017
Epoch 85/1000
1672/1672 - 3s - loss: 0.0032 - mean_squared_error: 0.0032 - val_loss: 0.0029 - val_mean_squared_error: 0.0029
Epoch 86/1000
1672/1672 - 3s - loss: 0.0040 - mean_squared_error: 0.0040 - val_loss: 0.0019 - val_mean_squared_error: 0.0019
Epoch 87/1000
1672/1672 - 3s - loss: 0.0031 - mean_squared_error: 0.0031 - val_loss: 0.0032 - val_mean_squared_error: 0.0032
Epoch 88/1000
1672/1672 - 3s - loss: 0.0039 - mean_squared_error: 0.0039 - val_loss: 0.0012 - val_mean_squared_error: 0.0012
Epoch 89/1000
1672/1672 - 3s - loss: 0.0030 - mean_squared_error: 0.0030 - val_loss: 0.0012 - val_mean_squared_error: 0.0012
Epoch 90/1000
1672/1672 - 3s - loss: 0.0034 - mean_squared_error: 0.0034 - val_loss: 9.8824e-04 - val_mean_squared_error: 9.8824e-04
Epoch 91/1000
1672/1672 - 3s - loss: 0.0026 - mean_squared_error: 0.0026 - val_loss: 0.0013 - val_mean_squared_error: 0.0013
Epoch 92/1000
1672/1672 - 3s - loss: 0.0027 - mean_squared_error: 0.0027 - val_loss: 0.0026 - val_mean_squared_error: 0.0026
Epoch 93/1000
1672/1672 - 3s - loss: 0.0033 - mean_squared_error: 0.0033 - val_loss: 0.0014 - val_mean_squared_error: 0.0014
Epoch 94/1000
1672/1672 - 3s - loss: 0.0028 - mean_squared_error: 0.0028 - val_loss: 0.0017 - val_mean_squared_error: 0.0017
Epoch 95/1000
1672/1672 - 3s - loss: 0.0034 - mean_squared_error: 0.0034 - val_loss: 0.0061 - val_mean_squared_error: 0.0061
Epoch 96/1000
1672/1672 - 3s - loss: 0.0054 - mean_squared_error: 0.0054 - val_loss: 0.0062 - val_mean_squared_error: 0.0062
Epoch 97/1000
1672/1672 - 3s - loss: 0.0039 - mean_squared_error: 0.0039 - val_loss: 0.0014 - val_mean_squared_error: 0.0014
Epoch 98/1000
1672/1672 - 3s - loss: 0.0031 - mean_squared_error: 0.0031 - val_loss: 0.0012 - val_mean_squared_error: 0.0012
Epoch 99/1000
1672/1672 - 3s - loss: 0.0027 - mean_squared_error: 0.0027 - val_loss: 0.0021 - val_mean_squared_error: 0.0021
Epoch 100/1000
1672/1672 - 3s - loss: 0.0028 - mean_squared_error: 0.0028 - val_loss: 8.8590e-04 - val_mean_squared_error: 8.8590e-04
Epoch 101/1000
1672/1672 - 3s - loss: 0.0029 - mean_squared_error: 0.0029 - val_loss: 0.0022 - val_mean_squared_error: 0.0022
Epoch 102/1000
1672/1672 - 3s - loss: 0.0025 - mean_squared_error: 0.0025 - val_loss: 0.0018 - val_mean_squared_error: 0.0018
Epoch 103/1000
1672/1672 - 3s - loss: 0.0033 - mean_squared_error: 0.0033 - val_loss: 0.0032 - val_mean_squared_error: 0.0032
Epoch 104/1000
1672/1672 - 3s - loss: 0.0026 - mean_squared_error: 0.0026 - val_loss: 0.0015 - val_mean_squared_error: 0.0015
Epoch 105/1000
1672/1672 - 3s - loss: 0.0031 - mean_squared_error: 0.0031 - val_loss: 0.0017 - val_mean_squared_error: 0.0017
Epoch 106/1000
1672/1672 - 3s - loss: 0.0025 - mean_squared_error: 0.0025 - val_loss: 0.0016 - val_mean_squared_error: 0.0016
Epoch 107/1000
1672/1672 - 3s - loss: 0.0027 - mean_squared_error: 0.0027 - val_loss: 7.2537e-04 - val_mean_squared_error: 7.2537e-04
Epoch 108/1000
1672/1672 - 3s - loss: 0.0022 - mean_squared_error: 0.0022 - val_loss: 0.0014 - val_mean_squared_error: 0.0014
Epoch 109/1000
1672/1672 - 3s - loss: 0.0035 - mean_squared_error: 0.0035 - val_loss: 0.0013 - val_mean_squared_error: 0.0013
Epoch 110/1000
1672/1672 - 3s - loss: 0.0029 - mean_squared_error: 0.0029 - val_loss: 0.0160 - val_mean_squared_error: 0.0160
Epoch 111/1000
1672/1672 - 3s - loss: 0.0036 - mean_squared_error: 0.0036 - val_loss: 0.0015 - val_mean_squared_error: 0.0015
Epoch 112/1000
1672/1672 - 3s - loss: 0.0020 - mean_squared_error: 0.0020 - val_loss: 0.0013 - val_mean_squared_error: 0.0013
Epoch 113/1000
1672/1672 - 3s - loss: 0.0028 - mean_squared_error: 0.0028 - val_loss: 0.0033 - val_mean_squared_error: 0.0033
Epoch 114/1000
1672/1672 - 3s - loss: 0.0036 - mean_squared_error: 0.0036 - val_loss: 0.0013 - val_mean_squared_error: 0.0013
Epoch 115/1000
1672/1672 - 3s - loss: 0.0029 - mean_squared_error: 0.0029 - val_loss: 0.0010 - val_mean_squared_error: 0.0010
Epoch 116/1000
1672/1672 - 3s - loss: 0.0024 - mean_squared_error: 0.0024 - val_loss: 8.9196e-04 - val_mean_squared_error: 8.9196e-04
Epoch 117/1000
1672/1672 - 3s - loss: 0.0029 - mean_squared_error: 0.0029 - val_loss: 0.0010 - val_mean_squared_error: 0.0010
Epoch 118/1000
1672/1672 - 3s - loss: 0.0022 - mean_squared_error: 0.0022 - val_loss: 0.0019 - val_mean_squared_error: 0.0019
Epoch 119/1000
1672/1672 - 3s - loss: 0.0019 - mean_squared_error: 0.0019 - val_loss: 0.0016 - val_mean_squared_error: 0.0016
Epoch 120/1000
1672/1672 - 3s - loss: 0.0021 - mean_squared_error: 0.0021 - val_loss: 0.0013 - val_mean_squared_error: 0.0013
Epoch 121/1000
1672/1672 - 3s - loss: 0.0019 - mean_squared_error: 0.0019 - val_loss: 7.8214e-04 - val_mean_squared_error: 7.8214e-04
Epoch 122/1000
1672/1672 - 3s - loss: 0.0021 - mean_squared_error: 0.0021 - val_loss: 0.0014 - val_mean_squared_error: 0.0014
Epoch 123/1000
1672/1672 - 3s - loss: 0.0026 - mean_squared_error: 0.0026 - val_loss: 0.0028 - val_mean_squared_error: 0.0028
Epoch 124/1000
1672/1672 - 3s - loss: 0.0026 - mean_squared_error: 0.0026 - val_loss: 0.0011 - val_mean_squared_error: 0.0011
Epoch 125/1000
1672/1672 - 3s - loss: 0.0020 - mean_squared_error: 0.0020 - val_loss: 0.0018 - val_mean_squared_error: 0.0018
Epoch 126/1000
1672/1672 - 3s - loss: 0.0016 - mean_squared_error: 0.0016 - val_loss: 0.0012 - val_mean_squared_error: 0.0012
Epoch 127/1000
1672/1672 - 3s - loss: 0.0015 - mean_squared_error: 0.0015 - val_loss: 6.6288e-04 - val_mean_squared_error: 6.6288e-04
Epoch 128/1000
1672/1672 - 3s - loss: 0.0019 - mean_squared_error: 0.0019 - val_loss: 0.0029 - val_mean_squared_error: 0.0029
Epoch 129/1000
1672/1672 - 3s - loss: 0.0020 - mean_squared_error: 0.0020 - val_loss: 0.0016 - val_mean_squared_error: 0.0016
Epoch 130/1000
1672/1672 - 3s - loss: 0.0019 - mean_squared_error: 0.0019 - val_loss: 0.0012 - val_mean_squared_error: 0.0012
Epoch 131/1000
1672/1672 - 3s - loss: 0.0039 - mean_squared_error: 0.0039 - val_loss: 8.8107e-04 - val_mean_squared_error: 8.8107e-04
Epoch 132/1000
1672/1672 - 3s - loss: 0.0033 - mean_squared_error: 0.0033 - val_loss: 0.0044 - val_mean_squared_error: 0.0044
Epoch 133/1000
1672/1672 - 3s - loss: 0.0026 - mean_squared_error: 0.0026 - val_loss: 7.5575e-04 - val_mean_squared_error: 7.5575e-04
Epoch 134/1000
1672/1672 - 3s - loss: 0.0023 - mean_squared_error: 0.0023 - val_loss: 0.0015 - val_mean_squared_error: 0.0015
Epoch 135/1000
1672/1672 - 3s - loss: 0.0029 - mean_squared_error: 0.0029 - val_loss: 0.0021 - val_mean_squared_error: 0.0021
Epoch 136/1000
1672/1672 - 3s - loss: 0.0028 - mean_squared_error: 0.0028 - val_loss: 7.5072e-04 - val_mean_squared_error: 7.5072e-04
Epoch 137/1000
1672/1672 - 3s - loss: 0.0020 - mean_squared_error: 0.0020 - val_loss: 0.0013 - val_mean_squared_error: 0.0013
Epoch 138/1000
1672/1672 - 3s - loss: 0.0020 - mean_squared_error: 0.0020 - val_loss: 5.9469e-04 - val_mean_squared_error: 5.9469e-04
Epoch 139/1000
1672/1672 - 3s - loss: 0.0018 - mean_squared_error: 0.0018 - val_loss: 7.5699e-04 - val_mean_squared_error: 7.5699e-04
Epoch 140/1000
1672/1672 - 3s - loss: 0.0017 - mean_squared_error: 0.0017 - val_loss: 0.0011 - val_mean_squared_error: 0.0011
Epoch 141/1000
1672/1672 - 3s - loss: 0.0020 - mean_squared_error: 0.0020 - val_loss: 0.0022 - val_mean_squared_error: 0.0022
Epoch 142/1000
1672/1672 - 3s - loss: 0.0022 - mean_squared_error: 0.0022 - val_loss: 0.0016 - val_mean_squared_error: 0.0016
Epoch 143/1000
1672/1672 - 3s - loss: 0.0021 - mean_squared_error: 0.0021 - val_loss: 0.0014 - val_mean_squared_error: 0.0014
Epoch 144/1000
1672/1672 - 3s - loss: 0.0018 - mean_squared_error: 0.0018 - val_loss: 0.0011 - val_mean_squared_error: 0.0011
Epoch 145/1000
1672/1672 - 3s - loss: 0.0015 - mean_squared_error: 0.0015 - val_loss: 5.0775e-04 - val_mean_squared_error: 5.0775e-04
Epoch 146/1000
1672/1672 - 3s - loss: 0.0016 - mean_squared_error: 0.0016 - val_loss: 8.7851e-04 - val_mean_squared_error: 8.7851e-04
Epoch 147/1000
1672/1672 - 3s - loss: 0.0025 - mean_squared_error: 0.0025 - val_loss: 8.3880e-04 - val_mean_squared_error: 8.3880e-04
Epoch 148/1000
1672/1672 - 3s - loss: 0.0018 - mean_squared_error: 0.0018 - val_loss: 0.0029 - val_mean_squared_error: 0.0029
Epoch 149/1000
1672/1672 - 3s - loss: 0.0019 - mean_squared_error: 0.0019 - val_loss: 7.7804e-04 - val_mean_squared_error: 7.7804e-04
Epoch 150/1000
1672/1672 - 3s - loss: 0.0019 - mean_squared_error: 0.0019 - val_loss: 6.2280e-04 - val_mean_squared_error: 6.2280e-04
Epoch 151/1000
1672/1672 - 3s - loss: 0.0021 - mean_squared_error: 0.0021 - val_loss: 0.0018 - val_mean_squared_error: 0.0018
Epoch 152/1000
1672/1672 - 3s - loss: 0.0019 - mean_squared_error: 0.0019 - val_loss: 0.0023 - val_mean_squared_error: 0.0023
Epoch 153/1000
1672/1672 - 3s - loss: 0.0019 - mean_squared_error: 0.0019 - val_loss: 7.7368e-04 - val_mean_squared_error: 7.7368e-04
Epoch 154/1000
1672/1672 - 3s - loss: 0.0022 - mean_squared_error: 0.0022 - val_loss: 7.2171e-04 - val_mean_squared_error: 7.2171e-04
Epoch 155/1000
1672/1672 - 3s - loss: 0.0016 - mean_squared_error: 0.0016 - val_loss: 7.6603e-04 - val_mean_squared_error: 7.6603e-04
Epoch 156/1000
1672/1672 - 3s - loss: 0.0016 - mean_squared_error: 0.0016 - val_loss: 8.9997e-04 - val_mean_squared_error: 8.9997e-04
Epoch 157/1000
1672/1672 - 3s - loss: 0.0021 - mean_squared_error: 0.0021 - val_loss: 5.3988e-04 - val_mean_squared_error: 5.3988e-04
Epoch 158/1000
1672/1672 - 3s - loss: 0.0016 - mean_squared_error: 0.0016 - val_loss: 0.0012 - val_mean_squared_error: 0.0012
Epoch 159/1000
1672/1672 - 3s - loss: 0.0039 - mean_squared_error: 0.0039 - val_loss: 7.9077e-04 - val_mean_squared_error: 7.9077e-04
Epoch 160/1000
1672/1672 - 3s - loss: 0.0015 - mean_squared_error: 0.0015 - val_loss: 4.7165e-04 - val_mean_squared_error: 4.7165e-04
Epoch 161/1000
1672/1672 - 3s - loss: 0.0016 - mean_squared_error: 0.0016 - val_loss: 6.0332e-04 - val_mean_squared_error: 6.0332e-04
Epoch 162/1000
1672/1672 - 3s - loss: 0.0015 - mean_squared_error: 0.0015 - val_loss: 0.0010 - val_mean_squared_error: 0.0010
Epoch 163/1000
1672/1672 - 3s - loss: 0.0020 - mean_squared_error: 0.0020 - val_loss: 6.8332e-04 - val_mean_squared_error: 6.8332e-04
Epoch 164/1000
1672/1672 - 3s - loss: 0.0026 - mean_squared_error: 0.0026 - val_loss: 6.8870e-04 - val_mean_squared_error: 6.8870e-04
Epoch 165/1000
1672/1672 - 3s - loss: 0.0018 - mean_squared_error: 0.0018 - val_loss: 0.0022 - val_mean_squared_error: 0.0022
Epoch 166/1000
1672/1672 - 3s - loss: 0.0021 - mean_squared_error: 0.0021 - val_loss: 7.4160e-04 - val_mean_squared_error: 7.4160e-04
Epoch 167/1000
1672/1672 - 3s - loss: 0.0014 - mean_squared_error: 0.0014 - val_loss: 5.4829e-04 - val_mean_squared_error: 5.4829e-04
Epoch 168/1000
1672/1672 - 3s - loss: 0.0016 - mean_squared_error: 0.0016 - val_loss: 0.0013 - val_mean_squared_error: 0.0013
Epoch 169/1000
1672/1672 - 3s - loss: 0.0011 - mean_squared_error: 0.0011 - val_loss: 7.6316e-04 - val_mean_squared_error: 7.6316e-04
Epoch 170/1000
1672/1672 - 3s - loss: 0.0020 - mean_squared_error: 0.0020 - val_loss: 7.4629e-04 - val_mean_squared_error: 7.4629e-04
Epoch 171/1000
1672/1672 - 3s - loss: 0.0011 - mean_squared_error: 0.0011 - val_loss: 0.0011 - val_mean_squared_error: 0.0011
Epoch 172/1000
1672/1672 - 3s - loss: 0.0019 - mean_squared_error: 0.0019 - val_loss: 5.2130e-04 - val_mean_squared_error: 5.2130e-04
Epoch 173/1000
1672/1672 - 3s - loss: 0.0012 - mean_squared_error: 0.0012 - val_loss: 6.1884e-04 - val_mean_squared_error: 6.1884e-04
Epoch 174/1000
1672/1672 - 3s - loss: 0.0017 - mean_squared_error: 0.0017 - val_loss: 0.0027 - val_mean_squared_error: 0.0027
Epoch 175/1000
1672/1672 - 3s - loss: 0.0024 - mean_squared_error: 0.0024 - val_loss: 0.0012 - val_mean_squared_error: 0.0012
Epoch 176/1000
1672/1672 - 3s - loss: 0.0015 - mean_squared_error: 0.0015 - val_loss: 0.0027 - val_mean_squared_error: 0.0027
Epoch 177/1000
1672/1672 - 3s - loss: 0.0014 - mean_squared_error: 0.0014 - val_loss: 0.0019 - val_mean_squared_error: 0.0019
Epoch 178/1000
1672/1672 - 3s - loss: 0.0012 - mean_squared_error: 0.0012 - val_loss: 6.5207e-04 - val_mean_squared_error: 6.5207e-04
Epoch 179/1000
1672/1672 - 3s - loss: 0.0023 - mean_squared_error: 0.0023 - val_loss: 0.0017 - val_mean_squared_error: 0.0017
Epoch 180/1000
1672/1672 - 3s - loss: 0.0015 - mean_squared_error: 0.0015 - val_loss: 6.0094e-04 - val_mean_squared_error: 6.0094e-04
Epoch 181/1000
1672/1672 - 3s - loss: 0.0014 - mean_squared_error: 0.0014 - val_loss: 0.0010 - val_mean_squared_error: 0.0010
Epoch 182/1000
1672/1672 - 3s - loss: 0.0017 - mean_squared_error: 0.0017 - val_loss: 5.2064e-04 - val_mean_squared_error: 5.2064e-04
Epoch 183/1000
1672/1672 - 3s - loss: 0.0013 - mean_squared_error: 0.0013 - val_loss: 6.1493e-04 - val_mean_squared_error: 6.1493e-04
Epoch 184/1000
1672/1672 - 3s - loss: 0.0011 - mean_squared_error: 0.0011 - val_loss: 8.9528e-04 - val_mean_squared_error: 8.9528e-04
Epoch 185/1000
1672/1672 - 3s - loss: 0.0012 - mean_squared_error: 0.0012 - val_loss: 6.8463e-04 - val_mean_squared_error: 6.8463e-04
Epoch 186/1000
1672/1672 - 3s - loss: 0.0019 - mean_squared_error: 0.0019 - val_loss: 0.0034 - val_mean_squared_error: 0.0034
Epoch 187/1000
1672/1672 - 3s - loss: 0.0013 - mean_squared_error: 0.0013 - val_loss: 0.0014 - val_mean_squared_error: 0.0014
Epoch 188/1000
1672/1672 - 3s - loss: 0.0017 - mean_squared_error: 0.0017 - val_loss: 7.3641e-04 - val_mean_squared_error: 7.3641e-04
Epoch 189/1000
1672/1672 - 3s - loss: 0.0017 - mean_squared_error: 0.0017 - val_loss: 0.0040 - val_mean_squared_error: 0.0040
Epoch 190/1000
1672/1672 - 3s - loss: 0.0014 - mean_squared_error: 0.0014 - val_loss: 7.9460e-04 - val_mean_squared_error: 7.9460e-04
Epoch 191/1000
1672/1672 - 3s - loss: 0.0011 - mean_squared_error: 0.0011 - val_loss: 9.1838e-04 - val_mean_squared_error: 9.1838e-04
Epoch 192/1000
1672/1672 - 3s - loss: 0.0014 - mean_squared_error: 0.0014 - val_loss: 0.0018 - val_mean_squared_error: 0.0018
Epoch 193/1000
1672/1672 - 3s - loss: 0.0014 - mean_squared_error: 0.0014 - val_loss: 9.2399e-04 - val_mean_squared_error: 9.2399e-04
Epoch 194/1000
1672/1672 - 3s - loss: 0.0010 - mean_squared_error: 0.0010 - val_loss: 6.9287e-04 - val_mean_squared_error: 6.9287e-04
Epoch 195/1000
1672/1672 - 3s - loss: 0.0020 - mean_squared_error: 0.0020 - val_loss: 6.4544e-04 - val_mean_squared_error: 6.4544e-04
Epoch 196/1000
1672/1672 - 3s - loss: 0.0013 - mean_squared_error: 0.0013 - val_loss: 0.0011 - val_mean_squared_error: 0.0011
Epoch 197/1000
1672/1672 - 3s - loss: 0.0010 - mean_squared_error: 0.0010 - val_loss: 5.2283e-04 - val_mean_squared_error: 5.2283e-04
Epoch 198/1000
1672/1672 - 3s - loss: 0.0020 - mean_squared_error: 0.0020 - val_loss: 0.0076 - val_mean_squared_error: 0.0076
Epoch 199/1000
1672/1672 - 3s - loss: 0.0017 - mean_squared_error: 0.0017 - val_loss: 0.0021 - val_mean_squared_error: 0.0021
Epoch 200/1000
1672/1672 - 3s - loss: 0.0016 - mean_squared_error: 0.0016 - val_loss: 8.6399e-04 - val_mean_squared_error: 8.6399e-04
Epoch 201/1000
1672/1672 - 3s - loss: 0.0015 - mean_squared_error: 0.0015 - val_loss: 0.0038 - val_mean_squared_error: 0.0038
Epoch 202/1000
1672/1672 - 3s - loss: 0.0015 - mean_squared_error: 0.0015 - val_loss: 0.0021 - val_mean_squared_error: 0.0021
Epoch 203/1000
1672/1672 - 3s - loss: 0.0020 - mean_squared_error: 0.0020 - val_loss: 9.0458e-04 - val_mean_squared_error: 9.0458e-04
Epoch 204/1000
1672/1672 - 3s - loss: 0.0019 - mean_squared_error: 0.0019 - val_loss: 0.0014 - val_mean_squared_error: 0.0014
Epoch 205/1000
1672/1672 - 3s - loss: 0.0018 - mean_squared_error: 0.0018 - val_loss: 9.5058e-04 - val_mean_squared_error: 9.5058e-04
Epoch 206/1000
1672/1672 - 3s - loss: 0.0010 - mean_squared_error: 0.0010 - val_loss: 0.0029 - val_mean_squared_error: 0.0029
Epoch 207/1000
1672/1672 - 3s - loss: 0.0016 - mean_squared_error: 0.0016 - val_loss: 0.0024 - val_mean_squared_error: 0.0024
Epoch 208/1000
1672/1672 - 3s - loss: 0.0012 - mean_squared_error: 0.0012 - val_loss: 0.0018 - val_mean_squared_error: 0.0018
Epoch 209/1000
1672/1672 - 3s - loss: 0.0011 - mean_squared_error: 0.0011 - val_loss: 0.0014 - val_mean_squared_error: 0.0014
Epoch 210/1000
1672/1672 - 3s - loss: 0.0011 - mean_squared_error: 0.0011 - val_loss: 5.1725e-04 - val_mean_squared_error: 5.1725e-04
Epoch 211/1000
1672/1672 - 3s - loss: 9.8113e-04 - mean_squared_error: 9.8113e-04 - val_loss: 7.1253e-04 - val_mean_squared_error: 7.1253e-04
Epoch 212/1000
1672/1672 - 3s - loss: 0.0015 - mean_squared_error: 0.0015 - val_loss: 0.0012 - val_mean_squared_error: 0.0012
Epoch 213/1000
1672/1672 - 3s - loss: 0.0011 - mean_squared_error: 0.0011 - val_loss: 0.0011 - val_mean_squared_error: 0.0011
Epoch 214/1000
1672/1672 - 3s - loss: 0.0010 - mean_squared_error: 0.0010 - val_loss: 5.9392e-04 - val_mean_squared_error: 5.9392e-04
Epoch 215/1000
1672/1672 - 3s - loss: 0.0014 - mean_squared_error: 0.0014 - val_loss: 4.7869e-04 - val_mean_squared_error: 4.7869e-04
Epoch 216/1000
1672/1672 - 3s - loss: 0.0011 - mean_squared_error: 0.0011 - val_loss: 6.6031e-04 - val_mean_squared_error: 6.6031e-04
Epoch 217/1000
1672/1672 - 3s - loss: 0.0023 - mean_squared_error: 0.0023 - val_loss: 0.0016 - val_mean_squared_error: 0.0016
Epoch 218/1000
1672/1672 - 3s - loss: 0.0013 - mean_squared_error: 0.0013 - val_loss: 6.2569e-04 - val_mean_squared_error: 6.2569e-04
Epoch 219/1000
1672/1672 - 3s - loss: 9.8601e-04 - mean_squared_error: 9.8601e-04 - val_loss: 7.2406e-04 - val_mean_squared_error: 7.2406e-04
Epoch 220/1000
1672/1672 - 3s - loss: 0.0011 - mean_squared_error: 0.0011 - val_loss: 7.3090e-04 - val_mean_squared_error: 7.3090e-04
Epoch 221/1000
1672/1672 - 4s - loss: 0.0015 - mean_squared_error: 0.0015 - val_loss: 4.6788e-04 - val_mean_squared_error: 4.6788e-04
Epoch 222/1000
1672/1672 - 3s - loss: 0.0012 - mean_squared_error: 0.0012 - val_loss: 0.0014 - val_mean_squared_error: 0.0014
Epoch 223/1000
1672/1672 - 3s - loss: 0.0013 - mean_squared_error: 0.0013 - val_loss: 9.5019e-04 - val_mean_squared_error: 9.5019e-04
Epoch 224/1000
1672/1672 - 3s - loss: 0.0010 - mean_squared_error: 0.0010 - val_loss: 0.0013 - val_mean_squared_error: 0.0013
Epoch 225/1000
1672/1672 - 3s - loss: 0.0011 - mean_squared_error: 0.0011 - val_loss: 7.0440e-04 - val_mean_squared_error: 7.0440e-04
Epoch 226/1000
1672/1672 - 3s - loss: 0.0013 - mean_squared_error: 0.0013 - val_loss: 7.4885e-04 - val_mean_squared_error: 7.4885e-04
Epoch 227/1000
1672/1672 - 3s - loss: 0.0016 - mean_squared_error: 0.0016 - val_loss: 0.0027 - val_mean_squared_error: 0.0027
Epoch 228/1000
1672/1672 - 3s - loss: 0.0016 - mean_squared_error: 0.0016 - val_loss: 6.1510e-04 - val_mean_squared_error: 6.1510e-04
Epoch 229/1000
1672/1672 - 3s - loss: 0.0012 - mean_squared_error: 0.0012 - val_loss: 7.0533e-04 - val_mean_squared_error: 7.0533e-04
Epoch 230/1000
1672/1672 - 3s - loss: 0.0012 - mean_squared_error: 0.0012 - val_loss: 8.1400e-04 - val_mean_squared_error: 8.1400e-04
Epoch 231/1000
1672/1672 - 3s - loss: 0.0011 - mean_squared_error: 0.0011 - val_loss: 7.5307e-04 - val_mean_squared_error: 7.5307e-04
Epoch 232/1000
1672/1672 - 3s - loss: 0.0014 - mean_squared_error: 0.0014 - val_loss: 0.0012 - val_mean_squared_error: 0.0012
Epoch 233/1000
1672/1672 - 3s - loss: 0.0014 - mean_squared_error: 0.0014 - val_loss: 0.0035 - val_mean_squared_error: 0.0035
Epoch 234/1000
1672/1672 - 3s - loss: 0.0019 - mean_squared_error: 0.0019 - val_loss: 5.1288e-04 - val_mean_squared_error: 5.1288e-04
Epoch 235/1000
1672/1672 - 3s - loss: 9.7758e-04 - mean_squared_error: 9.7758e-04 - val_loss: 8.9528e-04 - val_mean_squared_error: 8.9528e-04
Epoch 236/1000
1672/1672 - 3s - loss: 9.2985e-04 - mean_squared_error: 9.2985e-04 - val_loss: 4.0227e-04 - val_mean_squared_error: 4.0227e-04
Epoch 237/1000
1672/1672 - 3s - loss: 0.0012 - mean_squared_error: 0.0012 - val_loss: 0.0038 - val_mean_squared_error: 0.0038
Epoch 238/1000
1672/1672 - 3s - loss: 0.0015 - mean_squared_error: 0.0015 - val_loss: 5.9009e-04 - val_mean_squared_error: 5.9009e-04
Epoch 239/1000
1672/1672 - 3s - loss: 9.0291e-04 - mean_squared_error: 9.0291e-04 - val_loss: 6.0044e-04 - val_mean_squared_error: 6.0044e-04
Epoch 240/1000
1672/1672 - 3s - loss: 9.2583e-04 - mean_squared_error: 9.2583e-04 - val_loss: 6.2848e-04 - val_mean_squared_error: 6.2848e-04
Epoch 241/1000
1672/1672 - 3s - loss: 0.0010 - mean_squared_error: 0.0010 - val_loss: 5.1476e-04 - val_mean_squared_error: 5.1476e-04
Epoch 242/1000
1672/1672 - 3s - loss: 0.0014 - mean_squared_error: 0.0014 - val_loss: 4.3672e-04 - val_mean_squared_error: 4.3672e-04
Epoch 243/1000
1672/1672 - 3s - loss: 0.0013 - mean_squared_error: 0.0013 - val_loss: 0.0021 - val_mean_squared_error: 0.0021
Epoch 244/1000
1672/1672 - 3s - loss: 0.0011 - mean_squared_error: 0.0011 - val_loss: 7.9096e-04 - val_mean_squared_error: 7.9096e-04
Epoch 245/1000
1672/1672 - 3s - loss: 0.0011 - mean_squared_error: 0.0011 - val_loss: 8.5140e-04 - val_mean_squared_error: 8.5140e-04
Epoch 246/1000
1672/1672 - 3s - loss: 0.0016 - mean_squared_error: 0.0016 - val_loss: 3.8881e-04 - val_mean_squared_error: 3.8881e-04
Epoch 247/1000
1672/1672 - 3s - loss: 0.0019 - mean_squared_error: 0.0019 - val_loss: 3.8929e-04 - val_mean_squared_error: 3.8929e-04
Epoch 248/1000
1672/1672 - 3s - loss: 0.0011 - mean_squared_error: 0.0011 - val_loss: 7.7214e-04 - val_mean_squared_error: 7.7214e-04
Epoch 249/1000
1672/1672 - 3s - loss: 9.6521e-04 - mean_squared_error: 9.6521e-04 - val_loss: 5.5009e-04 - val_mean_squared_error: 5.5009e-04
Epoch 250/1000
1672/1672 - 3s - loss: 8.1311e-04 - mean_squared_error: 8.1311e-04 - val_loss: 4.8594e-04 - val_mean_squared_error: 4.8594e-04
Epoch 251/1000
1672/1672 - 3s - loss: 0.0013 - mean_squared_error: 0.0013 - val_loss: 5.2416e-04 - val_mean_squared_error: 5.2416e-04
Epoch 252/1000
1672/1672 - 3s - loss: 0.0011 - mean_squared_error: 0.0011 - val_loss: 6.8967e-04 - val_mean_squared_error: 6.8967e-04
Epoch 253/1000
1672/1672 - 3s - loss: 9.5090e-04 - mean_squared_error: 9.5090e-04 - val_loss: 4.3451e-04 - val_mean_squared_error: 4.3451e-04
Epoch 254/1000
1672/1672 - 3s - loss: 9.1254e-04 - mean_squared_error: 9.1254e-04 - val_loss: 8.3466e-04 - val_mean_squared_error: 8.3466e-04
Epoch 255/1000
1672/1672 - 3s - loss: 9.6670e-04 - mean_squared_error: 9.6670e-04 - val_loss: 8.3516e-04 - val_mean_squared_error: 8.3516e-04
Epoch 256/1000
1672/1672 - 3s - loss: 0.0011 - mean_squared_error: 0.0011 - val_loss: 6.1905e-04 - val_mean_squared_error: 6.1905e-04
Epoch 257/1000
1672/1672 - 3s - loss: 0.0010 - mean_squared_error: 0.0010 - val_loss: 3.9642e-04 - val_mean_squared_error: 3.9642e-04
Epoch 258/1000
1672/1672 - 3s - loss: 0.0010 - mean_squared_error: 0.0010 - val_loss: 7.8025e-04 - val_mean_squared_error: 7.8025e-04
Epoch 259/1000
1672/1672 - 3s - loss: 0.0012 - mean_squared_error: 0.0012 - val_loss: 5.2941e-04 - val_mean_squared_error: 5.2941e-04
Epoch 260/1000
1672/1672 - 3s - loss: 8.7169e-04 - mean_squared_error: 8.7169e-04 - val_loss: 8.3270e-04 - val_mean_squared_error: 8.3270e-04
Epoch 261/1000
1672/1672 - 3s - loss: 7.6449e-04 - mean_squared_error: 7.6449e-04 - val_loss: 6.0422e-04 - val_mean_squared_error: 6.0422e-04
Epoch 262/1000
1672/1672 - 3s - loss: 7.9065e-04 - mean_squared_error: 7.9065e-04 - val_loss: 5.9682e-04 - val_mean_squared_error: 5.9682e-04
Epoch 263/1000
1672/1672 - 3s - loss: 0.0017 - mean_squared_error: 0.0017 - val_loss: 7.5154e-04 - val_mean_squared_error: 7.5154e-04
Epoch 264/1000
1672/1672 - 3s - loss: 8.4004e-04 - mean_squared_error: 8.4004e-04 - val_loss: 7.0219e-04 - val_mean_squared_error: 7.0219e-04
Epoch 265/1000
1672/1672 - 3s - loss: 9.8999e-04 - mean_squared_error: 9.8999e-04 - val_loss: 4.3214e-04 - val_mean_squared_error: 4.3214e-04
Epoch 266/1000
1672/1672 - 3s - loss: 9.9179e-04 - mean_squared_error: 9.9179e-04 - val_loss: 0.0016 - val_mean_squared_error: 0.0016
Epoch 267/1000
1672/1672 - 3s - loss: 9.0538e-04 - mean_squared_error: 9.0538e-04 - val_loss: 4.2916e-04 - val_mean_squared_error: 4.2916e-04
Epoch 268/1000
1672/1672 - 3s - loss: 0.0011 - mean_squared_error: 0.0011 - val_loss: 7.4836e-04 - val_mean_squared_error: 7.4836e-04
Epoch 269/1000
1672/1672 - 3s - loss: 0.0013 - mean_squared_error: 0.0013 - val_loss: 9.8089e-04 - val_mean_squared_error: 9.8089e-04
Epoch 270/1000
1672/1672 - 3s - loss: 0.0010 - mean_squared_error: 0.0010 - val_loss: 6.9997e-04 - val_mean_squared_error: 6.9997e-04
Epoch 271/1000
1672/1672 - 3s - loss: 8.1947e-04 - mean_squared_error: 8.1947e-04 - val_loss: 4.0607e-04 - val_mean_squared_error: 4.0607e-04
Epoch 272/1000
1672/1672 - 3s - loss: 9.0741e-04 - mean_squared_error: 9.0741e-04 - val_loss: 8.6136e-04 - val_mean_squared_error: 8.6136e-04
Epoch 273/1000
1672/1672 - 3s - loss: 0.0016 - mean_squared_error: 0.0016 - val_loss: 0.0040 - val_mean_squared_error: 0.0040
Epoch 274/1000
1672/1672 - 3s - loss: 0.0010 - mean_squared_error: 0.0010 - val_loss: 4.4338e-04 - val_mean_squared_error: 4.4338e-04
Epoch 275/1000
1672/1672 - 3s - loss: 0.0010 - mean_squared_error: 0.0010 - val_loss: 7.1510e-04 - val_mean_squared_error: 7.1510e-04
Epoch 276/1000
1672/1672 - 3s - loss: 8.1624e-04 - mean_squared_error: 8.1624e-04 - val_loss: 7.5550e-04 - val_mean_squared_error: 7.5550e-04
Epoch 277/1000
1672/1672 - 3s - loss: 9.6080e-04 - mean_squared_error: 9.6080e-04 - val_loss: 0.0014 - val_mean_squared_error: 0.0014
Epoch 278/1000
1672/1672 - 3s - loss: 0.0011 - mean_squared_error: 0.0011 - val_loss: 3.4458e-04 - val_mean_squared_error: 3.4458e-04
Epoch 279/1000
1672/1672 - 3s - loss: 9.5122e-04 - mean_squared_error: 9.5122e-04 - val_loss: 0.0011 - val_mean_squared_error: 0.0011
Epoch 280/1000
1672/1672 - 3s - loss: 0.0010 - mean_squared_error: 0.0010 - val_loss: 5.4268e-04 - val_mean_squared_error: 5.4268e-04
Epoch 281/1000
1672/1672 - 3s - loss: 0.0010 - mean_squared_error: 0.0010 - val_loss: 4.2379e-04 - val_mean_squared_error: 4.2379e-04
Epoch 282/1000
1672/1672 - 3s - loss: 9.8139e-04 - mean_squared_error: 9.8139e-04 - val_loss: 0.0026 - val_mean_squared_error: 0.0026
Epoch 283/1000
1672/1672 - 3s - loss: 8.2648e-04 - mean_squared_error: 8.2648e-04 - val_loss: 5.5514e-04 - val_mean_squared_error: 5.5514e-04
Epoch 284/1000
1672/1672 - 3s - loss: 7.3710e-04 - mean_squared_error: 7.3710e-04 - val_loss: 6.0211e-04 - val_mean_squared_error: 6.0211e-04
Epoch 285/1000
1672/1672 - 3s - loss: 0.0014 - mean_squared_error: 0.0014 - val_loss: 0.0022 - val_mean_squared_error: 0.0022
Epoch 286/1000
1672/1672 - 3s - loss: 9.9345e-04 - mean_squared_error: 9.9345e-04 - val_loss: 9.1939e-04 - val_mean_squared_error: 9.1939e-04
Epoch 287/1000
1672/1672 - 3s - loss: 9.2855e-04 - mean_squared_error: 9.2855e-04 - val_loss: 3.0810e-04 - val_mean_squared_error: 3.0810e-04
Epoch 288/1000
1672/1672 - 3s - loss: 7.5472e-04 - mean_squared_error: 7.5472e-04 - val_loss: 5.0378e-04 - val_mean_squared_error: 5.0378e-04
Epoch 289/1000
1672/1672 - 3s - loss: 8.7911e-04 - mean_squared_error: 8.7911e-04 - val_loss: 0.0011 - val_mean_squared_error: 0.0011
Epoch 290/1000
1672/1672 - 3s - loss: 0.0021 - mean_squared_error: 0.0021 - val_loss: 0.0071 - val_mean_squared_error: 0.0071
Epoch 291/1000
1672/1672 - 3s - loss: 0.0012 - mean_squared_error: 0.0012 - val_loss: 8.2778e-04 - val_mean_squared_error: 8.2778e-04
Epoch 292/1000
1672/1672 - 3s - loss: 0.0010 - mean_squared_error: 0.0010 - val_loss: 8.6896e-04 - val_mean_squared_error: 8.6896e-04
Epoch 293/1000
1672/1672 - 3s - loss: 7.8216e-04 - mean_squared_error: 7.8216e-04 - val_loss: 4.2153e-04 - val_mean_squared_error: 4.2153e-04
Epoch 294/1000
1672/1672 - 3s - loss: 7.0307e-04 - mean_squared_error: 7.0307e-04 - val_loss: 8.7274e-04 - val_mean_squared_error: 8.7274e-04
Epoch 295/1000
1672/1672 - 3s - loss: 7.8159e-04 - mean_squared_error: 7.8160e-04 - val_loss: 7.5668e-04 - val_mean_squared_error: 7.5668e-04
Epoch 296/1000
1672/1672 - 3s - loss: 9.5344e-04 - mean_squared_error: 9.5344e-04 - val_loss: 6.5748e-04 - val_mean_squared_error: 6.5748e-04
Epoch 297/1000
1672/1672 - 3s - loss: 7.3678e-04 - mean_squared_error: 7.3678e-04 - val_loss: 5.1566e-04 - val_mean_squared_error: 5.1566e-04
Epoch 298/1000
1672/1672 - 3s - loss: 8.4916e-04 - mean_squared_error: 8.4916e-04 - val_loss: 6.4615e-04 - val_mean_squared_error: 6.4615e-04
Epoch 299/1000
1672/1672 - 3s - loss: 9.1312e-04 - mean_squared_error: 9.1312e-04 - val_loss: 6.4408e-04 - val_mean_squared_error: 6.4408e-04
Epoch 300/1000
1672/1672 - 3s - loss: 0.0013 - mean_squared_error: 0.0013 - val_loss: 0.0031 - val_mean_squared_error: 0.0031
Epoch 301/1000
1672/1672 - 3s - loss: 0.0014 - mean_squared_error: 0.0014 - val_loss: 0.0010 - val_mean_squared_error: 0.0010
Epoch 302/1000
1672/1672 - 3s - loss: 8.5918e-04 - mean_squared_error: 8.5918e-04 - val_loss: 5.1284e-04 - val_mean_squared_error: 5.1284e-04
Epoch 303/1000
1672/1672 - 3s - loss: 7.5433e-04 - mean_squared_error: 7.5433e-04 - val_loss: 4.4807e-04 - val_mean_squared_error: 4.4807e-04
Epoch 304/1000
1672/1672 - 3s - loss: 6.4374e-04 - mean_squared_error: 6.4374e-04 - val_loss: 4.3900e-04 - val_mean_squared_error: 4.3900e-04
Epoch 305/1000
1672/1672 - 3s - loss: 9.1060e-04 - mean_squared_error: 9.1060e-04 - val_loss: 0.0010 - val_mean_squared_error: 0.0010
Epoch 306/1000
1672/1672 - 3s - loss: 6.9008e-04 - mean_squared_error: 6.9008e-04 - val_loss: 4.8108e-04 - val_mean_squared_error: 4.8108e-04
Epoch 307/1000
1672/1672 - 3s - loss: 9.3221e-04 - mean_squared_error: 9.3221e-04 - val_loss: 0.0047 - val_mean_squared_error: 0.0047
Epoch 308/1000
1672/1672 - 3s - loss: 9.6189e-04 - mean_squared_error: 9.6189e-04 - val_loss: 6.5714e-04 - val_mean_squared_error: 6.5714e-04
Epoch 309/1000
1672/1672 - 3s - loss: 6.8549e-04 - mean_squared_error: 6.8549e-04 - val_loss: 3.2913e-04 - val_mean_squared_error: 3.2913e-04
Epoch 310/1000
1672/1672 - 3s - loss: 9.5629e-04 - mean_squared_error: 9.5629e-04 - val_loss: 5.3723e-04 - val_mean_squared_error: 5.3723e-04
Epoch 311/1000
1672/1672 - 3s - loss: 0.0012 - mean_squared_error: 0.0012 - val_loss: 0.0015 - val_mean_squared_error: 0.0015
Epoch 312/1000
1672/1672 - 3s - loss: 0.0015 - mean_squared_error: 0.0015 - val_loss: 8.0707e-04 - val_mean_squared_error: 8.0707e-04
Epoch 313/1000
1672/1672 - 3s - loss: 7.4753e-04 - mean_squared_error: 7.4754e-04 - val_loss: 4.8800e-04 - val_mean_squared_error: 4.8800e-04
Epoch 314/1000
1672/1672 - 3s - loss: 9.4605e-04 - mean_squared_error: 9.4605e-04 - val_loss: 0.0012 - val_mean_squared_error: 0.0012
Epoch 315/1000
1672/1672 - 3s - loss: 0.0015 - mean_squared_error: 0.0015 - val_loss: 0.0017 - val_mean_squared_error: 0.0017
Epoch 316/1000
1672/1672 - 3s - loss: 7.6969e-04 - mean_squared_error: 7.6969e-04 - val_loss: 4.4214e-04 - val_mean_squared_error: 4.4214e-04
Epoch 317/1000
1672/1672 - 3s - loss: 9.5900e-04 - mean_squared_error: 9.5900e-04 - val_loss: 6.4050e-04 - val_mean_squared_error: 6.4050e-04
Epoch 318/1000
1672/1672 - 3s - loss: 9.6176e-04 - mean_squared_error: 9.6176e-04 - val_loss: 3.8845e-04 - val_mean_squared_error: 3.8845e-04
Epoch 319/1000
1672/1672 - 3s - loss: 8.9517e-04 - mean_squared_error: 8.9517e-04 - val_loss: 4.7668e-04 - val_mean_squared_error: 4.7668e-04
Epoch 320/1000
1672/1672 - 3s - loss: 7.3028e-04 - mean_squared_error: 7.3028e-04 - val_loss: 3.4746e-04 - val_mean_squared_error: 3.4746e-04
Epoch 321/1000
1672/1672 - 3s - loss: 8.1618e-04 - mean_squared_error: 8.1618e-04 - val_loss: 6.6313e-04 - val_mean_squared_error: 6.6313e-04
Epoch 322/1000
1672/1672 - 3s - loss: 0.0014 - mean_squared_error: 0.0014 - val_loss: 4.5911e-04 - val_mean_squared_error: 4.5911e-04
Epoch 323/1000
1672/1672 - 3s - loss: 6.2351e-04 - mean_squared_error: 6.2351e-04 - val_loss: 7.2300e-04 - val_mean_squared_error: 7.2300e-04
Epoch 324/1000
1672/1672 - 3s - loss: 8.1516e-04 - mean_squared_error: 8.1516e-04 - val_loss: 4.3168e-04 - val_mean_squared_error: 4.3168e-04
Epoch 325/1000
1672/1672 - 3s - loss: 7.8890e-04 - mean_squared_error: 7.8890e-04 - val_loss: 7.5139e-04 - val_mean_squared_error: 7.5138e-04
Epoch 326/1000
1672/1672 - 3s - loss: 8.7519e-04 - mean_squared_error: 8.7519e-04 - val_loss: 6.2357e-04 - val_mean_squared_error: 6.2357e-04
Epoch 327/1000
1672/1672 - 3s - loss: 8.1245e-04 - mean_squared_error: 8.1245e-04 - val_loss: 4.8004e-04 - val_mean_squared_error: 4.8004e-04
Epoch 328/1000
1672/1672 - 3s - loss: 8.7372e-04 - mean_squared_error: 8.7372e-04 - val_loss: 3.5968e-04 - val_mean_squared_error: 3.5968e-04
Epoch 329/1000
1672/1672 - 3s - loss: 0.0012 - mean_squared_error: 0.0012 - val_loss: 4.4470e-04 - val_mean_squared_error: 4.4470e-04
Epoch 330/1000
1672/1672 - 3s - loss: 0.0022 - mean_squared_error: 0.0022 - val_loss: 5.9504e-04 - val_mean_squared_error: 5.9504e-04
Epoch 331/1000
1672/1672 - 3s - loss: 0.0014 - mean_squared_error: 0.0014 - val_loss: 0.0015 - val_mean_squared_error: 0.0015
Epoch 332/1000
1672/1672 - 3s - loss: 0.0013 - mean_squared_error: 0.0013 - val_loss: 0.0010 - val_mean_squared_error: 0.0010
Epoch 333/1000
1672/1672 - 3s - loss: 0.0010 - mean_squared_error: 0.0010 - val_loss: 5.0942e-04 - val_mean_squared_error: 5.0942e-04
Epoch 334/1000
1672/1672 - 3s - loss: 8.3546e-04 - mean_squared_error: 8.3546e-04 - val_loss: 4.5296e-04 - val_mean_squared_error: 4.5296e-04
Epoch 335/1000
1672/1672 - 3s - loss: 9.9433e-04 - mean_squared_error: 9.9433e-04 - val_loss: 5.5831e-04 - val_mean_squared_error: 5.5831e-04
Epoch 336/1000
1672/1672 - 3s - loss: 0.0010 - mean_squared_error: 0.0010 - val_loss: 6.5178e-04 - val_mean_squared_error: 6.5178e-04
Epoch 337/1000
1672/1672 - 3s - loss: 7.3491e-04 - mean_squared_error: 7.3490e-04 - val_loss: 5.3275e-04 - val_mean_squared_error: 5.3275e-04
Epoch 338/1000
1672/1672 - 3s - loss: 8.2122e-04 - mean_squared_error: 8.2122e-04 - val_loss: 5.3576e-04 - val_mean_squared_error: 5.3576e-04
Epoch 339/1000
1672/1672 - 3s - loss: 0.0011 - mean_squared_error: 0.0011 - val_loss: 3.6261e-04 - val_mean_squared_error: 3.6261e-04
Epoch 340/1000
1672/1672 - 3s - loss: 7.2127e-04 - mean_squared_error: 7.2127e-04 - val_loss: 3.7794e-04 - val_mean_squared_error: 3.7794e-04
Epoch 341/1000
1672/1672 - 3s - loss: 6.1422e-04 - mean_squared_error: 6.1422e-04 - val_loss: 4.5795e-04 - val_mean_squared_error: 4.5795e-04
Epoch 342/1000
1672/1672 - 3s - loss: 0.0013 - mean_squared_error: 0.0013 - val_loss: 5.4433e-04 - val_mean_squared_error: 5.4433e-04
Epoch 343/1000
1672/1672 - 3s - loss: 8.6176e-04 - mean_squared_error: 8.6176e-04 - val_loss: 7.2586e-04 - val_mean_squared_error: 7.2586e-04
Epoch 344/1000
1672/1672 - 3s - loss: 7.9249e-04 - mean_squared_error: 7.9249e-04 - val_loss: 2.7493e-04 - val_mean_squared_error: 2.7493e-04
Epoch 345/1000
1672/1672 - 3s - loss: 5.8004e-04 - mean_squared_error: 5.8004e-04 - val_loss: 3.8748e-04 - val_mean_squared_error: 3.8748e-04
Epoch 346/1000
1672/1672 - 3s - loss: 6.0375e-04 - mean_squared_error: 6.0375e-04 - val_loss: 3.9772e-04 - val_mean_squared_error: 3.9772e-04
Epoch 347/1000
1672/1672 - 3s - loss: 7.8764e-04 - mean_squared_error: 7.8764e-04 - val_loss: 0.0012 - val_mean_squared_error: 0.0012
Epoch 348/1000
1672/1672 - 3s - loss: 6.5995e-04 - mean_squared_error: 6.5995e-04 - val_loss: 3.8911e-04 - val_mean_squared_error: 3.8911e-04
Epoch 349/1000
1672/1672 - 3s - loss: 0.0013 - mean_squared_error: 0.0013 - val_loss: 6.1529e-04 - val_mean_squared_error: 6.1529e-04
Epoch 350/1000
1672/1672 - 3s - loss: 8.6652e-04 - mean_squared_error: 8.6652e-04 - val_loss: 6.5682e-04 - val_mean_squared_error: 6.5682e-04
Epoch 351/1000
1672/1672 - 3s - loss: 8.3814e-04 - mean_squared_error: 8.3814e-04 - val_loss: 3.1614e-04 - val_mean_squared_error: 3.1614e-04
Epoch 352/1000
1672/1672 - 3s - loss: 0.0022 - mean_squared_error: 0.0022 - val_loss: 0.0039 - val_mean_squared_error: 0.0039
Epoch 353/1000
1672/1672 - 3s - loss: 8.5332e-04 - mean_squared_error: 8.5332e-04 - val_loss: 3.7828e-04 - val_mean_squared_error: 3.7828e-04
Epoch 354/1000
1672/1672 - 3s - loss: 0.0016 - mean_squared_error: 0.0016 - val_loss: 3.6587e-04 - val_mean_squared_error: 3.6587e-04
Epoch 355/1000
1672/1672 - 3s - loss: 6.8250e-04 - mean_squared_error: 6.8250e-04 - val_loss: 4.9391e-04 - val_mean_squared_error: 4.9391e-04
Epoch 356/1000
1672/1672 - 3s - loss: 8.4031e-04 - mean_squared_error: 8.4031e-04 - val_loss: 3.8028e-04 - val_mean_squared_error: 3.8028e-04
Epoch 357/1000
1672/1672 - 3s - loss: 8.5063e-04 - mean_squared_error: 8.5063e-04 - val_loss: 7.1388e-04 - val_mean_squared_error: 7.1388e-04
Epoch 358/1000
1672/1672 - 3s - loss: 0.0012 - mean_squared_error: 0.0012 - val_loss: 6.9373e-04 - val_mean_squared_error: 6.9373e-04
Epoch 359/1000
1672/1672 - 3s - loss: 6.4623e-04 - mean_squared_error: 6.4623e-04 - val_loss: 5.7104e-04 - val_mean_squared_error: 5.7104e-04
Epoch 360/1000
1672/1672 - 3s - loss: 0.0023 - mean_squared_error: 0.0023 - val_loss: 3.5392e-04 - val_mean_squared_error: 3.5392e-04
Epoch 361/1000
1672/1672 - 3s - loss: 9.4515e-04 - mean_squared_error: 9.4515e-04 - val_loss: 4.7606e-04 - val_mean_squared_error: 4.7606e-04
Epoch 362/1000
1672/1672 - 3s - loss: 7.4516e-04 - mean_squared_error: 7.4516e-04 - val_loss: 5.1611e-04 - val_mean_squared_error: 5.1611e-04
Epoch 363/1000
1672/1672 - 3s - loss: 0.0011 - mean_squared_error: 0.0011 - val_loss: 0.0023 - val_mean_squared_error: 0.0023
Epoch 364/1000
1672/1672 - 3s - loss: 0.0010 - mean_squared_error: 0.0010 - val_loss: 0.0028 - val_mean_squared_error: 0.0028
Epoch 365/1000
1672/1672 - 3s - loss: 9.1894e-04 - mean_squared_error: 9.1894e-04 - val_loss: 4.1917e-04 - val_mean_squared_error: 4.1917e-04
Epoch 366/1000
1672/1672 - 3s - loss: 7.8179e-04 - mean_squared_error: 7.8179e-04 - val_loss: 3.0176e-04 - val_mean_squared_error: 3.0176e-04
Epoch 367/1000
1672/1672 - 3s - loss: 6.9582e-04 - mean_squared_error: 6.9582e-04 - val_loss: 6.9721e-04 - val_mean_squared_error: 6.9721e-04
Epoch 368/1000
1672/1672 - 3s - loss: 0.0011 - mean_squared_error: 0.0011 - val_loss: 3.7554e-04 - val_mean_squared_error: 3.7554e-04
Epoch 369/1000
1672/1672 - 3s - loss: 5.9148e-04 - mean_squared_error: 5.9148e-04 - val_loss: 4.1331e-04 - val_mean_squared_error: 4.1331e-04
Epoch 370/1000
1672/1672 - 3s - loss: 7.2621e-04 - mean_squared_error: 7.2621e-04 - val_loss: 4.3706e-04 - val_mean_squared_error: 4.3706e-04
Epoch 371/1000
1672/1672 - 3s - loss: 9.8578e-04 - mean_squared_error: 9.8578e-04 - val_loss: 8.4536e-04 - val_mean_squared_error: 8.4536e-04
Epoch 372/1000
1672/1672 - 3s - loss: 9.3313e-04 - mean_squared_error: 9.3313e-04 - val_loss: 3.5276e-04 - val_mean_squared_error: 3.5276e-04
Epoch 373/1000
1672/1672 - 3s - loss: 0.0011 - mean_squared_error: 0.0011 - val_loss: 0.0014 - val_mean_squared_error: 0.0014
Epoch 374/1000
1672/1672 - 3s - loss: 6.6439e-04 - mean_squared_error: 6.6439e-04 - val_loss: 3.9999e-04 - val_mean_squared_error: 3.9999e-04
Epoch 375/1000
1672/1672 - 3s - loss: 5.2850e-04 - mean_squared_error: 5.2850e-04 - val_loss: 5.4255e-04 - val_mean_squared_error: 5.4255e-04
Epoch 376/1000
1672/1672 - 3s - loss: 0.0010 - mean_squared_error: 0.0010 - val_loss: 4.6912e-04 - val_mean_squared_error: 4.6912e-04
Epoch 377/1000
1672/1672 - 3s - loss: 7.9144e-04 - mean_squared_error: 7.9144e-04 - val_loss: 5.3476e-04 - val_mean_squared_error: 5.3476e-04
Epoch 378/1000
1672/1672 - 3s - loss: 7.3106e-04 - mean_squared_error: 7.3106e-04 - val_loss: 8.2777e-04 - val_mean_squared_error: 8.2777e-04
Epoch 379/1000
1672/1672 - 3s - loss: 0.0013 - mean_squared_error: 0.0013 - val_loss: 0.0236 - val_mean_squared_error: 0.0236
Epoch 380/1000
1672/1672 - 3s - loss: 0.0011 - mean_squared_error: 0.0011 - val_loss: 8.1487e-04 - val_mean_squared_error: 8.1487e-04
Epoch 381/1000
1672/1672 - 3s - loss: 0.0011 - mean_squared_error: 0.0011 - val_loss: 4.8447e-04 - val_mean_squared_error: 4.8447e-04
Epoch 382/1000
1672/1672 - 3s - loss: 7.4564e-04 - mean_squared_error: 7.4564e-04 - val_loss: 4.8565e-04 - val_mean_squared_error: 4.8565e-04
Epoch 383/1000
1672/1672 - 3s - loss: 7.4344e-04 - mean_squared_error: 7.4344e-04 - val_loss: 7.9629e-04 - val_mean_squared_error: 7.9629e-04
Epoch 384/1000
1672/1672 - 3s - loss: 6.4479e-04 - mean_squared_error: 6.4479e-04 - val_loss: 3.9651e-04 - val_mean_squared_error: 3.9651e-04
Epoch 385/1000
1672/1672 - 3s - loss: 6.8585e-04 - mean_squared_error: 6.8585e-04 - val_loss: 9.5526e-04 - val_mean_squared_error: 9.5526e-04
Epoch 386/1000
1672/1672 - 3s - loss: 7.6425e-04 - mean_squared_error: 7.6425e-04 - val_loss: 8.7594e-04 - val_mean_squared_error: 8.7594e-04
Epoch 387/1000
1672/1672 - 3s - loss: 6.6571e-04 - mean_squared_error: 6.6571e-04 - val_loss: 6.9495e-04 - val_mean_squared_error: 6.9494e-04
Epoch 388/1000
1672/1672 - 3s - loss: 8.9525e-04 - mean_squared_error: 8.9525e-04 - val_loss: 6.3826e-04 - val_mean_squared_error: 6.3826e-04
Epoch 389/1000
1672/1672 - 3s - loss: 6.5403e-04 - mean_squared_error: 6.5403e-04 - val_loss: 3.7961e-04 - val_mean_squared_error: 3.7961e-04
Epoch 390/1000
1672/1672 - 3s - loss: 0.0014 - mean_squared_error: 0.0014 - val_loss: 4.6479e-04 - val_mean_squared_error: 4.6479e-04
Epoch 391/1000
1672/1672 - 3s - loss: 0.0011 - mean_squared_error: 0.0011 - val_loss: 5.1863e-04 - val_mean_squared_error: 5.1863e-04
Epoch 392/1000
1672/1672 - 3s - loss: 6.8463e-04 - mean_squared_error: 6.8463e-04 - val_loss: 4.4896e-04 - val_mean_squared_error: 4.4896e-04
Epoch 393/1000
1672/1672 - 3s - loss: 8.2768e-04 - mean_squared_error: 8.2768e-04 - val_loss: 4.0122e-04 - val_mean_squared_error: 4.0122e-04
Epoch 394/1000
1672/1672 - 3s - loss: 8.3347e-04 - mean_squared_error: 8.3347e-04 - val_loss: 4.5974e-04 - val_mean_squared_error: 4.5974e-04
Epoch 395/1000
1672/1672 - 3s - loss: 7.0133e-04 - mean_squared_error: 7.0133e-04 - val_loss: 3.1828e-04 - val_mean_squared_error: 3.1828e-04
Epoch 396/1000
1672/1672 - 3s - loss: 7.0207e-04 - mean_squared_error: 7.0207e-04 - val_loss: 5.1744e-04 - val_mean_squared_error: 5.1744e-04
Epoch 397/1000
1672/1672 - 3s - loss: 6.8288e-04 - mean_squared_error: 6.8288e-04 - val_loss: 6.5593e-04 - val_mean_squared_error: 6.5593e-04
Epoch 398/1000
1672/1672 - 3s - loss: 7.2112e-04 - mean_squared_error: 7.2112e-04 - val_loss: 3.2117e-04 - val_mean_squared_error: 3.2117e-04
Epoch 399/1000
1672/1672 - 3s - loss: 6.5743e-04 - mean_squared_error: 6.5743e-04 - val_loss: 3.9566e-04 - val_mean_squared_error: 3.9566e-04
Epoch 400/1000
1672/1672 - 3s - loss: 8.7026e-04 - mean_squared_error: 8.7026e-04 - val_loss: 3.9531e-04 - val_mean_squared_error: 3.9531e-04
Epoch 401/1000
1672/1672 - 3s - loss: 6.6083e-04 - mean_squared_error: 6.6083e-04 - val_loss: 5.4352e-04 - val_mean_squared_error: 5.4352e-04
Epoch 402/1000
1672/1672 - 3s - loss: 0.0011 - mean_squared_error: 0.0011 - val_loss: 0.0015 - val_mean_squared_error: 0.0015
Epoch 403/1000
1672/1672 - 3s - loss: 8.2181e-04 - mean_squared_error: 8.2181e-04 - val_loss: 6.6552e-04 - val_mean_squared_error: 6.6552e-04
Epoch 404/1000
1672/1672 - 3s - loss: 6.1128e-04 - mean_squared_error: 6.1128e-04 - val_loss: 6.2099e-04 - val_mean_squared_error: 6.2099e-04
Epoch 405/1000
1672/1672 - 3s - loss: 6.6442e-04 - mean_squared_error: 6.6442e-04 - val_loss: 3.7409e-04 - val_mean_squared_error: 3.7409e-04
Epoch 406/1000
1672/1672 - 3s - loss: 5.8897e-04 - mean_squared_error: 5.8897e-04 - val_loss: 0.0012 - val_mean_squared_error: 0.0012
Epoch 407/1000
1672/1672 - 3s - loss: 7.0981e-04 - mean_squared_error: 7.0981e-04 - val_loss: 3.3314e-04 - val_mean_squared_error: 3.3314e-04
Epoch 408/1000
1672/1672 - 3s - loss: 6.0659e-04 - mean_squared_error: 6.0659e-04 - val_loss: 4.0654e-04 - val_mean_squared_error: 4.0654e-04
Epoch 409/1000
1672/1672 - 3s - loss: 5.1237e-04 - mean_squared_error: 5.1237e-04 - val_loss: 4.7212e-04 - val_mean_squared_error: 4.7212e-04
Epoch 410/1000
1672/1672 - 3s - loss: 0.0012 - mean_squared_error: 0.0012 - val_loss: 9.5426e-04 - val_mean_squared_error: 9.5426e-04
Epoch 411/1000
1672/1672 - 3s - loss: 0.0012 - mean_squared_error: 0.0012 - val_loss: 5.0186e-04 - val_mean_squared_error: 5.0186e-04
Epoch 412/1000
1672/1672 - 3s - loss: 6.1678e-04 - mean_squared_error: 6.1678e-04 - val_loss: 5.6154e-04 - val_mean_squared_error: 5.6154e-04
Epoch 413/1000
1672/1672 - 3s - loss: 8.5975e-04 - mean_squared_error: 8.5975e-04 - val_loss: 9.2522e-04 - val_mean_squared_error: 9.2522e-04
Epoch 414/1000
1672/1672 - 3s - loss: 5.5125e-04 - mean_squared_error: 5.5125e-04 - val_loss: 6.6766e-04 - val_mean_squared_error: 6.6766e-04
Epoch 415/1000
1672/1672 - 3s - loss: 6.2560e-04 - mean_squared_error: 6.2560e-04 - val_loss: 5.6101e-04 - val_mean_squared_error: 5.6101e-04
Epoch 416/1000
1672/1672 - 3s - loss: 0.0016 - mean_squared_error: 0.0016 - val_loss: 6.2965e-04 - val_mean_squared_error: 6.2965e-04
Epoch 417/1000
1672/1672 - 3s - loss: 6.4467e-04 - mean_squared_error: 6.4467e-04 - val_loss: 5.2292e-04 - val_mean_squared_error: 5.2292e-04
Epoch 418/1000
1672/1672 - 3s - loss: 6.9454e-04 - mean_squared_error: 6.9454e-04 - val_loss: 4.1104e-04 - val_mean_squared_error: 4.1104e-04
Epoch 419/1000
1672/1672 - 3s - loss: 7.3793e-04 - mean_squared_error: 7.3793e-04 - val_loss: 3.4989e-04 - val_mean_squared_error: 3.4989e-04
Epoch 420/1000
1672/1672 - 3s - loss: 0.0010 - mean_squared_error: 0.0010 - val_loss: 5.1578e-04 - val_mean_squared_error: 5.1578e-04
Epoch 421/1000
1672/1672 - 3s - loss: 6.2844e-04 - mean_squared_error: 6.2844e-04 - val_loss: 3.9631e-04 - val_mean_squared_error: 3.9631e-04
Epoch 422/1000
1672/1672 - 3s - loss: 6.6892e-04 - mean_squared_error: 6.6892e-04 - val_loss: 6.4759e-04 - val_mean_squared_error: 6.4759e-04
Epoch 423/1000
1672/1672 - 3s - loss: 7.0394e-04 - mean_squared_error: 7.0394e-04 - val_loss: 0.0015 - val_mean_squared_error: 0.0015
Epoch 424/1000
1672/1672 - 3s - loss: 7.6400e-04 - mean_squared_error: 7.6400e-04 - val_loss: 3.4127e-04 - val_mean_squared_error: 3.4127e-04
Epoch 425/1000
1672/1672 - 3s - loss: 0.0014 - mean_squared_error: 0.0014 - val_loss: 5.9852e-04 - val_mean_squared_error: 5.9852e-04
Epoch 426/1000
1672/1672 - 3s - loss: 6.3753e-04 - mean_squared_error: 6.3753e-04 - val_loss: 4.1790e-04 - val_mean_squared_error: 4.1790e-04
Epoch 427/1000
1672/1672 - 3s - loss: 6.8980e-04 - mean_squared_error: 6.8980e-04 - val_loss: 6.3550e-04 - val_mean_squared_error: 6.3550e-04
Epoch 428/1000
1672/1672 - 3s - loss: 6.6305e-04 - mean_squared_error: 6.6305e-04 - val_loss: 4.8752e-04 - val_mean_squared_error: 4.8752e-04
Epoch 429/1000
1672/1672 - 3s - loss: 5.8253e-04 - mean_squared_error: 5.8253e-04 - val_loss: 6.4446e-04 - val_mean_squared_error: 6.4446e-04
Epoch 430/1000
1672/1672 - 3s - loss: 9.4623e-04 - mean_squared_error: 9.4623e-04 - val_loss: 3.5092e-04 - val_mean_squared_error: 3.5092e-04
Epoch 431/1000
1672/1672 - 3s - loss: 0.0012 - mean_squared_error: 0.0012 - val_loss: 0.0011 - val_mean_squared_error: 0.0011
Epoch 432/1000
1672/1672 - 3s - loss: 8.2033e-04 - mean_squared_error: 8.2033e-04 - val_loss: 6.0052e-04 - val_mean_squared_error: 6.0052e-04
Epoch 433/1000
1672/1672 - 3s - loss: 5.6553e-04 - mean_squared_error: 5.6553e-04 - val_loss: 0.0011 - val_mean_squared_error: 0.0011
Epoch 434/1000
1672/1672 - 3s - loss: 6.8924e-04 - mean_squared_error: 6.8924e-04 - val_loss: 4.5786e-04 - val_mean_squared_error: 4.5786e-04
Epoch 435/1000
1672/1672 - 3s - loss: 5.9681e-04 - mean_squared_error: 5.9681e-04 - val_loss: 3.5755e-04 - val_mean_squared_error: 3.5755e-04
Epoch 436/1000
1672/1672 - 3s - loss: 6.4399e-04 - mean_squared_error: 6.4399e-04 - val_loss: 4.5667e-04 - val_mean_squared_error: 4.5667e-04
Epoch 437/1000
1672/1672 - 3s - loss: 9.1650e-04 - mean_squared_error: 9.1650e-04 - val_loss: 9.2734e-04 - val_mean_squared_error: 9.2734e-04
Epoch 438/1000
1672/1672 - 3s - loss: 7.5649e-04 - mean_squared_error: 7.5649e-04 - val_loss: 7.5268e-04 - val_mean_squared_error: 7.5268e-04
Epoch 439/1000
1672/1672 - 3s - loss: 8.4244e-04 - mean_squared_error: 8.4244e-04 - val_loss: 6.5376e-04 - val_mean_squared_error: 6.5376e-04
Epoch 440/1000
1672/1672 - 3s - loss: 6.4856e-04 - mean_squared_error: 6.4856e-04 - val_loss: 2.8519e-04 - val_mean_squared_error: 2.8519e-04
Epoch 441/1000
1672/1672 - 3s - loss: 6.9530e-04 - mean_squared_error: 6.9530e-04 - val_loss: 8.3566e-04 - val_mean_squared_error: 8.3566e-04
Epoch 442/1000
1672/1672 - 4s - loss: 6.5371e-04 - mean_squared_error: 6.5371e-04 - val_loss: 4.0897e-04 - val_mean_squared_error: 4.0897e-04
Epoch 443/1000
1672/1672 - 4s - loss: 7.0654e-04 - mean_squared_error: 7.0654e-04 - val_loss: 7.9356e-04 - val_mean_squared_error: 7.9356e-04
Epoch 444/1000
1672/1672 - 3s - loss: 5.9870e-04 - mean_squared_error: 5.9870e-04 - val_loss: 0.0034 - val_mean_squared_error: 0.0034
Epoch 445/1000
1672/1672 - 3s - loss: 6.4733e-04 - mean_squared_error: 6.4733e-04 - val_loss: 3.6914e-04 - val_mean_squared_error: 3.6914e-04
Epoch 446/1000
1672/1672 - 3s - loss: 6.2746e-04 - mean_squared_error: 6.2746e-04 - val_loss: 3.1844e-04 - val_mean_squared_error: 3.1844e-04
Epoch 447/1000
1672/1672 - 3s - loss: 5.7550e-04 - mean_squared_error: 5.7550e-04 - val_loss: 5.1609e-04 - val_mean_squared_error: 5.1609e-04
Epoch 448/1000
1672/1672 - 3s - loss: 7.6854e-04 - mean_squared_error: 7.6854e-04 - val_loss: 7.8407e-04 - val_mean_squared_error: 7.8407e-04
Epoch 449/1000
1672/1672 - 3s - loss: 0.0015 - mean_squared_error: 0.0015 - val_loss: 6.5917e-04 - val_mean_squared_error: 6.5917e-04
Epoch 450/1000
1672/1672 - 3s - loss: 7.3552e-04 - mean_squared_error: 7.3552e-04 - val_loss: 3.7244e-04 - val_mean_squared_error: 3.7244e-04
Epoch 451/1000
1672/1672 - 3s - loss: 0.0013 - mean_squared_error: 0.0013 - val_loss: 6.9850e-04 - val_mean_squared_error: 6.9850e-04
Epoch 452/1000
1672/1672 - 3s - loss: 7.9887e-04 - mean_squared_error: 7.9887e-04 - val_loss: 4.7904e-04 - val_mean_squared_error: 4.7904e-04
Epoch 453/1000
1672/1672 - 3s - loss: 0.0010 - mean_squared_error: 0.0010 - val_loss: 3.4159e-04 - val_mean_squared_error: 3.4159e-04
Epoch 454/1000
1672/1672 - 3s - loss: 6.5052e-04 - mean_squared_error: 6.5052e-04 - val_loss: 5.3393e-04 - val_mean_squared_error: 5.3393e-04
Epoch 455/1000
1672/1672 - 3s - loss: 0.0019 - mean_squared_error: 0.0019 - val_loss: 0.0010 - val_mean_squared_error: 0.0010
Epoch 456/1000
1672/1672 - 3s - loss: 8.5517e-04 - mean_squared_error: 8.5517e-04 - val_loss: 4.9212e-04 - val_mean_squared_error: 4.9212e-04
Epoch 457/1000
1672/1672 - 3s - loss: 7.5900e-04 - mean_squared_error: 7.5900e-04 - val_loss: 4.3555e-04 - val_mean_squared_error: 4.3555e-04
Epoch 458/1000
1672/1672 - 3s - loss: 7.2396e-04 - mean_squared_error: 7.2396e-04 - val_loss: 5.8115e-04 - val_mean_squared_error: 5.8115e-04
Epoch 459/1000
1672/1672 - 3s - loss: 0.0011 - mean_squared_error: 0.0011 - val_loss: 0.0276 - val_mean_squared_error: 0.0276
Epoch 460/1000
1672/1672 - 3s - loss: 9.8753e-04 - mean_squared_error: 9.8753e-04 - val_loss: 5.2290e-04 - val_mean_squared_error: 5.2290e-04
Epoch 461/1000
1672/1672 - 3s - loss: 6.9874e-04 - mean_squared_error: 6.9874e-04 - val_loss: 3.9559e-04 - val_mean_squared_error: 3.9559e-04
Epoch 462/1000
1672/1672 - 3s - loss: 0.0015 - mean_squared_error: 0.0015 - val_loss: 4.5284e-04 - val_mean_squared_error: 4.5284e-04
Epoch 463/1000
1672/1672 - 3s - loss: 7.1511e-04 - mean_squared_error: 7.1511e-04 - val_loss: 7.7988e-04 - val_mean_squared_error: 7.7988e-04
Epoch 464/1000
1672/1672 - 3s - loss: 8.4043e-04 - mean_squared_error: 8.4043e-04 - val_loss: 3.7029e-04 - val_mean_squared_error: 3.7029e-04
Epoch 465/1000
1672/1672 - 3s - loss: 7.6223e-04 - mean_squared_error: 7.6223e-04 - val_loss: 4.4234e-04 - val_mean_squared_error: 4.4234e-04
Epoch 466/1000
1672/1672 - 3s - loss: 6.4693e-04 - mean_squared_error: 6.4693e-04 - val_loss: 3.3986e-04 - val_mean_squared_error: 3.3986e-04
Epoch 467/1000
1672/1672 - 3s - loss: 6.7214e-04 - mean_squared_error: 6.7214e-04 - val_loss: 6.5312e-04 - val_mean_squared_error: 6.5312e-04
Epoch 468/1000
1672/1672 - 3s - loss: 6.6177e-04 - mean_squared_error: 6.6177e-04 - val_loss: 3.3599e-04 - val_mean_squared_error: 3.3599e-04
Epoch 469/1000
1672/1672 - 3s - loss: 3.8527e-04 - mean_squared_error: 3.8527e-04 - val_loss: 3.7167e-04 - val_mean_squared_error: 3.7167e-04
Epoch 470/1000
1672/1672 - 3s - loss: 7.9083e-04 - mean_squared_error: 7.9083e-04 - val_loss: 7.4106e-04 - val_mean_squared_error: 7.4106e-04
Epoch 471/1000
1672/1672 - 3s - loss: 4.9497e-04 - mean_squared_error: 4.9497e-04 - val_loss: 6.0829e-04 - val_mean_squared_error: 6.0829e-04
Epoch 472/1000
1672/1672 - 3s - loss: 5.2618e-04 - mean_squared_error: 5.2618e-04 - val_loss: 4.4147e-04 - val_mean_squared_error: 4.4147e-04
Epoch 473/1000
1672/1672 - 3s - loss: 7.3894e-04 - mean_squared_error: 7.3894e-04 - val_loss: 4.1533e-04 - val_mean_squared_error: 4.1533e-04
Epoch 474/1000
1672/1672 - 3s - loss: 4.9065e-04 - mean_squared_error: 4.9065e-04 - val_loss: 4.3617e-04 - val_mean_squared_error: 4.3617e-04
Epoch 475/1000
1672/1672 - 3s - loss: 6.0423e-04 - mean_squared_error: 6.0423e-04 - val_loss: 3.8325e-04 - val_mean_squared_error: 3.8325e-04
Epoch 476/1000
1672/1672 - 3s - loss: 5.4660e-04 - mean_squared_error: 5.4660e-04 - val_loss: 4.5955e-04 - val_mean_squared_error: 4.5955e-04
Epoch 477/1000
1672/1672 - 3s - loss: 5.9111e-04 - mean_squared_error: 5.9111e-04 - val_loss: 3.7209e-04 - val_mean_squared_error: 3.7209e-04
Epoch 478/1000
1672/1672 - 3s - loss: 9.7678e-04 - mean_squared_error: 9.7678e-04 - val_loss: 7.2979e-04 - val_mean_squared_error: 7.2979e-04
Epoch 479/1000
1672/1672 - 3s - loss: 7.3727e-04 - mean_squared_error: 7.3727e-04 - val_loss: 5.2902e-04 - val_mean_squared_error: 5.2902e-04
Epoch 480/1000
1672/1672 - 4s - loss: 6.1344e-04 - mean_squared_error: 6.1344e-04 - val_loss: 3.8057e-04 - val_mean_squared_error: 3.8057e-04
Epoch 481/1000
1672/1672 - 3s - loss: 9.8543e-04 - mean_squared_error: 9.8543e-04 - val_loss: 9.4980e-04 - val_mean_squared_error: 9.4980e-04
Epoch 482/1000
1672/1672 - 3s - loss: 5.7570e-04 - mean_squared_error: 5.7570e-04 - val_loss: 2.9958e-04 - val_mean_squared_error: 2.9958e-04
Epoch 483/1000
1672/1672 - 3s - loss: 5.5487e-04 - mean_squared_error: 5.5487e-04 - val_loss: 7.6921e-04 - val_mean_squared_error: 7.6921e-04
Epoch 484/1000
1672/1672 - 3s - loss: 5.5480e-04 - mean_squared_error: 5.5480e-04 - val_loss: 4.6888e-04 - val_mean_squared_error: 4.6888e-04
Epoch 485/1000
1672/1672 - 3s - loss: 0.0011 - mean_squared_error: 0.0011 - val_loss: 0.0012 - val_mean_squared_error: 0.0012
Epoch 486/1000
1672/1672 - 3s - loss: 7.3948e-04 - mean_squared_error: 7.3948e-04 - val_loss: 4.2077e-04 - val_mean_squared_error: 4.2077e-04
Epoch 487/1000
1672/1672 - 3s - loss: 5.5657e-04 - mean_squared_error: 5.5657e-04 - val_loss: 5.4408e-04 - val_mean_squared_error: 5.4408e-04
Epoch 488/1000
1672/1672 - 3s - loss: 6.9801e-04 - mean_squared_error: 6.9801e-04 - val_loss: 4.7416e-04 - val_mean_squared_error: 4.7416e-04
Epoch 489/1000
1672/1672 - 3s - loss: 6.8267e-04 - mean_squared_error: 6.8267e-04 - val_loss: 4.8730e-04 - val_mean_squared_error: 4.8730e-04
Epoch 490/1000
1672/1672 - 3s - loss: 6.3679e-04 - mean_squared_error: 6.3679e-04 - val_loss: 4.3331e-04 - val_mean_squared_error: 4.3331e-04
Epoch 491/1000
1672/1672 - 3s - loss: 4.8903e-04 - mean_squared_error: 4.8903e-04 - val_loss: 7.3180e-04 - val_mean_squared_error: 7.3180e-04
Epoch 492/1000
1672/1672 - 3s - loss: 6.4454e-04 - mean_squared_error: 6.4454e-04 - val_loss: 5.1137e-04 - val_mean_squared_error: 5.1137e-04
Epoch 493/1000
1672/1672 - 3s - loss: 5.1361e-04 - mean_squared_error: 5.1361e-04 - val_loss: 5.6423e-04 - val_mean_squared_error: 5.6423e-04
Epoch 494/1000
1672/1672 - 3s - loss: 5.5695e-04 - mean_squared_error: 5.5695e-04 - val_loss: 3.1885e-04 - val_mean_squared_error: 3.1885e-04
Epoch 495/1000
1672/1672 - 3s - loss: 0.0013 - mean_squared_error: 0.0013 - val_loss: 3.5474e-04 - val_mean_squared_error: 3.5474e-04
Epoch 496/1000
1672/1672 - 3s - loss: 5.2925e-04 - mean_squared_error: 5.2925e-04 - val_loss: 4.7037e-04 - val_mean_squared_error: 4.7037e-04
Epoch 497/1000
1672/1672 - 3s - loss: 5.3598e-04 - mean_squared_error: 5.3598e-04 - val_loss: 6.1734e-04 - val_mean_squared_error: 6.1734e-04
Epoch 498/1000
1672/1672 - 3s - loss: 5.1155e-04 - mean_squared_error: 5.1155e-04 - val_loss: 4.2026e-04 - val_mean_squared_error: 4.2026e-04
Epoch 499/1000
1672/1672 - 3s - loss: 5.4986e-04 - mean_squared_error: 5.4986e-04 - val_loss: 0.0013 - val_mean_squared_error: 0.0013
Epoch 500/1000
1672/1672 - 3s - loss: 5.3843e-04 - mean_squared_error: 5.3843e-04 - val_loss: 4.8767e-04 - val_mean_squared_error: 4.8767e-04
Epoch 501/1000
1672/1672 - 3s - loss: 7.8967e-04 - mean_squared_error: 7.8967e-04 - val_loss: 0.0011 - val_mean_squared_error: 0.0011
Epoch 502/1000
1672/1672 - 3s - loss: 0.0013 - mean_squared_error: 0.0013 - val_loss: 8.2215e-04 - val_mean_squared_error: 8.2215e-04
Epoch 503/1000
1672/1672 - 3s - loss: 5.5582e-04 - mean_squared_error: 5.5582e-04 - val_loss: 6.4309e-04 - val_mean_squared_error: 6.4309e-04
Epoch 504/1000
1672/1672 - 3s - loss: 5.4305e-04 - mean_squared_error: 5.4305e-04 - val_loss: 4.9924e-04 - val_mean_squared_error: 4.9924e-04
Epoch 505/1000
1672/1672 - 3s - loss: 6.7827e-04 - mean_squared_error: 6.7827e-04 - val_loss: 3.7606e-04 - val_mean_squared_error: 3.7606e-04
Epoch 506/1000
1672/1672 - 3s - loss: 8.1106e-04 - mean_squared_error: 8.1106e-04 - val_loss: 5.9295e-04 - val_mean_squared_error: 5.9295e-04
Epoch 507/1000
1672/1672 - 3s - loss: 7.6096e-04 - mean_squared_error: 7.6096e-04 - val_loss: 7.3432e-04 - val_mean_squared_error: 7.3432e-04
Epoch 508/1000
1672/1672 - 3s - loss: 8.3403e-04 - mean_squared_error: 8.3403e-04 - val_loss: 6.4947e-04 - val_mean_squared_error: 6.4947e-04
Epoch 509/1000
1672/1672 - 3s - loss: 0.0011 - mean_squared_error: 0.0011 - val_loss: 5.9489e-04 - val_mean_squared_error: 5.9489e-04
Epoch 510/1000
1672/1672 - 3s - loss: 5.0076e-04 - mean_squared_error: 5.0076e-04 - val_loss: 5.5876e-04 - val_mean_squared_error: 5.5876e-04
Epoch 511/1000
1672/1672 - 3s - loss: 6.2652e-04 - mean_squared_error: 6.2652e-04 - val_loss: 0.0011 - val_mean_squared_error: 0.0011
Epoch 512/1000
1672/1672 - 3s - loss: 7.0744e-04 - mean_squared_error: 7.0744e-04 - val_loss: 6.4350e-04 - val_mean_squared_error: 6.4350e-04
Epoch 513/1000
1672/1672 - 3s - loss: 4.9288e-04 - mean_squared_error: 4.9288e-04 - val_loss: 0.0011 - val_mean_squared_error: 0.0011
Epoch 514/1000
1672/1672 - 3s - loss: 0.0014 - mean_squared_error: 0.0014 - val_loss: 0.0028 - val_mean_squared_error: 0.0028
Epoch 515/1000
1672/1672 - 3s - loss: 7.8554e-04 - mean_squared_error: 7.8554e-04 - val_loss: 5.9029e-04 - val_mean_squared_error: 5.9029e-04
Epoch 516/1000
1672/1672 - 3s - loss: 7.0717e-04 - mean_squared_error: 7.0717e-04 - val_loss: 7.4800e-04 - val_mean_squared_error: 7.4800e-04
Epoch 517/1000
1672/1672 - 3s - loss: 9.0896e-04 - mean_squared_error: 9.0896e-04 - val_loss: 4.9858e-04 - val_mean_squared_error: 4.9858e-04
Epoch 518/1000
1672/1672 - 3s - loss: 7.0412e-04 - mean_squared_error: 7.0412e-04 - val_loss: 0.0052 - val_mean_squared_error: 0.0052
Epoch 519/1000
1672/1672 - 3s - loss: 6.6025e-04 - mean_squared_error: 6.6025e-04 - val_loss: 6.0730e-04 - val_mean_squared_error: 6.0730e-04
Epoch 520/1000
1672/1672 - 3s - loss: 8.6233e-04 - mean_squared_error: 8.6233e-04 - val_loss: 0.0013 - val_mean_squared_error: 0.0013
Epoch 521/1000
1672/1672 - 3s - loss: 7.6087e-04 - mean_squared_error: 7.6087e-04 - val_loss: 6.2500e-04 - val_mean_squared_error: 6.2500e-04
Epoch 522/1000
1672/1672 - 3s - loss: 6.4463e-04 - mean_squared_error: 6.4463e-04 - val_loss: 5.7485e-04 - val_mean_squared_error: 5.7485e-04
Epoch 523/1000
1672/1672 - 3s - loss: 6.6311e-04 - mean_squared_error: 6.6311e-04 - val_loss: 7.4191e-04 - val_mean_squared_error: 7.4191e-04
Epoch 524/1000
1672/1672 - 3s - loss: 4.9191e-04 - mean_squared_error: 4.9191e-04 - val_loss: 8.7756e-04 - val_mean_squared_error: 8.7756e-04
Epoch 525/1000
1672/1672 - 3s - loss: 6.1396e-04 - mean_squared_error: 6.1396e-04 - val_loss: 4.3556e-04 - val_mean_squared_error: 4.3556e-04
Epoch 526/1000
1672/1672 - 3s - loss: 9.2714e-04 - mean_squared_error: 9.2714e-04 - val_loss: 0.0035 - val_mean_squared_error: 0.0035
Epoch 527/1000
1672/1672 - 3s - loss: 8.7539e-04 - mean_squared_error: 8.7539e-04 - val_loss: 8.1962e-04 - val_mean_squared_error: 8.1962e-04
Epoch 528/1000
1672/1672 - 3s - loss: 4.4561e-04 - mean_squared_error: 4.4561e-04 - val_loss: 3.9351e-04 - val_mean_squared_error: 3.9351e-04
Epoch 529/1000
1672/1672 - 3s - loss: 4.4921e-04 - mean_squared_error: 4.4921e-04 - val_loss: 6.4780e-04 - val_mean_squared_error: 6.4780e-04
Epoch 530/1000
1672/1672 - 3s - loss: 4.5586e-04 - mean_squared_error: 4.5586e-04 - val_loss: 3.0964e-04 - val_mean_squared_error: 3.0964e-04
Epoch 531/1000
1672/1672 - 3s - loss: 6.9138e-04 - mean_squared_error: 6.9138e-04 - val_loss: 4.0910e-04 - val_mean_squared_error: 4.0910e-04
Epoch 532/1000
1672/1672 - 3s - loss: 3.8968e-04 - mean_squared_error: 3.8968e-04 - val_loss: 5.4078e-04 - val_mean_squared_error: 5.4078e-04
Epoch 533/1000
1672/1672 - 3s - loss: 6.4855e-04 - mean_squared_error: 6.4855e-04 - val_loss: 6.1669e-04 - val_mean_squared_error: 6.1669e-04
Epoch 534/1000
1672/1672 - 3s - loss: 9.5999e-04 - mean_squared_error: 9.5999e-04 - val_loss: 5.2399e-04 - val_mean_squared_error: 5.2399e-04
Epoch 535/1000
1672/1672 - 3s - loss: 6.0254e-04 - mean_squared_error: 6.0254e-04 - val_loss: 3.7012e-04 - val_mean_squared_error: 3.7012e-04
Epoch 536/1000
1672/1672 - 3s - loss: 0.0010 - mean_squared_error: 0.0010 - val_loss: 0.0033 - val_mean_squared_error: 0.0033
Epoch 537/1000
1672/1672 - 3s - loss: 0.0013 - mean_squared_error: 0.0013 - val_loss: 8.2859e-04 - val_mean_squared_error: 8.2859e-04
Epoch 538/1000
1672/1672 - 3s - loss: 6.2742e-04 - mean_squared_error: 6.2742e-04 - val_loss: 5.1625e-04 - val_mean_squared_error: 5.1625e-04
Epoch 539/1000
1672/1672 - 3s - loss: 0.0011 - mean_squared_error: 0.0011 - val_loss: 0.0023 - val_mean_squared_error: 0.0023
Epoch 540/1000
1672/1672 - 3s - loss: 5.5237e-04 - mean_squared_error: 5.5237e-04 - val_loss: 8.3497e-04 - val_mean_squared_error: 8.3497e-04
Epoch 541/1000
1672/1672 - 3s - loss: 3.6683e-04 - mean_squared_error: 3.6683e-04 - val_loss: 3.8001e-04 - val_mean_squared_error: 3.8001e-04
Epoch 542/1000
1672/1672 - 3s - loss: 0.0016 - mean_squared_error: 0.0016 - val_loss: 6.3039e-04 - val_mean_squared_error: 6.3039e-04
Epoch 543/1000
1672/1672 - 3s - loss: 0.0011 - mean_squared_error: 0.0011 - val_loss: 6.3248e-04 - val_mean_squared_error: 6.3248e-04
Epoch 544/1000
1672/1672 - 3s - loss: 8.3123e-04 - mean_squared_error: 8.3123e-04 - val_loss: 5.1819e-04 - val_mean_squared_error: 5.1819e-04
Epoch 545/1000
1672/1672 - 3s - loss: 4.9523e-04 - mean_squared_error: 4.9523e-04 - val_loss: 6.1659e-04 - val_mean_squared_error: 6.1659e-04
Epoch 546/1000
1672/1672 - 3s - loss: 8.3683e-04 - mean_squared_error: 8.3683e-04 - val_loss: 6.1750e-04 - val_mean_squared_error: 6.1750e-04
Epoch 547/1000
1672/1672 - 3s - loss: 4.9618e-04 - mean_squared_error: 4.9618e-04 - val_loss: 4.9473e-04 - val_mean_squared_error: 4.9473e-04
Epoch 548/1000
1672/1672 - 3s - loss: 6.4677e-04 - mean_squared_error: 6.4677e-04 - val_loss: 3.4229e-04 - val_mean_squared_error: 3.4229e-04
Epoch 549/1000
1672/1672 - 3s - loss: 8.0855e-04 - mean_squared_error: 8.0855e-04 - val_loss: 3.5091e-04 - val_mean_squared_error: 3.5091e-04
Epoch 550/1000
1672/1672 - 3s - loss: 5.9814e-04 - mean_squared_error: 5.9814e-04 - val_loss: 3.7578e-04 - val_mean_squared_error: 3.7578e-04
Epoch 551/1000
1672/1672 - 3s - loss: 4.8760e-04 - mean_squared_error: 4.8760e-04 - val_loss: 4.1983e-04 - val_mean_squared_error: 4.1983e-04
Epoch 552/1000
1672/1672 - 3s - loss: 5.2063e-04 - mean_squared_error: 5.2063e-04 - val_loss: 4.9931e-04 - val_mean_squared_error: 4.9931e-04
Epoch 553/1000
1672/1672 - 3s - loss: 5.0168e-04 - mean_squared_error: 5.0168e-04 - val_loss: 7.6122e-04 - val_mean_squared_error: 7.6122e-04
Epoch 554/1000
1672/1672 - 3s - loss: 6.7801e-04 - mean_squared_error: 6.7801e-04 - val_loss: 2.9818e-04 - val_mean_squared_error: 2.9818e-04
Epoch 555/1000
1672/1672 - 3s - loss: 4.8878e-04 - mean_squared_error: 4.8878e-04 - val_loss: 3.3643e-04 - val_mean_squared_error: 3.3643e-04
Epoch 556/1000
1672/1672 - 3s - loss: 5.0660e-04 - mean_squared_error: 5.0660e-04 - val_loss: 4.0849e-04 - val_mean_squared_error: 4.0849e-04
Epoch 557/1000
1672/1672 - 3s - loss: 4.6614e-04 - mean_squared_error: 4.6614e-04 - val_loss: 3.7372e-04 - val_mean_squared_error: 3.7372e-04
Epoch 558/1000
1672/1672 - 3s - loss: 4.3193e-04 - mean_squared_error: 4.3193e-04 - val_loss: 5.6872e-04 - val_mean_squared_error: 5.6872e-04
Epoch 559/1000
1672/1672 - 3s - loss: 0.0010 - mean_squared_error: 0.0010 - val_loss: 7.0311e-04 - val_mean_squared_error: 7.0311e-04
Epoch 560/1000
1672/1672 - 3s - loss: 7.9124e-04 - mean_squared_error: 7.9124e-04 - val_loss: 3.8113e-04 - val_mean_squared_error: 3.8113e-04
Epoch 561/1000
1672/1672 - 3s - loss: 0.0011 - mean_squared_error: 0.0011 - val_loss: 6.8143e-04 - val_mean_squared_error: 6.8143e-04
Epoch 562/1000
1672/1672 - 3s - loss: 6.4466e-04 - mean_squared_error: 6.4466e-04 - val_loss: 3.7405e-04 - val_mean_squared_error: 3.7405e-04
Epoch 563/1000
1672/1672 - 3s - loss: 5.7371e-04 - mean_squared_error: 5.7371e-04 - val_loss: 0.0018 - val_mean_squared_error: 0.0018
Epoch 564/1000
1672/1672 - 3s - loss: 5.1864e-04 - mean_squared_error: 5.1864e-04 - val_loss: 5.6231e-04 - val_mean_squared_error: 5.6231e-04
Epoch 565/1000
1672/1672 - 3s - loss: 7.0647e-04 - mean_squared_error: 7.0647e-04 - val_loss: 5.7661e-04 - val_mean_squared_error: 5.7661e-04
Epoch 566/1000
1672/1672 - 3s - loss: 5.6067e-04 - mean_squared_error: 5.6067e-04 - val_loss: 4.3548e-04 - val_mean_squared_error: 4.3548e-04
Epoch 567/1000
1672/1672 - 3s - loss: 4.3920e-04 - mean_squared_error: 4.3920e-04 - val_loss: 5.7879e-04 - val_mean_squared_error: 5.7879e-04
Epoch 568/1000
1672/1672 - 3s - loss: 5.5687e-04 - mean_squared_error: 5.5687e-04 - val_loss: 5.7391e-04 - val_mean_squared_error: 5.7391e-04
Epoch 569/1000
1672/1672 - 3s - loss: 4.5296e-04 - mean_squared_error: 4.5296e-04 - val_loss: 3.6091e-04 - val_mean_squared_error: 3.6091e-04
Epoch 570/1000
1672/1672 - 3s - loss: 0.0011 - mean_squared_error: 0.0011 - val_loss: 7.3941e-04 - val_mean_squared_error: 7.3941e-04
Epoch 571/1000
1672/1672 - 3s - loss: 6.9174e-04 - mean_squared_error: 6.9174e-04 - val_loss: 9.0518e-04 - val_mean_squared_error: 9.0518e-04
Epoch 572/1000
1672/1672 - 3s - loss: 5.9955e-04 - mean_squared_error: 5.9955e-04 - val_loss: 4.9523e-04 - val_mean_squared_error: 4.9523e-04
Epoch 573/1000
1672/1672 - 3s - loss: 6.4148e-04 - mean_squared_error: 6.4148e-04 - val_loss: 8.9840e-04 - val_mean_squared_error: 8.9840e-04
Epoch 574/1000
1672/1672 - 3s - loss: 5.5624e-04 - mean_squared_error: 5.5624e-04 - val_loss: 3.7938e-04 - val_mean_squared_error: 3.7938e-04
Epoch 575/1000
1672/1672 - 3s - loss: 6.8095e-04 - mean_squared_error: 6.8095e-04 - val_loss: 4.5308e-04 - val_mean_squared_error: 4.5308e-04
Epoch 576/1000
1672/1672 - 3s - loss: 6.0397e-04 - mean_squared_error: 6.0397e-04 - val_loss: 5.6063e-04 - val_mean_squared_error: 5.6063e-04
Epoch 577/1000
1672/1672 - 3s - loss: 5.2816e-04 - mean_squared_error: 5.2816e-04 - val_loss: 6.1455e-04 - val_mean_squared_error: 6.1455e-04
Epoch 578/1000
1672/1672 - 3s - loss: 4.7783e-04 - mean_squared_error: 4.7783e-04 - val_loss: 4.9299e-04 - val_mean_squared_error: 4.9299e-04
Epoch 579/1000
1672/1672 - 3s - loss: 0.0014 - mean_squared_error: 0.0014 - val_loss: 3.9652e-04 - val_mean_squared_error: 3.9652e-04
Epoch 580/1000
1672/1672 - 3s - loss: 6.9328e-04 - mean_squared_error: 6.9328e-04 - val_loss: 4.2696e-04 - val_mean_squared_error: 4.2696e-04
Epoch 581/1000
1672/1672 - 3s - loss: 0.0012 - mean_squared_error: 0.0012 - val_loss: 0.0010 - val_mean_squared_error: 0.0010
Epoch 582/1000
1672/1672 - 3s - loss: 6.2638e-04 - mean_squared_error: 6.2638e-04 - val_loss: 4.9401e-04 - val_mean_squared_error: 4.9401e-04
Epoch 583/1000
1672/1672 - 3s - loss: 6.4578e-04 - mean_squared_error: 6.4578e-04 - val_loss: 4.3151e-04 - val_mean_squared_error: 4.3151e-04
Epoch 584/1000
1672/1672 - 3s - loss: 6.4552e-04 - mean_squared_error: 6.4552e-04 - val_loss: 0.0010 - val_mean_squared_error: 0.0010
Epoch 585/1000
1672/1672 - 3s - loss: 4.4074e-04 - mean_squared_error: 4.4074e-04 - val_loss: 4.8588e-04 - val_mean_squared_error: 4.8588e-04
Epoch 586/1000
1672/1672 - 3s - loss: 5.1136e-04 - mean_squared_error: 5.1136e-04 - val_loss: 5.5652e-04 - val_mean_squared_error: 5.5652e-04
Epoch 587/1000
1672/1672 - 3s - loss: 4.0011e-04 - mean_squared_error: 4.0011e-04 - val_loss: 7.9894e-04 - val_mean_squared_error: 7.9894e-04
Epoch 588/1000
1672/1672 - 3s - loss: 4.2931e-04 - mean_squared_error: 4.2931e-04 - val_loss: 7.9649e-04 - val_mean_squared_error: 7.9649e-04
Epoch 589/1000
1672/1672 - 3s - loss: 6.2557e-04 - mean_squared_error: 6.2557e-04 - val_loss: 2.6483e-04 - val_mean_squared_error: 2.6483e-04
Epoch 590/1000
1672/1672 - 3s - loss: 9.5518e-04 - mean_squared_error: 9.5518e-04 - val_loss: 6.0255e-04 - val_mean_squared_error: 6.0255e-04
Epoch 591/1000
1672/1672 - 3s - loss: 9.8646e-04 - mean_squared_error: 9.8646e-04 - val_loss: 3.7174e-04 - val_mean_squared_error: 3.7174e-04
Epoch 592/1000
1672/1672 - 3s - loss: 6.5443e-04 - mean_squared_error: 6.5443e-04 - val_loss: 3.4129e-04 - val_mean_squared_error: 3.4129e-04
Epoch 593/1000
1672/1672 - 3s - loss: 4.7761e-04 - mean_squared_error: 4.7761e-04 - val_loss: 5.4793e-04 - val_mean_squared_error: 5.4793e-04
Epoch 594/1000
1672/1672 - 3s - loss: 4.0927e-04 - mean_squared_error: 4.0927e-04 - val_loss: 5.1496e-04 - val_mean_squared_error: 5.1496e-04
Epoch 595/1000
1672/1672 - 3s - loss: 6.2524e-04 - mean_squared_error: 6.2524e-04 - val_loss: 3.8531e-04 - val_mean_squared_error: 3.8531e-04
Epoch 596/1000
1672/1672 - 3s - loss: 8.8283e-04 - mean_squared_error: 8.8283e-04 - val_loss: 4.5693e-04 - val_mean_squared_error: 4.5693e-04
Epoch 597/1000
1672/1672 - 3s - loss: 7.0022e-04 - mean_squared_error: 7.0022e-04 - val_loss: 6.1981e-04 - val_mean_squared_error: 6.1981e-04
Epoch 598/1000
1672/1672 - 3s - loss: 9.2727e-04 - mean_squared_error: 9.2727e-04 - val_loss: 0.0019 - val_mean_squared_error: 0.0019
Epoch 599/1000
1672/1672 - 3s - loss: 6.0132e-04 - mean_squared_error: 6.0132e-04 - val_loss: 3.7590e-04 - val_mean_squared_error: 3.7590e-04
Epoch 600/1000
1672/1672 - 3s - loss: 5.2038e-04 - mean_squared_error: 5.2038e-04 - val_loss: 6.6434e-04 - val_mean_squared_error: 6.6434e-04
Epoch 601/1000
1672/1672 - 3s - loss: 5.9408e-04 - mean_squared_error: 5.9408e-04 - val_loss: 4.7130e-04 - val_mean_squared_error: 4.7130e-04
Epoch 602/1000
1672/1672 - 3s - loss: 5.4426e-04 - mean_squared_error: 5.4426e-04 - val_loss: 2.6101e-04 - val_mean_squared_error: 2.6101e-04
Epoch 603/1000
1672/1672 - 3s - loss: 0.0018 - mean_squared_error: 0.0018 - val_loss: 6.1640e-04 - val_mean_squared_error: 6.1640e-04
Epoch 604/1000
1672/1672 - 3s - loss: 5.8752e-04 - mean_squared_error: 5.8752e-04 - val_loss: 7.7918e-04 - val_mean_squared_error: 7.7918e-04
Epoch 605/1000
1672/1672 - 3s - loss: 4.8086e-04 - mean_squared_error: 4.8086e-04 - val_loss: 4.9033e-04 - val_mean_squared_error: 4.9033e-04
Epoch 606/1000
1672/1672 - 3s - loss: 5.9377e-04 - mean_squared_error: 5.9377e-04 - val_loss: 8.3787e-04 - val_mean_squared_error: 8.3787e-04
Epoch 607/1000
1672/1672 - 3s - loss: 5.5561e-04 - mean_squared_error: 5.5561e-04 - val_loss: 4.8254e-04 - val_mean_squared_error: 4.8254e-04
Epoch 608/1000
1672/1672 - 3s - loss: 9.4967e-04 - mean_squared_error: 9.4967e-04 - val_loss: 5.3390e-04 - val_mean_squared_error: 5.3390e-04
Epoch 609/1000
1672/1672 - 3s - loss: 5.4514e-04 - mean_squared_error: 5.4514e-04 - val_loss: 6.3627e-04 - val_mean_squared_error: 6.3627e-04
Epoch 610/1000
1672/1672 - 3s - loss: 6.3154e-04 - mean_squared_error: 6.3154e-04 - val_loss: 0.0010 - val_mean_squared_error: 0.0010
Epoch 611/1000
1672/1672 - 3s - loss: 6.5747e-04 - mean_squared_error: 6.5747e-04 - val_loss: 6.6994e-04 - val_mean_squared_error: 6.6994e-04
Epoch 612/1000
1672/1672 - 3s - loss: 6.4837e-04 - mean_squared_error: 6.4837e-04 - val_loss: 5.4422e-04 - val_mean_squared_error: 5.4422e-04
Epoch 613/1000
1672/1672 - 3s - loss: 4.4488e-04 - mean_squared_error: 4.4488e-04 - val_loss: 6.2576e-04 - val_mean_squared_error: 6.2576e-04
Epoch 614/1000
1672/1672 - 3s - loss: 5.9681e-04 - mean_squared_error: 5.9681e-04 - val_loss: 3.3138e-04 - val_mean_squared_error: 3.3138e-04
Epoch 615/1000
1672/1672 - 3s - loss: 4.4495e-04 - mean_squared_error: 4.4495e-04 - val_loss: 3.2116e-04 - val_mean_squared_error: 3.2116e-04
Epoch 616/1000
1672/1672 - 3s - loss: 5.8827e-04 - mean_squared_error: 5.8827e-04 - val_loss: 4.7179e-04 - val_mean_squared_error: 4.7179e-04
Epoch 617/1000
1672/1672 - 3s - loss: 5.5419e-04 - mean_squared_error: 5.5419e-04 - val_loss: 7.4778e-04 - val_mean_squared_error: 7.4778e-04
Epoch 618/1000
1672/1672 - 3s - loss: 4.3606e-04 - mean_squared_error: 4.3606e-04 - val_loss: 4.8643e-04 - val_mean_squared_error: 4.8643e-04
Epoch 619/1000
1672/1672 - 3s - loss: 6.4749e-04 - mean_squared_error: 6.4749e-04 - val_loss: 5.2519e-04 - val_mean_squared_error: 5.2519e-04
Epoch 620/1000
1672/1672 - 3s - loss: 6.9478e-04 - mean_squared_error: 6.9478e-04 - val_loss: 0.0010 - val_mean_squared_error: 0.0010
Epoch 621/1000
1672/1672 - 3s - loss: 5.3171e-04 - mean_squared_error: 5.3171e-04 - val_loss: 4.4872e-04 - val_mean_squared_error: 4.4872e-04
Epoch 622/1000
1672/1672 - 3s - loss: 5.4667e-04 - mean_squared_error: 5.4667e-04 - val_loss: 3.6044e-04 - val_mean_squared_error: 3.6044e-04
Epoch 623/1000
1672/1672 - 3s - loss: 6.1995e-04 - mean_squared_error: 6.1995e-04 - val_loss: 4.9697e-04 - val_mean_squared_error: 4.9697e-04
Epoch 624/1000
1672/1672 - 3s - loss: 3.9801e-04 - mean_squared_error: 3.9801e-04 - val_loss: 4.0663e-04 - val_mean_squared_error: 4.0663e-04
Epoch 625/1000
1672/1672 - 3s - loss: 5.9939e-04 - mean_squared_error: 5.9939e-04 - val_loss: 7.3829e-04 - val_mean_squared_error: 7.3829e-04
Epoch 626/1000
1672/1672 - 3s - loss: 0.0016 - mean_squared_error: 0.0016 - val_loss: 3.7253e-04 - val_mean_squared_error: 3.7253e-04
Epoch 627/1000
1672/1672 - 3s - loss: 7.3628e-04 - mean_squared_error: 7.3628e-04 - val_loss: 5.7002e-04 - val_mean_squared_error: 5.7002e-04
Epoch 628/1000
1672/1672 - 3s - loss: 4.2424e-04 - mean_squared_error: 4.2424e-04 - val_loss: 2.6635e-04 - val_mean_squared_error: 2.6635e-04
Epoch 629/1000
1672/1672 - 3s - loss: 4.7275e-04 - mean_squared_error: 4.7275e-04 - val_loss: 4.5210e-04 - val_mean_squared_error: 4.5210e-04
Epoch 630/1000
1672/1672 - 3s - loss: 4.4763e-04 - mean_squared_error: 4.4763e-04 - val_loss: 5.5151e-04 - val_mean_squared_error: 5.5151e-04
Epoch 631/1000
1672/1672 - 3s - loss: 4.5076e-04 - mean_squared_error: 4.5076e-04 - val_loss: 3.2281e-04 - val_mean_squared_error: 3.2281e-04
Epoch 632/1000
1672/1672 - 3s - loss: 3.4178e-04 - mean_squared_error: 3.4178e-04 - val_loss: 2.9512e-04 - val_mean_squared_error: 2.9512e-04
Epoch 633/1000
1672/1672 - 3s - loss: 4.6326e-04 - mean_squared_error: 4.6326e-04 - val_loss: 3.9657e-04 - val_mean_squared_error: 3.9657e-04
Epoch 634/1000
1672/1672 - 3s - loss: 4.7805e-04 - mean_squared_error: 4.7805e-04 - val_loss: 2.4217e-04 - val_mean_squared_error: 2.4217e-04
Epoch 635/1000
1672/1672 - 3s - loss: 8.9080e-04 - mean_squared_error: 8.9080e-04 - val_loss: 4.6771e-04 - val_mean_squared_error: 4.6771e-04
Epoch 636/1000
1672/1672 - 3s - loss: 8.9298e-04 - mean_squared_error: 8.9298e-04 - val_loss: 5.8877e-04 - val_mean_squared_error: 5.8877e-04
Epoch 637/1000
1672/1672 - 3s - loss: 4.6523e-04 - mean_squared_error: 4.6523e-04 - val_loss: 5.8878e-04 - val_mean_squared_error: 5.8878e-04
Epoch 638/1000
1672/1672 - 3s - loss: 7.3211e-04 - mean_squared_error: 7.3211e-04 - val_loss: 3.5298e-04 - val_mean_squared_error: 3.5298e-04
Epoch 639/1000
1672/1672 - 3s - loss: 6.0670e-04 - mean_squared_error: 6.0670e-04 - val_loss: 6.8958e-04 - val_mean_squared_error: 6.8958e-04
Epoch 640/1000
1672/1672 - 3s - loss: 7.9562e-04 - mean_squared_error: 7.9562e-04 - val_loss: 6.3373e-04 - val_mean_squared_error: 6.3373e-04
Epoch 641/1000
1672/1672 - 4s - loss: 5.2538e-04 - mean_squared_error: 5.2538e-04 - val_loss: 4.4981e-04 - val_mean_squared_error: 4.4981e-04
Epoch 642/1000
1672/1672 - 3s - loss: 4.9983e-04 - mean_squared_error: 4.9983e-04 - val_loss: 3.1417e-04 - val_mean_squared_error: 3.1417e-04
Epoch 643/1000
1672/1672 - 3s - loss: 0.0026 - mean_squared_error: 0.0026 - val_loss: 4.3017e-04 - val_mean_squared_error: 4.3017e-04
Epoch 644/1000
1672/1672 - 3s - loss: 6.7741e-04 - mean_squared_error: 6.7741e-04 - val_loss: 6.9652e-04 - val_mean_squared_error: 6.9652e-04
Epoch 645/1000
1672/1672 - 3s - loss: 5.5548e-04 - mean_squared_error: 5.5548e-04 - val_loss: 6.3586e-04 - val_mean_squared_error: 6.3586e-04
Epoch 646/1000
1672/1672 - 3s - loss: 5.0597e-04 - mean_squared_error: 5.0597e-04 - val_loss: 6.6852e-04 - val_mean_squared_error: 6.6852e-04
Epoch 647/1000
1672/1672 - 3s - loss: 5.8266e-04 - mean_squared_error: 5.8266e-04 - val_loss: 4.2532e-04 - val_mean_squared_error: 4.2532e-04
Epoch 648/1000
1672/1672 - 3s - loss: 5.3532e-04 - mean_squared_error: 5.3532e-04 - val_loss: 4.5960e-04 - val_mean_squared_error: 4.5960e-04
Epoch 649/1000
1672/1672 - 3s - loss: 4.2009e-04 - mean_squared_error: 4.2009e-04 - val_loss: 3.7379e-04 - val_mean_squared_error: 3.7379e-04
Epoch 650/1000
1672/1672 - 4s - loss: 5.0293e-04 - mean_squared_error: 5.0293e-04 - val_loss: 4.5042e-04 - val_mean_squared_error: 4.5042e-04
Epoch 651/1000
1672/1672 - 3s - loss: 6.1697e-04 - mean_squared_error: 6.1697e-04 - val_loss: 7.2119e-04 - val_mean_squared_error: 7.2119e-04
Epoch 652/1000
1672/1672 - 3s - loss: 7.9315e-04 - mean_squared_error: 7.9315e-04 - val_loss: 6.1417e-04 - val_mean_squared_error: 6.1417e-04
Epoch 653/1000
1672/1672 - 3s - loss: 4.7963e-04 - mean_squared_error: 4.7963e-04 - val_loss: 6.1519e-04 - val_mean_squared_error: 6.1519e-04
Epoch 654/1000
1672/1672 - 4s - loss: 4.3745e-04 - mean_squared_error: 4.3745e-04 - val_loss: 6.5381e-04 - val_mean_squared_error: 6.5381e-04
Epoch 655/1000
1672/1672 - 3s - loss: 4.8151e-04 - mean_squared_error: 4.8151e-04 - val_loss: 4.1524e-04 - val_mean_squared_error: 4.1524e-04
Epoch 656/1000
1672/1672 - 3s - loss: 5.5797e-04 - mean_squared_error: 5.5797e-04 - val_loss: 3.8798e-04 - val_mean_squared_error: 3.8798e-04
Epoch 657/1000
1672/1672 - 3s - loss: 4.2028e-04 - mean_squared_error: 4.2028e-04 - val_loss: 2.7694e-04 - val_mean_squared_error: 2.7694e-04
Epoch 658/1000
1672/1672 - 3s - loss: 5.5499e-04 - mean_squared_error: 5.5499e-04 - val_loss: 0.0010 - val_mean_squared_error: 0.0010
Epoch 659/1000
1672/1672 - 4s - loss: 4.6865e-04 - mean_squared_error: 4.6865e-04 - val_loss: 2.9482e-04 - val_mean_squared_error: 2.9481e-04
Epoch 660/1000
1672/1672 - 3s - loss: 9.2775e-04 - mean_squared_error: 9.2775e-04 - val_loss: 6.9483e-04 - val_mean_squared_error: 6.9483e-04
Epoch 661/1000
1672/1672 - 3s - loss: 4.6276e-04 - mean_squared_error: 4.6276e-04 - val_loss: 3.8775e-04 - val_mean_squared_error: 3.8775e-04
Epoch 662/1000
1672/1672 - 3s - loss: 5.7710e-04 - mean_squared_error: 5.7710e-04 - val_loss: 4.3276e-04 - val_mean_squared_error: 4.3276e-04
Epoch 663/1000
1672/1672 - 3s - loss: 5.0249e-04 - mean_squared_error: 5.0249e-04 - val_loss: 2.6733e-04 - val_mean_squared_error: 2.6733e-04
Epoch 664/1000
1672/1672 - 3s - loss: 6.2862e-04 - mean_squared_error: 6.2862e-04 - val_loss: 4.6804e-04 - val_mean_squared_error: 4.6804e-04
Epoch 665/1000
1672/1672 - 3s - loss: 4.9583e-04 - mean_squared_error: 4.9583e-04 - val_loss: 6.3329e-04 - val_mean_squared_error: 6.3329e-04
