WARNING: Logging before flag parsing goes to stderr.
W0228 15:14:17.009010 140037870176064 deprecation.py:506] From /home/zoshs2/anaconda3/envs/tf_gpu/lib/python3.7/site-packages/tensorflow/python/ops/init_ops.py:1251: calling VarianceScaling.__init__ (from tensorflow.python.ops.init_ops) with dtype is deprecated and will be removed in a future version.
Instructions for updating:
Call initializer instance with the dtype argument instead of passing it to the constructor
2020-02-28 15:14:18.151488: I tensorflow/core/platform/cpu_feature_guard.cc:142] Your CPU supports instructions that this TensorFlow binary was not compiled to use: SSE4.1 SSE4.2 AVX AVX2 FMA
2020-02-28 15:14:18.159140: I tensorflow/core/platform/profile_utils/cpu_utils.cc:94] CPU Frequency: 2199870000 Hz
2020-02-28 15:14:18.161428: I tensorflow/compiler/xla/service/service.cc:168] XLA service 0x55cdfa094f10 executing computations on platform Host. Devices:
2020-02-28 15:14:18.161458: I tensorflow/compiler/xla/service/service.cc:175]   StreamExecutor device (0): <undefined>, <undefined>
2020-02-28 15:14:18.162764: I tensorflow/stream_executor/platform/default/dso_loader.cc:42] Successfully opened dynamic library libcuda.so.1
2020-02-28 15:14:20.021173: I tensorflow/core/common_runtime/gpu/gpu_device.cc:1640] Found device 0 with properties: 
name: Tesla V100-PCIE-16GB major: 7 minor: 0 memoryClockRate(GHz): 1.38
pciBusID: 0000:04:00.0
2020-02-28 15:14:20.021704: I tensorflow/stream_executor/platform/default/dso_loader.cc:42] Successfully opened dynamic library libcudart.so.10.1
2020-02-28 15:14:20.025882: I tensorflow/stream_executor/platform/default/dso_loader.cc:42] Successfully opened dynamic library libcublas.so.10
2020-02-28 15:14:20.030123: I tensorflow/stream_executor/platform/default/dso_loader.cc:42] Successfully opened dynamic library libcufft.so.10
2020-02-28 15:14:20.030931: I tensorflow/stream_executor/platform/default/dso_loader.cc:42] Successfully opened dynamic library libcurand.so.10
2020-02-28 15:14:20.035796: I tensorflow/stream_executor/platform/default/dso_loader.cc:42] Successfully opened dynamic library libcusolver.so.10
2020-02-28 15:14:20.038530: I tensorflow/stream_executor/platform/default/dso_loader.cc:42] Successfully opened dynamic library libcusparse.so.10
2020-02-28 15:14:20.048054: I tensorflow/stream_executor/platform/default/dso_loader.cc:42] Successfully opened dynamic library libcudnn.so.7
2020-02-28 15:14:20.094775: I tensorflow/core/common_runtime/gpu/gpu_device.cc:1763] Adding visible gpu devices: 0
2020-02-28 15:14:20.094906: I tensorflow/stream_executor/platform/default/dso_loader.cc:42] Successfully opened dynamic library libcudart.so.10.1
2020-02-28 15:14:20.302781: I tensorflow/core/common_runtime/gpu/gpu_device.cc:1181] Device interconnect StreamExecutor with strength 1 edge matrix:
2020-02-28 15:14:20.302824: I tensorflow/core/common_runtime/gpu/gpu_device.cc:1187]      0 
2020-02-28 15:14:20.302837: I tensorflow/core/common_runtime/gpu/gpu_device.cc:1200] 0:   N 
2020-02-28 15:14:20.306954: I tensorflow/core/common_runtime/gpu/gpu_device.cc:1326] Created TensorFlow device (/job:localhost/replica:0/task:0/device:GPU:0 with 15051 MB memory) -> physical GPU (device: 0, name: Tesla V100-PCIE-16GB, pci bus id: 0000:04:00.0, compute capability: 7.0)
2020-02-28 15:14:20.309721: I tensorflow/compiler/xla/service/service.cc:168] XLA service 0x55cdfaea5e00 executing computations on platform CUDA. Devices:
2020-02-28 15:14:20.309746: I tensorflow/compiler/xla/service/service.cc:175]   StreamExecutor device (0): Tesla V100-PCIE-16GB, Compute Capability 7.0
2020-02-28 15:14:22.489835: I tensorflow/stream_executor/platform/default/dso_loader.cc:42] Successfully opened dynamic library libcublas.so.10
2020-02-28 15:14:22.773987: I tensorflow/stream_executor/platform/default/dso_loader.cc:42] Successfully opened dynamic library libcudnn.so.7
TESTSET SAVE!
Train on 1715 samples, validate on 429 samples
Epoch 1/1000
1715/1715 - 9s - loss: 0.1080 - mean_squared_error: 0.1080 - val_loss: 0.1417 - val_mean_squared_error: 0.1417
Epoch 2/1000
1715/1715 - 3s - loss: 0.0496 - mean_squared_error: 0.0496 - val_loss: 0.1355 - val_mean_squared_error: 0.1355
Epoch 3/1000
1715/1715 - 4s - loss: 0.0375 - mean_squared_error: 0.0375 - val_loss: 0.0256 - val_mean_squared_error: 0.0256
Epoch 4/1000
1715/1715 - 3s - loss: 0.0338 - mean_squared_error: 0.0338 - val_loss: 0.0144 - val_mean_squared_error: 0.0144
Epoch 5/1000
1715/1715 - 3s - loss: 0.0287 - mean_squared_error: 0.0287 - val_loss: 0.0211 - val_mean_squared_error: 0.0211
Epoch 6/1000
1715/1715 - 4s - loss: 0.0213 - mean_squared_error: 0.0213 - val_loss: 0.0113 - val_mean_squared_error: 0.0113
Epoch 7/1000
1715/1715 - 3s - loss: 0.0218 - mean_squared_error: 0.0218 - val_loss: 0.0115 - val_mean_squared_error: 0.0115
Epoch 8/1000
1715/1715 - 3s - loss: 0.0180 - mean_squared_error: 0.0180 - val_loss: 0.0255 - val_mean_squared_error: 0.0255
Epoch 9/1000
1715/1715 - 3s - loss: 0.0176 - mean_squared_error: 0.0176 - val_loss: 0.0064 - val_mean_squared_error: 0.0064
Epoch 10/1000
1715/1715 - 3s - loss: 0.0198 - mean_squared_error: 0.0198 - val_loss: 0.0080 - val_mean_squared_error: 0.0080
Epoch 11/1000
1715/1715 - 3s - loss: 0.0160 - mean_squared_error: 0.0160 - val_loss: 0.0083 - val_mean_squared_error: 0.0083
Epoch 12/1000
1715/1715 - 4s - loss: 0.0169 - mean_squared_error: 0.0169 - val_loss: 0.0083 - val_mean_squared_error: 0.0083
Epoch 13/1000
1715/1715 - 3s - loss: 0.0166 - mean_squared_error: 0.0166 - val_loss: 0.0088 - val_mean_squared_error: 0.0088
Epoch 14/1000
1715/1715 - 3s - loss: 0.0164 - mean_squared_error: 0.0164 - val_loss: 0.0108 - val_mean_squared_error: 0.0108
Epoch 15/1000
1715/1715 - 4s - loss: 0.0188 - mean_squared_error: 0.0188 - val_loss: 0.0061 - val_mean_squared_error: 0.0061
Epoch 16/1000
1715/1715 - 3s - loss: 0.0167 - mean_squared_error: 0.0167 - val_loss: 0.0053 - val_mean_squared_error: 0.0053
Epoch 17/1000
1715/1715 - 3s - loss: 0.0138 - mean_squared_error: 0.0138 - val_loss: 0.0067 - val_mean_squared_error: 0.0067
Epoch 18/1000
1715/1715 - 3s - loss: 0.0128 - mean_squared_error: 0.0128 - val_loss: 0.0045 - val_mean_squared_error: 0.0045
Epoch 19/1000
1715/1715 - 3s - loss: 0.0113 - mean_squared_error: 0.0113 - val_loss: 0.0033 - val_mean_squared_error: 0.0033
Epoch 20/1000
1715/1715 - 3s - loss: 0.0106 - mean_squared_error: 0.0106 - val_loss: 0.0063 - val_mean_squared_error: 0.0063
Epoch 21/1000
1715/1715 - 3s - loss: 0.0106 - mean_squared_error: 0.0106 - val_loss: 0.0054 - val_mean_squared_error: 0.0054
Epoch 22/1000
1715/1715 - 3s - loss: 0.0111 - mean_squared_error: 0.0111 - val_loss: 0.0122 - val_mean_squared_error: 0.0122
Epoch 23/1000
1715/1715 - 3s - loss: 0.0104 - mean_squared_error: 0.0104 - val_loss: 0.0058 - val_mean_squared_error: 0.0058
Epoch 24/1000
1715/1715 - 3s - loss: 0.0167 - mean_squared_error: 0.0167 - val_loss: 0.0061 - val_mean_squared_error: 0.0061
Epoch 25/1000
1715/1715 - 3s - loss: 0.0108 - mean_squared_error: 0.0108 - val_loss: 0.0057 - val_mean_squared_error: 0.0057
Epoch 26/1000
1715/1715 - 3s - loss: 0.0119 - mean_squared_error: 0.0119 - val_loss: 0.0040 - val_mean_squared_error: 0.0040
Epoch 27/1000
1715/1715 - 3s - loss: 0.0116 - mean_squared_error: 0.0116 - val_loss: 0.0051 - val_mean_squared_error: 0.0051
Epoch 28/1000
1715/1715 - 3s - loss: 0.0104 - mean_squared_error: 0.0104 - val_loss: 0.0049 - val_mean_squared_error: 0.0049
Epoch 29/1000
1715/1715 - 3s - loss: 0.0097 - mean_squared_error: 0.0097 - val_loss: 0.0033 - val_mean_squared_error: 0.0033
Epoch 30/1000
1715/1715 - 3s - loss: 0.0087 - mean_squared_error: 0.0087 - val_loss: 0.0031 - val_mean_squared_error: 0.0031
Epoch 31/1000
1715/1715 - 3s - loss: 0.0081 - mean_squared_error: 0.0081 - val_loss: 0.0093 - val_mean_squared_error: 0.0093
Epoch 32/1000
1715/1715 - 3s - loss: 0.0094 - mean_squared_error: 0.0094 - val_loss: 0.0047 - val_mean_squared_error: 0.0047
Epoch 33/1000
1715/1715 - 3s - loss: 0.0115 - mean_squared_error: 0.0115 - val_loss: 0.0048 - val_mean_squared_error: 0.0048
Epoch 34/1000
1715/1715 - 3s - loss: 0.0081 - mean_squared_error: 0.0081 - val_loss: 0.0048 - val_mean_squared_error: 0.0048
Epoch 35/1000
1715/1715 - 3s - loss: 0.0080 - mean_squared_error: 0.0080 - val_loss: 0.0057 - val_mean_squared_error: 0.0057
Epoch 36/1000
1715/1715 - 3s - loss: 0.0063 - mean_squared_error: 0.0063 - val_loss: 0.0043 - val_mean_squared_error: 0.0043
Epoch 37/1000
1715/1715 - 3s - loss: 0.0071 - mean_squared_error: 0.0071 - val_loss: 0.0032 - val_mean_squared_error: 0.0032
Epoch 38/1000
1715/1715 - 3s - loss: 0.0076 - mean_squared_error: 0.0076 - val_loss: 0.0056 - val_mean_squared_error: 0.0056
Epoch 39/1000
1715/1715 - 4s - loss: 0.0063 - mean_squared_error: 0.0063 - val_loss: 0.0029 - val_mean_squared_error: 0.0029
Epoch 40/1000
1715/1715 - 3s - loss: 0.0055 - mean_squared_error: 0.0055 - val_loss: 0.0034 - val_mean_squared_error: 0.0034
Epoch 41/1000
1715/1715 - 3s - loss: 0.0062 - mean_squared_error: 0.0062 - val_loss: 0.0029 - val_mean_squared_error: 0.0029
Epoch 42/1000
1715/1715 - 3s - loss: 0.0059 - mean_squared_error: 0.0059 - val_loss: 0.0034 - val_mean_squared_error: 0.0034
Epoch 43/1000
1715/1715 - 3s - loss: 0.0050 - mean_squared_error: 0.0050 - val_loss: 0.0028 - val_mean_squared_error: 0.0028
Epoch 44/1000
1715/1715 - 4s - loss: 0.0056 - mean_squared_error: 0.0056 - val_loss: 0.0043 - val_mean_squared_error: 0.0043
Epoch 45/1000
1715/1715 - 3s - loss: 0.0060 - mean_squared_error: 0.0060 - val_loss: 0.0026 - val_mean_squared_error: 0.0026
Epoch 46/1000
1715/1715 - 3s - loss: 0.0066 - mean_squared_error: 0.0066 - val_loss: 0.0409 - val_mean_squared_error: 0.0409
Epoch 47/1000
1715/1715 - 3s - loss: 0.0051 - mean_squared_error: 0.0051 - val_loss: 0.0023 - val_mean_squared_error: 0.0023
Epoch 48/1000
1715/1715 - 3s - loss: 0.0054 - mean_squared_error: 0.0054 - val_loss: 0.0058 - val_mean_squared_error: 0.0058
Epoch 49/1000
1715/1715 - 3s - loss: 0.0051 - mean_squared_error: 0.0051 - val_loss: 0.0045 - val_mean_squared_error: 0.0045
Epoch 50/1000
1715/1715 - 3s - loss: 0.0042 - mean_squared_error: 0.0042 - val_loss: 0.0014 - val_mean_squared_error: 0.0014
Epoch 51/1000
1715/1715 - 3s - loss: 0.0044 - mean_squared_error: 0.0044 - val_loss: 0.0163 - val_mean_squared_error: 0.0163
Epoch 52/1000
1715/1715 - 3s - loss: 0.0064 - mean_squared_error: 0.0064 - val_loss: 0.0042 - val_mean_squared_error: 0.0042
Epoch 53/1000
1715/1715 - 4s - loss: 0.0046 - mean_squared_error: 0.0046 - val_loss: 0.0015 - val_mean_squared_error: 0.0015
Epoch 54/1000
1715/1715 - 3s - loss: 0.0047 - mean_squared_error: 0.0047 - val_loss: 0.0018 - val_mean_squared_error: 0.0018
Epoch 55/1000
1715/1715 - 3s - loss: 0.0045 - mean_squared_error: 0.0045 - val_loss: 0.0023 - val_mean_squared_error: 0.0023
Epoch 56/1000
1715/1715 - 3s - loss: 0.0049 - mean_squared_error: 0.0049 - val_loss: 0.0021 - val_mean_squared_error: 0.0021
Epoch 57/1000
1715/1715 - 3s - loss: 0.0042 - mean_squared_error: 0.0042 - val_loss: 0.0021 - val_mean_squared_error: 0.0021
Epoch 58/1000
1715/1715 - 3s - loss: 0.0044 - mean_squared_error: 0.0044 - val_loss: 0.0032 - val_mean_squared_error: 0.0032
Epoch 59/1000
1715/1715 - 3s - loss: 0.0030 - mean_squared_error: 0.0030 - val_loss: 0.0014 - val_mean_squared_error: 0.0014
Epoch 60/1000
1715/1715 - 3s - loss: 0.0032 - mean_squared_error: 0.0032 - val_loss: 0.0015 - val_mean_squared_error: 0.0015
Epoch 61/1000
1715/1715 - 3s - loss: 0.0047 - mean_squared_error: 0.0047 - val_loss: 0.0027 - val_mean_squared_error: 0.0027
Epoch 62/1000
1715/1715 - 3s - loss: 0.0044 - mean_squared_error: 0.0044 - val_loss: 0.0023 - val_mean_squared_error: 0.0023
Epoch 63/1000
1715/1715 - 3s - loss: 0.0032 - mean_squared_error: 0.0032 - val_loss: 0.0016 - val_mean_squared_error: 0.0016
Epoch 64/1000
1715/1715 - 3s - loss: 0.0039 - mean_squared_error: 0.0039 - val_loss: 0.0019 - val_mean_squared_error: 0.0019
Epoch 65/1000
1715/1715 - 3s - loss: 0.0042 - mean_squared_error: 0.0042 - val_loss: 0.0026 - val_mean_squared_error: 0.0026
Epoch 66/1000
1715/1715 - 3s - loss: 0.0053 - mean_squared_error: 0.0053 - val_loss: 0.0031 - val_mean_squared_error: 0.0031
Epoch 67/1000
1715/1715 - 3s - loss: 0.0041 - mean_squared_error: 0.0041 - val_loss: 0.0018 - val_mean_squared_error: 0.0018
Epoch 68/1000
1715/1715 - 3s - loss: 0.0031 - mean_squared_error: 0.0031 - val_loss: 0.0019 - val_mean_squared_error: 0.0019
Epoch 69/1000
1715/1715 - 3s - loss: 0.0026 - mean_squared_error: 0.0026 - val_loss: 0.0012 - val_mean_squared_error: 0.0012
Epoch 70/1000
1715/1715 - 3s - loss: 0.0033 - mean_squared_error: 0.0033 - val_loss: 0.0016 - val_mean_squared_error: 0.0016
Epoch 71/1000
1715/1715 - 3s - loss: 0.0038 - mean_squared_error: 0.0038 - val_loss: 0.0018 - val_mean_squared_error: 0.0018
Epoch 72/1000
1715/1715 - 3s - loss: 0.0030 - mean_squared_error: 0.0030 - val_loss: 0.0026 - val_mean_squared_error: 0.0026
Epoch 73/1000
1715/1715 - 3s - loss: 0.0040 - mean_squared_error: 0.0040 - val_loss: 0.0015 - val_mean_squared_error: 0.0015
Epoch 74/1000
1715/1715 - 3s - loss: 0.0037 - mean_squared_error: 0.0037 - val_loss: 0.0028 - val_mean_squared_error: 0.0028
Epoch 75/1000
1715/1715 - 3s - loss: 0.0032 - mean_squared_error: 0.0032 - val_loss: 9.9116e-04 - val_mean_squared_error: 9.9116e-04
Epoch 76/1000
1715/1715 - 3s - loss: 0.0032 - mean_squared_error: 0.0032 - val_loss: 0.0022 - val_mean_squared_error: 0.0022
Epoch 77/1000
1715/1715 - 3s - loss: 0.0040 - mean_squared_error: 0.0040 - val_loss: 0.0012 - val_mean_squared_error: 0.0012
Epoch 78/1000
1715/1715 - 3s - loss: 0.0024 - mean_squared_error: 0.0024 - val_loss: 0.0013 - val_mean_squared_error: 0.0013
Epoch 79/1000
1715/1715 - 3s - loss: 0.0023 - mean_squared_error: 0.0023 - val_loss: 0.0011 - val_mean_squared_error: 0.0011
Epoch 80/1000
1715/1715 - 3s - loss: 0.0035 - mean_squared_error: 0.0035 - val_loss: 0.0017 - val_mean_squared_error: 0.0017
Epoch 81/1000
1715/1715 - 3s - loss: 0.0033 - mean_squared_error: 0.0033 - val_loss: 0.0010 - val_mean_squared_error: 0.0010
Epoch 82/1000
1715/1715 - 3s - loss: 0.0028 - mean_squared_error: 0.0028 - val_loss: 0.0011 - val_mean_squared_error: 0.0011
Epoch 83/1000
1715/1715 - 3s - loss: 0.0024 - mean_squared_error: 0.0024 - val_loss: 9.9356e-04 - val_mean_squared_error: 9.9356e-04
Epoch 84/1000
1715/1715 - 3s - loss: 0.0023 - mean_squared_error: 0.0023 - val_loss: 0.0012 - val_mean_squared_error: 0.0012
Epoch 85/1000
1715/1715 - 3s - loss: 0.0035 - mean_squared_error: 0.0035 - val_loss: 0.0013 - val_mean_squared_error: 0.0013
Epoch 86/1000
1715/1715 - 3s - loss: 0.0030 - mean_squared_error: 0.0030 - val_loss: 0.0011 - val_mean_squared_error: 0.0011
Epoch 87/1000
1715/1715 - 3s - loss: 0.0020 - mean_squared_error: 0.0020 - val_loss: 0.0016 - val_mean_squared_error: 0.0016
Epoch 88/1000
1715/1715 - 3s - loss: 0.0018 - mean_squared_error: 0.0018 - val_loss: 0.0011 - val_mean_squared_error: 0.0011
Epoch 89/1000
1715/1715 - 3s - loss: 0.0025 - mean_squared_error: 0.0025 - val_loss: 9.4723e-04 - val_mean_squared_error: 9.4723e-04
Epoch 90/1000
1715/1715 - 3s - loss: 0.0029 - mean_squared_error: 0.0029 - val_loss: 0.0013 - val_mean_squared_error: 0.0013
Epoch 91/1000
1715/1715 - 3s - loss: 0.0026 - mean_squared_error: 0.0026 - val_loss: 0.0015 - val_mean_squared_error: 0.0015
Epoch 92/1000
1715/1715 - 3s - loss: 0.0024 - mean_squared_error: 0.0024 - val_loss: 0.0012 - val_mean_squared_error: 0.0012
Epoch 93/1000
1715/1715 - 3s - loss: 0.0022 - mean_squared_error: 0.0022 - val_loss: 0.0014 - val_mean_squared_error: 0.0014
Epoch 94/1000
1715/1715 - 3s - loss: 0.0017 - mean_squared_error: 0.0017 - val_loss: 0.0014 - val_mean_squared_error: 0.0014
Epoch 95/1000
1715/1715 - 3s - loss: 0.0025 - mean_squared_error: 0.0025 - val_loss: 0.0012 - val_mean_squared_error: 0.0012
Epoch 96/1000
1715/1715 - 3s - loss: 0.0024 - mean_squared_error: 0.0024 - val_loss: 0.0011 - val_mean_squared_error: 0.0011
Epoch 97/1000
1715/1715 - 3s - loss: 0.0022 - mean_squared_error: 0.0022 - val_loss: 9.3764e-04 - val_mean_squared_error: 9.3764e-04
Epoch 98/1000
1715/1715 - 3s - loss: 0.0048 - mean_squared_error: 0.0048 - val_loss: 0.0032 - val_mean_squared_error: 0.0032
Epoch 99/1000
1715/1715 - 3s - loss: 0.0040 - mean_squared_error: 0.0040 - val_loss: 0.0042 - val_mean_squared_error: 0.0042
Epoch 100/1000
1715/1715 - 3s - loss: 0.0029 - mean_squared_error: 0.0029 - val_loss: 0.0012 - val_mean_squared_error: 0.0012
Epoch 101/1000
1715/1715 - 3s - loss: 0.0022 - mean_squared_error: 0.0022 - val_loss: 0.0023 - val_mean_squared_error: 0.0023
Epoch 102/1000
1715/1715 - 3s - loss: 0.0021 - mean_squared_error: 0.0021 - val_loss: 9.8107e-04 - val_mean_squared_error: 9.8107e-04
Epoch 103/1000
1715/1715 - 3s - loss: 0.0018 - mean_squared_error: 0.0018 - val_loss: 0.0011 - val_mean_squared_error: 0.0011
Epoch 104/1000
1715/1715 - 3s - loss: 0.0019 - mean_squared_error: 0.0019 - val_loss: 8.0559e-04 - val_mean_squared_error: 8.0559e-04
Epoch 105/1000
1715/1715 - 3s - loss: 0.0019 - mean_squared_error: 0.0019 - val_loss: 0.0011 - val_mean_squared_error: 0.0011
Epoch 106/1000
1715/1715 - 3s - loss: 0.0018 - mean_squared_error: 0.0018 - val_loss: 0.0011 - val_mean_squared_error: 0.0011
Epoch 107/1000
1715/1715 - 3s - loss: 0.0018 - mean_squared_error: 0.0018 - val_loss: 0.0011 - val_mean_squared_error: 0.0011
Epoch 108/1000
1715/1715 - 3s - loss: 0.0019 - mean_squared_error: 0.0019 - val_loss: 0.0014 - val_mean_squared_error: 0.0014
Epoch 109/1000
1715/1715 - 3s - loss: 0.0017 - mean_squared_error: 0.0017 - val_loss: 8.2880e-04 - val_mean_squared_error: 8.2880e-04
Epoch 110/1000
1715/1715 - 3s - loss: 0.0022 - mean_squared_error: 0.0022 - val_loss: 0.0018 - val_mean_squared_error: 0.0018
Epoch 111/1000
1715/1715 - 3s - loss: 0.0031 - mean_squared_error: 0.0031 - val_loss: 0.0015 - val_mean_squared_error: 0.0015
Epoch 112/1000
1715/1715 - 3s - loss: 0.0023 - mean_squared_error: 0.0023 - val_loss: 0.0016 - val_mean_squared_error: 0.0016
Epoch 113/1000
1715/1715 - 3s - loss: 0.0025 - mean_squared_error: 0.0025 - val_loss: 0.0014 - val_mean_squared_error: 0.0014
Epoch 114/1000
1715/1715 - 3s - loss: 0.0021 - mean_squared_error: 0.0021 - val_loss: 9.4173e-04 - val_mean_squared_error: 9.4173e-04
Epoch 115/1000
1715/1715 - 3s - loss: 0.0019 - mean_squared_error: 0.0019 - val_loss: 0.0014 - val_mean_squared_error: 0.0014
Epoch 116/1000
1715/1715 - 3s - loss: 0.0023 - mean_squared_error: 0.0023 - val_loss: 0.0100 - val_mean_squared_error: 0.0100
Epoch 117/1000
1715/1715 - 3s - loss: 0.0040 - mean_squared_error: 0.0040 - val_loss: 0.0020 - val_mean_squared_error: 0.0020
Epoch 118/1000
1715/1715 - 3s - loss: 0.0019 - mean_squared_error: 0.0019 - val_loss: 0.0010 - val_mean_squared_error: 0.0010
Epoch 119/1000
1715/1715 - 3s - loss: 0.0031 - mean_squared_error: 0.0031 - val_loss: 0.0014 - val_mean_squared_error: 0.0014
Epoch 120/1000
1715/1715 - 3s - loss: 0.0019 - mean_squared_error: 0.0019 - val_loss: 0.0014 - val_mean_squared_error: 0.0014
Epoch 121/1000
1715/1715 - 3s - loss: 0.0023 - mean_squared_error: 0.0023 - val_loss: 0.0018 - val_mean_squared_error: 0.0018
Epoch 122/1000
1715/1715 - 3s - loss: 0.0023 - mean_squared_error: 0.0023 - val_loss: 0.0037 - val_mean_squared_error: 0.0037
Epoch 123/1000
1715/1715 - 3s - loss: 0.0037 - mean_squared_error: 0.0037 - val_loss: 0.0013 - val_mean_squared_error: 0.0013
Epoch 124/1000
1715/1715 - 3s - loss: 0.0022 - mean_squared_error: 0.0022 - val_loss: 9.6786e-04 - val_mean_squared_error: 9.6786e-04
Epoch 125/1000
1715/1715 - 3s - loss: 0.0023 - mean_squared_error: 0.0023 - val_loss: 0.0012 - val_mean_squared_error: 0.0012
Epoch 126/1000
1715/1715 - 3s - loss: 0.0018 - mean_squared_error: 0.0018 - val_loss: 8.6052e-04 - val_mean_squared_error: 8.6052e-04
Epoch 127/1000
1715/1715 - 3s - loss: 0.0019 - mean_squared_error: 0.0019 - val_loss: 0.0014 - val_mean_squared_error: 0.0014
Epoch 128/1000
1715/1715 - 3s - loss: 0.0025 - mean_squared_error: 0.0025 - val_loss: 0.0013 - val_mean_squared_error: 0.0013
Epoch 129/1000
1715/1715 - 3s - loss: 0.0031 - mean_squared_error: 0.0031 - val_loss: 0.0014 - val_mean_squared_error: 0.0014
Epoch 130/1000
1715/1715 - 3s - loss: 0.0027 - mean_squared_error: 0.0027 - val_loss: 8.4246e-04 - val_mean_squared_error: 8.4246e-04
Epoch 131/1000
1715/1715 - 3s - loss: 0.0021 - mean_squared_error: 0.0021 - val_loss: 0.0011 - val_mean_squared_error: 0.0011
Epoch 132/1000
1715/1715 - 3s - loss: 0.0021 - mean_squared_error: 0.0021 - val_loss: 0.0012 - val_mean_squared_error: 0.0012
Epoch 133/1000
1715/1715 - 3s - loss: 0.0017 - mean_squared_error: 0.0017 - val_loss: 9.9607e-04 - val_mean_squared_error: 9.9607e-04
Epoch 134/1000
1715/1715 - 3s - loss: 0.0017 - mean_squared_error: 0.0017 - val_loss: 8.5105e-04 - val_mean_squared_error: 8.5105e-04
Epoch 135/1000
1715/1715 - 3s - loss: 0.0013 - mean_squared_error: 0.0013 - val_loss: 8.1195e-04 - val_mean_squared_error: 8.1195e-04
Epoch 136/1000
1715/1715 - 3s - loss: 0.0016 - mean_squared_error: 0.0016 - val_loss: 0.0012 - val_mean_squared_error: 0.0012
Epoch 137/1000
1715/1715 - 3s - loss: 0.0015 - mean_squared_error: 0.0015 - val_loss: 7.3745e-04 - val_mean_squared_error: 7.3745e-04
Epoch 138/1000
1715/1715 - 3s - loss: 0.0016 - mean_squared_error: 0.0016 - val_loss: 7.7010e-04 - val_mean_squared_error: 7.7010e-04
Epoch 139/1000
1715/1715 - 3s - loss: 0.0014 - mean_squared_error: 0.0014 - val_loss: 8.2949e-04 - val_mean_squared_error: 8.2949e-04
Epoch 140/1000
1715/1715 - 3s - loss: 0.0018 - mean_squared_error: 0.0018 - val_loss: 8.1706e-04 - val_mean_squared_error: 8.1706e-04
Epoch 141/1000
1715/1715 - 3s - loss: 0.0015 - mean_squared_error: 0.0015 - val_loss: 8.7860e-04 - val_mean_squared_error: 8.7860e-04
Epoch 142/1000
1715/1715 - 3s - loss: 0.0024 - mean_squared_error: 0.0024 - val_loss: 0.0011 - val_mean_squared_error: 0.0011
Epoch 143/1000
1715/1715 - 3s - loss: 0.0020 - mean_squared_error: 0.0020 - val_loss: 0.0034 - val_mean_squared_error: 0.0034
Epoch 144/1000
1715/1715 - 3s - loss: 0.0018 - mean_squared_error: 0.0018 - val_loss: 7.6787e-04 - val_mean_squared_error: 7.6787e-04
Epoch 145/1000
1715/1715 - 3s - loss: 0.0021 - mean_squared_error: 0.0021 - val_loss: 0.0014 - val_mean_squared_error: 0.0014
Epoch 146/1000
1715/1715 - 3s - loss: 0.0022 - mean_squared_error: 0.0022 - val_loss: 0.0013 - val_mean_squared_error: 0.0013
Epoch 147/1000
1715/1715 - 3s - loss: 0.0015 - mean_squared_error: 0.0015 - val_loss: 0.0013 - val_mean_squared_error: 0.0013
Epoch 148/1000
1715/1715 - 3s - loss: 0.0015 - mean_squared_error: 0.0015 - val_loss: 8.3152e-04 - val_mean_squared_error: 8.3152e-04
Epoch 149/1000
1715/1715 - 3s - loss: 0.0017 - mean_squared_error: 0.0017 - val_loss: 0.0014 - val_mean_squared_error: 0.0014
Epoch 150/1000
1715/1715 - 3s - loss: 0.0017 - mean_squared_error: 0.0017 - val_loss: 8.1289e-04 - val_mean_squared_error: 8.1289e-04
Epoch 151/1000
1715/1715 - 3s - loss: 0.0013 - mean_squared_error: 0.0013 - val_loss: 8.1318e-04 - val_mean_squared_error: 8.1318e-04
Epoch 152/1000
1715/1715 - 3s - loss: 0.0011 - mean_squared_error: 0.0011 - val_loss: 0.0011 - val_mean_squared_error: 0.0011
Epoch 153/1000
1715/1715 - 3s - loss: 0.0013 - mean_squared_error: 0.0013 - val_loss: 7.5377e-04 - val_mean_squared_error: 7.5378e-04
Epoch 154/1000
1715/1715 - 3s - loss: 0.0015 - mean_squared_error: 0.0015 - val_loss: 8.5456e-04 - val_mean_squared_error: 8.5456e-04
Epoch 155/1000
1715/1715 - 3s - loss: 0.0014 - mean_squared_error: 0.0014 - val_loss: 0.0012 - val_mean_squared_error: 0.0012
Epoch 156/1000
1715/1715 - 4s - loss: 0.0015 - mean_squared_error: 0.0015 - val_loss: 7.2119e-04 - val_mean_squared_error: 7.2119e-04
Epoch 157/1000
1715/1715 - 3s - loss: 0.0013 - mean_squared_error: 0.0013 - val_loss: 9.2060e-04 - val_mean_squared_error: 9.2060e-04
Epoch 158/1000
1715/1715 - 3s - loss: 0.0011 - mean_squared_error: 0.0011 - val_loss: 0.0013 - val_mean_squared_error: 0.0013
Epoch 159/1000
1715/1715 - 3s - loss: 0.0012 - mean_squared_error: 0.0012 - val_loss: 8.8829e-04 - val_mean_squared_error: 8.8829e-04
Epoch 160/1000
1715/1715 - 3s - loss: 0.0012 - mean_squared_error: 0.0012 - val_loss: 6.1226e-04 - val_mean_squared_error: 6.1226e-04
Epoch 161/1000
1715/1715 - 3s - loss: 0.0013 - mean_squared_error: 0.0013 - val_loss: 0.0013 - val_mean_squared_error: 0.0013
Epoch 162/1000
1715/1715 - 3s - loss: 0.0029 - mean_squared_error: 0.0029 - val_loss: 0.0011 - val_mean_squared_error: 0.0011
Epoch 163/1000
1715/1715 - 3s - loss: 0.0025 - mean_squared_error: 0.0025 - val_loss: 7.9519e-04 - val_mean_squared_error: 7.9519e-04
Epoch 164/1000
1715/1715 - 3s - loss: 0.0016 - mean_squared_error: 0.0016 - val_loss: 8.7510e-04 - val_mean_squared_error: 8.7510e-04
Epoch 165/1000
1715/1715 - 3s - loss: 0.0011 - mean_squared_error: 0.0011 - val_loss: 9.4978e-04 - val_mean_squared_error: 9.4978e-04
Epoch 166/1000
1715/1715 - 3s - loss: 0.0013 - mean_squared_error: 0.0013 - val_loss: 6.2150e-04 - val_mean_squared_error: 6.2150e-04
Epoch 167/1000
1715/1715 - 3s - loss: 0.0012 - mean_squared_error: 0.0012 - val_loss: 0.0010 - val_mean_squared_error: 0.0010
Epoch 168/1000
1715/1715 - 3s - loss: 0.0017 - mean_squared_error: 0.0017 - val_loss: 8.6812e-04 - val_mean_squared_error: 8.6812e-04
Epoch 169/1000
1715/1715 - 3s - loss: 0.0023 - mean_squared_error: 0.0023 - val_loss: 0.0016 - val_mean_squared_error: 0.0016
Epoch 170/1000
1715/1715 - 3s - loss: 0.0013 - mean_squared_error: 0.0013 - val_loss: 0.0020 - val_mean_squared_error: 0.0020
Epoch 171/1000
1715/1715 - 3s - loss: 0.0016 - mean_squared_error: 0.0016 - val_loss: 9.7607e-04 - val_mean_squared_error: 9.7607e-04
Epoch 172/1000
1715/1715 - 3s - loss: 0.0014 - mean_squared_error: 0.0014 - val_loss: 0.0012 - val_mean_squared_error: 0.0012
Epoch 173/1000
1715/1715 - 3s - loss: 0.0011 - mean_squared_error: 0.0011 - val_loss: 7.9603e-04 - val_mean_squared_error: 7.9603e-04
Epoch 174/1000
1715/1715 - 3s - loss: 0.0012 - mean_squared_error: 0.0012 - val_loss: 8.6441e-04 - val_mean_squared_error: 8.6441e-04
Epoch 175/1000
1715/1715 - 3s - loss: 0.0012 - mean_squared_error: 0.0012 - val_loss: 9.9937e-04 - val_mean_squared_error: 9.9937e-04
Epoch 176/1000
1715/1715 - 3s - loss: 0.0016 - mean_squared_error: 0.0016 - val_loss: 0.0024 - val_mean_squared_error: 0.0024
Epoch 177/1000
1715/1715 - 3s - loss: 0.0022 - mean_squared_error: 0.0022 - val_loss: 7.5342e-04 - val_mean_squared_error: 7.5342e-04
Epoch 178/1000
1715/1715 - 3s - loss: 0.0013 - mean_squared_error: 0.0013 - val_loss: 6.9470e-04 - val_mean_squared_error: 6.9470e-04
Epoch 179/1000
1715/1715 - 3s - loss: 0.0019 - mean_squared_error: 0.0019 - val_loss: 0.0021 - val_mean_squared_error: 0.0021
Epoch 180/1000
1715/1715 - 3s - loss: 0.0018 - mean_squared_error: 0.0018 - val_loss: 0.0010 - val_mean_squared_error: 0.0010
Epoch 181/1000
1715/1715 - 3s - loss: 0.0012 - mean_squared_error: 0.0012 - val_loss: 0.0016 - val_mean_squared_error: 0.0016
Epoch 182/1000
1715/1715 - 3s - loss: 9.8652e-04 - mean_squared_error: 9.8652e-04 - val_loss: 6.4754e-04 - val_mean_squared_error: 6.4754e-04
Epoch 183/1000
1715/1715 - 3s - loss: 9.8133e-04 - mean_squared_error: 9.8133e-04 - val_loss: 6.8048e-04 - val_mean_squared_error: 6.8048e-04
Epoch 184/1000
1715/1715 - 3s - loss: 0.0013 - mean_squared_error: 0.0013 - val_loss: 9.2398e-04 - val_mean_squared_error: 9.2398e-04
Epoch 185/1000
1715/1715 - 3s - loss: 0.0016 - mean_squared_error: 0.0016 - val_loss: 8.7135e-04 - val_mean_squared_error: 8.7135e-04
Epoch 186/1000
1715/1715 - 3s - loss: 0.0013 - mean_squared_error: 0.0013 - val_loss: 9.2439e-04 - val_mean_squared_error: 9.2439e-04
Epoch 187/1000
1715/1715 - 3s - loss: 0.0012 - mean_squared_error: 0.0012 - val_loss: 7.5088e-04 - val_mean_squared_error: 7.5088e-04
Epoch 188/1000
1715/1715 - 3s - loss: 0.0011 - mean_squared_error: 0.0011 - val_loss: 8.8205e-04 - val_mean_squared_error: 8.8205e-04
Epoch 189/1000
1715/1715 - 3s - loss: 0.0010 - mean_squared_error: 0.0010 - val_loss: 7.6788e-04 - val_mean_squared_error: 7.6788e-04
Epoch 190/1000
1715/1715 - 3s - loss: 0.0012 - mean_squared_error: 0.0012 - val_loss: 9.1693e-04 - val_mean_squared_error: 9.1693e-04
Epoch 191/1000
1715/1715 - 3s - loss: 0.0013 - mean_squared_error: 0.0013 - val_loss: 8.4427e-04 - val_mean_squared_error: 8.4427e-04
Epoch 192/1000
1715/1715 - 3s - loss: 0.0011 - mean_squared_error: 0.0011 - val_loss: 7.1116e-04 - val_mean_squared_error: 7.1116e-04
Epoch 193/1000
1715/1715 - 3s - loss: 0.0012 - mean_squared_error: 0.0012 - val_loss: 8.7336e-04 - val_mean_squared_error: 8.7336e-04
Epoch 194/1000
1715/1715 - 3s - loss: 0.0027 - mean_squared_error: 0.0027 - val_loss: 0.0013 - val_mean_squared_error: 0.0013
Epoch 195/1000
1715/1715 - 3s - loss: 0.0016 - mean_squared_error: 0.0016 - val_loss: 0.0011 - val_mean_squared_error: 0.0011
Epoch 196/1000
1715/1715 - 3s - loss: 0.0013 - mean_squared_error: 0.0013 - val_loss: 0.0011 - val_mean_squared_error: 0.0011
Epoch 197/1000
1715/1715 - 3s - loss: 0.0013 - mean_squared_error: 0.0013 - val_loss: 7.9478e-04 - val_mean_squared_error: 7.9478e-04
Epoch 198/1000
1715/1715 - 3s - loss: 0.0016 - mean_squared_error: 0.0016 - val_loss: 9.4989e-04 - val_mean_squared_error: 9.4989e-04
Epoch 199/1000
1715/1715 - 3s - loss: 0.0015 - mean_squared_error: 0.0015 - val_loss: 7.3028e-04 - val_mean_squared_error: 7.3028e-04
Epoch 200/1000
1715/1715 - 3s - loss: 0.0015 - mean_squared_error: 0.0015 - val_loss: 0.0011 - val_mean_squared_error: 0.0011
Epoch 201/1000
1715/1715 - 3s - loss: 0.0010 - mean_squared_error: 0.0010 - val_loss: 7.1003e-04 - val_mean_squared_error: 7.1003e-04
Epoch 202/1000
1715/1715 - 3s - loss: 8.8545e-04 - mean_squared_error: 8.8545e-04 - val_loss: 6.9570e-04 - val_mean_squared_error: 6.9570e-04
Epoch 203/1000
1715/1715 - 3s - loss: 0.0011 - mean_squared_error: 0.0011 - val_loss: 7.3057e-04 - val_mean_squared_error: 7.3057e-04
Epoch 204/1000
1715/1715 - 3s - loss: 0.0023 - mean_squared_error: 0.0023 - val_loss: 9.5240e-04 - val_mean_squared_error: 9.5240e-04
Epoch 205/1000
1715/1715 - 3s - loss: 0.0016 - mean_squared_error: 0.0016 - val_loss: 7.0503e-04 - val_mean_squared_error: 7.0503e-04
Epoch 206/1000
1715/1715 - 3s - loss: 0.0015 - mean_squared_error: 0.0015 - val_loss: 6.8099e-04 - val_mean_squared_error: 6.8099e-04
Epoch 207/1000
1715/1715 - 3s - loss: 0.0016 - mean_squared_error: 0.0016 - val_loss: 7.3438e-04 - val_mean_squared_error: 7.3438e-04
Epoch 208/1000
1715/1715 - 3s - loss: 0.0011 - mean_squared_error: 0.0011 - val_loss: 0.0010 - val_mean_squared_error: 0.0010
Epoch 209/1000
1715/1715 - 3s - loss: 0.0012 - mean_squared_error: 0.0012 - val_loss: 8.3614e-04 - val_mean_squared_error: 8.3614e-04
Epoch 210/1000
1715/1715 - 3s - loss: 9.0221e-04 - mean_squared_error: 9.0221e-04 - val_loss: 9.3020e-04 - val_mean_squared_error: 9.3020e-04
Epoch 211/1000
1715/1715 - 3s - loss: 9.5851e-04 - mean_squared_error: 9.5851e-04 - val_loss: 6.8182e-04 - val_mean_squared_error: 6.8182e-04
Epoch 212/1000
1715/1715 - 3s - loss: 0.0011 - mean_squared_error: 0.0011 - val_loss: 8.1673e-04 - val_mean_squared_error: 8.1673e-04
Epoch 213/1000
1715/1715 - 3s - loss: 0.0013 - mean_squared_error: 0.0013 - val_loss: 8.1758e-04 - val_mean_squared_error: 8.1758e-04
Epoch 214/1000
1715/1715 - 3s - loss: 0.0016 - mean_squared_error: 0.0016 - val_loss: 0.0011 - val_mean_squared_error: 0.0011
Epoch 215/1000
1715/1715 - 3s - loss: 0.0012 - mean_squared_error: 0.0012 - val_loss: 6.5616e-04 - val_mean_squared_error: 6.5616e-04
Epoch 216/1000
1715/1715 - 3s - loss: 0.0013 - mean_squared_error: 0.0013 - val_loss: 7.8756e-04 - val_mean_squared_error: 7.8756e-04
Epoch 217/1000
1715/1715 - 3s - loss: 0.0013 - mean_squared_error: 0.0013 - val_loss: 6.8339e-04 - val_mean_squared_error: 6.8339e-04
Epoch 218/1000
1715/1715 - 3s - loss: 0.0011 - mean_squared_error: 0.0011 - val_loss: 7.1519e-04 - val_mean_squared_error: 7.1519e-04
Epoch 219/1000
1715/1715 - 3s - loss: 0.0011 - mean_squared_error: 0.0011 - val_loss: 9.2898e-04 - val_mean_squared_error: 9.2898e-04
Epoch 220/1000
1715/1715 - 3s - loss: 9.0939e-04 - mean_squared_error: 9.0939e-04 - val_loss: 6.3280e-04 - val_mean_squared_error: 6.3280e-04
Epoch 221/1000
1715/1715 - 3s - loss: 0.0010 - mean_squared_error: 0.0010 - val_loss: 9.0813e-04 - val_mean_squared_error: 9.0813e-04
Epoch 222/1000
1715/1715 - 3s - loss: 0.0012 - mean_squared_error: 0.0012 - val_loss: 7.7823e-04 - val_mean_squared_error: 7.7823e-04
Epoch 223/1000
1715/1715 - 3s - loss: 9.5163e-04 - mean_squared_error: 9.5163e-04 - val_loss: 0.0011 - val_mean_squared_error: 0.0011
Epoch 224/1000
1715/1715 - 3s - loss: 0.0010 - mean_squared_error: 0.0010 - val_loss: 8.2063e-04 - val_mean_squared_error: 8.2063e-04
Epoch 225/1000
1715/1715 - 3s - loss: 9.3080e-04 - mean_squared_error: 9.3080e-04 - val_loss: 7.9158e-04 - val_mean_squared_error: 7.9158e-04
Epoch 226/1000
1715/1715 - 3s - loss: 0.0012 - mean_squared_error: 0.0012 - val_loss: 7.2959e-04 - val_mean_squared_error: 7.2959e-04
Epoch 227/1000
1715/1715 - 3s - loss: 7.6741e-04 - mean_squared_error: 7.6741e-04 - val_loss: 7.0088e-04 - val_mean_squared_error: 7.0088e-04
Epoch 228/1000
1715/1715 - 4s - loss: 0.0011 - mean_squared_error: 0.0011 - val_loss: 5.2993e-04 - val_mean_squared_error: 5.2993e-04
Epoch 229/1000
1715/1715 - 3s - loss: 0.0011 - mean_squared_error: 0.0011 - val_loss: 7.7175e-04 - val_mean_squared_error: 7.7175e-04
Epoch 230/1000
1715/1715 - 3s - loss: 0.0014 - mean_squared_error: 0.0014 - val_loss: 0.0012 - val_mean_squared_error: 0.0012
Epoch 231/1000
1715/1715 - 3s - loss: 0.0013 - mean_squared_error: 0.0013 - val_loss: 0.0010 - val_mean_squared_error: 0.0010
Epoch 232/1000
1715/1715 - 3s - loss: 8.6308e-04 - mean_squared_error: 8.6308e-04 - val_loss: 6.5456e-04 - val_mean_squared_error: 6.5456e-04
Epoch 233/1000
1715/1715 - 3s - loss: 0.0011 - mean_squared_error: 0.0011 - val_loss: 0.0011 - val_mean_squared_error: 0.0011
Epoch 234/1000
1715/1715 - 3s - loss: 0.0015 - mean_squared_error: 0.0015 - val_loss: 0.0011 - val_mean_squared_error: 0.0011
Epoch 235/1000
1715/1715 - 3s - loss: 0.0011 - mean_squared_error: 0.0011 - val_loss: 8.2883e-04 - val_mean_squared_error: 8.2883e-04
Epoch 236/1000
1715/1715 - 3s - loss: 0.0012 - mean_squared_error: 0.0012 - val_loss: 6.5318e-04 - val_mean_squared_error: 6.5318e-04
Epoch 237/1000
1715/1715 - 3s - loss: 0.0010 - mean_squared_error: 0.0010 - val_loss: 7.1011e-04 - val_mean_squared_error: 7.1011e-04
Epoch 238/1000
1715/1715 - 3s - loss: 0.0013 - mean_squared_error: 0.0013 - val_loss: 0.0013 - val_mean_squared_error: 0.0013
Epoch 239/1000
1715/1715 - 3s - loss: 0.0019 - mean_squared_error: 0.0019 - val_loss: 7.8519e-04 - val_mean_squared_error: 7.8519e-04
Epoch 240/1000
1715/1715 - 3s - loss: 0.0012 - mean_squared_error: 0.0012 - val_loss: 0.0014 - val_mean_squared_error: 0.0014
Epoch 241/1000
1715/1715 - 3s - loss: 0.0012 - mean_squared_error: 0.0012 - val_loss: 8.6952e-04 - val_mean_squared_error: 8.6952e-04
Epoch 242/1000
1715/1715 - 4s - loss: 9.9749e-04 - mean_squared_error: 9.9749e-04 - val_loss: 7.4183e-04 - val_mean_squared_error: 7.4183e-04
Epoch 243/1000
1715/1715 - 3s - loss: 0.0012 - mean_squared_error: 0.0012 - val_loss: 8.7869e-04 - val_mean_squared_error: 8.7869e-04
Epoch 244/1000
1715/1715 - 3s - loss: 9.2234e-04 - mean_squared_error: 9.2234e-04 - val_loss: 7.4018e-04 - val_mean_squared_error: 7.4018e-04
Epoch 245/1000
1715/1715 - 3s - loss: 0.0013 - mean_squared_error: 0.0013 - val_loss: 9.1163e-04 - val_mean_squared_error: 9.1163e-04
Epoch 246/1000
1715/1715 - 3s - loss: 0.0015 - mean_squared_error: 0.0015 - val_loss: 8.5236e-04 - val_mean_squared_error: 8.5236e-04
Epoch 247/1000
1715/1715 - 3s - loss: 0.0013 - mean_squared_error: 0.0013 - val_loss: 7.9371e-04 - val_mean_squared_error: 7.9371e-04
Epoch 248/1000
1715/1715 - 3s - loss: 0.0011 - mean_squared_error: 0.0011 - val_loss: 7.0489e-04 - val_mean_squared_error: 7.0489e-04
Epoch 249/1000
1715/1715 - 3s - loss: 0.0014 - mean_squared_error: 0.0014 - val_loss: 0.0014 - val_mean_squared_error: 0.0014
Epoch 250/1000
1715/1715 - 3s - loss: 0.0015 - mean_squared_error: 0.0015 - val_loss: 0.0014 - val_mean_squared_error: 0.0014
Epoch 251/1000
1715/1715 - 3s - loss: 0.0013 - mean_squared_error: 0.0013 - val_loss: 8.8268e-04 - val_mean_squared_error: 8.8268e-04
Epoch 252/1000
1715/1715 - 3s - loss: 0.0014 - mean_squared_error: 0.0014 - val_loss: 7.6168e-04 - val_mean_squared_error: 7.6168e-04
Epoch 253/1000
1715/1715 - 3s - loss: 0.0013 - mean_squared_error: 0.0013 - val_loss: 7.1610e-04 - val_mean_squared_error: 7.1610e-04
Epoch 254/1000
1715/1715 - 3s - loss: 0.0011 - mean_squared_error: 0.0011 - val_loss: 7.8045e-04 - val_mean_squared_error: 7.8045e-04
Epoch 255/1000
1715/1715 - 3s - loss: 8.1623e-04 - mean_squared_error: 8.1623e-04 - val_loss: 6.3795e-04 - val_mean_squared_error: 6.3795e-04
Epoch 256/1000
1715/1715 - 4s - loss: 0.0012 - mean_squared_error: 0.0012 - val_loss: 0.0010 - val_mean_squared_error: 0.0010
Epoch 257/1000
1715/1715 - 3s - loss: 8.8167e-04 - mean_squared_error: 8.8167e-04 - val_loss: 6.1953e-04 - val_mean_squared_error: 6.1953e-04
Epoch 258/1000
1715/1715 - 3s - loss: 0.0011 - mean_squared_error: 0.0011 - val_loss: 7.3002e-04 - val_mean_squared_error: 7.3002e-04
Epoch 259/1000
1715/1715 - 3s - loss: 0.0013 - mean_squared_error: 0.0013 - val_loss: 6.6378e-04 - val_mean_squared_error: 6.6378e-04
Epoch 260/1000
1715/1715 - 3s - loss: 0.0010 - mean_squared_error: 0.0010 - val_loss: 9.9984e-04 - val_mean_squared_error: 9.9984e-04
Epoch 261/1000
1715/1715 - 3s - loss: 0.0010 - mean_squared_error: 0.0010 - val_loss: 7.1132e-04 - val_mean_squared_error: 7.1132e-04
Epoch 262/1000
1715/1715 - 4s - loss: 8.5157e-04 - mean_squared_error: 8.5157e-04 - val_loss: 7.1882e-04 - val_mean_squared_error: 7.1882e-04
Epoch 263/1000
1715/1715 - 3s - loss: 8.1756e-04 - mean_squared_error: 8.1756e-04 - val_loss: 6.5892e-04 - val_mean_squared_error: 6.5892e-04
Epoch 264/1000
1715/1715 - 4s - loss: 0.0013 - mean_squared_error: 0.0013 - val_loss: 8.1793e-04 - val_mean_squared_error: 8.1793e-04
Epoch 265/1000
1715/1715 - 3s - loss: 0.0011 - mean_squared_error: 0.0011 - val_loss: 9.3122e-04 - val_mean_squared_error: 9.3122e-04
Epoch 266/1000
1715/1715 - 4s - loss: 9.0809e-04 - mean_squared_error: 9.0809e-04 - val_loss: 6.6576e-04 - val_mean_squared_error: 6.6576e-04
Epoch 267/1000
1715/1715 - 3s - loss: 8.7222e-04 - mean_squared_error: 8.7222e-04 - val_loss: 5.8203e-04 - val_mean_squared_error: 5.8203e-04
Epoch 268/1000
1715/1715 - 4s - loss: 0.0011 - mean_squared_error: 0.0011 - val_loss: 7.0923e-04 - val_mean_squared_error: 7.0923e-04
Epoch 269/1000
1715/1715 - 3s - loss: 0.0013 - mean_squared_error: 0.0013 - val_loss: 7.8534e-04 - val_mean_squared_error: 7.8534e-04
Epoch 270/1000
1715/1715 - 4s - loss: 0.0011 - mean_squared_error: 0.0011 - val_loss: 7.2988e-04 - val_mean_squared_error: 7.2988e-04
Epoch 271/1000
1715/1715 - 3s - loss: 8.7118e-04 - mean_squared_error: 8.7118e-04 - val_loss: 6.5752e-04 - val_mean_squared_error: 6.5752e-04
Epoch 272/1000
1715/1715 - 3s - loss: 0.0018 - mean_squared_error: 0.0018 - val_loss: 9.5208e-04 - val_mean_squared_error: 9.5208e-04
Epoch 273/1000
1715/1715 - 4s - loss: 0.0010 - mean_squared_error: 0.0010 - val_loss: 6.3367e-04 - val_mean_squared_error: 6.3367e-04
Epoch 274/1000
1715/1715 - 3s - loss: 0.0018 - mean_squared_error: 0.0018 - val_loss: 0.0011 - val_mean_squared_error: 0.0011
Epoch 275/1000
1715/1715 - 4s - loss: 9.3102e-04 - mean_squared_error: 9.3102e-04 - val_loss: 8.5327e-04 - val_mean_squared_error: 8.5327e-04
Epoch 276/1000
1715/1715 - 3s - loss: 0.0014 - mean_squared_error: 0.0014 - val_loss: 9.1662e-04 - val_mean_squared_error: 9.1662e-04
Epoch 277/1000
1715/1715 - 3s - loss: 0.0012 - mean_squared_error: 0.0012 - val_loss: 7.9001e-04 - val_mean_squared_error: 7.9001e-04
Epoch 278/1000
1715/1715 - 4s - loss: 0.0015 - mean_squared_error: 0.0015 - val_loss: 0.0012 - val_mean_squared_error: 0.0012
Epoch 279/1000
1715/1715 - 3s - loss: 9.2514e-04 - mean_squared_error: 9.2514e-04 - val_loss: 5.4059e-04 - val_mean_squared_error: 5.4059e-04
Epoch 280/1000
1715/1715 - 4s - loss: 0.0012 - mean_squared_error: 0.0012 - val_loss: 8.5317e-04 - val_mean_squared_error: 8.5317e-04
Epoch 281/1000
1715/1715 - 3s - loss: 0.0016 - mean_squared_error: 0.0016 - val_loss: 9.9594e-04 - val_mean_squared_error: 9.9594e-04
Epoch 282/1000
1715/1715 - 3s - loss: 0.0010 - mean_squared_error: 0.0010 - val_loss: 8.0584e-04 - val_mean_squared_error: 8.0584e-04
Epoch 283/1000
1715/1715 - 3s - loss: 0.0014 - mean_squared_error: 0.0014 - val_loss: 7.3782e-04 - val_mean_squared_error: 7.3782e-04
Epoch 284/1000
1715/1715 - 3s - loss: 0.0013 - mean_squared_error: 0.0013 - val_loss: 6.1272e-04 - val_mean_squared_error: 6.1272e-04
Epoch 285/1000
1715/1715 - 4s - loss: 0.0011 - mean_squared_error: 0.0011 - val_loss: 0.0014 - val_mean_squared_error: 0.0014
Epoch 286/1000
1715/1715 - 3s - loss: 9.2773e-04 - mean_squared_error: 9.2773e-04 - val_loss: 7.0288e-04 - val_mean_squared_error: 7.0288e-04
Epoch 287/1000
1715/1715 - 3s - loss: 7.4582e-04 - mean_squared_error: 7.4582e-04 - val_loss: 9.2611e-04 - val_mean_squared_error: 9.2611e-04
Epoch 288/1000
1715/1715 - 3s - loss: 8.4600e-04 - mean_squared_error: 8.4600e-04 - val_loss: 5.0783e-04 - val_mean_squared_error: 5.0783e-04
Epoch 289/1000
1715/1715 - 3s - loss: 9.5448e-04 - mean_squared_error: 9.5448e-04 - val_loss: 0.0030 - val_mean_squared_error: 0.0030
Epoch 290/1000
1715/1715 - 3s - loss: 0.0012 - mean_squared_error: 0.0012 - val_loss: 5.8023e-04 - val_mean_squared_error: 5.8023e-04
Epoch 291/1000
1715/1715 - 3s - loss: 0.0010 - mean_squared_error: 0.0010 - val_loss: 9.3851e-04 - val_mean_squared_error: 9.3851e-04
Epoch 292/1000
1715/1715 - 3s - loss: 8.4940e-04 - mean_squared_error: 8.4940e-04 - val_loss: 6.2362e-04 - val_mean_squared_error: 6.2362e-04
Epoch 293/1000
1715/1715 - 3s - loss: 7.8182e-04 - mean_squared_error: 7.8182e-04 - val_loss: 7.3142e-04 - val_mean_squared_error: 7.3142e-04
Epoch 294/1000
1715/1715 - 3s - loss: 8.0071e-04 - mean_squared_error: 8.0071e-04 - val_loss: 8.8385e-04 - val_mean_squared_error: 8.8385e-04
Epoch 295/1000
1715/1715 - 4s - loss: 7.5006e-04 - mean_squared_error: 7.5006e-04 - val_loss: 9.4153e-04 - val_mean_squared_error: 9.4153e-04
Epoch 296/1000
1715/1715 - 3s - loss: 9.0885e-04 - mean_squared_error: 9.0885e-04 - val_loss: 6.2308e-04 - val_mean_squared_error: 6.2308e-04
Epoch 297/1000
1715/1715 - 4s - loss: 8.0313e-04 - mean_squared_error: 8.0313e-04 - val_loss: 6.9250e-04 - val_mean_squared_error: 6.9250e-04
Epoch 298/1000
1715/1715 - 4s - loss: 0.0015 - mean_squared_error: 0.0015 - val_loss: 0.0010 - val_mean_squared_error: 0.0010
Epoch 299/1000
1715/1715 - 3s - loss: 0.0012 - mean_squared_error: 0.0012 - val_loss: 9.6439e-04 - val_mean_squared_error: 9.6439e-04
Epoch 300/1000
1715/1715 - 3s - loss: 0.0010 - mean_squared_error: 0.0010 - val_loss: 6.2830e-04 - val_mean_squared_error: 6.2830e-04
Epoch 301/1000
1715/1715 - 3s - loss: 7.9269e-04 - mean_squared_error: 7.9269e-04 - val_loss: 9.5974e-04 - val_mean_squared_error: 9.5974e-04
Epoch 302/1000
1715/1715 - 3s - loss: 0.0012 - mean_squared_error: 0.0012 - val_loss: 5.1978e-04 - val_mean_squared_error: 5.1978e-04
Epoch 303/1000
1715/1715 - 4s - loss: 9.4484e-04 - mean_squared_error: 9.4484e-04 - val_loss: 5.9978e-04 - val_mean_squared_error: 5.9978e-04
Epoch 304/1000
1715/1715 - 3s - loss: 8.8156e-04 - mean_squared_error: 8.8156e-04 - val_loss: 8.5589e-04 - val_mean_squared_error: 8.5589e-04
Epoch 305/1000
1715/1715 - 3s - loss: 8.3598e-04 - mean_squared_error: 8.3598e-04 - val_loss: 5.8750e-04 - val_mean_squared_error: 5.8750e-04
Epoch 306/1000
1715/1715 - 4s - loss: 8.8262e-04 - mean_squared_error: 8.8262e-04 - val_loss: 7.0201e-04 - val_mean_squared_error: 7.0201e-04
Epoch 307/1000
1715/1715 - 3s - loss: 0.0012 - mean_squared_error: 0.0012 - val_loss: 7.7926e-04 - val_mean_squared_error: 7.7926e-04
Epoch 308/1000
1715/1715 - 3s - loss: 0.0013 - mean_squared_error: 0.0013 - val_loss: 0.0014 - val_mean_squared_error: 0.0014
Epoch 309/1000
1715/1715 - 3s - loss: 0.0013 - mean_squared_error: 0.0013 - val_loss: 9.1502e-04 - val_mean_squared_error: 9.1502e-04
Epoch 310/1000
1715/1715 - 3s - loss: 9.2069e-04 - mean_squared_error: 9.2069e-04 - val_loss: 6.2124e-04 - val_mean_squared_error: 6.2124e-04
Epoch 311/1000
1715/1715 - 3s - loss: 8.6621e-04 - mean_squared_error: 8.6621e-04 - val_loss: 9.2542e-04 - val_mean_squared_error: 9.2542e-04
Epoch 312/1000
1715/1715 - 3s - loss: 0.0018 - mean_squared_error: 0.0018 - val_loss: 0.0011 - val_mean_squared_error: 0.0011
Epoch 313/1000
1715/1715 - 3s - loss: 8.2428e-04 - mean_squared_error: 8.2428e-04 - val_loss: 5.5925e-04 - val_mean_squared_error: 5.5925e-04
Epoch 314/1000
1715/1715 - 4s - loss: 9.7451e-04 - mean_squared_error: 9.7451e-04 - val_loss: 5.2887e-04 - val_mean_squared_error: 5.2887e-04
Epoch 315/1000
1715/1715 - 4s - loss: 9.4971e-04 - mean_squared_error: 9.4971e-04 - val_loss: 5.9925e-04 - val_mean_squared_error: 5.9925e-04
Epoch 316/1000
1715/1715 - 3s - loss: 0.0011 - mean_squared_error: 0.0011 - val_loss: 6.2119e-04 - val_mean_squared_error: 6.2119e-04
Epoch 317/1000
1715/1715 - 4s - loss: 0.0011 - mean_squared_error: 0.0011 - val_loss: 6.4923e-04 - val_mean_squared_error: 6.4923e-04
Epoch 318/1000
1715/1715 - 3s - loss: 0.0012 - mean_squared_error: 0.0012 - val_loss: 8.6134e-04 - val_mean_squared_error: 8.6134e-04
Epoch 319/1000
1715/1715 - 4s - loss: 0.0012 - mean_squared_error: 0.0012 - val_loss: 8.8568e-04 - val_mean_squared_error: 8.8568e-04
Epoch 320/1000
1715/1715 - 4s - loss: 0.0014 - mean_squared_error: 0.0014 - val_loss: 9.6447e-04 - val_mean_squared_error: 9.6447e-04
Epoch 321/1000
1715/1715 - 4s - loss: 0.0011 - mean_squared_error: 0.0011 - val_loss: 6.3538e-04 - val_mean_squared_error: 6.3538e-04
Epoch 322/1000
1715/1715 - 4s - loss: 0.0010 - mean_squared_error: 0.0010 - val_loss: 7.5439e-04 - val_mean_squared_error: 7.5439e-04
Epoch 323/1000
1715/1715 - 3s - loss: 0.0012 - mean_squared_error: 0.0012 - val_loss: 6.8104e-04 - val_mean_squared_error: 6.8104e-04
Epoch 324/1000
1715/1715 - 4s - loss: 0.0012 - mean_squared_error: 0.0012 - val_loss: 0.0011 - val_mean_squared_error: 0.0011
Epoch 325/1000
1715/1715 - 3s - loss: 0.0012 - mean_squared_error: 0.0012 - val_loss: 6.5477e-04 - val_mean_squared_error: 6.5477e-04
Epoch 326/1000
1715/1715 - 3s - loss: 8.8474e-04 - mean_squared_error: 8.8474e-04 - val_loss: 6.0286e-04 - val_mean_squared_error: 6.0286e-04
Epoch 327/1000
1715/1715 - 3s - loss: 0.0013 - mean_squared_error: 0.0013 - val_loss: 7.0764e-04 - val_mean_squared_error: 7.0764e-04
Epoch 328/1000
1715/1715 - 4s - loss: 0.0011 - mean_squared_error: 0.0011 - val_loss: 8.5529e-04 - val_mean_squared_error: 8.5529e-04
Epoch 329/1000
1715/1715 - 3s - loss: 0.0012 - mean_squared_error: 0.0012 - val_loss: 9.9025e-04 - val_mean_squared_error: 9.9025e-04
Epoch 330/1000
1715/1715 - 3s - loss: 9.8574e-04 - mean_squared_error: 9.8574e-04 - val_loss: 7.0682e-04 - val_mean_squared_error: 7.0682e-04
Epoch 331/1000
1715/1715 - 3s - loss: 9.5140e-04 - mean_squared_error: 9.5140e-04 - val_loss: 7.4533e-04 - val_mean_squared_error: 7.4533e-04
Epoch 332/1000
1715/1715 - 3s - loss: 0.0014 - mean_squared_error: 0.0014 - val_loss: 0.0010 - val_mean_squared_error: 0.0010
Epoch 333/1000
1715/1715 - 3s - loss: 8.4436e-04 - mean_squared_error: 8.4436e-04 - val_loss: 6.7054e-04 - val_mean_squared_error: 6.7054e-04
Epoch 334/1000
1715/1715 - 3s - loss: 7.9107e-04 - mean_squared_error: 7.9107e-04 - val_loss: 6.9390e-04 - val_mean_squared_error: 6.9390e-04
Epoch 335/1000
1715/1715 - 3s - loss: 6.3552e-04 - mean_squared_error: 6.3552e-04 - val_loss: 5.5952e-04 - val_mean_squared_error: 5.5952e-04
Epoch 336/1000
1715/1715 - 3s - loss: 6.0018e-04 - mean_squared_error: 6.0018e-04 - val_loss: 6.6690e-04 - val_mean_squared_error: 6.6690e-04
Epoch 337/1000
1715/1715 - 4s - loss: 7.0410e-04 - mean_squared_error: 7.0410e-04 - val_loss: 5.6357e-04 - val_mean_squared_error: 5.6357e-04
Epoch 338/1000
1715/1715 - 3s - loss: 8.0307e-04 - mean_squared_error: 8.0307e-04 - val_loss: 6.8590e-04 - val_mean_squared_error: 6.8590e-04
Epoch 339/1000
1715/1715 - 3s - loss: 8.3101e-04 - mean_squared_error: 8.3101e-04 - val_loss: 7.8856e-04 - val_mean_squared_error: 7.8856e-04
Epoch 340/1000
1715/1715 - 3s - loss: 7.5478e-04 - mean_squared_error: 7.5478e-04 - val_loss: 5.9580e-04 - val_mean_squared_error: 5.9580e-04
Epoch 341/1000
1715/1715 - 3s - loss: 6.6993e-04 - mean_squared_error: 6.6993e-04 - val_loss: 8.4382e-04 - val_mean_squared_error: 8.4382e-04
Epoch 342/1000
1715/1715 - 3s - loss: 0.0013 - mean_squared_error: 0.0013 - val_loss: 0.0014 - val_mean_squared_error: 0.0014
Epoch 343/1000
1715/1715 - 3s - loss: 7.3303e-04 - mean_squared_error: 7.3303e-04 - val_loss: 5.8755e-04 - val_mean_squared_error: 5.8755e-04
Epoch 344/1000
1715/1715 - 3s - loss: 0.0013 - mean_squared_error: 0.0013 - val_loss: 0.0010 - val_mean_squared_error: 0.0010
Epoch 345/1000
1715/1715 - 4s - loss: 7.8235e-04 - mean_squared_error: 7.8235e-04 - val_loss: 6.6111e-04 - val_mean_squared_error: 6.6111e-04
Epoch 346/1000
1715/1715 - 3s - loss: 8.5593e-04 - mean_squared_error: 8.5593e-04 - val_loss: 5.8206e-04 - val_mean_squared_error: 5.8206e-04
Epoch 347/1000
1715/1715 - 3s - loss: 8.5218e-04 - mean_squared_error: 8.5218e-04 - val_loss: 0.0023 - val_mean_squared_error: 0.0023
Epoch 348/1000
1715/1715 - 3s - loss: 0.0010 - mean_squared_error: 0.0010 - val_loss: 6.6282e-04 - val_mean_squared_error: 6.6282e-04
Epoch 349/1000
1715/1715 - 3s - loss: 8.1428e-04 - mean_squared_error: 8.1428e-04 - val_loss: 7.8235e-04 - val_mean_squared_error: 7.8235e-04
Epoch 350/1000
1715/1715 - 3s - loss: 6.7143e-04 - mean_squared_error: 6.7143e-04 - val_loss: 7.2848e-04 - val_mean_squared_error: 7.2848e-04
Epoch 351/1000
1715/1715 - 3s - loss: 8.0477e-04 - mean_squared_error: 8.0477e-04 - val_loss: 9.1066e-04 - val_mean_squared_error: 9.1066e-04
Epoch 352/1000
1715/1715 - 3s - loss: 7.3077e-04 - mean_squared_error: 7.3077e-04 - val_loss: 7.5997e-04 - val_mean_squared_error: 7.5997e-04
Epoch 353/1000
1715/1715 - 3s - loss: 7.0228e-04 - mean_squared_error: 7.0228e-04 - val_loss: 5.8086e-04 - val_mean_squared_error: 5.8086e-04
Epoch 354/1000
1715/1715 - 3s - loss: 9.3650e-04 - mean_squared_error: 9.3650e-04 - val_loss: 0.0017 - val_mean_squared_error: 0.0017
Epoch 355/1000
1715/1715 - 3s - loss: 0.0013 - mean_squared_error: 0.0013 - val_loss: 5.8143e-04 - val_mean_squared_error: 5.8143e-04
Epoch 356/1000
1715/1715 - 3s - loss: 7.8677e-04 - mean_squared_error: 7.8676e-04 - val_loss: 8.6836e-04 - val_mean_squared_error: 8.6836e-04
Epoch 357/1000
1715/1715 - 3s - loss: 0.0011 - mean_squared_error: 0.0011 - val_loss: 9.8634e-04 - val_mean_squared_error: 9.8634e-04
Epoch 358/1000
1715/1715 - 3s - loss: 7.9916e-04 - mean_squared_error: 7.9916e-04 - val_loss: 8.1223e-04 - val_mean_squared_error: 8.1223e-04
Epoch 359/1000
1715/1715 - 3s - loss: 7.7810e-04 - mean_squared_error: 7.7810e-04 - val_loss: 6.6179e-04 - val_mean_squared_error: 6.6179e-04
Epoch 360/1000
1715/1715 - 3s - loss: 9.4489e-04 - mean_squared_error: 9.4489e-04 - val_loss: 0.0011 - val_mean_squared_error: 0.0011
Epoch 361/1000
1715/1715 - 3s - loss: 0.0016 - mean_squared_error: 0.0016 - val_loss: 0.0010 - val_mean_squared_error: 0.0010
Epoch 362/1000
1715/1715 - 3s - loss: 0.0013 - mean_squared_error: 0.0013 - val_loss: 6.6570e-04 - val_mean_squared_error: 6.6570e-04
Epoch 363/1000
1715/1715 - 3s - loss: 9.7635e-04 - mean_squared_error: 9.7635e-04 - val_loss: 6.2537e-04 - val_mean_squared_error: 6.2537e-04
Epoch 364/1000
1715/1715 - 3s - loss: 6.3832e-04 - mean_squared_error: 6.3832e-04 - val_loss: 5.2737e-04 - val_mean_squared_error: 5.2737e-04
Epoch 365/1000
1715/1715 - 3s - loss: 7.7563e-04 - mean_squared_error: 7.7563e-04 - val_loss: 6.3697e-04 - val_mean_squared_error: 6.3697e-04
Epoch 366/1000
1715/1715 - 3s - loss: 6.9699e-04 - mean_squared_error: 6.9699e-04 - val_loss: 6.2034e-04 - val_mean_squared_error: 6.2034e-04
Epoch 367/1000
1715/1715 - 3s - loss: 6.4207e-04 - mean_squared_error: 6.4207e-04 - val_loss: 5.9913e-04 - val_mean_squared_error: 5.9913e-04
Epoch 368/1000
1715/1715 - 3s - loss: 5.7965e-04 - mean_squared_error: 5.7965e-04 - val_loss: 8.3634e-04 - val_mean_squared_error: 8.3634e-04
Epoch 369/1000
1715/1715 - 3s - loss: 6.9385e-04 - mean_squared_error: 6.9385e-04 - val_loss: 4.8948e-04 - val_mean_squared_error: 4.8948e-04
Epoch 370/1000
1715/1715 - 3s - loss: 0.0015 - mean_squared_error: 0.0015 - val_loss: 9.0535e-04 - val_mean_squared_error: 9.0535e-04
Epoch 371/1000
1715/1715 - 3s - loss: 8.6202e-04 - mean_squared_error: 8.6202e-04 - val_loss: 7.0418e-04 - val_mean_squared_error: 7.0418e-04
Epoch 372/1000
1715/1715 - 3s - loss: 6.9349e-04 - mean_squared_error: 6.9349e-04 - val_loss: 0.0011 - val_mean_squared_error: 0.0011
Epoch 373/1000
1715/1715 - 3s - loss: 0.0010 - mean_squared_error: 0.0010 - val_loss: 0.0011 - val_mean_squared_error: 0.0011
Epoch 374/1000
1715/1715 - 3s - loss: 8.9444e-04 - mean_squared_error: 8.9444e-04 - val_loss: 7.3047e-04 - val_mean_squared_error: 7.3047e-04
Epoch 375/1000
1715/1715 - 3s - loss: 0.0018 - mean_squared_error: 0.0018 - val_loss: 7.0478e-04 - val_mean_squared_error: 7.0478e-04
Epoch 376/1000
1715/1715 - 3s - loss: 8.1395e-04 - mean_squared_error: 8.1395e-04 - val_loss: 7.0699e-04 - val_mean_squared_error: 7.0699e-04
Epoch 377/1000
1715/1715 - 3s - loss: 0.0010 - mean_squared_error: 0.0010 - val_loss: 9.7551e-04 - val_mean_squared_error: 9.7551e-04
Epoch 378/1000
1715/1715 - 3s - loss: 6.7600e-04 - mean_squared_error: 6.7600e-04 - val_loss: 6.2496e-04 - val_mean_squared_error: 6.2496e-04
Epoch 379/1000
1715/1715 - 3s - loss: 0.0012 - mean_squared_error: 0.0012 - val_loss: 7.7360e-04 - val_mean_squared_error: 7.7360e-04
Epoch 380/1000
1715/1715 - 3s - loss: 0.0010 - mean_squared_error: 0.0010 - val_loss: 6.8844e-04 - val_mean_squared_error: 6.8844e-04
Epoch 381/1000
1715/1715 - 3s - loss: 7.7176e-04 - mean_squared_error: 7.7176e-04 - val_loss: 6.1126e-04 - val_mean_squared_error: 6.1126e-04
Epoch 382/1000
1715/1715 - 3s - loss: 0.0010 - mean_squared_error: 0.0010 - val_loss: 5.1852e-04 - val_mean_squared_error: 5.1852e-04
Epoch 383/1000
1715/1715 - 3s - loss: 9.5523e-04 - mean_squared_error: 9.5523e-04 - val_loss: 7.6051e-04 - val_mean_squared_error: 7.6051e-04
Epoch 384/1000
1715/1715 - 3s - loss: 0.0010 - mean_squared_error: 0.0010 - val_loss: 9.3176e-04 - val_mean_squared_error: 9.3176e-04
Epoch 385/1000
1715/1715 - 3s - loss: 7.1237e-04 - mean_squared_error: 7.1237e-04 - val_loss: 5.5265e-04 - val_mean_squared_error: 5.5265e-04
Epoch 386/1000
1715/1715 - 3s - loss: 9.2754e-04 - mean_squared_error: 9.2754e-04 - val_loss: 9.5603e-04 - val_mean_squared_error: 9.5603e-04
Epoch 387/1000
1715/1715 - 3s - loss: 0.0012 - mean_squared_error: 0.0012 - val_loss: 6.5411e-04 - val_mean_squared_error: 6.5411e-04
Epoch 388/1000
1715/1715 - 3s - loss: 6.5512e-04 - mean_squared_error: 6.5512e-04 - val_loss: 6.7792e-04 - val_mean_squared_error: 6.7792e-04
Epoch 389/1000
1715/1715 - 3s - loss: 8.0565e-04 - mean_squared_error: 8.0565e-04 - val_loss: 5.5846e-04 - val_mean_squared_error: 5.5846e-04
Epoch 390/1000
1715/1715 - 3s - loss: 8.5544e-04 - mean_squared_error: 8.5544e-04 - val_loss: 5.9822e-04 - val_mean_squared_error: 5.9822e-04
Epoch 391/1000
1715/1715 - 3s - loss: 0.0010 - mean_squared_error: 0.0010 - val_loss: 0.0024 - val_mean_squared_error: 0.0024
Epoch 392/1000
1715/1715 - 3s - loss: 8.5818e-04 - mean_squared_error: 8.5818e-04 - val_loss: 6.2328e-04 - val_mean_squared_error: 6.2328e-04
Epoch 393/1000
1715/1715 - 3s - loss: 6.5005e-04 - mean_squared_error: 6.5005e-04 - val_loss: 5.3425e-04 - val_mean_squared_error: 5.3425e-04
Epoch 394/1000
1715/1715 - 3s - loss: 9.9039e-04 - mean_squared_error: 9.9039e-04 - val_loss: 7.2769e-04 - val_mean_squared_error: 7.2769e-04
Epoch 395/1000
1715/1715 - 3s - loss: 0.0014 - mean_squared_error: 0.0014 - val_loss: 0.0043 - val_mean_squared_error: 0.0043
Epoch 396/1000
1715/1715 - 3s - loss: 9.7845e-04 - mean_squared_error: 9.7845e-04 - val_loss: 9.4506e-04 - val_mean_squared_error: 9.4506e-04
Epoch 397/1000
1715/1715 - 3s - loss: 0.0011 - mean_squared_error: 0.0011 - val_loss: 0.0018 - val_mean_squared_error: 0.0018
Epoch 398/1000
1715/1715 - 3s - loss: 0.0013 - mean_squared_error: 0.0013 - val_loss: 6.0439e-04 - val_mean_squared_error: 6.0439e-04
Epoch 399/1000
1715/1715 - 3s - loss: 0.0012 - mean_squared_error: 0.0012 - val_loss: 5.9393e-04 - val_mean_squared_error: 5.9393e-04
Epoch 400/1000
1715/1715 - 3s - loss: 8.5752e-04 - mean_squared_error: 8.5752e-04 - val_loss: 0.0012 - val_mean_squared_error: 0.0012
Epoch 401/1000
1715/1715 - 3s - loss: 7.2864e-04 - mean_squared_error: 7.2864e-04 - val_loss: 6.2011e-04 - val_mean_squared_error: 6.2011e-04
Epoch 402/1000
1715/1715 - 3s - loss: 8.8214e-04 - mean_squared_error: 8.8214e-04 - val_loss: 8.2117e-04 - val_mean_squared_error: 8.2117e-04
Epoch 403/1000
1715/1715 - 3s - loss: 7.5595e-04 - mean_squared_error: 7.5595e-04 - val_loss: 5.9748e-04 - val_mean_squared_error: 5.9748e-04
Epoch 404/1000
1715/1715 - 3s - loss: 0.0012 - mean_squared_error: 0.0012 - val_loss: 0.0012 - val_mean_squared_error: 0.0012
Epoch 405/1000
1715/1715 - 3s - loss: 8.1624e-04 - mean_squared_error: 8.1624e-04 - val_loss: 6.5159e-04 - val_mean_squared_error: 6.5159e-04
Epoch 406/1000
1715/1715 - 3s - loss: 8.5632e-04 - mean_squared_error: 8.5632e-04 - val_loss: 7.3062e-04 - val_mean_squared_error: 7.3062e-04
Epoch 407/1000
1715/1715 - 3s - loss: 7.1974e-04 - mean_squared_error: 7.1974e-04 - val_loss: 7.1735e-04 - val_mean_squared_error: 7.1735e-04
Epoch 408/1000
1715/1715 - 3s - loss: 7.9938e-04 - mean_squared_error: 7.9937e-04 - val_loss: 7.7455e-04 - val_mean_squared_error: 7.7455e-04
Epoch 409/1000
1715/1715 - 3s - loss: 6.8737e-04 - mean_squared_error: 6.8737e-04 - val_loss: 7.5947e-04 - val_mean_squared_error: 7.5947e-04
Epoch 410/1000
1715/1715 - 3s - loss: 6.4031e-04 - mean_squared_error: 6.4031e-04 - val_loss: 6.5757e-04 - val_mean_squared_error: 6.5757e-04
Epoch 411/1000
1715/1715 - 3s - loss: 0.0010 - mean_squared_error: 0.0010 - val_loss: 6.0024e-04 - val_mean_squared_error: 6.0024e-04
Epoch 412/1000
1715/1715 - 3s - loss: 7.5507e-04 - mean_squared_error: 7.5507e-04 - val_loss: 6.1453e-04 - val_mean_squared_error: 6.1453e-04
Epoch 413/1000
1715/1715 - 3s - loss: 6.0235e-04 - mean_squared_error: 6.0235e-04 - val_loss: 5.8693e-04 - val_mean_squared_error: 5.8693e-04
Epoch 414/1000
1715/1715 - 3s - loss: 9.2739e-04 - mean_squared_error: 9.2739e-04 - val_loss: 8.1233e-04 - val_mean_squared_error: 8.1233e-04
Epoch 415/1000
1715/1715 - 3s - loss: 6.6742e-04 - mean_squared_error: 6.6742e-04 - val_loss: 8.9982e-04 - val_mean_squared_error: 8.9982e-04
Epoch 416/1000
1715/1715 - 3s - loss: 8.6236e-04 - mean_squared_error: 8.6236e-04 - val_loss: 8.8387e-04 - val_mean_squared_error: 8.8387e-04
Epoch 417/1000
1715/1715 - 3s - loss: 7.1488e-04 - mean_squared_error: 7.1488e-04 - val_loss: 6.5596e-04 - val_mean_squared_error: 6.5596e-04
Epoch 418/1000
1715/1715 - 3s - loss: 8.2172e-04 - mean_squared_error: 8.2172e-04 - val_loss: 9.3216e-04 - val_mean_squared_error: 9.3216e-04
Epoch 419/1000
1715/1715 - 3s - loss: 5.6789e-04 - mean_squared_error: 5.6789e-04 - val_loss: 5.7358e-04 - val_mean_squared_error: 5.7358e-04
Epoch 420/1000
1715/1715 - 3s - loss: 5.7326e-04 - mean_squared_error: 5.7326e-04 - val_loss: 0.0010 - val_mean_squared_error: 0.0010
Epoch 421/1000
1715/1715 - 3s - loss: 8.6361e-04 - mean_squared_error: 8.6361e-04 - val_loss: 9.4777e-04 - val_mean_squared_error: 9.4777e-04
Epoch 422/1000
1715/1715 - 3s - loss: 8.9893e-04 - mean_squared_error: 8.9894e-04 - val_loss: 7.2970e-04 - val_mean_squared_error: 7.2970e-04
Epoch 423/1000
1715/1715 - 3s - loss: 0.0010 - mean_squared_error: 0.0010 - val_loss: 0.0021 - val_mean_squared_error: 0.0021
Epoch 424/1000
1715/1715 - 3s - loss: 9.0689e-04 - mean_squared_error: 9.0689e-04 - val_loss: 8.3619e-04 - val_mean_squared_error: 8.3619e-04
Epoch 425/1000
1715/1715 - 3s - loss: 9.4561e-04 - mean_squared_error: 9.4561e-04 - val_loss: 0.0014 - val_mean_squared_error: 0.0014
Epoch 426/1000
1715/1715 - 3s - loss: 8.2670e-04 - mean_squared_error: 8.2670e-04 - val_loss: 5.6660e-04 - val_mean_squared_error: 5.6660e-04
Epoch 427/1000
1715/1715 - 3s - loss: 9.3052e-04 - mean_squared_error: 9.3052e-04 - val_loss: 9.6314e-04 - val_mean_squared_error: 9.6314e-04
Epoch 428/1000
1715/1715 - 4s - loss: 6.9885e-04 - mean_squared_error: 6.9885e-04 - val_loss: 6.5954e-04 - val_mean_squared_error: 6.5954e-04
Epoch 429/1000
1715/1715 - 3s - loss: 6.3368e-04 - mean_squared_error: 6.3368e-04 - val_loss: 9.6351e-04 - val_mean_squared_error: 9.6351e-04
Epoch 430/1000
1715/1715 - 3s - loss: 6.9962e-04 - mean_squared_error: 6.9963e-04 - val_loss: 6.0347e-04 - val_mean_squared_error: 6.0347e-04
Epoch 431/1000
1715/1715 - 3s - loss: 9.8925e-04 - mean_squared_error: 9.8925e-04 - val_loss: 0.0014 - val_mean_squared_error: 0.0014
Epoch 432/1000
1715/1715 - 3s - loss: 0.0012 - mean_squared_error: 0.0012 - val_loss: 0.0016 - val_mean_squared_error: 0.0016
Epoch 433/1000
1715/1715 - 3s - loss: 9.0338e-04 - mean_squared_error: 9.0338e-04 - val_loss: 7.7700e-04 - val_mean_squared_error: 7.7700e-04
Epoch 434/1000
1715/1715 - 3s - loss: 7.9571e-04 - mean_squared_error: 7.9571e-04 - val_loss: 6.0836e-04 - val_mean_squared_error: 6.0836e-04
Epoch 435/1000
1715/1715 - 3s - loss: 6.7820e-04 - mean_squared_error: 6.7820e-04 - val_loss: 6.2692e-04 - val_mean_squared_error: 6.2692e-04
Epoch 436/1000
1715/1715 - 3s - loss: 6.1685e-04 - mean_squared_error: 6.1685e-04 - val_loss: 5.5284e-04 - val_mean_squared_error: 5.5284e-04
Epoch 437/1000
1715/1715 - 3s - loss: 8.8509e-04 - mean_squared_error: 8.8509e-04 - val_loss: 7.8578e-04 - val_mean_squared_error: 7.8578e-04
Epoch 438/1000
1715/1715 - 3s - loss: 7.1208e-04 - mean_squared_error: 7.1208e-04 - val_loss: 7.9627e-04 - val_mean_squared_error: 7.9627e-04
Epoch 439/1000
1715/1715 - 3s - loss: 6.7759e-04 - mean_squared_error: 6.7759e-04 - val_loss: 5.3814e-04 - val_mean_squared_error: 5.3814e-04
Epoch 440/1000
1715/1715 - 3s - loss: 9.0981e-04 - mean_squared_error: 9.0981e-04 - val_loss: 0.0011 - val_mean_squared_error: 0.0011
Epoch 441/1000
1715/1715 - 3s - loss: 9.3589e-04 - mean_squared_error: 9.3589e-04 - val_loss: 5.4608e-04 - val_mean_squared_error: 5.4608e-04
Epoch 442/1000
1715/1715 - 3s - loss: 7.3416e-04 - mean_squared_error: 7.3416e-04 - val_loss: 8.1507e-04 - val_mean_squared_error: 8.1507e-04
Epoch 443/1000
1715/1715 - 3s - loss: 8.5258e-04 - mean_squared_error: 8.5258e-04 - val_loss: 8.4699e-04 - val_mean_squared_error: 8.4699e-04
Epoch 444/1000
1715/1715 - 3s - loss: 8.4597e-04 - mean_squared_error: 8.4597e-04 - val_loss: 0.0025 - val_mean_squared_error: 0.0025
Epoch 445/1000
1715/1715 - 3s - loss: 6.8849e-04 - mean_squared_error: 6.8849e-04 - val_loss: 0.0013 - val_mean_squared_error: 0.0013
Epoch 446/1000
1715/1715 - 3s - loss: 8.1352e-04 - mean_squared_error: 8.1352e-04 - val_loss: 9.1596e-04 - val_mean_squared_error: 9.1596e-04
Epoch 447/1000
1715/1715 - 3s - loss: 7.8475e-04 - mean_squared_error: 7.8475e-04 - val_loss: 7.5720e-04 - val_mean_squared_error: 7.5720e-04
Epoch 448/1000
1715/1715 - 3s - loss: 9.5914e-04 - mean_squared_error: 9.5914e-04 - val_loss: 6.2232e-04 - val_mean_squared_error: 6.2232e-04
Epoch 449/1000
1715/1715 - 3s - loss: 5.5341e-04 - mean_squared_error: 5.5341e-04 - val_loss: 7.4193e-04 - val_mean_squared_error: 7.4193e-04
Epoch 450/1000
1715/1715 - 3s - loss: 6.0091e-04 - mean_squared_error: 6.0091e-04 - val_loss: 5.3004e-04 - val_mean_squared_error: 5.3004e-04
Epoch 451/1000
1715/1715 - 3s - loss: 8.2312e-04 - mean_squared_error: 8.2312e-04 - val_loss: 0.0022 - val_mean_squared_error: 0.0022
Epoch 452/1000
1715/1715 - 3s - loss: 0.0011 - mean_squared_error: 0.0011 - val_loss: 6.6747e-04 - val_mean_squared_error: 6.6747e-04
Epoch 453/1000
1715/1715 - 3s - loss: 9.1746e-04 - mean_squared_error: 9.1746e-04 - val_loss: 0.0012 - val_mean_squared_error: 0.0012
Epoch 454/1000
1715/1715 - 3s - loss: 7.7444e-04 - mean_squared_error: 7.7444e-04 - val_loss: 8.3933e-04 - val_mean_squared_error: 8.3933e-04
Epoch 455/1000
1715/1715 - 3s - loss: 6.3308e-04 - mean_squared_error: 6.3308e-04 - val_loss: 6.0829e-04 - val_mean_squared_error: 6.0829e-04
Epoch 456/1000
1715/1715 - 3s - loss: 6.7531e-04 - mean_squared_error: 6.7531e-04 - val_loss: 6.8098e-04 - val_mean_squared_error: 6.8098e-04
Epoch 457/1000
1715/1715 - 3s - loss: 7.1307e-04 - mean_squared_error: 7.1307e-04 - val_loss: 9.1412e-04 - val_mean_squared_error: 9.1412e-04
Epoch 458/1000
1715/1715 - 3s - loss: 6.7586e-04 - mean_squared_error: 6.7586e-04 - val_loss: 9.9142e-04 - val_mean_squared_error: 9.9142e-04
Epoch 459/1000
1715/1715 - 3s - loss: 6.4221e-04 - mean_squared_error: 6.4221e-04 - val_loss: 8.7608e-04 - val_mean_squared_error: 8.7608e-04
Epoch 460/1000
1715/1715 - 3s - loss: 5.9041e-04 - mean_squared_error: 5.9041e-04 - val_loss: 5.0990e-04 - val_mean_squared_error: 5.0990e-04
Epoch 461/1000
1715/1715 - 3s - loss: 5.9588e-04 - mean_squared_error: 5.9588e-04 - val_loss: 7.6254e-04 - val_mean_squared_error: 7.6254e-04
Epoch 462/1000
1715/1715 - 3s - loss: 6.7283e-04 - mean_squared_error: 6.7283e-04 - val_loss: 7.6340e-04 - val_mean_squared_error: 7.6340e-04
Epoch 463/1000
1715/1715 - 3s - loss: 8.2243e-04 - mean_squared_error: 8.2243e-04 - val_loss: 8.3640e-04 - val_mean_squared_error: 8.3640e-04
Epoch 464/1000
1715/1715 - 3s - loss: 0.0011 - mean_squared_error: 0.0011 - val_loss: 5.5063e-04 - val_mean_squared_error: 5.5063e-04
Epoch 465/1000
1715/1715 - 3s - loss: 6.2220e-04 - mean_squared_error: 6.2220e-04 - val_loss: 6.4912e-04 - val_mean_squared_error: 6.4912e-04
Epoch 466/1000
1715/1715 - 3s - loss: 5.3481e-04 - mean_squared_error: 5.3481e-04 - val_loss: 5.2945e-04 - val_mean_squared_error: 5.2945e-04
Epoch 467/1000
1715/1715 - 3s - loss: 8.9087e-04 - mean_squared_error: 8.9087e-04 - val_loss: 9.5458e-04 - val_mean_squared_error: 9.5458e-04
Epoch 468/1000
1715/1715 - 3s - loss: 0.0010 - mean_squared_error: 0.0010 - val_loss: 6.7754e-04 - val_mean_squared_error: 6.7754e-04
Epoch 469/1000
1715/1715 - 3s - loss: 0.0010 - mean_squared_error: 0.0010 - val_loss: 9.0867e-04 - val_mean_squared_error: 9.0867e-04
Epoch 470/1000
1715/1715 - 3s - loss: 6.4799e-04 - mean_squared_error: 6.4799e-04 - val_loss: 5.5561e-04 - val_mean_squared_error: 5.5561e-04
Epoch 471/1000
1715/1715 - 3s - loss: 7.6361e-04 - mean_squared_error: 7.6361e-04 - val_loss: 7.9765e-04 - val_mean_squared_error: 7.9765e-04
Epoch 472/1000
1715/1715 - 3s - loss: 6.8699e-04 - mean_squared_error: 6.8699e-04 - val_loss: 6.0605e-04 - val_mean_squared_error: 6.0605e-04
Epoch 473/1000
1715/1715 - 4s - loss: 7.7499e-04 - mean_squared_error: 7.7499e-04 - val_loss: 0.0017 - val_mean_squared_error: 0.0017
Epoch 474/1000
1715/1715 - 3s - loss: 5.8040e-04 - mean_squared_error: 5.8040e-04 - val_loss: 5.8194e-04 - val_mean_squared_error: 5.8194e-04
Epoch 475/1000
1715/1715 - 3s - loss: 9.1707e-04 - mean_squared_error: 9.1707e-04 - val_loss: 9.2018e-04 - val_mean_squared_error: 9.2018e-04
Epoch 476/1000
1715/1715 - 3s - loss: 4.7236e-04 - mean_squared_error: 4.7236e-04 - val_loss: 5.0951e-04 - val_mean_squared_error: 5.0951e-04
Epoch 477/1000
1715/1715 - 3s - loss: 4.7301e-04 - mean_squared_error: 4.7301e-04 - val_loss: 6.0169e-04 - val_mean_squared_error: 6.0169e-04
Epoch 478/1000
1715/1715 - 3s - loss: 7.9511e-04 - mean_squared_error: 7.9511e-04 - val_loss: 6.8678e-04 - val_mean_squared_error: 6.8678e-04
Epoch 479/1000
1715/1715 - 3s - loss: 7.6525e-04 - mean_squared_error: 7.6525e-04 - val_loss: 5.5013e-04 - val_mean_squared_error: 5.5013e-04
Epoch 480/1000
1715/1715 - 4s - loss: 6.4479e-04 - mean_squared_error: 6.4479e-04 - val_loss: 5.0472e-04 - val_mean_squared_error: 5.0472e-04
Epoch 481/1000
1715/1715 - 3s - loss: 7.3266e-04 - mean_squared_error: 7.3266e-04 - val_loss: 5.3734e-04 - val_mean_squared_error: 5.3734e-04
Epoch 482/1000
1715/1715 - 3s - loss: 7.1127e-04 - mean_squared_error: 7.1127e-04 - val_loss: 9.2588e-04 - val_mean_squared_error: 9.2588e-04
Epoch 483/1000
1715/1715 - 3s - loss: 6.7793e-04 - mean_squared_error: 6.7793e-04 - val_loss: 5.8263e-04 - val_mean_squared_error: 5.8263e-04
Epoch 484/1000
1715/1715 - 3s - loss: 6.3031e-04 - mean_squared_error: 6.3031e-04 - val_loss: 6.5466e-04 - val_mean_squared_error: 6.5466e-04
Epoch 485/1000
1715/1715 - 3s - loss: 8.3089e-04 - mean_squared_error: 8.3089e-04 - val_loss: 6.5727e-04 - val_mean_squared_error: 6.5727e-04
Epoch 486/1000
1715/1715 - 3s - loss: 6.4242e-04 - mean_squared_error: 6.4242e-04 - val_loss: 0.0011 - val_mean_squared_error: 0.0011
Epoch 487/1000
1715/1715 - 3s - loss: 6.3387e-04 - mean_squared_error: 6.3387e-04 - val_loss: 7.6830e-04 - val_mean_squared_error: 7.6830e-04
Epoch 488/1000
1715/1715 - 3s - loss: 6.6655e-04 - mean_squared_error: 6.6655e-04 - val_loss: 7.3919e-04 - val_mean_squared_error: 7.3919e-04
Epoch 489/1000
1715/1715 - 3s - loss: 6.3439e-04 - mean_squared_error: 6.3439e-04 - val_loss: 7.6501e-04 - val_mean_squared_error: 7.6501e-04
Epoch 490/1000
1715/1715 - 3s - loss: 6.0046e-04 - mean_squared_error: 6.0046e-04 - val_loss: 7.2715e-04 - val_mean_squared_error: 7.2715e-04
Epoch 491/1000
1715/1715 - 3s - loss: 6.7287e-04 - mean_squared_error: 6.7287e-04 - val_loss: 5.2510e-04 - val_mean_squared_error: 5.2510e-04
Epoch 492/1000
1715/1715 - 3s - loss: 5.9135e-04 - mean_squared_error: 5.9135e-04 - val_loss: 5.6348e-04 - val_mean_squared_error: 5.6348e-04
Epoch 493/1000
1715/1715 - 3s - loss: 5.8934e-04 - mean_squared_error: 5.8934e-04 - val_loss: 6.3956e-04 - val_mean_squared_error: 6.3956e-04
Epoch 494/1000
1715/1715 - 3s - loss: 0.0017 - mean_squared_error: 0.0017 - val_loss: 8.6429e-04 - val_mean_squared_error: 8.6429e-04
Epoch 495/1000
1715/1715 - 3s - loss: 0.0014 - mean_squared_error: 0.0014 - val_loss: 7.4736e-04 - val_mean_squared_error: 7.4736e-04
Epoch 496/1000
1715/1715 - 3s - loss: 4.3772e-04 - mean_squared_error: 4.3772e-04 - val_loss: 4.8995e-04 - val_mean_squared_error: 4.8995e-04
Epoch 497/1000
1715/1715 - 3s - loss: 5.6007e-04 - mean_squared_error: 5.6007e-04 - val_loss: 5.9686e-04 - val_mean_squared_error: 5.9686e-04
Epoch 498/1000
1715/1715 - 3s - loss: 5.0135e-04 - mean_squared_error: 5.0135e-04 - val_loss: 6.7413e-04 - val_mean_squared_error: 6.7413e-04
Epoch 499/1000
1715/1715 - 3s - loss: 5.5365e-04 - mean_squared_error: 5.5365e-04 - val_loss: 4.8771e-04 - val_mean_squared_error: 4.8771e-04
Epoch 500/1000
1715/1715 - 3s - loss: 7.4031e-04 - mean_squared_error: 7.4031e-04 - val_loss: 7.0954e-04 - val_mean_squared_error: 7.0954e-04
Epoch 501/1000
1715/1715 - 3s - loss: 8.9527e-04 - mean_squared_error: 8.9527e-04 - val_loss: 0.0011 - val_mean_squared_error: 0.0011
Epoch 502/1000
1715/1715 - 3s - loss: 0.0013 - mean_squared_error: 0.0013 - val_loss: 0.0015 - val_mean_squared_error: 0.0015
Epoch 503/1000
1715/1715 - 3s - loss: 0.0011 - mean_squared_error: 0.0011 - val_loss: 6.3644e-04 - val_mean_squared_error: 6.3644e-04
Epoch 504/1000
1715/1715 - 3s - loss: 0.0011 - mean_squared_error: 0.0011 - val_loss: 6.8722e-04 - val_mean_squared_error: 6.8722e-04
Epoch 505/1000
1715/1715 - 3s - loss: 6.7434e-04 - mean_squared_error: 6.7434e-04 - val_loss: 5.9489e-04 - val_mean_squared_error: 5.9489e-04
Epoch 506/1000
1715/1715 - 3s - loss: 0.0014 - mean_squared_error: 0.0014 - val_loss: 7.0825e-04 - val_mean_squared_error: 7.0825e-04
Epoch 507/1000
1715/1715 - 3s - loss: 8.7400e-04 - mean_squared_error: 8.7400e-04 - val_loss: 7.0239e-04 - val_mean_squared_error: 7.0239e-04
Epoch 508/1000
1715/1715 - 3s - loss: 9.8903e-04 - mean_squared_error: 9.8903e-04 - val_loss: 5.9150e-04 - val_mean_squared_error: 5.9150e-04
Epoch 509/1000
1715/1715 - 3s - loss: 0.0013 - mean_squared_error: 0.0013 - val_loss: 6.1526e-04 - val_mean_squared_error: 6.1526e-04
Epoch 510/1000
1715/1715 - 3s - loss: 0.0010 - mean_squared_error: 0.0010 - val_loss: 9.0887e-04 - val_mean_squared_error: 9.0887e-04
Epoch 511/1000
1715/1715 - 3s - loss: 9.2008e-04 - mean_squared_error: 9.2008e-04 - val_loss: 6.9295e-04 - val_mean_squared_error: 6.9295e-04
Epoch 512/1000
1715/1715 - 3s - loss: 8.2821e-04 - mean_squared_error: 8.2821e-04 - val_loss: 7.1413e-04 - val_mean_squared_error: 7.1413e-04
Epoch 513/1000
1715/1715 - 3s - loss: 5.6939e-04 - mean_squared_error: 5.6939e-04 - val_loss: 6.0801e-04 - val_mean_squared_error: 6.0801e-04
Epoch 514/1000
1715/1715 - 3s - loss: 6.0675e-04 - mean_squared_error: 6.0675e-04 - val_loss: 6.1196e-04 - val_mean_squared_error: 6.1196e-04
Epoch 515/1000
1715/1715 - 3s - loss: 7.4737e-04 - mean_squared_error: 7.4737e-04 - val_loss: 5.8689e-04 - val_mean_squared_error: 5.8689e-04
Epoch 516/1000
1715/1715 - 3s - loss: 9.5651e-04 - mean_squared_error: 9.5651e-04 - val_loss: 0.0011 - val_mean_squared_error: 0.0011
Epoch 517/1000
1715/1715 - 3s - loss: 0.0011 - mean_squared_error: 0.0011 - val_loss: 7.0311e-04 - val_mean_squared_error: 7.0311e-04
Epoch 518/1000
1715/1715 - 3s - loss: 5.5048e-04 - mean_squared_error: 5.5048e-04 - val_loss: 6.5781e-04 - val_mean_squared_error: 6.5781e-04
Epoch 519/1000
1715/1715 - 3s - loss: 5.5290e-04 - mean_squared_error: 5.5290e-04 - val_loss: 7.3847e-04 - val_mean_squared_error: 7.3847e-04
Epoch 520/1000
1715/1715 - 3s - loss: 5.9678e-04 - mean_squared_error: 5.9678e-04 - val_loss: 7.2531e-04 - val_mean_squared_error: 7.2531e-04
Epoch 521/1000
1715/1715 - 3s - loss: 6.4429e-04 - mean_squared_error: 6.4429e-04 - val_loss: 6.2469e-04 - val_mean_squared_error: 6.2469e-04
Epoch 522/1000
1715/1715 - 3s - loss: 8.9273e-04 - mean_squared_error: 8.9273e-04 - val_loss: 5.6586e-04 - val_mean_squared_error: 5.6586e-04
Epoch 523/1000
1715/1715 - 3s - loss: 6.2107e-04 - mean_squared_error: 6.2107e-04 - val_loss: 9.1136e-04 - val_mean_squared_error: 9.1136e-04
Epoch 524/1000
1715/1715 - 3s - loss: 0.0011 - mean_squared_error: 0.0011 - val_loss: 9.2474e-04 - val_mean_squared_error: 9.2474e-04
Epoch 525/1000
1715/1715 - 3s - loss: 0.0011 - mean_squared_error: 0.0011 - val_loss: 7.4130e-04 - val_mean_squared_error: 7.4130e-04
Epoch 526/1000
1715/1715 - 3s - loss: 0.0012 - mean_squared_error: 0.0012 - val_loss: 5.0189e-04 - val_mean_squared_error: 5.0189e-04
Epoch 527/1000
1715/1715 - 3s - loss: 6.1067e-04 - mean_squared_error: 6.1067e-04 - val_loss: 9.1842e-04 - val_mean_squared_error: 9.1842e-04
Epoch 528/1000
1715/1715 - 3s - loss: 0.0011 - mean_squared_error: 0.0011 - val_loss: 6.1477e-04 - val_mean_squared_error: 6.1477e-04
Epoch 529/1000
1715/1715 - 3s - loss: 6.6271e-04 - mean_squared_error: 6.6271e-04 - val_loss: 7.5440e-04 - val_mean_squared_error: 7.5440e-04
Epoch 530/1000
1715/1715 - 3s - loss: 9.9979e-04 - mean_squared_error: 9.9979e-04 - val_loss: 6.5460e-04 - val_mean_squared_error: 6.5460e-04
Epoch 531/1000
1715/1715 - 3s - loss: 0.0011 - mean_squared_error: 0.0011 - val_loss: 6.4744e-04 - val_mean_squared_error: 6.4744e-04
Epoch 532/1000
1715/1715 - 3s - loss: 6.0068e-04 - mean_squared_error: 6.0068e-04 - val_loss: 5.8394e-04 - val_mean_squared_error: 5.8394e-04
Epoch 533/1000
1715/1715 - 3s - loss: 7.8681e-04 - mean_squared_error: 7.8681e-04 - val_loss: 0.0010 - val_mean_squared_error: 0.0010
Epoch 534/1000
1715/1715 - 3s - loss: 5.9304e-04 - mean_squared_error: 5.9304e-04 - val_loss: 5.4572e-04 - val_mean_squared_error: 5.4572e-04
Epoch 535/1000
1715/1715 - 3s - loss: 7.0124e-04 - mean_squared_error: 7.0124e-04 - val_loss: 7.3049e-04 - val_mean_squared_error: 7.3049e-04
Epoch 536/1000
1715/1715 - 3s - loss: 9.7120e-04 - mean_squared_error: 9.7120e-04 - val_loss: 8.6339e-04 - val_mean_squared_error: 8.6339e-04
Epoch 537/1000
1715/1715 - 3s - loss: 8.8300e-04 - mean_squared_error: 8.8300e-04 - val_loss: 5.9883e-04 - val_mean_squared_error: 5.9883e-04
Epoch 538/1000
1715/1715 - 3s - loss: 7.5034e-04 - mean_squared_error: 7.5034e-04 - val_loss: 0.0010 - val_mean_squared_error: 0.0010
Epoch 539/1000
1715/1715 - 3s - loss: 5.4323e-04 - mean_squared_error: 5.4323e-04 - val_loss: 6.3970e-04 - val_mean_squared_error: 6.3970e-04
Epoch 540/1000
1715/1715 - 3s - loss: 5.4729e-04 - mean_squared_error: 5.4729e-04 - val_loss: 6.0282e-04 - val_mean_squared_error: 6.0282e-04
Epoch 541/1000
1715/1715 - 3s - loss: 0.0017 - mean_squared_error: 0.0017 - val_loss: 6.0931e-04 - val_mean_squared_error: 6.0931e-04
Epoch 542/1000
1715/1715 - 3s - loss: 6.8753e-04 - mean_squared_error: 6.8753e-04 - val_loss: 6.8545e-04 - val_mean_squared_error: 6.8545e-04
Epoch 543/1000
1715/1715 - 3s - loss: 9.9159e-04 - mean_squared_error: 9.9159e-04 - val_loss: 6.9405e-04 - val_mean_squared_error: 6.9405e-04
Epoch 544/1000
1715/1715 - 3s - loss: 7.4150e-04 - mean_squared_error: 7.4150e-04 - val_loss: 7.0588e-04 - val_mean_squared_error: 7.0588e-04
Epoch 545/1000
1715/1715 - 3s - loss: 5.9582e-04 - mean_squared_error: 5.9582e-04 - val_loss: 6.7060e-04 - val_mean_squared_error: 6.7060e-04
Epoch 546/1000
1715/1715 - 3s - loss: 5.6173e-04 - mean_squared_error: 5.6173e-04 - val_loss: 5.5095e-04 - val_mean_squared_error: 5.5095e-04
Epoch 547/1000
1715/1715 - 3s - loss: 9.3881e-04 - mean_squared_error: 9.3881e-04 - val_loss: 6.4655e-04 - val_mean_squared_error: 6.4655e-04
Epoch 548/1000
1715/1715 - 3s - loss: 7.1011e-04 - mean_squared_error: 7.1011e-04 - val_loss: 9.4956e-04 - val_mean_squared_error: 9.4956e-04
Epoch 549/1000
1715/1715 - 3s - loss: 6.1816e-04 - mean_squared_error: 6.1816e-04 - val_loss: 7.9906e-04 - val_mean_squared_error: 7.9906e-04
Epoch 550/1000
1715/1715 - 3s - loss: 7.2186e-04 - mean_squared_error: 7.2186e-04 - val_loss: 0.0011 - val_mean_squared_error: 0.0011
Epoch 551/1000
1715/1715 - 3s - loss: 7.1149e-04 - mean_squared_error: 7.1149e-04 - val_loss: 6.6780e-04 - val_mean_squared_error: 6.6780e-04
Epoch 552/1000
1715/1715 - 3s - loss: 6.3444e-04 - mean_squared_error: 6.3444e-04 - val_loss: 6.7994e-04 - val_mean_squared_error: 6.7994e-04
Epoch 553/1000
1715/1715 - 3s - loss: 6.3368e-04 - mean_squared_error: 6.3368e-04 - val_loss: 7.1394e-04 - val_mean_squared_error: 7.1394e-04
Epoch 554/1000
1715/1715 - 3s - loss: 6.2265e-04 - mean_squared_error: 6.2265e-04 - val_loss: 6.3606e-04 - val_mean_squared_error: 6.3606e-04
Epoch 555/1000
1715/1715 - 3s - loss: 0.0011 - mean_squared_error: 0.0011 - val_loss: 0.0010 - val_mean_squared_error: 0.0010
Epoch 556/1000
1715/1715 - 3s - loss: 6.5958e-04 - mean_squared_error: 6.5958e-04 - val_loss: 5.7550e-04 - val_mean_squared_error: 5.7550e-04
Epoch 557/1000
1715/1715 - 3s - loss: 9.4776e-04 - mean_squared_error: 9.4776e-04 - val_loss: 7.3445e-04 - val_mean_squared_error: 7.3445e-04
Epoch 558/1000
1715/1715 - 3s - loss: 7.0053e-04 - mean_squared_error: 7.0053e-04 - val_loss: 6.1574e-04 - val_mean_squared_error: 6.1574e-04
Epoch 559/1000
1715/1715 - 3s - loss: 8.4547e-04 - mean_squared_error: 8.4547e-04 - val_loss: 0.0010 - val_mean_squared_error: 0.0010
Epoch 560/1000
1715/1715 - 3s - loss: 8.7785e-04 - mean_squared_error: 8.7785e-04 - val_loss: 6.5907e-04 - val_mean_squared_error: 6.5907e-04
Epoch 561/1000
1715/1715 - 3s - loss: 5.1043e-04 - mean_squared_error: 5.1043e-04 - val_loss: 6.9477e-04 - val_mean_squared_error: 6.9477e-04
Epoch 562/1000
1715/1715 - 3s - loss: 6.7639e-04 - mean_squared_error: 6.7639e-04 - val_loss: 5.8681e-04 - val_mean_squared_error: 5.8681e-04
Epoch 563/1000
1715/1715 - 3s - loss: 4.7799e-04 - mean_squared_error: 4.7799e-04 - val_loss: 6.8460e-04 - val_mean_squared_error: 6.8460e-04
Epoch 564/1000
1715/1715 - 3s - loss: 4.9940e-04 - mean_squared_error: 4.9940e-04 - val_loss: 5.4429e-04 - val_mean_squared_error: 5.4429e-04
Epoch 565/1000
1715/1715 - 3s - loss: 5.6247e-04 - mean_squared_error: 5.6247e-04 - val_loss: 6.0392e-04 - val_mean_squared_error: 6.0392e-04
Epoch 566/1000
1715/1715 - 3s - loss: 5.5314e-04 - mean_squared_error: 5.5314e-04 - val_loss: 6.0874e-04 - val_mean_squared_error: 6.0874e-04
Epoch 567/1000
1715/1715 - 3s - loss: 6.1494e-04 - mean_squared_error: 6.1494e-04 - val_loss: 7.4700e-04 - val_mean_squared_error: 7.4700e-04
Epoch 568/1000
1715/1715 - 3s - loss: 5.5978e-04 - mean_squared_error: 5.5978e-04 - val_loss: 5.2463e-04 - val_mean_squared_error: 5.2463e-04
Epoch 569/1000
1715/1715 - 3s - loss: 5.1981e-04 - mean_squared_error: 5.1981e-04 - val_loss: 6.0673e-04 - val_mean_squared_error: 6.0673e-04
Epoch 570/1000
1715/1715 - 3s - loss: 9.7451e-04 - mean_squared_error: 9.7451e-04 - val_loss: 8.8898e-04 - val_mean_squared_error: 8.8898e-04
Epoch 571/1000
1715/1715 - 3s - loss: 9.0695e-04 - mean_squared_error: 9.0695e-04 - val_loss: 0.0010 - val_mean_squared_error: 0.0010
Epoch 572/1000
1715/1715 - 3s - loss: 0.0011 - mean_squared_error: 0.0011 - val_loss: 0.0015 - val_mean_squared_error: 0.0015
Epoch 573/1000
1715/1715 - 3s - loss: 9.8512e-04 - mean_squared_error: 9.8512e-04 - val_loss: 0.0011 - val_mean_squared_error: 0.0011
Epoch 574/1000
1715/1715 - 3s - loss: 7.0753e-04 - mean_squared_error: 7.0753e-04 - val_loss: 6.8194e-04 - val_mean_squared_error: 6.8194e-04
Epoch 575/1000
1715/1715 - 3s - loss: 0.0011 - mean_squared_error: 0.0011 - val_loss: 8.3716e-04 - val_mean_squared_error: 8.3716e-04
Epoch 576/1000
1715/1715 - 3s - loss: 0.0011 - mean_squared_error: 0.0011 - val_loss: 0.0011 - val_mean_squared_error: 0.0011
Epoch 577/1000
1715/1715 - 3s - loss: 0.0020 - mean_squared_error: 0.0020 - val_loss: 0.0016 - val_mean_squared_error: 0.0016
Epoch 578/1000
1715/1715 - 3s - loss: 9.1901e-04 - mean_squared_error: 9.1901e-04 - val_loss: 5.4795e-04 - val_mean_squared_error: 5.4795e-04
Epoch 579/1000
1715/1715 - 3s - loss: 7.4117e-04 - mean_squared_error: 7.4117e-04 - val_loss: 6.7496e-04 - val_mean_squared_error: 6.7496e-04
Epoch 580/1000
1715/1715 - 3s - loss: 9.6739e-04 - mean_squared_error: 9.6739e-04 - val_loss: 5.3591e-04 - val_mean_squared_error: 5.3591e-04
Epoch 581/1000
1715/1715 - 3s - loss: 5.8994e-04 - mean_squared_error: 5.8994e-04 - val_loss: 5.4385e-04 - val_mean_squared_error: 5.4385e-04
Epoch 582/1000
1715/1715 - 3s - loss: 5.1004e-04 - mean_squared_error: 5.1004e-04 - val_loss: 5.6886e-04 - val_mean_squared_error: 5.6886e-04
Epoch 583/1000
1715/1715 - 3s - loss: 7.8083e-04 - mean_squared_error: 7.8083e-04 - val_loss: 9.4309e-04 - val_mean_squared_error: 9.4309e-04
Epoch 584/1000
1715/1715 - 3s - loss: 9.3325e-04 - mean_squared_error: 9.3325e-04 - val_loss: 6.3775e-04 - val_mean_squared_error: 6.3775e-04
Epoch 585/1000
1715/1715 - 3s - loss: 6.7944e-04 - mean_squared_error: 6.7944e-04 - val_loss: 5.8532e-04 - val_mean_squared_error: 5.8532e-04
Epoch 586/1000
1715/1715 - 3s - loss: 7.2966e-04 - mean_squared_error: 7.2966e-04 - val_loss: 6.2750e-04 - val_mean_squared_error: 6.2750e-04
Epoch 587/1000
1715/1715 - 3s - loss: 8.9812e-04 - mean_squared_error: 8.9812e-04 - val_loss: 7.0465e-04 - val_mean_squared_error: 7.0465e-04
Epoch 588/1000
1715/1715 - 3s - loss: 8.5397e-04 - mean_squared_error: 8.5397e-04 - val_loss: 6.1154e-04 - val_mean_squared_error: 6.1154e-04
Epoch 589/1000
1715/1715 - 3s - loss: 5.5698e-04 - mean_squared_error: 5.5698e-04 - val_loss: 6.5522e-04 - val_mean_squared_error: 6.5522e-04
Epoch 590/1000
1715/1715 - 3s - loss: 8.5774e-04 - mean_squared_error: 8.5774e-04 - val_loss: 5.4891e-04 - val_mean_squared_error: 5.4891e-04
Epoch 591/1000
1715/1715 - 3s - loss: 0.0010 - mean_squared_error: 0.0010 - val_loss: 7.6448e-04 - val_mean_squared_error: 7.6448e-04
Epoch 592/1000
1715/1715 - 3s - loss: 0.0012 - mean_squared_error: 0.0012 - val_loss: 7.4934e-04 - val_mean_squared_error: 7.4934e-04
Epoch 593/1000
1715/1715 - 3s - loss: 8.0439e-04 - mean_squared_error: 8.0439e-04 - val_loss: 6.6274e-04 - val_mean_squared_error: 6.6274e-04
Epoch 594/1000
1715/1715 - 3s - loss: 8.3679e-04 - mean_squared_error: 8.3679e-04 - val_loss: 6.1632e-04 - val_mean_squared_error: 6.1632e-04
Epoch 595/1000
1715/1715 - 3s - loss: 6.0651e-04 - mean_squared_error: 6.0651e-04 - val_loss: 6.1650e-04 - val_mean_squared_error: 6.1650e-04
Epoch 596/1000
1715/1715 - 3s - loss: 5.6982e-04 - mean_squared_error: 5.6982e-04 - val_loss: 6.0026e-04 - val_mean_squared_error: 6.0026e-04
Epoch 597/1000
1715/1715 - 3s - loss: 7.2073e-04 - mean_squared_error: 7.2073e-04 - val_loss: 0.0013 - val_mean_squared_error: 0.0013
Epoch 598/1000
1715/1715 - 3s - loss: 6.4665e-04 - mean_squared_error: 6.4665e-04 - val_loss: 5.6415e-04 - val_mean_squared_error: 5.6415e-04
Epoch 599/1000
1715/1715 - 3s - loss: 8.1186e-04 - mean_squared_error: 8.1186e-04 - val_loss: 6.4363e-04 - val_mean_squared_error: 6.4363e-04
Epoch 600/1000
1715/1715 - 3s - loss: 0.0011 - mean_squared_error: 0.0011 - val_loss: 0.0012 - val_mean_squared_error: 0.0012
Epoch 601/1000
1715/1715 - 3s - loss: 0.0011 - mean_squared_error: 0.0011 - val_loss: 0.0012 - val_mean_squared_error: 0.0012
Epoch 602/1000
1715/1715 - 3s - loss: 7.1634e-04 - mean_squared_error: 7.1634e-04 - val_loss: 5.5582e-04 - val_mean_squared_error: 5.5582e-04
Epoch 603/1000
1715/1715 - 3s - loss: 6.9851e-04 - mean_squared_error: 6.9851e-04 - val_loss: 7.3474e-04 - val_mean_squared_error: 7.3474e-04
Epoch 604/1000
1715/1715 - 3s - loss: 7.3368e-04 - mean_squared_error: 7.3368e-04 - val_loss: 6.6165e-04 - val_mean_squared_error: 6.6165e-04
Epoch 605/1000
1715/1715 - 3s - loss: 5.3642e-04 - mean_squared_error: 5.3642e-04 - val_loss: 5.5070e-04 - val_mean_squared_error: 5.5070e-04
Epoch 606/1000
1715/1715 - 3s - loss: 4.5721e-04 - mean_squared_error: 4.5721e-04 - val_loss: 6.9423e-04 - val_mean_squared_error: 6.9423e-04
Epoch 607/1000
1715/1715 - 3s - loss: 7.2592e-04 - mean_squared_error: 7.2592e-04 - val_loss: 7.5461e-04 - val_mean_squared_error: 7.5461e-04
Epoch 608/1000
1715/1715 - 3s - loss: 5.2882e-04 - mean_squared_error: 5.2882e-04 - val_loss: 5.2251e-04 - val_mean_squared_error: 5.2251e-04
Epoch 609/1000
1715/1715 - 3s - loss: 6.1835e-04 - mean_squared_error: 6.1835e-04 - val_loss: 6.7627e-04 - val_mean_squared_error: 6.7627e-04
Epoch 610/1000
1715/1715 - 3s - loss: 8.6542e-04 - mean_squared_error: 8.6542e-04 - val_loss: 7.7053e-04 - val_mean_squared_error: 7.7053e-04
Epoch 611/1000
1715/1715 - 3s - loss: 7.6221e-04 - mean_squared_error: 7.6221e-04 - val_loss: 0.0012 - val_mean_squared_error: 0.0012
Epoch 612/1000
1715/1715 - 3s - loss: 6.8043e-04 - mean_squared_error: 6.8043e-04 - val_loss: 9.4687e-04 - val_mean_squared_error: 9.4687e-04
Epoch 613/1000
1715/1715 - 3s - loss: 7.5192e-04 - mean_squared_error: 7.5192e-04 - val_loss: 0.0017 - val_mean_squared_error: 0.0017
Epoch 614/1000
1715/1715 - 3s - loss: 9.0076e-04 - mean_squared_error: 9.0076e-04 - val_loss: 6.3409e-04 - val_mean_squared_error: 6.3409e-04
Epoch 615/1000
1715/1715 - 3s - loss: 9.5488e-04 - mean_squared_error: 9.5488e-04 - val_loss: 6.3013e-04 - val_mean_squared_error: 6.3013e-04
Epoch 616/1000
1715/1715 - 3s - loss: 6.6668e-04 - mean_squared_error: 6.6668e-04 - val_loss: 7.0510e-04 - val_mean_squared_error: 7.0510e-04
Epoch 617/1000
1715/1715 - 3s - loss: 6.9630e-04 - mean_squared_error: 6.9630e-04 - val_loss: 6.5644e-04 - val_mean_squared_error: 6.5644e-04
Epoch 618/1000
1715/1715 - 3s - loss: 7.9091e-04 - mean_squared_error: 7.9091e-04 - val_loss: 9.0515e-04 - val_mean_squared_error: 9.0515e-04
Epoch 619/1000
1715/1715 - 3s - loss: 8.8956e-04 - mean_squared_error: 8.8956e-04 - val_loss: 6.9401e-04 - val_mean_squared_error: 6.9401e-04
Epoch 620/1000
1715/1715 - 3s - loss: 5.6137e-04 - mean_squared_error: 5.6137e-04 - val_loss: 6.4948e-04 - val_mean_squared_error: 6.4948e-04
Epoch 621/1000
1715/1715 - 3s - loss: 6.2416e-04 - mean_squared_error: 6.2416e-04 - val_loss: 6.4014e-04 - val_mean_squared_error: 6.4014e-04
Epoch 622/1000
1715/1715 - 3s - loss: 7.0954e-04 - mean_squared_error: 7.0954e-04 - val_loss: 9.0128e-04 - val_mean_squared_error: 9.0128e-04
Epoch 623/1000
1715/1715 - 3s - loss: 7.7428e-04 - mean_squared_error: 7.7428e-04 - val_loss: 9.6109e-04 - val_mean_squared_error: 9.6109e-04
Epoch 624/1000
1715/1715 - 3s - loss: 5.5240e-04 - mean_squared_error: 5.5240e-04 - val_loss: 9.0360e-04 - val_mean_squared_error: 9.0360e-04
Epoch 625/1000
1715/1715 - 3s - loss: 8.7173e-04 - mean_squared_error: 8.7173e-04 - val_loss: 5.7341e-04 - val_mean_squared_error: 5.7341e-04
Epoch 626/1000
1715/1715 - 3s - loss: 0.0012 - mean_squared_error: 0.0012 - val_loss: 8.4954e-04 - val_mean_squared_error: 8.4954e-04
Epoch 627/1000
1715/1715 - 3s - loss: 0.0012 - mean_squared_error: 0.0012 - val_loss: 6.7180e-04 - val_mean_squared_error: 6.7180e-04
Epoch 628/1000
1715/1715 - 3s - loss: 0.0013 - mean_squared_error: 0.0013 - val_loss: 7.4344e-04 - val_mean_squared_error: 7.4344e-04
Epoch 629/1000
1715/1715 - 3s - loss: 9.0046e-04 - mean_squared_error: 9.0046e-04 - val_loss: 8.0659e-04 - val_mean_squared_error: 8.0659e-04
Epoch 630/1000
1715/1715 - 3s - loss: 0.0012 - mean_squared_error: 0.0012 - val_loss: 8.3985e-04 - val_mean_squared_error: 8.3985e-04
Epoch 631/1000
1715/1715 - 3s - loss: 0.0010 - mean_squared_error: 0.0010 - val_loss: 6.5520e-04 - val_mean_squared_error: 6.5520e-04
Epoch 632/1000
1715/1715 - 3s - loss: 6.8727e-04 - mean_squared_error: 6.8727e-04 - val_loss: 5.6616e-04 - val_mean_squared_error: 5.6616e-04
Epoch 633/1000
1715/1715 - 3s - loss: 7.0423e-04 - mean_squared_error: 7.0423e-04 - val_loss: 5.7393e-04 - val_mean_squared_error: 5.7393e-04
Epoch 634/1000
1715/1715 - 3s - loss: 6.1933e-04 - mean_squared_error: 6.1933e-04 - val_loss: 8.2906e-04 - val_mean_squared_error: 8.2906e-04
Epoch 635/1000
1715/1715 - 3s - loss: 8.5870e-04 - mean_squared_error: 8.5870e-04 - val_loss: 7.6755e-04 - val_mean_squared_error: 7.6755e-04
Epoch 636/1000
1715/1715 - 3s - loss: 7.5372e-04 - mean_squared_error: 7.5372e-04 - val_loss: 7.0147e-04 - val_mean_squared_error: 7.0147e-04
Epoch 637/1000
1715/1715 - 3s - loss: 5.6821e-04 - mean_squared_error: 5.6821e-04 - val_loss: 5.9349e-04 - val_mean_squared_error: 5.9349e-04
Epoch 638/1000
1715/1715 - 3s - loss: 7.5292e-04 - mean_squared_error: 7.5292e-04 - val_loss: 7.9855e-04 - val_mean_squared_error: 7.9855e-04
Epoch 639/1000
1715/1715 - 3s - loss: 6.4600e-04 - mean_squared_error: 6.4600e-04 - val_loss: 6.5892e-04 - val_mean_squared_error: 6.5892e-04
Epoch 640/1000
1715/1715 - 3s - loss: 8.9771e-04 - mean_squared_error: 8.9771e-04 - val_loss: 9.6458e-04 - val_mean_squared_error: 9.6458e-04
Epoch 641/1000
1715/1715 - 3s - loss: 8.8055e-04 - mean_squared_error: 8.8055e-04 - val_loss: 5.1782e-04 - val_mean_squared_error: 5.1782e-04
Epoch 642/1000
1715/1715 - 3s - loss: 7.3394e-04 - mean_squared_error: 7.3394e-04 - val_loss: 5.7999e-04 - val_mean_squared_error: 5.7999e-04
Epoch 643/1000
1715/1715 - 3s - loss: 7.6768e-04 - mean_squared_error: 7.6768e-04 - val_loss: 5.2172e-04 - val_mean_squared_error: 5.2172e-04
Epoch 644/1000
1715/1715 - 3s - loss: 5.6723e-04 - mean_squared_error: 5.6723e-04 - val_loss: 6.6825e-04 - val_mean_squared_error: 6.6825e-04
Epoch 645/1000
1715/1715 - 3s - loss: 7.3630e-04 - mean_squared_error: 7.3630e-04 - val_loss: 0.0013 - val_mean_squared_error: 0.0013
Epoch 646/1000
1715/1715 - 3s - loss: 0.0011 - mean_squared_error: 0.0011 - val_loss: 5.6223e-04 - val_mean_squared_error: 5.6223e-04
Epoch 647/1000
1715/1715 - 3s - loss: 0.0014 - mean_squared_error: 0.0014 - val_loss: 5.6778e-04 - val_mean_squared_error: 5.6778e-04
Epoch 648/1000
1715/1715 - 3s - loss: 8.1335e-04 - mean_squared_error: 8.1335e-04 - val_loss: 9.8032e-04 - val_mean_squared_error: 9.8032e-04
Epoch 649/1000
1715/1715 - 3s - loss: 0.0011 - mean_squared_error: 0.0011 - val_loss: 7.4887e-04 - val_mean_squared_error: 7.4887e-04
Epoch 650/1000
1715/1715 - 3s - loss: 0.0012 - mean_squared_error: 0.0012 - val_loss: 8.3976e-04 - val_mean_squared_error: 8.3976e-04
Epoch 651/1000
1715/1715 - 3s - loss: 7.0468e-04 - mean_squared_error: 7.0468e-04 - val_loss: 8.0911e-04 - val_mean_squared_error: 8.0911e-04
Epoch 652/1000
1715/1715 - 3s - loss: 5.4866e-04 - mean_squared_error: 5.4866e-04 - val_loss: 6.8897e-04 - val_mean_squared_error: 6.8897e-04
Epoch 653/1000
1715/1715 - 3s - loss: 4.9135e-04 - mean_squared_error: 4.9135e-04 - val_loss: 6.8209e-04 - val_mean_squared_error: 6.8209e-04
Epoch 654/1000
1715/1715 - 3s - loss: 0.0015 - mean_squared_error: 0.0015 - val_loss: 7.2222e-04 - val_mean_squared_error: 7.2222e-04
