WARNING: Logging before flag parsing goes to stderr.
W0228 13:44:24.201034 140432481187648 deprecation.py:506] From /home/zoshs2/anaconda3/envs/tf_gpu/lib/python3.7/site-packages/tensorflow/python/ops/init_ops.py:1251: calling VarianceScaling.__init__ (from tensorflow.python.ops.init_ops) with dtype is deprecated and will be removed in a future version.
Instructions for updating:
Call initializer instance with the dtype argument instead of passing it to the constructor
2020-02-28 13:44:25.517621: I tensorflow/core/platform/cpu_feature_guard.cc:142] Your CPU supports instructions that this TensorFlow binary was not compiled to use: SSE4.1 SSE4.2 AVX AVX2 FMA
2020-02-28 13:44:25.526097: I tensorflow/core/platform/profile_utils/cpu_utils.cc:94] CPU Frequency: 2199870000 Hz
2020-02-28 13:44:25.528387: I tensorflow/compiler/xla/service/service.cc:168] XLA service 0x559933c46c40 executing computations on platform Host. Devices:
2020-02-28 13:44:25.528416: I tensorflow/compiler/xla/service/service.cc:175]   StreamExecutor device (0): <undefined>, <undefined>
2020-02-28 13:44:25.530127: I tensorflow/stream_executor/platform/default/dso_loader.cc:42] Successfully opened dynamic library libcuda.so.1
2020-02-28 13:44:30.187738: I tensorflow/core/common_runtime/gpu/gpu_device.cc:1640] Found device 0 with properties: 
name: Tesla V100-PCIE-16GB major: 7 minor: 0 memoryClockRate(GHz): 1.38
pciBusID: 0000:04:00.0
2020-02-28 13:44:30.188617: I tensorflow/stream_executor/platform/default/dso_loader.cc:42] Successfully opened dynamic library libcudart.so.10.1
2020-02-28 13:44:30.191726: I tensorflow/stream_executor/platform/default/dso_loader.cc:42] Successfully opened dynamic library libcublas.so.10
2020-02-28 13:44:30.194627: I tensorflow/stream_executor/platform/default/dso_loader.cc:42] Successfully opened dynamic library libcufft.so.10
2020-02-28 13:44:30.195139: I tensorflow/stream_executor/platform/default/dso_loader.cc:42] Successfully opened dynamic library libcurand.so.10
2020-02-28 13:44:30.198353: I tensorflow/stream_executor/platform/default/dso_loader.cc:42] Successfully opened dynamic library libcusolver.so.10
2020-02-28 13:44:30.200070: I tensorflow/stream_executor/platform/default/dso_loader.cc:42] Successfully opened dynamic library libcusparse.so.10
2020-02-28 13:44:30.206282: I tensorflow/stream_executor/platform/default/dso_loader.cc:42] Successfully opened dynamic library libcudnn.so.7
2020-02-28 13:44:30.208659: I tensorflow/core/common_runtime/gpu/gpu_device.cc:1763] Adding visible gpu devices: 0
2020-02-28 13:44:30.208705: I tensorflow/stream_executor/platform/default/dso_loader.cc:42] Successfully opened dynamic library libcudart.so.10.1
2020-02-28 13:44:30.338886: I tensorflow/core/common_runtime/gpu/gpu_device.cc:1181] Device interconnect StreamExecutor with strength 1 edge matrix:
2020-02-28 13:44:30.338933: I tensorflow/core/common_runtime/gpu/gpu_device.cc:1187]      0 
2020-02-28 13:44:30.338944: I tensorflow/core/common_runtime/gpu/gpu_device.cc:1200] 0:   N 
2020-02-28 13:44:30.341603: I tensorflow/core/common_runtime/gpu/gpu_device.cc:1326] Created TensorFlow device (/job:localhost/replica:0/task:0/device:GPU:0 with 15051 MB memory) -> physical GPU (device: 0, name: Tesla V100-PCIE-16GB, pci bus id: 0000:04:00.0, compute capability: 7.0)
2020-02-28 13:44:30.343698: I tensorflow/compiler/xla/service/service.cc:168] XLA service 0x559934a57ab0 executing computations on platform CUDA. Devices:
2020-02-28 13:44:30.343716: I tensorflow/compiler/xla/service/service.cc:175]   StreamExecutor device (0): Tesla V100-PCIE-16GB, Compute Capability 7.0
2020-02-28 13:44:32.279429: I tensorflow/stream_executor/platform/default/dso_loader.cc:42] Successfully opened dynamic library libcublas.so.10
2020-02-28 13:44:32.546118: I tensorflow/stream_executor/platform/default/dso_loader.cc:42] Successfully opened dynamic library libcudnn.so.7
TESTSET SAVE!
Train on 1800 samples, validate on 451 samples
Epoch 1/200
1800/1800 - 8s - loss: 0.1613 - mean_squared_error: 0.1613 - val_loss: 0.8884 - val_mean_squared_error: 0.8884
Epoch 2/200
1800/1800 - 3s - loss: 0.0564 - mean_squared_error: 0.0564 - val_loss: 1.0006 - val_mean_squared_error: 1.0006
Epoch 3/200
1800/1800 - 4s - loss: 0.0383 - mean_squared_error: 0.0383 - val_loss: 0.1442 - val_mean_squared_error: 0.1442
Epoch 4/200
1800/1800 - 4s - loss: 0.0369 - mean_squared_error: 0.0369 - val_loss: 0.0224 - val_mean_squared_error: 0.0224
Epoch 5/200
1800/1800 - 3s - loss: 0.0310 - mean_squared_error: 0.0310 - val_loss: 0.0227 - val_mean_squared_error: 0.0227
Epoch 6/200
1800/1800 - 3s - loss: 0.0269 - mean_squared_error: 0.0269 - val_loss: 0.0119 - val_mean_squared_error: 0.0119
Epoch 7/200
1800/1800 - 3s - loss: 0.0237 - mean_squared_error: 0.0237 - val_loss: 0.0204 - val_mean_squared_error: 0.0204
Epoch 8/200
1800/1800 - 3s - loss: 0.0197 - mean_squared_error: 0.0197 - val_loss: 0.0104 - val_mean_squared_error: 0.0104
Epoch 9/200
1800/1800 - 4s - loss: 0.0211 - mean_squared_error: 0.0211 - val_loss: 0.0116 - val_mean_squared_error: 0.0116
Epoch 10/200
1800/1800 - 3s - loss: 0.0215 - mean_squared_error: 0.0215 - val_loss: 0.0091 - val_mean_squared_error: 0.0091
Epoch 11/200
1800/1800 - 3s - loss: 0.0186 - mean_squared_error: 0.0186 - val_loss: 0.0104 - val_mean_squared_error: 0.0104
Epoch 12/200
1800/1800 - 4s - loss: 0.0182 - mean_squared_error: 0.0182 - val_loss: 0.0076 - val_mean_squared_error: 0.0076
Epoch 13/200
1800/1800 - 3s - loss: 0.0175 - mean_squared_error: 0.0175 - val_loss: 0.0086 - val_mean_squared_error: 0.0086
Epoch 14/200
1800/1800 - 3s - loss: 0.0177 - mean_squared_error: 0.0177 - val_loss: 0.0091 - val_mean_squared_error: 0.0091
Epoch 15/200
1800/1800 - 3s - loss: 0.0152 - mean_squared_error: 0.0152 - val_loss: 0.0070 - val_mean_squared_error: 0.0070
Epoch 16/200
1800/1800 - 3s - loss: 0.0161 - mean_squared_error: 0.0161 - val_loss: 0.0076 - val_mean_squared_error: 0.0076
Epoch 17/200
1800/1800 - 3s - loss: 0.0150 - mean_squared_error: 0.0150 - val_loss: 0.0122 - val_mean_squared_error: 0.0122
Epoch 18/200
1800/1800 - 3s - loss: 0.0145 - mean_squared_error: 0.0145 - val_loss: 0.0087 - val_mean_squared_error: 0.0087
Epoch 19/200
1800/1800 - 3s - loss: 0.0138 - mean_squared_error: 0.0138 - val_loss: 0.0313 - val_mean_squared_error: 0.0313
Epoch 20/200
1800/1800 - 3s - loss: 0.0134 - mean_squared_error: 0.0134 - val_loss: 0.0081 - val_mean_squared_error: 0.0081
Epoch 21/200
1800/1800 - 3s - loss: 0.0124 - mean_squared_error: 0.0124 - val_loss: 0.0083 - val_mean_squared_error: 0.0083
Epoch 22/200
1800/1800 - 3s - loss: 0.0112 - mean_squared_error: 0.0112 - val_loss: 0.0087 - val_mean_squared_error: 0.0087
Epoch 23/200
1800/1800 - 3s - loss: 0.0117 - mean_squared_error: 0.0117 - val_loss: 0.0108 - val_mean_squared_error: 0.0108
Epoch 24/200
1800/1800 - 3s - loss: 0.0093 - mean_squared_error: 0.0093 - val_loss: 0.0065 - val_mean_squared_error: 0.0065
Epoch 25/200
1800/1800 - 3s - loss: 0.0102 - mean_squared_error: 0.0102 - val_loss: 0.0042 - val_mean_squared_error: 0.0042
Epoch 26/200
1800/1800 - 3s - loss: 0.0091 - mean_squared_error: 0.0091 - val_loss: 0.0052 - val_mean_squared_error: 0.0052
Epoch 27/200
1800/1800 - 3s - loss: 0.0084 - mean_squared_error: 0.0084 - val_loss: 0.0031 - val_mean_squared_error: 0.0031
Epoch 28/200
1800/1800 - 3s - loss: 0.0083 - mean_squared_error: 0.0083 - val_loss: 0.0045 - val_mean_squared_error: 0.0045
Epoch 29/200
1800/1800 - 3s - loss: 0.0081 - mean_squared_error: 0.0081 - val_loss: 0.0063 - val_mean_squared_error: 0.0063
Epoch 30/200
1800/1800 - 3s - loss: 0.0076 - mean_squared_error: 0.0076 - val_loss: 0.0078 - val_mean_squared_error: 0.0078
Epoch 31/200
1800/1800 - 3s - loss: 0.0077 - mean_squared_error: 0.0077 - val_loss: 0.0187 - val_mean_squared_error: 0.0187
Epoch 32/200
1800/1800 - 3s - loss: 0.0072 - mean_squared_error: 0.0072 - val_loss: 0.0034 - val_mean_squared_error: 0.0034
Epoch 33/200
1800/1800 - 3s - loss: 0.0063 - mean_squared_error: 0.0063 - val_loss: 0.0277 - val_mean_squared_error: 0.0277
Epoch 34/200
1800/1800 - 3s - loss: 0.0081 - mean_squared_error: 0.0081 - val_loss: 0.0046 - val_mean_squared_error: 0.0046
Epoch 35/200
1800/1800 - 3s - loss: 0.0091 - mean_squared_error: 0.0091 - val_loss: 0.0047 - val_mean_squared_error: 0.0047
Epoch 36/200
1800/1800 - 3s - loss: 0.0067 - mean_squared_error: 0.0067 - val_loss: 0.0064 - val_mean_squared_error: 0.0064
Epoch 37/200
1800/1800 - 3s - loss: 0.0053 - mean_squared_error: 0.0053 - val_loss: 0.0186 - val_mean_squared_error: 0.0186
Epoch 38/200
1800/1800 - 3s - loss: 0.0052 - mean_squared_error: 0.0052 - val_loss: 0.0020 - val_mean_squared_error: 0.0020
Epoch 39/200
1800/1800 - 3s - loss: 0.0065 - mean_squared_error: 0.0065 - val_loss: 0.0039 - val_mean_squared_error: 0.0039
Epoch 40/200
1800/1800 - 3s - loss: 0.0048 - mean_squared_error: 0.0048 - val_loss: 0.0020 - val_mean_squared_error: 0.0020
Epoch 41/200
1800/1800 - 3s - loss: 0.0048 - mean_squared_error: 0.0048 - val_loss: 0.0023 - val_mean_squared_error: 0.0023
Epoch 42/200
1800/1800 - 3s - loss: 0.0053 - mean_squared_error: 0.0053 - val_loss: 0.0098 - val_mean_squared_error: 0.0098
Epoch 43/200
1800/1800 - 3s - loss: 0.0049 - mean_squared_error: 0.0049 - val_loss: 0.0069 - val_mean_squared_error: 0.0069
Epoch 44/200
1800/1800 - 3s - loss: 0.0048 - mean_squared_error: 0.0048 - val_loss: 0.0035 - val_mean_squared_error: 0.0035
Epoch 45/200
1800/1800 - 3s - loss: 0.0044 - mean_squared_error: 0.0044 - val_loss: 0.0029 - val_mean_squared_error: 0.0029
Epoch 46/200
1800/1800 - 3s - loss: 0.0053 - mean_squared_error: 0.0053 - val_loss: 0.0036 - val_mean_squared_error: 0.0036
Epoch 47/200
1800/1800 - 3s - loss: 0.0054 - mean_squared_error: 0.0054 - val_loss: 0.0075 - val_mean_squared_error: 0.0075
Epoch 48/200
1800/1800 - 3s - loss: 0.0043 - mean_squared_error: 0.0043 - val_loss: 0.0033 - val_mean_squared_error: 0.0033
Epoch 49/200
1800/1800 - 3s - loss: 0.0047 - mean_squared_error: 0.0047 - val_loss: 0.0039 - val_mean_squared_error: 0.0039
Epoch 50/200
1800/1800 - 3s - loss: 0.0054 - mean_squared_error: 0.0054 - val_loss: 0.0021 - val_mean_squared_error: 0.0021
Epoch 51/200
1800/1800 - 3s - loss: 0.0053 - mean_squared_error: 0.0053 - val_loss: 0.0194 - val_mean_squared_error: 0.0194
Epoch 52/200
1800/1800 - 3s - loss: 0.0045 - mean_squared_error: 0.0045 - val_loss: 0.0020 - val_mean_squared_error: 0.0020
Epoch 53/200
1800/1800 - 3s - loss: 0.0033 - mean_squared_error: 0.0033 - val_loss: 0.0018 - val_mean_squared_error: 0.0018
Epoch 54/200
1800/1800 - 3s - loss: 0.0047 - mean_squared_error: 0.0047 - val_loss: 0.0016 - val_mean_squared_error: 0.0016
Epoch 55/200
1800/1800 - 3s - loss: 0.0032 - mean_squared_error: 0.0032 - val_loss: 0.0019 - val_mean_squared_error: 0.0019
Epoch 56/200
1800/1800 - 3s - loss: 0.0043 - mean_squared_error: 0.0043 - val_loss: 0.0019 - val_mean_squared_error: 0.0019
Epoch 57/200
1800/1800 - 3s - loss: 0.0033 - mean_squared_error: 0.0033 - val_loss: 0.0036 - val_mean_squared_error: 0.0036
Epoch 58/200
1800/1800 - 3s - loss: 0.0046 - mean_squared_error: 0.0046 - val_loss: 0.0032 - val_mean_squared_error: 0.0032
Epoch 59/200
1800/1800 - 3s - loss: 0.0029 - mean_squared_error: 0.0029 - val_loss: 0.0020 - val_mean_squared_error: 0.0020
Epoch 60/200
1800/1800 - 3s - loss: 0.0034 - mean_squared_error: 0.0034 - val_loss: 0.0040 - val_mean_squared_error: 0.0040
Epoch 61/200
1800/1800 - 3s - loss: 0.0037 - mean_squared_error: 0.0037 - val_loss: 0.0025 - val_mean_squared_error: 0.0025
Epoch 62/200
1800/1800 - 3s - loss: 0.0034 - mean_squared_error: 0.0034 - val_loss: 0.0015 - val_mean_squared_error: 0.0015
Epoch 63/200
1800/1800 - 3s - loss: 0.0031 - mean_squared_error: 0.0031 - val_loss: 0.0010 - val_mean_squared_error: 0.0010
Epoch 64/200
1800/1800 - 3s - loss: 0.0024 - mean_squared_error: 0.0024 - val_loss: 0.0036 - val_mean_squared_error: 0.0036
Epoch 65/200
1800/1800 - 3s - loss: 0.0031 - mean_squared_error: 0.0031 - val_loss: 0.0013 - val_mean_squared_error: 0.0013
Epoch 66/200
1800/1800 - 3s - loss: 0.0035 - mean_squared_error: 0.0035 - val_loss: 7.8564e-04 - val_mean_squared_error: 7.8564e-04
Epoch 67/200
1800/1800 - 3s - loss: 0.0027 - mean_squared_error: 0.0027 - val_loss: 0.0021 - val_mean_squared_error: 0.0021
Epoch 68/200
1800/1800 - 3s - loss: 0.0024 - mean_squared_error: 0.0024 - val_loss: 0.0011 - val_mean_squared_error: 0.0011
Epoch 69/200
1800/1800 - 3s - loss: 0.0026 - mean_squared_error: 0.0026 - val_loss: 0.0024 - val_mean_squared_error: 0.0024
Epoch 70/200
1800/1800 - 3s - loss: 0.0039 - mean_squared_error: 0.0039 - val_loss: 0.0044 - val_mean_squared_error: 0.0044
Epoch 71/200
1800/1800 - 3s - loss: 0.0032 - mean_squared_error: 0.0032 - val_loss: 0.0036 - val_mean_squared_error: 0.0036
Epoch 72/200
1800/1800 - 3s - loss: 0.0025 - mean_squared_error: 0.0025 - val_loss: 0.0036 - val_mean_squared_error: 0.0036
Epoch 73/200
1800/1800 - 3s - loss: 0.0036 - mean_squared_error: 0.0036 - val_loss: 0.0052 - val_mean_squared_error: 0.0052
Epoch 74/200
1800/1800 - 3s - loss: 0.0027 - mean_squared_error: 0.0027 - val_loss: 0.0035 - val_mean_squared_error: 0.0035
Epoch 75/200
1800/1800 - 3s - loss: 0.0032 - mean_squared_error: 0.0032 - val_loss: 0.0015 - val_mean_squared_error: 0.0015
Epoch 76/200
1800/1800 - 3s - loss: 0.0019 - mean_squared_error: 0.0019 - val_loss: 6.7060e-04 - val_mean_squared_error: 6.7060e-04
Epoch 77/200
1800/1800 - 3s - loss: 0.0026 - mean_squared_error: 0.0026 - val_loss: 0.0012 - val_mean_squared_error: 0.0012
Epoch 78/200
1800/1800 - 3s - loss: 0.0033 - mean_squared_error: 0.0033 - val_loss: 0.0092 - val_mean_squared_error: 0.0092
Epoch 79/200
1800/1800 - 3s - loss: 0.0024 - mean_squared_error: 0.0024 - val_loss: 6.4383e-04 - val_mean_squared_error: 6.4383e-04
Epoch 80/200
1800/1800 - 3s - loss: 0.0027 - mean_squared_error: 0.0027 - val_loss: 0.0026 - val_mean_squared_error: 0.0026
Epoch 81/200
1800/1800 - 3s - loss: 0.0027 - mean_squared_error: 0.0027 - val_loss: 0.0018 - val_mean_squared_error: 0.0018
Epoch 82/200
1800/1800 - 3s - loss: 0.0029 - mean_squared_error: 0.0029 - val_loss: 0.0014 - val_mean_squared_error: 0.0014
Epoch 83/200
1800/1800 - 3s - loss: 0.0020 - mean_squared_error: 0.0020 - val_loss: 0.0010 - val_mean_squared_error: 0.0010
Epoch 84/200
1800/1800 - 3s - loss: 0.0041 - mean_squared_error: 0.0041 - val_loss: 0.0397 - val_mean_squared_error: 0.0397
Epoch 85/200
1800/1800 - 3s - loss: 0.0032 - mean_squared_error: 0.0032 - val_loss: 0.0021 - val_mean_squared_error: 0.0021
Epoch 86/200
1800/1800 - 3s - loss: 0.0037 - mean_squared_error: 0.0037 - val_loss: 0.0012 - val_mean_squared_error: 0.0012
Epoch 87/200
1800/1800 - 3s - loss: 0.0017 - mean_squared_error: 0.0017 - val_loss: 5.4792e-04 - val_mean_squared_error: 5.4792e-04
Epoch 88/200
1800/1800 - 3s - loss: 0.0033 - mean_squared_error: 0.0033 - val_loss: 0.0011 - val_mean_squared_error: 0.0011
Epoch 89/200
1800/1800 - 3s - loss: 0.0025 - mean_squared_error: 0.0025 - val_loss: 5.8773e-04 - val_mean_squared_error: 5.8773e-04
Epoch 90/200
1800/1800 - 3s - loss: 0.0023 - mean_squared_error: 0.0023 - val_loss: 0.0014 - val_mean_squared_error: 0.0014
Epoch 91/200
1800/1800 - 3s - loss: 0.0024 - mean_squared_error: 0.0024 - val_loss: 0.0017 - val_mean_squared_error: 0.0017
Epoch 92/200
1800/1800 - 3s - loss: 0.0017 - mean_squared_error: 0.0017 - val_loss: 0.0012 - val_mean_squared_error: 0.0012
Epoch 93/200
1800/1800 - 3s - loss: 0.0022 - mean_squared_error: 0.0022 - val_loss: 0.0012 - val_mean_squared_error: 0.0012
Epoch 94/200
1800/1800 - 3s - loss: 0.0019 - mean_squared_error: 0.0019 - val_loss: 8.9764e-04 - val_mean_squared_error: 8.9764e-04
Epoch 95/200
1800/1800 - 3s - loss: 0.0028 - mean_squared_error: 0.0028 - val_loss: 0.0023 - val_mean_squared_error: 0.0023
Epoch 96/200
1800/1800 - 3s - loss: 0.0021 - mean_squared_error: 0.0021 - val_loss: 0.0020 - val_mean_squared_error: 0.0020
Epoch 97/200
1800/1800 - 3s - loss: 0.0019 - mean_squared_error: 0.0019 - val_loss: 9.3849e-04 - val_mean_squared_error: 9.3849e-04
Epoch 98/200
1800/1800 - 3s - loss: 0.0019 - mean_squared_error: 0.0019 - val_loss: 0.0012 - val_mean_squared_error: 0.0012
Epoch 99/200
1800/1800 - 3s - loss: 0.0019 - mean_squared_error: 0.0019 - val_loss: 0.0054 - val_mean_squared_error: 0.0054
Epoch 100/200
1800/1800 - 3s - loss: 0.0016 - mean_squared_error: 0.0016 - val_loss: 7.4436e-04 - val_mean_squared_error: 7.4436e-04
Epoch 101/200
1800/1800 - 3s - loss: 0.0026 - mean_squared_error: 0.0026 - val_loss: 0.0159 - val_mean_squared_error: 0.0159
Epoch 102/200
1800/1800 - 3s - loss: 0.0020 - mean_squared_error: 0.0020 - val_loss: 9.7049e-04 - val_mean_squared_error: 9.7049e-04
Epoch 103/200
1800/1800 - 3s - loss: 0.0014 - mean_squared_error: 0.0014 - val_loss: 7.4561e-04 - val_mean_squared_error: 7.4561e-04
Epoch 104/200
1800/1800 - 3s - loss: 0.0017 - mean_squared_error: 0.0017 - val_loss: 0.0016 - val_mean_squared_error: 0.0016
Epoch 105/200
1800/1800 - 3s - loss: 0.0014 - mean_squared_error: 0.0014 - val_loss: 9.7674e-04 - val_mean_squared_error: 9.7674e-04
Epoch 106/200
1800/1800 - 3s - loss: 0.0013 - mean_squared_error: 0.0013 - val_loss: 0.0017 - val_mean_squared_error: 0.0017
Epoch 107/200
1800/1800 - 3s - loss: 0.0030 - mean_squared_error: 0.0030 - val_loss: 0.0015 - val_mean_squared_error: 0.0015
Epoch 108/200
1800/1800 - 3s - loss: 0.0019 - mean_squared_error: 0.0019 - val_loss: 9.0473e-04 - val_mean_squared_error: 9.0473e-04
Epoch 109/200
1800/1800 - 3s - loss: 0.0020 - mean_squared_error: 0.0020 - val_loss: 0.0025 - val_mean_squared_error: 0.0025
Epoch 110/200
1800/1800 - 3s - loss: 0.0023 - mean_squared_error: 0.0023 - val_loss: 0.0013 - val_mean_squared_error: 0.0013
Epoch 111/200
1800/1800 - 3s - loss: 0.0013 - mean_squared_error: 0.0013 - val_loss: 5.3406e-04 - val_mean_squared_error: 5.3406e-04
Epoch 112/200
1800/1800 - 3s - loss: 0.0020 - mean_squared_error: 0.0020 - val_loss: 0.0038 - val_mean_squared_error: 0.0038
Epoch 113/200
1800/1800 - 3s - loss: 0.0019 - mean_squared_error: 0.0019 - val_loss: 0.0023 - val_mean_squared_error: 0.0023
Epoch 114/200
1800/1800 - 3s - loss: 0.0016 - mean_squared_error: 0.0016 - val_loss: 7.9773e-04 - val_mean_squared_error: 7.9773e-04
Epoch 115/200
1800/1800 - 3s - loss: 0.0021 - mean_squared_error: 0.0021 - val_loss: 0.0013 - val_mean_squared_error: 0.0013
Epoch 116/200
1800/1800 - 3s - loss: 0.0018 - mean_squared_error: 0.0018 - val_loss: 0.0021 - val_mean_squared_error: 0.0021
Epoch 117/200
1800/1800 - 3s - loss: 0.0015 - mean_squared_error: 0.0015 - val_loss: 0.0028 - val_mean_squared_error: 0.0028
Epoch 118/200
1800/1800 - 3s - loss: 0.0014 - mean_squared_error: 0.0014 - val_loss: 4.5197e-04 - val_mean_squared_error: 4.5197e-04
Epoch 119/200
1800/1800 - 3s - loss: 0.0020 - mean_squared_error: 0.0020 - val_loss: 0.0056 - val_mean_squared_error: 0.0056
Epoch 120/200
1800/1800 - 3s - loss: 0.0017 - mean_squared_error: 0.0017 - val_loss: 9.8589e-04 - val_mean_squared_error: 9.8589e-04
Epoch 121/200
1800/1800 - 3s - loss: 0.0013 - mean_squared_error: 0.0013 - val_loss: 6.1886e-04 - val_mean_squared_error: 6.1886e-04
Epoch 122/200
1800/1800 - 3s - loss: 0.0015 - mean_squared_error: 0.0015 - val_loss: 0.0013 - val_mean_squared_error: 0.0013
Epoch 123/200
1800/1800 - 3s - loss: 0.0020 - mean_squared_error: 0.0020 - val_loss: 0.0018 - val_mean_squared_error: 0.0018
Epoch 124/200
1800/1800 - 3s - loss: 0.0013 - mean_squared_error: 0.0013 - val_loss: 8.2594e-04 - val_mean_squared_error: 8.2594e-04
Epoch 125/200
1800/1800 - 3s - loss: 0.0013 - mean_squared_error: 0.0013 - val_loss: 7.0551e-04 - val_mean_squared_error: 7.0551e-04
Epoch 126/200
1800/1800 - 3s - loss: 0.0010 - mean_squared_error: 0.0010 - val_loss: 5.4232e-04 - val_mean_squared_error: 5.4232e-04
Epoch 127/200
1800/1800 - 3s - loss: 0.0011 - mean_squared_error: 0.0011 - val_loss: 0.0010 - val_mean_squared_error: 0.0010
Epoch 128/200
1800/1800 - 3s - loss: 0.0016 - mean_squared_error: 0.0016 - val_loss: 8.3848e-04 - val_mean_squared_error: 8.3848e-04
Epoch 129/200
1800/1800 - 4s - loss: 9.8780e-04 - mean_squared_error: 9.8780e-04 - val_loss: 4.4204e-04 - val_mean_squared_error: 4.4204e-04
Epoch 130/200
1800/1800 - 3s - loss: 0.0030 - mean_squared_error: 0.0030 - val_loss: 8.2164e-04 - val_mean_squared_error: 8.2164e-04
Epoch 131/200
1800/1800 - 3s - loss: 0.0017 - mean_squared_error: 0.0017 - val_loss: 0.0027 - val_mean_squared_error: 0.0027
Epoch 132/200
1800/1800 - 3s - loss: 0.0021 - mean_squared_error: 0.0021 - val_loss: 0.0012 - val_mean_squared_error: 0.0012
Epoch 133/200
1800/1800 - 3s - loss: 0.0013 - mean_squared_error: 0.0013 - val_loss: 8.2255e-04 - val_mean_squared_error: 8.2255e-04
Epoch 134/200
1800/1800 - 4s - loss: 0.0014 - mean_squared_error: 0.0014 - val_loss: 6.9596e-04 - val_mean_squared_error: 6.9596e-04
Epoch 135/200
1800/1800 - 4s - loss: 0.0016 - mean_squared_error: 0.0016 - val_loss: 0.0016 - val_mean_squared_error: 0.0016
Epoch 136/200
1800/1800 - 4s - loss: 0.0011 - mean_squared_error: 0.0011 - val_loss: 6.3655e-04 - val_mean_squared_error: 6.3655e-04
Epoch 137/200
1800/1800 - 3s - loss: 7.7344e-04 - mean_squared_error: 7.7344e-04 - val_loss: 3.6916e-04 - val_mean_squared_error: 3.6916e-04
Epoch 138/200
1800/1800 - 3s - loss: 0.0011 - mean_squared_error: 0.0011 - val_loss: 6.8509e-04 - val_mean_squared_error: 6.8509e-04
Epoch 139/200
1800/1800 - 3s - loss: 0.0016 - mean_squared_error: 0.0016 - val_loss: 7.8597e-04 - val_mean_squared_error: 7.8597e-04
Epoch 140/200
1800/1800 - 4s - loss: 0.0014 - mean_squared_error: 0.0014 - val_loss: 6.4406e-04 - val_mean_squared_error: 6.4406e-04
Epoch 141/200
1800/1800 - 3s - loss: 0.0015 - mean_squared_error: 0.0015 - val_loss: 5.8305e-04 - val_mean_squared_error: 5.8305e-04
Epoch 142/200
1800/1800 - 3s - loss: 0.0022 - mean_squared_error: 0.0022 - val_loss: 6.6350e-04 - val_mean_squared_error: 6.6350e-04
Epoch 143/200
1800/1800 - 3s - loss: 0.0016 - mean_squared_error: 0.0016 - val_loss: 0.0011 - val_mean_squared_error: 0.0011
Epoch 144/200
1800/1800 - 3s - loss: 0.0019 - mean_squared_error: 0.0019 - val_loss: 0.0021 - val_mean_squared_error: 0.0021
Epoch 145/200
1800/1800 - 3s - loss: 0.0011 - mean_squared_error: 0.0011 - val_loss: 8.5690e-04 - val_mean_squared_error: 8.5690e-04
Epoch 146/200
1800/1800 - 3s - loss: 0.0018 - mean_squared_error: 0.0018 - val_loss: 5.9848e-04 - val_mean_squared_error: 5.9848e-04
Epoch 147/200
1800/1800 - 3s - loss: 0.0024 - mean_squared_error: 0.0024 - val_loss: 0.0124 - val_mean_squared_error: 0.0124
Epoch 148/200
1800/1800 - 3s - loss: 0.0018 - mean_squared_error: 0.0018 - val_loss: 6.7065e-04 - val_mean_squared_error: 6.7065e-04
Epoch 149/200
1800/1800 - 3s - loss: 0.0013 - mean_squared_error: 0.0013 - val_loss: 0.0011 - val_mean_squared_error: 0.0011
Epoch 150/200
1800/1800 - 3s - loss: 9.1717e-04 - mean_squared_error: 9.1717e-04 - val_loss: 6.0631e-04 - val_mean_squared_error: 6.0631e-04
Epoch 151/200
1800/1800 - 3s - loss: 9.7991e-04 - mean_squared_error: 9.7991e-04 - val_loss: 0.0026 - val_mean_squared_error: 0.0026
Epoch 152/200
1800/1800 - 3s - loss: 0.0014 - mean_squared_error: 0.0014 - val_loss: 0.0023 - val_mean_squared_error: 0.0023
Epoch 153/200
1800/1800 - 3s - loss: 0.0014 - mean_squared_error: 0.0014 - val_loss: 8.4642e-04 - val_mean_squared_error: 8.4642e-04
Epoch 154/200
1800/1800 - 3s - loss: 0.0014 - mean_squared_error: 0.0014 - val_loss: 0.0332 - val_mean_squared_error: 0.0332
Epoch 155/200
1800/1800 - 3s - loss: 0.0019 - mean_squared_error: 0.0019 - val_loss: 5.8718e-04 - val_mean_squared_error: 5.8718e-04
Epoch 156/200
1800/1800 - 3s - loss: 0.0011 - mean_squared_error: 0.0011 - val_loss: 5.3203e-04 - val_mean_squared_error: 5.3203e-04
Epoch 157/200
1800/1800 - 3s - loss: 0.0013 - mean_squared_error: 0.0013 - val_loss: 5.3917e-04 - val_mean_squared_error: 5.3917e-04
Epoch 158/200
1800/1800 - 4s - loss: 9.3532e-04 - mean_squared_error: 9.3532e-04 - val_loss: 5.8004e-04 - val_mean_squared_error: 5.8004e-04
Epoch 159/200
1800/1800 - 3s - loss: 0.0023 - mean_squared_error: 0.0023 - val_loss: 0.0012 - val_mean_squared_error: 0.0012
Epoch 160/200
1800/1800 - 3s - loss: 0.0019 - mean_squared_error: 0.0019 - val_loss: 0.0016 - val_mean_squared_error: 0.0016
Epoch 161/200
1800/1800 - 3s - loss: 0.0013 - mean_squared_error: 0.0013 - val_loss: 0.0013 - val_mean_squared_error: 0.0013
Epoch 162/200
1800/1800 - 3s - loss: 0.0020 - mean_squared_error: 0.0020 - val_loss: 0.0027 - val_mean_squared_error: 0.0027
Epoch 163/200
1800/1800 - 3s - loss: 0.0015 - mean_squared_error: 0.0015 - val_loss: 4.3950e-04 - val_mean_squared_error: 4.3950e-04
Epoch 164/200
1800/1800 - 3s - loss: 0.0013 - mean_squared_error: 0.0013 - val_loss: 0.0019 - val_mean_squared_error: 0.0019
Epoch 165/200
1800/1800 - 3s - loss: 0.0011 - mean_squared_error: 0.0011 - val_loss: 0.0018 - val_mean_squared_error: 0.0018
Epoch 166/200
1800/1800 - 3s - loss: 8.0069e-04 - mean_squared_error: 8.0069e-04 - val_loss: 4.6485e-04 - val_mean_squared_error: 4.6485e-04
Epoch 167/200
1800/1800 - 3s - loss: 0.0010 - mean_squared_error: 0.0010 - val_loss: 6.7075e-04 - val_mean_squared_error: 6.7075e-04
Epoch 168/200
1800/1800 - 3s - loss: 0.0010 - mean_squared_error: 0.0010 - val_loss: 0.0014 - val_mean_squared_error: 0.0014
Epoch 169/200
1800/1800 - 3s - loss: 8.1370e-04 - mean_squared_error: 8.1370e-04 - val_loss: 3.9258e-04 - val_mean_squared_error: 3.9258e-04
Epoch 170/200
1800/1800 - 3s - loss: 7.0901e-04 - mean_squared_error: 7.0901e-04 - val_loss: 4.4830e-04 - val_mean_squared_error: 4.4830e-04
Epoch 171/200
1800/1800 - 3s - loss: 9.4398e-04 - mean_squared_error: 9.4398e-04 - val_loss: 8.0480e-04 - val_mean_squared_error: 8.0480e-04
Epoch 172/200
1800/1800 - 3s - loss: 7.4758e-04 - mean_squared_error: 7.4758e-04 - val_loss: 8.6435e-04 - val_mean_squared_error: 8.6435e-04
Epoch 173/200
1800/1800 - 3s - loss: 8.1267e-04 - mean_squared_error: 8.1267e-04 - val_loss: 8.8819e-04 - val_mean_squared_error: 8.8819e-04
Epoch 174/200
1800/1800 - 3s - loss: 0.0014 - mean_squared_error: 0.0014 - val_loss: 8.0859e-04 - val_mean_squared_error: 8.0859e-04
Epoch 175/200
1800/1800 - 3s - loss: 0.0011 - mean_squared_error: 0.0011 - val_loss: 0.0084 - val_mean_squared_error: 0.0084
Epoch 176/200
1800/1800 - 3s - loss: 0.0011 - mean_squared_error: 0.0011 - val_loss: 0.0011 - val_mean_squared_error: 0.0011
Epoch 177/200
1800/1800 - 3s - loss: 7.5525e-04 - mean_squared_error: 7.5525e-04 - val_loss: 5.5192e-04 - val_mean_squared_error: 5.5192e-04
Epoch 178/200
1800/1800 - 3s - loss: 7.6272e-04 - mean_squared_error: 7.6272e-04 - val_loss: 6.8854e-04 - val_mean_squared_error: 6.8854e-04
Epoch 179/200
1800/1800 - 3s - loss: 0.0015 - mean_squared_error: 0.0015 - val_loss: 3.1964e-04 - val_mean_squared_error: 3.1964e-04
Epoch 180/200
1800/1800 - 3s - loss: 0.0016 - mean_squared_error: 0.0016 - val_loss: 0.0012 - val_mean_squared_error: 0.0012
Epoch 181/200
1800/1800 - 3s - loss: 0.0010 - mean_squared_error: 0.0010 - val_loss: 5.3137e-04 - val_mean_squared_error: 5.3137e-04
Epoch 182/200
1800/1800 - 3s - loss: 8.9113e-04 - mean_squared_error: 8.9113e-04 - val_loss: 2.7968e-04 - val_mean_squared_error: 2.7968e-04
Epoch 183/200
1800/1800 - 3s - loss: 0.0012 - mean_squared_error: 0.0012 - val_loss: 5.7996e-04 - val_mean_squared_error: 5.7995e-04
Epoch 184/200
1800/1800 - 3s - loss: 0.0016 - mean_squared_error: 0.0016 - val_loss: 0.0362 - val_mean_squared_error: 0.0362
Epoch 185/200
1800/1800 - 3s - loss: 0.0012 - mean_squared_error: 0.0012 - val_loss: 0.0033 - val_mean_squared_error: 0.0033
Epoch 186/200
1800/1800 - 3s - loss: 7.4152e-04 - mean_squared_error: 7.4152e-04 - val_loss: 7.5796e-04 - val_mean_squared_error: 7.5796e-04
Epoch 187/200
1800/1800 - 3s - loss: 0.0018 - mean_squared_error: 0.0018 - val_loss: 0.0022 - val_mean_squared_error: 0.0022
Epoch 188/200
1800/1800 - 3s - loss: 0.0014 - mean_squared_error: 0.0014 - val_loss: 6.1859e-04 - val_mean_squared_error: 6.1859e-04
Epoch 189/200
1800/1800 - 3s - loss: 0.0012 - mean_squared_error: 0.0012 - val_loss: 0.0018 - val_mean_squared_error: 0.0018
Epoch 190/200
1800/1800 - 3s - loss: 0.0012 - mean_squared_error: 0.0012 - val_loss: 0.0011 - val_mean_squared_error: 0.0011
Epoch 191/200
1800/1800 - 3s - loss: 9.3377e-04 - mean_squared_error: 9.3377e-04 - val_loss: 6.8191e-04 - val_mean_squared_error: 6.8191e-04
Epoch 192/200
1800/1800 - 3s - loss: 0.0011 - mean_squared_error: 0.0011 - val_loss: 8.5351e-04 - val_mean_squared_error: 8.5351e-04
Epoch 193/200
1800/1800 - 3s - loss: 7.3316e-04 - mean_squared_error: 7.3316e-04 - val_loss: 9.6928e-04 - val_mean_squared_error: 9.6928e-04
Epoch 194/200
1800/1800 - 3s - loss: 0.0017 - mean_squared_error: 0.0017 - val_loss: 8.8589e-04 - val_mean_squared_error: 8.8589e-04
Epoch 195/200
1800/1800 - 3s - loss: 0.0022 - mean_squared_error: 0.0022 - val_loss: 0.0033 - val_mean_squared_error: 0.0033
Epoch 196/200
1800/1800 - 3s - loss: 0.0014 - mean_squared_error: 0.0014 - val_loss: 0.0017 - val_mean_squared_error: 0.0017
Epoch 197/200
1800/1800 - 3s - loss: 0.0011 - mean_squared_error: 0.0011 - val_loss: 0.0013 - val_mean_squared_error: 0.0013
Epoch 198/200
1800/1800 - 3s - loss: 7.9247e-04 - mean_squared_error: 7.9247e-04 - val_loss: 0.0012 - val_mean_squared_error: 0.0012
Epoch 199/200
1800/1800 - 3s - loss: 8.6802e-04 - mean_squared_error: 8.6802e-04 - val_loss: 0.0013 - val_mean_squared_error: 0.0013
Epoch 200/200
1800/1800 - 3s - loss: 0.0014 - mean_squared_error: 0.0014 - val_loss: 0.0012 - val_mean_squared_error: 0.0012
Being drawing the graph of MODEL LOSS
