WARNING: Logging before flag parsing goes to stderr.
W0228 13:52:48.488436 140557855848256 deprecation.py:506] From /home/zoshs2/anaconda3/envs/tf_gpu/lib/python3.7/site-packages/tensorflow/python/ops/init_ops.py:1251: calling VarianceScaling.__init__ (from tensorflow.python.ops.init_ops) with dtype is deprecated and will be removed in a future version.
Instructions for updating:
Call initializer instance with the dtype argument instead of passing it to the constructor
2020-02-28 13:52:49.968054: I tensorflow/core/platform/cpu_feature_guard.cc:142] Your CPU supports instructions that this TensorFlow binary was not compiled to use: SSE4.1 SSE4.2 AVX AVX2 FMA
2020-02-28 13:52:49.977827: I tensorflow/core/platform/profile_utils/cpu_utils.cc:94] CPU Frequency: 2199870000 Hz
2020-02-28 13:52:49.980192: I tensorflow/compiler/xla/service/service.cc:168] XLA service 0x56523afed030 executing computations on platform Host. Devices:
2020-02-28 13:52:49.980214: I tensorflow/compiler/xla/service/service.cc:175]   StreamExecutor device (0): <undefined>, <undefined>
2020-02-28 13:52:49.981859: I tensorflow/stream_executor/platform/default/dso_loader.cc:42] Successfully opened dynamic library libcuda.so.1
2020-02-28 13:52:53.174477: I tensorflow/core/common_runtime/gpu/gpu_device.cc:1640] Found device 0 with properties: 
name: Tesla V100-PCIE-16GB major: 7 minor: 0 memoryClockRate(GHz): 1.38
pciBusID: 0000:0f:00.0
2020-02-28 13:52:53.175083: I tensorflow/stream_executor/platform/default/dso_loader.cc:42] Successfully opened dynamic library libcudart.so.10.1
2020-02-28 13:52:53.177844: I tensorflow/stream_executor/platform/default/dso_loader.cc:42] Successfully opened dynamic library libcublas.so.10
2020-02-28 13:52:53.180772: I tensorflow/stream_executor/platform/default/dso_loader.cc:42] Successfully opened dynamic library libcufft.so.10
2020-02-28 13:52:53.181253: I tensorflow/stream_executor/platform/default/dso_loader.cc:42] Successfully opened dynamic library libcurand.so.10
2020-02-28 13:52:53.184024: I tensorflow/stream_executor/platform/default/dso_loader.cc:42] Successfully opened dynamic library libcusolver.so.10
2020-02-28 13:52:53.185526: I tensorflow/stream_executor/platform/default/dso_loader.cc:42] Successfully opened dynamic library libcusparse.so.10
2020-02-28 13:52:53.190807: I tensorflow/stream_executor/platform/default/dso_loader.cc:42] Successfully opened dynamic library libcudnn.so.7
2020-02-28 13:52:53.193290: I tensorflow/core/common_runtime/gpu/gpu_device.cc:1763] Adding visible gpu devices: 0
2020-02-28 13:52:53.193343: I tensorflow/stream_executor/platform/default/dso_loader.cc:42] Successfully opened dynamic library libcudart.so.10.1
2020-02-28 13:52:53.325525: I tensorflow/core/common_runtime/gpu/gpu_device.cc:1181] Device interconnect StreamExecutor with strength 1 edge matrix:
2020-02-28 13:52:53.325573: I tensorflow/core/common_runtime/gpu/gpu_device.cc:1187]      0 
2020-02-28 13:52:53.325585: I tensorflow/core/common_runtime/gpu/gpu_device.cc:1200] 0:   N 
2020-02-28 13:52:53.328994: I tensorflow/core/common_runtime/gpu/gpu_device.cc:1326] Created TensorFlow device (/job:localhost/replica:0/task:0/device:GPU:0 with 15051 MB memory) -> physical GPU (device: 0, name: Tesla V100-PCIE-16GB, pci bus id: 0000:0f:00.0, compute capability: 7.0)
2020-02-28 13:52:53.331611: I tensorflow/compiler/xla/service/service.cc:168] XLA service 0x56523bdfe040 executing computations on platform CUDA. Devices:
2020-02-28 13:52:53.331632: I tensorflow/compiler/xla/service/service.cc:175]   StreamExecutor device (0): Tesla V100-PCIE-16GB, Compute Capability 7.0
2020-02-28 13:52:55.534100: I tensorflow/stream_executor/platform/default/dso_loader.cc:42] Successfully opened dynamic library libcublas.so.10
2020-02-28 13:52:55.849531: I tensorflow/stream_executor/platform/default/dso_loader.cc:42] Successfully opened dynamic library libcudnn.so.7
TESTSET SAVE!
Train on 1414 samples, validate on 354 samples
Epoch 1/200
1414/1414 - 7s - loss: 0.1510 - mean_squared_error: 0.1510 - val_loss: 0.5640 - val_mean_squared_error: 0.5640
Epoch 2/200
1414/1414 - 4s - loss: 0.0655 - mean_squared_error: 0.0655 - val_loss: 0.3785 - val_mean_squared_error: 0.3785
Epoch 3/200
1414/1414 - 3s - loss: 0.0447 - mean_squared_error: 0.0447 - val_loss: 0.1491 - val_mean_squared_error: 0.1491
Epoch 4/200
1414/1414 - 3s - loss: 0.0379 - mean_squared_error: 0.0379 - val_loss: 0.0304 - val_mean_squared_error: 0.0304
Epoch 5/200
1414/1414 - 3s - loss: 0.0364 - mean_squared_error: 0.0364 - val_loss: 0.0207 - val_mean_squared_error: 0.0207
Epoch 6/200
1414/1414 - 3s - loss: 0.0328 - mean_squared_error: 0.0328 - val_loss: 0.0140 - val_mean_squared_error: 0.0140
Epoch 7/200
1414/1414 - 3s - loss: 0.0290 - mean_squared_error: 0.0290 - val_loss: 0.0135 - val_mean_squared_error: 0.0135
Epoch 8/200
1414/1414 - 3s - loss: 0.0282 - mean_squared_error: 0.0282 - val_loss: 0.0330 - val_mean_squared_error: 0.0330
Epoch 9/200
1414/1414 - 3s - loss: 0.0234 - mean_squared_error: 0.0234 - val_loss: 0.0096 - val_mean_squared_error: 0.0096
Epoch 10/200
1414/1414 - 3s - loss: 0.0234 - mean_squared_error: 0.0234 - val_loss: 0.0083 - val_mean_squared_error: 0.0083
Epoch 11/200
1414/1414 - 3s - loss: 0.0212 - mean_squared_error: 0.0212 - val_loss: 0.0182 - val_mean_squared_error: 0.0182
Epoch 12/200
1414/1414 - 3s - loss: 0.0213 - mean_squared_error: 0.0213 - val_loss: 0.0199 - val_mean_squared_error: 0.0199
Epoch 13/200
1414/1414 - 3s - loss: 0.0217 - mean_squared_error: 0.0217 - val_loss: 0.0155 - val_mean_squared_error: 0.0155
Epoch 14/200
1414/1414 - 5s - loss: 0.0178 - mean_squared_error: 0.0178 - val_loss: 0.0076 - val_mean_squared_error: 0.0076
Epoch 15/200
1414/1414 - 3s - loss: 0.0208 - mean_squared_error: 0.0208 - val_loss: 0.0092 - val_mean_squared_error: 0.0092
Epoch 16/200
1414/1414 - 4s - loss: 0.0209 - mean_squared_error: 0.0209 - val_loss: 0.0080 - val_mean_squared_error: 0.0080
Epoch 17/200
1414/1414 - 3s - loss: 0.0177 - mean_squared_error: 0.0177 - val_loss: 0.0094 - val_mean_squared_error: 0.0094
Epoch 18/200
1414/1414 - 3s - loss: 0.0175 - mean_squared_error: 0.0175 - val_loss: 0.0137 - val_mean_squared_error: 0.0137
Epoch 19/200
1414/1414 - 3s - loss: 0.0147 - mean_squared_error: 0.0147 - val_loss: 0.0082 - val_mean_squared_error: 0.0082
Epoch 20/200
1414/1414 - 3s - loss: 0.0173 - mean_squared_error: 0.0173 - val_loss: 0.0069 - val_mean_squared_error: 0.0069
Epoch 21/200
1414/1414 - 3s - loss: 0.0132 - mean_squared_error: 0.0132 - val_loss: 0.0099 - val_mean_squared_error: 0.0099
Epoch 22/200
1414/1414 - 3s - loss: 0.0161 - mean_squared_error: 0.0161 - val_loss: 0.0114 - val_mean_squared_error: 0.0114
Epoch 23/200
1414/1414 - 3s - loss: 0.0150 - mean_squared_error: 0.0150 - val_loss: 0.0116 - val_mean_squared_error: 0.0116
Epoch 24/200
1414/1414 - 3s - loss: 0.0142 - mean_squared_error: 0.0142 - val_loss: 0.0073 - val_mean_squared_error: 0.0073
Epoch 25/200
1414/1414 - 3s - loss: 0.0146 - mean_squared_error: 0.0146 - val_loss: 0.0196 - val_mean_squared_error: 0.0196
Epoch 26/200
1414/1414 - 3s - loss: 0.0132 - mean_squared_error: 0.0132 - val_loss: 0.0062 - val_mean_squared_error: 0.0062
Epoch 27/200
1414/1414 - 3s - loss: 0.0133 - mean_squared_error: 0.0133 - val_loss: 0.0051 - val_mean_squared_error: 0.0051
Epoch 28/200
1414/1414 - 3s - loss: 0.0140 - mean_squared_error: 0.0140 - val_loss: 0.0078 - val_mean_squared_error: 0.0078
Epoch 29/200
1414/1414 - 3s - loss: 0.0127 - mean_squared_error: 0.0127 - val_loss: 0.0040 - val_mean_squared_error: 0.0040
Epoch 30/200
1414/1414 - 3s - loss: 0.0124 - mean_squared_error: 0.0124 - val_loss: 0.0220 - val_mean_squared_error: 0.0220
Epoch 31/200
1414/1414 - 3s - loss: 0.0130 - mean_squared_error: 0.0130 - val_loss: 0.0353 - val_mean_squared_error: 0.0353
Epoch 32/200
1414/1414 - 2s - loss: 0.0109 - mean_squared_error: 0.0109 - val_loss: 0.0090 - val_mean_squared_error: 0.0090
Epoch 33/200
1414/1414 - 3s - loss: 0.0099 - mean_squared_error: 0.0099 - val_loss: 0.0075 - val_mean_squared_error: 0.0075
Epoch 34/200
1414/1414 - 2s - loss: 0.0120 - mean_squared_error: 0.0120 - val_loss: 0.0181 - val_mean_squared_error: 0.0181
Epoch 35/200
1414/1414 - 2s - loss: 0.0108 - mean_squared_error: 0.0108 - val_loss: 0.0085 - val_mean_squared_error: 0.0085
Epoch 36/200
1414/1414 - 3s - loss: 0.0097 - mean_squared_error: 0.0097 - val_loss: 0.0052 - val_mean_squared_error: 0.0052
Epoch 37/200
1414/1414 - 3s - loss: 0.0141 - mean_squared_error: 0.0141 - val_loss: 0.0052 - val_mean_squared_error: 0.0052
Epoch 38/200
1414/1414 - 3s - loss: 0.0121 - mean_squared_error: 0.0121 - val_loss: 0.0059 - val_mean_squared_error: 0.0059
Epoch 39/200
1414/1414 - 2s - loss: 0.0097 - mean_squared_error: 0.0097 - val_loss: 0.0040 - val_mean_squared_error: 0.0040
Epoch 40/200
1414/1414 - 3s - loss: 0.0086 - mean_squared_error: 0.0086 - val_loss: 0.0031 - val_mean_squared_error: 0.0031
Epoch 41/200
1414/1414 - 3s - loss: 0.0073 - mean_squared_error: 0.0073 - val_loss: 0.0032 - val_mean_squared_error: 0.0032
Epoch 42/200
1414/1414 - 3s - loss: 0.0065 - mean_squared_error: 0.0065 - val_loss: 0.0027 - val_mean_squared_error: 0.0027
Epoch 43/200
1414/1414 - 2s - loss: 0.0074 - mean_squared_error: 0.0074 - val_loss: 0.0046 - val_mean_squared_error: 0.0046
Epoch 44/200
1414/1414 - 2s - loss: 0.0107 - mean_squared_error: 0.0107 - val_loss: 0.0052 - val_mean_squared_error: 0.0052
Epoch 45/200
1414/1414 - 2s - loss: 0.0090 - mean_squared_error: 0.0090 - val_loss: 0.0034 - val_mean_squared_error: 0.0034
Epoch 46/200
1414/1414 - 3s - loss: 0.0093 - mean_squared_error: 0.0093 - val_loss: 0.0057 - val_mean_squared_error: 0.0057
Epoch 47/200
1414/1414 - 3s - loss: 0.0092 - mean_squared_error: 0.0092 - val_loss: 0.0057 - val_mean_squared_error: 0.0057
Epoch 48/200
1414/1414 - 3s - loss: 0.0091 - mean_squared_error: 0.0091 - val_loss: 0.0089 - val_mean_squared_error: 0.0089
Epoch 49/200
1414/1414 - 2s - loss: 0.0074 - mean_squared_error: 0.0074 - val_loss: 0.0038 - val_mean_squared_error: 0.0038
Epoch 50/200
1414/1414 - 2s - loss: 0.0064 - mean_squared_error: 0.0064 - val_loss: 0.0121 - val_mean_squared_error: 0.0121
Epoch 51/200
1414/1414 - 2s - loss: 0.0069 - mean_squared_error: 0.0069 - val_loss: 0.0023 - val_mean_squared_error: 0.0023
Epoch 52/200
1414/1414 - 2s - loss: 0.0068 - mean_squared_error: 0.0068 - val_loss: 0.0057 - val_mean_squared_error: 0.0057
Epoch 53/200
1414/1414 - 3s - loss: 0.0047 - mean_squared_error: 0.0047 - val_loss: 0.0021 - val_mean_squared_error: 0.0021
Epoch 54/200
1414/1414 - 2s - loss: 0.0044 - mean_squared_error: 0.0044 - val_loss: 0.0048 - val_mean_squared_error: 0.0048
Epoch 55/200
1414/1414 - 2s - loss: 0.0073 - mean_squared_error: 0.0073 - val_loss: 0.0125 - val_mean_squared_error: 0.0125
Epoch 56/200
1414/1414 - 3s - loss: 0.0063 - mean_squared_error: 0.0063 - val_loss: 0.0014 - val_mean_squared_error: 0.0014
Epoch 57/200
1414/1414 - 3s - loss: 0.0065 - mean_squared_error: 0.0065 - val_loss: 0.0095 - val_mean_squared_error: 0.0095
Epoch 58/200
1414/1414 - 2s - loss: 0.0072 - mean_squared_error: 0.0072 - val_loss: 0.0031 - val_mean_squared_error: 0.0031
Epoch 59/200
1414/1414 - 2s - loss: 0.0055 - mean_squared_error: 0.0055 - val_loss: 0.0030 - val_mean_squared_error: 0.0030
Epoch 60/200
1414/1414 - 2s - loss: 0.0049 - mean_squared_error: 0.0049 - val_loss: 0.0025 - val_mean_squared_error: 0.0025
Epoch 61/200
1414/1414 - 2s - loss: 0.0048 - mean_squared_error: 0.0048 - val_loss: 0.0086 - val_mean_squared_error: 0.0086
Epoch 62/200
1414/1414 - 2s - loss: 0.0048 - mean_squared_error: 0.0048 - val_loss: 0.0021 - val_mean_squared_error: 0.0021
Epoch 63/200
1414/1414 - 2s - loss: 0.0061 - mean_squared_error: 0.0061 - val_loss: 0.0015 - val_mean_squared_error: 0.0015
Epoch 64/200
1414/1414 - 2s - loss: 0.0066 - mean_squared_error: 0.0066 - val_loss: 0.0018 - val_mean_squared_error: 0.0018
Epoch 65/200
1414/1414 - 3s - loss: 0.0041 - mean_squared_error: 0.0041 - val_loss: 0.0013 - val_mean_squared_error: 0.0013
Epoch 66/200
1414/1414 - 3s - loss: 0.0031 - mean_squared_error: 0.0031 - val_loss: 8.5882e-04 - val_mean_squared_error: 8.5882e-04
Epoch 67/200
1414/1414 - 3s - loss: 0.0038 - mean_squared_error: 0.0038 - val_loss: 0.0012 - val_mean_squared_error: 0.0012
Epoch 68/200
1414/1414 - 2s - loss: 0.0036 - mean_squared_error: 0.0036 - val_loss: 0.0017 - val_mean_squared_error: 0.0017
Epoch 69/200
1414/1414 - 2s - loss: 0.0049 - mean_squared_error: 0.0049 - val_loss: 0.0025 - val_mean_squared_error: 0.0025
Epoch 70/200
1414/1414 - 2s - loss: 0.0068 - mean_squared_error: 0.0068 - val_loss: 0.0042 - val_mean_squared_error: 0.0042
Epoch 71/200
1414/1414 - 2s - loss: 0.0054 - mean_squared_error: 0.0054 - val_loss: 0.0045 - val_mean_squared_error: 0.0045
Epoch 72/200
1414/1414 - 2s - loss: 0.0076 - mean_squared_error: 0.0076 - val_loss: 0.0056 - val_mean_squared_error: 0.0056
Epoch 73/200
1414/1414 - 2s - loss: 0.0049 - mean_squared_error: 0.0049 - val_loss: 0.0028 - val_mean_squared_error: 0.0028
Epoch 74/200
1414/1414 - 2s - loss: 0.0053 - mean_squared_error: 0.0053 - val_loss: 0.0054 - val_mean_squared_error: 0.0054
Epoch 75/200
1414/1414 - 2s - loss: 0.0041 - mean_squared_error: 0.0041 - val_loss: 0.0013 - val_mean_squared_error: 0.0013
Epoch 76/200
1414/1414 - 2s - loss: 0.0040 - mean_squared_error: 0.0040 - val_loss: 0.0024 - val_mean_squared_error: 0.0024
Epoch 77/200
1414/1414 - 2s - loss: 0.0029 - mean_squared_error: 0.0029 - val_loss: 0.0013 - val_mean_squared_error: 0.0013
Epoch 78/200
1414/1414 - 2s - loss: 0.0023 - mean_squared_error: 0.0023 - val_loss: 8.8110e-04 - val_mean_squared_error: 8.8110e-04
Epoch 79/200
1414/1414 - 2s - loss: 0.0058 - mean_squared_error: 0.0058 - val_loss: 0.0021 - val_mean_squared_error: 0.0021
Epoch 80/200
1414/1414 - 2s - loss: 0.0034 - mean_squared_error: 0.0034 - val_loss: 0.0019 - val_mean_squared_error: 0.0019
Epoch 81/200
1414/1414 - 2s - loss: 0.0028 - mean_squared_error: 0.0028 - val_loss: 0.0020 - val_mean_squared_error: 0.0020
Epoch 82/200
1414/1414 - 2s - loss: 0.0030 - mean_squared_error: 0.0030 - val_loss: 0.0012 - val_mean_squared_error: 0.0012
Epoch 83/200
1414/1414 - 2s - loss: 0.0031 - mean_squared_error: 0.0031 - val_loss: 0.0014 - val_mean_squared_error: 0.0014
Epoch 84/200
1414/1414 - 2s - loss: 0.0023 - mean_squared_error: 0.0023 - val_loss: 0.0013 - val_mean_squared_error: 0.0013
Epoch 85/200
1414/1414 - 2s - loss: 0.0032 - mean_squared_error: 0.0032 - val_loss: 0.0032 - val_mean_squared_error: 0.0032
Epoch 86/200
1414/1414 - 2s - loss: 0.0031 - mean_squared_error: 0.0031 - val_loss: 0.0019 - val_mean_squared_error: 0.0019
Epoch 87/200
1414/1414 - 2s - loss: 0.0030 - mean_squared_error: 0.0030 - val_loss: 0.0015 - val_mean_squared_error: 0.0015
Epoch 88/200
1414/1414 - 2s - loss: 0.0027 - mean_squared_error: 0.0027 - val_loss: 0.0018 - val_mean_squared_error: 0.0018
Epoch 89/200
1414/1414 - 2s - loss: 0.0039 - mean_squared_error: 0.0039 - val_loss: 0.0018 - val_mean_squared_error: 0.0018
Epoch 90/200
1414/1414 - 2s - loss: 0.0034 - mean_squared_error: 0.0034 - val_loss: 0.0016 - val_mean_squared_error: 0.0016
Epoch 91/200
1414/1414 - 2s - loss: 0.0034 - mean_squared_error: 0.0034 - val_loss: 0.0022 - val_mean_squared_error: 0.0022
Epoch 92/200
1414/1414 - 2s - loss: 0.0036 - mean_squared_error: 0.0036 - val_loss: 0.0018 - val_mean_squared_error: 0.0018
Epoch 93/200
1414/1414 - 2s - loss: 0.0049 - mean_squared_error: 0.0049 - val_loss: 0.0111 - val_mean_squared_error: 0.0111
Epoch 94/200
1414/1414 - 2s - loss: 0.0034 - mean_squared_error: 0.0034 - val_loss: 0.0028 - val_mean_squared_error: 0.0028
Epoch 95/200
1414/1414 - 2s - loss: 0.0033 - mean_squared_error: 0.0033 - val_loss: 0.0014 - val_mean_squared_error: 0.0014
Epoch 96/200
1414/1414 - 2s - loss: 0.0034 - mean_squared_error: 0.0034 - val_loss: 0.0021 - val_mean_squared_error: 0.0021
Epoch 97/200
1414/1414 - 2s - loss: 0.0023 - mean_squared_error: 0.0023 - val_loss: 5.7277e-04 - val_mean_squared_error: 5.7277e-04
Epoch 98/200
1414/1414 - 2s - loss: 0.0037 - mean_squared_error: 0.0037 - val_loss: 0.0015 - val_mean_squared_error: 0.0015
Epoch 99/200
1414/1414 - 2s - loss: 0.0034 - mean_squared_error: 0.0034 - val_loss: 0.0017 - val_mean_squared_error: 0.0017
Epoch 100/200
1414/1414 - 2s - loss: 0.0022 - mean_squared_error: 0.0022 - val_loss: 0.0014 - val_mean_squared_error: 0.0014
Epoch 101/200
1414/1414 - 2s - loss: 0.0024 - mean_squared_error: 0.0024 - val_loss: 0.0044 - val_mean_squared_error: 0.0044
Epoch 102/200
1414/1414 - 2s - loss: 0.0038 - mean_squared_error: 0.0038 - val_loss: 7.6095e-04 - val_mean_squared_error: 7.6095e-04
Epoch 103/200
1414/1414 - 2s - loss: 0.0022 - mean_squared_error: 0.0022 - val_loss: 0.0017 - val_mean_squared_error: 0.0017
Epoch 104/200
1414/1414 - 2s - loss: 0.0026 - mean_squared_error: 0.0026 - val_loss: 0.0010 - val_mean_squared_error: 0.0010
Epoch 105/200
1414/1414 - 2s - loss: 0.0027 - mean_squared_error: 0.0027 - val_loss: 0.0015 - val_mean_squared_error: 0.0015
Epoch 106/200
1414/1414 - 2s - loss: 0.0023 - mean_squared_error: 0.0023 - val_loss: 0.0015 - val_mean_squared_error: 0.0015
Epoch 107/200
1414/1414 - 2s - loss: 0.0029 - mean_squared_error: 0.0029 - val_loss: 0.0025 - val_mean_squared_error: 0.0025
Epoch 108/200
1414/1414 - 2s - loss: 0.0027 - mean_squared_error: 0.0027 - val_loss: 0.0016 - val_mean_squared_error: 0.0016
Epoch 109/200
1414/1414 - 2s - loss: 0.0035 - mean_squared_error: 0.0035 - val_loss: 0.0020 - val_mean_squared_error: 0.0020
Epoch 110/200
1414/1414 - 2s - loss: 0.0028 - mean_squared_error: 0.0028 - val_loss: 0.0016 - val_mean_squared_error: 0.0016
Epoch 111/200
1414/1414 - 2s - loss: 0.0028 - mean_squared_error: 0.0028 - val_loss: 0.0047 - val_mean_squared_error: 0.0047
Epoch 112/200
1414/1414 - 2s - loss: 0.0031 - mean_squared_error: 0.0031 - val_loss: 0.0015 - val_mean_squared_error: 0.0015
Epoch 113/200
1414/1414 - 3s - loss: 0.0015 - mean_squared_error: 0.0015 - val_loss: 5.1265e-04 - val_mean_squared_error: 5.1265e-04
Epoch 114/200
1414/1414 - 2s - loss: 0.0025 - mean_squared_error: 0.0025 - val_loss: 0.0011 - val_mean_squared_error: 0.0011
Epoch 115/200
1414/1414 - 2s - loss: 0.0040 - mean_squared_error: 0.0040 - val_loss: 0.0029 - val_mean_squared_error: 0.0029
Epoch 116/200
1414/1414 - 2s - loss: 0.0028 - mean_squared_error: 0.0028 - val_loss: 0.0011 - val_mean_squared_error: 0.0011
Epoch 117/200
1414/1414 - 2s - loss: 0.0020 - mean_squared_error: 0.0020 - val_loss: 8.2361e-04 - val_mean_squared_error: 8.2361e-04
Epoch 118/200
1414/1414 - 2s - loss: 0.0026 - mean_squared_error: 0.0026 - val_loss: 0.0022 - val_mean_squared_error: 0.0022
Epoch 119/200
1414/1414 - 2s - loss: 0.0021 - mean_squared_error: 0.0021 - val_loss: 0.0010 - val_mean_squared_error: 0.0010
Epoch 120/200
1414/1414 - 2s - loss: 0.0015 - mean_squared_error: 0.0015 - val_loss: 0.0011 - val_mean_squared_error: 0.0011
Epoch 121/200
1414/1414 - 3s - loss: 0.0017 - mean_squared_error: 0.0017 - val_loss: 6.4034e-04 - val_mean_squared_error: 6.4034e-04
Epoch 122/200
1414/1414 - 2s - loss: 0.0016 - mean_squared_error: 0.0016 - val_loss: 6.5517e-04 - val_mean_squared_error: 6.5517e-04
Epoch 123/200
1414/1414 - 2s - loss: 0.0014 - mean_squared_error: 0.0014 - val_loss: 7.5913e-04 - val_mean_squared_error: 7.5913e-04
Epoch 124/200
1414/1414 - 3s - loss: 0.0027 - mean_squared_error: 0.0027 - val_loss: 0.0017 - val_mean_squared_error: 0.0017
Epoch 125/200
1414/1414 - 2s - loss: 0.0017 - mean_squared_error: 0.0017 - val_loss: 0.0026 - val_mean_squared_error: 0.0026
Epoch 126/200
1414/1414 - 2s - loss: 0.0018 - mean_squared_error: 0.0018 - val_loss: 0.0014 - val_mean_squared_error: 0.0014
Epoch 127/200
1414/1414 - 2s - loss: 0.0032 - mean_squared_error: 0.0032 - val_loss: 0.0025 - val_mean_squared_error: 0.0025
Epoch 128/200
1414/1414 - 3s - loss: 0.0026 - mean_squared_error: 0.0026 - val_loss: 0.0018 - val_mean_squared_error: 0.0018
Epoch 129/200
1414/1414 - 2s - loss: 0.0019 - mean_squared_error: 0.0019 - val_loss: 9.0132e-04 - val_mean_squared_error: 9.0132e-04
Epoch 130/200
1414/1414 - 2s - loss: 0.0071 - mean_squared_error: 0.0071 - val_loss: 0.0012 - val_mean_squared_error: 0.0012
Epoch 131/200
1414/1414 - 2s - loss: 0.0024 - mean_squared_error: 0.0024 - val_loss: 7.1337e-04 - val_mean_squared_error: 7.1337e-04
Epoch 132/200
1414/1414 - 3s - loss: 0.0018 - mean_squared_error: 0.0018 - val_loss: 5.7987e-04 - val_mean_squared_error: 5.7987e-04
Epoch 133/200
1414/1414 - 3s - loss: 0.0014 - mean_squared_error: 0.0014 - val_loss: 7.7234e-04 - val_mean_squared_error: 7.7234e-04
Epoch 134/200
1414/1414 - 2s - loss: 0.0027 - mean_squared_error: 0.0027 - val_loss: 0.0034 - val_mean_squared_error: 0.0034
Epoch 135/200
1414/1414 - 3s - loss: 0.0046 - mean_squared_error: 0.0046 - val_loss: 0.0026 - val_mean_squared_error: 0.0026
Epoch 136/200
1414/1414 - 3s - loss: 0.0033 - mean_squared_error: 0.0033 - val_loss: 0.0063 - val_mean_squared_error: 0.0063
Epoch 137/200
1414/1414 - 2s - loss: 0.0021 - mean_squared_error: 0.0021 - val_loss: 8.9851e-04 - val_mean_squared_error: 8.9851e-04
Epoch 138/200
1414/1414 - 2s - loss: 0.0022 - mean_squared_error: 0.0022 - val_loss: 0.0014 - val_mean_squared_error: 0.0014
Epoch 139/200
1414/1414 - 2s - loss: 0.0030 - mean_squared_error: 0.0030 - val_loss: 0.0017 - val_mean_squared_error: 0.0017
Epoch 140/200
1414/1414 - 2s - loss: 0.0018 - mean_squared_error: 0.0018 - val_loss: 8.2552e-04 - val_mean_squared_error: 8.2552e-04
Epoch 141/200
1414/1414 - 3s - loss: 0.0012 - mean_squared_error: 0.0012 - val_loss: 5.0604e-04 - val_mean_squared_error: 5.0604e-04
Epoch 142/200
1414/1414 - 2s - loss: 0.0029 - mean_squared_error: 0.0029 - val_loss: 0.0035 - val_mean_squared_error: 0.0035
Epoch 143/200
1414/1414 - 2s - loss: 0.0022 - mean_squared_error: 0.0022 - val_loss: 0.0012 - val_mean_squared_error: 0.0012
Epoch 144/200
1414/1414 - 2s - loss: 0.0020 - mean_squared_error: 0.0020 - val_loss: 7.1467e-04 - val_mean_squared_error: 7.1467e-04
Epoch 145/200
1414/1414 - 2s - loss: 0.0018 - mean_squared_error: 0.0018 - val_loss: 0.0013 - val_mean_squared_error: 0.0013
Epoch 146/200
1414/1414 - 2s - loss: 0.0017 - mean_squared_error: 0.0017 - val_loss: 0.0013 - val_mean_squared_error: 0.0013
Epoch 147/200
1414/1414 - 3s - loss: 0.0014 - mean_squared_error: 0.0014 - val_loss: 8.0447e-04 - val_mean_squared_error: 8.0447e-04
Epoch 148/200
1414/1414 - 2s - loss: 0.0017 - mean_squared_error: 0.0017 - val_loss: 9.4996e-04 - val_mean_squared_error: 9.4996e-04
Epoch 149/200
1414/1414 - 2s - loss: 0.0014 - mean_squared_error: 0.0014 - val_loss: 6.9116e-04 - val_mean_squared_error: 6.9116e-04
Epoch 150/200
1414/1414 - 2s - loss: 0.0013 - mean_squared_error: 0.0013 - val_loss: 6.3751e-04 - val_mean_squared_error: 6.3751e-04
Epoch 151/200
1414/1414 - 2s - loss: 0.0020 - mean_squared_error: 0.0020 - val_loss: 0.0011 - val_mean_squared_error: 0.0011
Epoch 152/200
1414/1414 - 2s - loss: 0.0019 - mean_squared_error: 0.0019 - val_loss: 0.0012 - val_mean_squared_error: 0.0012
Epoch 153/200
1414/1414 - 2s - loss: 0.0024 - mean_squared_error: 0.0024 - val_loss: 0.0014 - val_mean_squared_error: 0.0014
Epoch 154/200
1414/1414 - 2s - loss: 0.0039 - mean_squared_error: 0.0039 - val_loss: 0.0032 - val_mean_squared_error: 0.0032
Epoch 155/200
1414/1414 - 2s - loss: 0.0023 - mean_squared_error: 0.0023 - val_loss: 0.0033 - val_mean_squared_error: 0.0033
Epoch 156/200
1414/1414 - 2s - loss: 0.0018 - mean_squared_error: 0.0018 - val_loss: 0.0035 - val_mean_squared_error: 0.0035
Epoch 157/200
1414/1414 - 3s - loss: 0.0017 - mean_squared_error: 0.0017 - val_loss: 7.2625e-04 - val_mean_squared_error: 7.2625e-04
Epoch 158/200
1414/1414 - 2s - loss: 0.0014 - mean_squared_error: 0.0014 - val_loss: 8.9385e-04 - val_mean_squared_error: 8.9385e-04
Epoch 159/200
1414/1414 - 2s - loss: 0.0014 - mean_squared_error: 0.0014 - val_loss: 8.2894e-04 - val_mean_squared_error: 8.2894e-04
Epoch 160/200
1414/1414 - 3s - loss: 0.0020 - mean_squared_error: 0.0020 - val_loss: 0.0012 - val_mean_squared_error: 0.0012
Epoch 161/200
1414/1414 - 3s - loss: 0.0024 - mean_squared_error: 0.0024 - val_loss: 0.0014 - val_mean_squared_error: 0.0014
Epoch 162/200
1414/1414 - 2s - loss: 0.0014 - mean_squared_error: 0.0014 - val_loss: 6.5046e-04 - val_mean_squared_error: 6.5046e-04
Epoch 163/200
1414/1414 - 2s - loss: 0.0020 - mean_squared_error: 0.0020 - val_loss: 7.9288e-04 - val_mean_squared_error: 7.9288e-04
Epoch 164/200
1414/1414 - 2s - loss: 0.0015 - mean_squared_error: 0.0015 - val_loss: 0.0014 - val_mean_squared_error: 0.0014
Epoch 165/200
1414/1414 - 2s - loss: 0.0011 - mean_squared_error: 0.0011 - val_loss: 7.4503e-04 - val_mean_squared_error: 7.4503e-04
Epoch 166/200
1414/1414 - 2s - loss: 0.0011 - mean_squared_error: 0.0011 - val_loss: 7.5702e-04 - val_mean_squared_error: 7.5702e-04
Epoch 167/200
1414/1414 - 2s - loss: 0.0021 - mean_squared_error: 0.0021 - val_loss: 7.2181e-04 - val_mean_squared_error: 7.2181e-04
Epoch 168/200
1414/1414 - 2s - loss: 0.0020 - mean_squared_error: 0.0020 - val_loss: 0.0017 - val_mean_squared_error: 0.0017
Epoch 169/200
1414/1414 - 2s - loss: 0.0014 - mean_squared_error: 0.0014 - val_loss: 6.9590e-04 - val_mean_squared_error: 6.9590e-04
Epoch 170/200
1414/1414 - 2s - loss: 0.0015 - mean_squared_error: 0.0015 - val_loss: 6.6637e-04 - val_mean_squared_error: 6.6637e-04
Epoch 171/200
1414/1414 - 3s - loss: 0.0015 - mean_squared_error: 0.0015 - val_loss: 0.0014 - val_mean_squared_error: 0.0014
Epoch 172/200
1414/1414 - 2s - loss: 0.0014 - mean_squared_error: 0.0014 - val_loss: 7.2131e-04 - val_mean_squared_error: 7.2131e-04
Epoch 173/200
1414/1414 - 2s - loss: 0.0023 - mean_squared_error: 0.0023 - val_loss: 0.0026 - val_mean_squared_error: 0.0026
Epoch 174/200
1414/1414 - 2s - loss: 0.0027 - mean_squared_error: 0.0027 - val_loss: 0.0018 - val_mean_squared_error: 0.0018
Epoch 175/200
1414/1414 - 2s - loss: 0.0019 - mean_squared_error: 0.0019 - val_loss: 7.4714e-04 - val_mean_squared_error: 7.4714e-04
Epoch 176/200
1414/1414 - 2s - loss: 0.0016 - mean_squared_error: 0.0016 - val_loss: 6.0834e-04 - val_mean_squared_error: 6.0834e-04
Epoch 177/200
1414/1414 - 2s - loss: 0.0015 - mean_squared_error: 0.0015 - val_loss: 0.0013 - val_mean_squared_error: 0.0013
Epoch 178/200
1414/1414 - 2s - loss: 0.0013 - mean_squared_error: 0.0013 - val_loss: 6.2804e-04 - val_mean_squared_error: 6.2804e-04
Epoch 179/200
1414/1414 - 2s - loss: 0.0017 - mean_squared_error: 0.0017 - val_loss: 0.0032 - val_mean_squared_error: 0.0032
Epoch 180/200
1414/1414 - 3s - loss: 0.0015 - mean_squared_error: 0.0015 - val_loss: 0.0015 - val_mean_squared_error: 0.0015
Epoch 181/200
1414/1414 - 2s - loss: 9.8690e-04 - mean_squared_error: 9.8690e-04 - val_loss: 7.5228e-04 - val_mean_squared_error: 7.5228e-04
Epoch 182/200
1414/1414 - 2s - loss: 0.0016 - mean_squared_error: 0.0016 - val_loss: 7.2935e-04 - val_mean_squared_error: 7.2935e-04
Epoch 183/200
1414/1414 - 2s - loss: 0.0013 - mean_squared_error: 0.0013 - val_loss: 0.0012 - val_mean_squared_error: 0.0012
Epoch 184/200
1414/1414 - 2s - loss: 0.0011 - mean_squared_error: 0.0011 - val_loss: 0.0013 - val_mean_squared_error: 0.0013
Epoch 185/200
1414/1414 - 2s - loss: 0.0012 - mean_squared_error: 0.0012 - val_loss: 5.7772e-04 - val_mean_squared_error: 5.7772e-04
Epoch 186/200
1414/1414 - 2s - loss: 0.0017 - mean_squared_error: 0.0017 - val_loss: 0.0015 - val_mean_squared_error: 0.0015
Epoch 187/200
1414/1414 - 2s - loss: 0.0018 - mean_squared_error: 0.0018 - val_loss: 0.0013 - val_mean_squared_error: 0.0013
Epoch 188/200
1414/1414 - 2s - loss: 0.0017 - mean_squared_error: 0.0017 - val_loss: 0.0017 - val_mean_squared_error: 0.0017
Epoch 189/200
1414/1414 - 2s - loss: 0.0015 - mean_squared_error: 0.0015 - val_loss: 8.3490e-04 - val_mean_squared_error: 8.3490e-04
Epoch 190/200
1414/1414 - 2s - loss: 0.0011 - mean_squared_error: 0.0011 - val_loss: 0.0012 - val_mean_squared_error: 0.0012
Epoch 191/200
1414/1414 - 2s - loss: 0.0014 - mean_squared_error: 0.0014 - val_loss: 7.6221e-04 - val_mean_squared_error: 7.6221e-04
Epoch 192/200
1414/1414 - 2s - loss: 0.0017 - mean_squared_error: 0.0017 - val_loss: 0.0020 - val_mean_squared_error: 0.0020
Epoch 193/200
1414/1414 - 2s - loss: 0.0019 - mean_squared_error: 0.0019 - val_loss: 0.0011 - val_mean_squared_error: 0.0011
Epoch 194/200
1414/1414 - 2s - loss: 0.0031 - mean_squared_error: 0.0031 - val_loss: 0.0028 - val_mean_squared_error: 0.0028
Epoch 195/200
1414/1414 - 2s - loss: 0.0021 - mean_squared_error: 0.0021 - val_loss: 0.0011 - val_mean_squared_error: 0.0011
Epoch 196/200
1414/1414 - 2s - loss: 0.0015 - mean_squared_error: 0.0015 - val_loss: 5.7520e-04 - val_mean_squared_error: 5.7520e-04
Epoch 197/200
1414/1414 - 2s - loss: 0.0012 - mean_squared_error: 0.0012 - val_loss: 9.6846e-04 - val_mean_squared_error: 9.6846e-04
Epoch 198/200
1414/1414 - 2s - loss: 0.0014 - mean_squared_error: 0.0014 - val_loss: 6.8965e-04 - val_mean_squared_error: 6.8965e-04
Epoch 199/200
1414/1414 - 2s - loss: 0.0011 - mean_squared_error: 0.0011 - val_loss: 6.8866e-04 - val_mean_squared_error: 6.8866e-04
Epoch 200/200
1414/1414 - 2s - loss: 0.0012 - mean_squared_error: 0.0012 - val_loss: 7.6883e-04 - val_mean_squared_error: 7.6883e-04
Being drawing the graph of MODEL LOSS
