WARNING: Logging before flag parsing goes to stderr.
W0220 16:43:37.512297 140521869059904 deprecation.py:506] From /home/zoshs2/anaconda3/envs/tf_gpu/lib/python3.7/site-packages/tensorflow/python/ops/init_ops.py:1251: calling VarianceScaling.__init__ (from tensorflow.python.ops.init_ops) with dtype is deprecated and will be removed in a future version.
Instructions for updating:
Call initializer instance with the dtype argument instead of passing it to the constructor
2020-02-20 16:43:38.677763: I tensorflow/core/platform/cpu_feature_guard.cc:142] Your CPU supports instructions that this TensorFlow binary was not compiled to use: SSE4.1 SSE4.2 AVX AVX2 FMA
2020-02-20 16:43:38.703974: I tensorflow/core/platform/profile_utils/cpu_utils.cc:94] CPU Frequency: 2199870000 Hz
2020-02-20 16:43:38.706491: I tensorflow/compiler/xla/service/service.cc:168] XLA service 0x555ba476e3e0 executing computations on platform Host. Devices:
2020-02-20 16:43:38.706525: I tensorflow/compiler/xla/service/service.cc:175]   StreamExecutor device (0): <undefined>, <undefined>
2020-02-20 16:43:38.732924: I tensorflow/stream_executor/platform/default/dso_loader.cc:42] Successfully opened dynamic library libcuda.so.1
2020-02-20 16:43:42.439407: I tensorflow/core/common_runtime/gpu/gpu_device.cc:1640] Found device 0 with properties: 
name: Tesla V100-PCIE-16GB major: 7 minor: 0 memoryClockRate(GHz): 1.38
pciBusID: 0000:04:00.0
2020-02-20 16:43:42.534947: I tensorflow/stream_executor/platform/default/dso_loader.cc:42] Successfully opened dynamic library libcudart.so.10.1
2020-02-20 16:43:42.728472: I tensorflow/stream_executor/platform/default/dso_loader.cc:42] Successfully opened dynamic library libcublas.so.10
2020-02-20 16:43:42.869680: I tensorflow/stream_executor/platform/default/dso_loader.cc:42] Successfully opened dynamic library libcufft.so.10
2020-02-20 16:43:43.002320: I tensorflow/stream_executor/platform/default/dso_loader.cc:42] Successfully opened dynamic library libcurand.so.10
2020-02-20 16:43:43.132700: I tensorflow/stream_executor/platform/default/dso_loader.cc:42] Successfully opened dynamic library libcusolver.so.10
2020-02-20 16:43:43.251233: I tensorflow/stream_executor/platform/default/dso_loader.cc:42] Successfully opened dynamic library libcusparse.so.10
2020-02-20 16:43:43.389310: I tensorflow/stream_executor/platform/default/dso_loader.cc:42] Successfully opened dynamic library libcudnn.so.7
2020-02-20 16:43:43.392906: I tensorflow/core/common_runtime/gpu/gpu_device.cc:1763] Adding visible gpu devices: 0
2020-02-20 16:43:43.392992: I tensorflow/stream_executor/platform/default/dso_loader.cc:42] Successfully opened dynamic library libcudart.so.10.1
2020-02-20 16:43:43.556198: I tensorflow/core/common_runtime/gpu/gpu_device.cc:1181] Device interconnect StreamExecutor with strength 1 edge matrix:
2020-02-20 16:43:43.556253: I tensorflow/core/common_runtime/gpu/gpu_device.cc:1187]      0 
2020-02-20 16:43:43.556269: I tensorflow/core/common_runtime/gpu/gpu_device.cc:1200] 0:   N 
2020-02-20 16:43:43.559955: I tensorflow/core/common_runtime/gpu/gpu_device.cc:1326] Created TensorFlow device (/job:localhost/replica:0/task:0/device:GPU:0 with 15051 MB memory) -> physical GPU (device: 0, name: Tesla V100-PCIE-16GB, pci bus id: 0000:04:00.0, compute capability: 7.0)
2020-02-20 16:43:43.562534: I tensorflow/compiler/xla/service/service.cc:168] XLA service 0x555ba557f2b0 executing computations on platform CUDA. Devices:
2020-02-20 16:43:43.562559: I tensorflow/compiler/xla/service/service.cc:175]   StreamExecutor device (0): Tesla V100-PCIE-16GB, Compute Capability 7.0
2020-02-20 16:43:47.946576: I tensorflow/stream_executor/platform/default/dso_loader.cc:42] Successfully opened dynamic library libcublas.so.10
2020-02-20 16:43:48.499368: I tensorflow/stream_executor/platform/default/dso_loader.cc:42] Successfully opened dynamic library libcudnn.so.7
Train on 7428 samples, validate on 826 samples
Epoch 1/500
7428/7428 - 28s - loss: 0.1078 - mean_squared_error: 0.1078 - val_loss: 0.2170 - val_mean_squared_error: 0.2170
Epoch 2/500
7428/7428 - 22s - loss: 0.0510 - mean_squared_error: 0.0510 - val_loss: 0.0499 - val_mean_squared_error: 0.0499
Epoch 3/500
7428/7428 - 23s - loss: 0.0397 - mean_squared_error: 0.0397 - val_loss: 0.0217 - val_mean_squared_error: 0.0217
Epoch 4/500
7428/7428 - 21s - loss: 0.0346 - mean_squared_error: 0.0346 - val_loss: 0.1104 - val_mean_squared_error: 0.1104
Epoch 5/500
7428/7428 - 20s - loss: 0.0305 - mean_squared_error: 0.0305 - val_loss: 0.0384 - val_mean_squared_error: 0.0384
Epoch 6/500
7428/7428 - 19s - loss: 0.0266 - mean_squared_error: 0.0266 - val_loss: 0.0263 - val_mean_squared_error: 0.0263
Epoch 7/500
7428/7428 - 20s - loss: 0.0230 - mean_squared_error: 0.0230 - val_loss: 0.0477 - val_mean_squared_error: 0.0477
Epoch 8/500
7428/7428 - 20s - loss: 0.0246 - mean_squared_error: 0.0246 - val_loss: 0.0661 - val_mean_squared_error: 0.0661
Epoch 9/500
7428/7428 - 18s - loss: 0.0197 - mean_squared_error: 0.0197 - val_loss: 0.0436 - val_mean_squared_error: 0.0436
Epoch 10/500
7428/7428 - 19s - loss: 0.0183 - mean_squared_error: 0.0183 - val_loss: 0.0601 - val_mean_squared_error: 0.0601
Epoch 11/500
7428/7428 - 19s - loss: 0.0175 - mean_squared_error: 0.0175 - val_loss: 0.1132 - val_mean_squared_error: 0.1132
Epoch 12/500
7428/7428 - 19s - loss: 0.0158 - mean_squared_error: 0.0158 - val_loss: 0.0513 - val_mean_squared_error: 0.0513
Epoch 13/500
7428/7428 - 18s - loss: 0.0142 - mean_squared_error: 0.0142 - val_loss: 0.0692 - val_mean_squared_error: 0.0692
Epoch 14/500
7428/7428 - 20s - loss: 0.0137 - mean_squared_error: 0.0137 - val_loss: 0.0524 - val_mean_squared_error: 0.0524
Epoch 15/500
7428/7428 - 18s - loss: 0.0134 - mean_squared_error: 0.0134 - val_loss: 0.0432 - val_mean_squared_error: 0.0432
Epoch 16/500
7428/7428 - 18s - loss: 0.0134 - mean_squared_error: 0.0134 - val_loss: 0.0697 - val_mean_squared_error: 0.0697
Epoch 17/500
7428/7428 - 18s - loss: 0.0120 - mean_squared_error: 0.0120 - val_loss: 0.1299 - val_mean_squared_error: 0.1299
Epoch 18/500
7428/7428 - 18s - loss: 0.0115 - mean_squared_error: 0.0115 - val_loss: 0.0407 - val_mean_squared_error: 0.0407
Epoch 19/500
7428/7428 - 16s - loss: 0.0131 - mean_squared_error: 0.0131 - val_loss: 0.0536 - val_mean_squared_error: 0.0536
Epoch 20/500
7428/7428 - 16s - loss: 0.0117 - mean_squared_error: 0.0117 - val_loss: 0.0381 - val_mean_squared_error: 0.0381
Epoch 21/500
7428/7428 - 17s - loss: 0.0104 - mean_squared_error: 0.0104 - val_loss: 0.0624 - val_mean_squared_error: 0.0624
Epoch 22/500
7428/7428 - 16s - loss: 0.0106 - mean_squared_error: 0.0106 - val_loss: 0.0659 - val_mean_squared_error: 0.0659
Epoch 23/500
7428/7428 - 16s - loss: 0.0097 - mean_squared_error: 0.0097 - val_loss: 0.1322 - val_mean_squared_error: 0.1322
Epoch 24/500
7428/7428 - 17s - loss: 0.0096 - mean_squared_error: 0.0096 - val_loss: 0.0460 - val_mean_squared_error: 0.0460
Epoch 25/500
7428/7428 - 18s - loss: 0.0097 - mean_squared_error: 0.0097 - val_loss: 0.0769 - val_mean_squared_error: 0.0769
Epoch 26/500
7428/7428 - 16s - loss: 0.0087 - mean_squared_error: 0.0087 - val_loss: 0.1773 - val_mean_squared_error: 0.1773
Epoch 27/500
7428/7428 - 17s - loss: 0.0094 - mean_squared_error: 0.0094 - val_loss: 0.2233 - val_mean_squared_error: 0.2233
Epoch 28/500
7428/7428 - 16s - loss: 0.0092 - mean_squared_error: 0.0092 - val_loss: 0.2713 - val_mean_squared_error: 0.2713
Epoch 29/500
7428/7428 - 19s - loss: 0.0092 - mean_squared_error: 0.0092 - val_loss: 0.2177 - val_mean_squared_error: 0.2177
Epoch 30/500
7428/7428 - 17s - loss: 0.0087 - mean_squared_error: 0.0087 - val_loss: 0.1070 - val_mean_squared_error: 0.1070
Epoch 31/500
7428/7428 - 18s - loss: 0.0091 - mean_squared_error: 0.0091 - val_loss: 0.2046 - val_mean_squared_error: 0.2046
Epoch 32/500
7428/7428 - 17s - loss: 0.0081 - mean_squared_error: 0.0081 - val_loss: 0.1603 - val_mean_squared_error: 0.1603
Epoch 33/500
7428/7428 - 17s - loss: 0.0083 - mean_squared_error: 0.0083 - val_loss: 0.0514 - val_mean_squared_error: 0.0514
Epoch 34/500
7428/7428 - 17s - loss: 0.0078 - mean_squared_error: 0.0078 - val_loss: 0.1447 - val_mean_squared_error: 0.1447
Epoch 35/500
7428/7428 - 17s - loss: 0.0073 - mean_squared_error: 0.0073 - val_loss: 0.1304 - val_mean_squared_error: 0.1304
Epoch 36/500
7428/7428 - 18s - loss: 0.0078 - mean_squared_error: 0.0078 - val_loss: 0.0999 - val_mean_squared_error: 0.0999
Epoch 37/500
7428/7428 - 16s - loss: 0.0076 - mean_squared_error: 0.0076 - val_loss: 0.1050 - val_mean_squared_error: 0.1050
Epoch 38/500
7428/7428 - 16s - loss: 0.0067 - mean_squared_error: 0.0067 - val_loss: 0.1234 - val_mean_squared_error: 0.1234
Epoch 39/500
7428/7428 - 18s - loss: 0.0070 - mean_squared_error: 0.0070 - val_loss: 0.0976 - val_mean_squared_error: 0.0976
Epoch 40/500
7428/7428 - 17s - loss: 0.0080 - mean_squared_error: 0.0080 - val_loss: 0.1398 - val_mean_squared_error: 0.1398
Epoch 41/500
7428/7428 - 16s - loss: 0.0068 - mean_squared_error: 0.0068 - val_loss: 0.0953 - val_mean_squared_error: 0.0953
Epoch 42/500
7428/7428 - 17s - loss: 0.0072 - mean_squared_error: 0.0072 - val_loss: 0.1231 - val_mean_squared_error: 0.1231
Epoch 43/500
7428/7428 - 15s - loss: 0.0065 - mean_squared_error: 0.0065 - val_loss: 0.1378 - val_mean_squared_error: 0.1378
Epoch 44/500
7428/7428 - 17s - loss: 0.0067 - mean_squared_error: 0.0067 - val_loss: 0.1087 - val_mean_squared_error: 0.1087
Epoch 45/500
7428/7428 - 17s - loss: 0.0064 - mean_squared_error: 0.0064 - val_loss: 0.0941 - val_mean_squared_error: 0.0941
Epoch 46/500
7428/7428 - 16s - loss: 0.0060 - mean_squared_error: 0.0060 - val_loss: 0.0980 - val_mean_squared_error: 0.0980
Epoch 47/500
7428/7428 - 18s - loss: 0.0070 - mean_squared_error: 0.0070 - val_loss: 0.1547 - val_mean_squared_error: 0.1547
Epoch 48/500
7428/7428 - 16s - loss: 0.0065 - mean_squared_error: 0.0065 - val_loss: 0.0958 - val_mean_squared_error: 0.0958
Epoch 49/500
7428/7428 - 17s - loss: 0.0064 - mean_squared_error: 0.0064 - val_loss: 0.1141 - val_mean_squared_error: 0.1141
Epoch 50/500
7428/7428 - 16s - loss: 0.0063 - mean_squared_error: 0.0063 - val_loss: 0.0619 - val_mean_squared_error: 0.0619
Epoch 51/500
7428/7428 - 15s - loss: 0.0063 - mean_squared_error: 0.0063 - val_loss: 0.1999 - val_mean_squared_error: 0.1999
Epoch 52/500
7428/7428 - 17s - loss: 0.0062 - mean_squared_error: 0.0062 - val_loss: 0.1053 - val_mean_squared_error: 0.1053
Epoch 53/500
7428/7428 - 17s - loss: 0.0060 - mean_squared_error: 0.0060 - val_loss: 0.1721 - val_mean_squared_error: 0.1721
Epoch 54/500
7428/7428 - 17s - loss: 0.0051 - mean_squared_error: 0.0051 - val_loss: 0.0681 - val_mean_squared_error: 0.0681
Epoch 55/500
7428/7428 - 17s - loss: 0.0060 - mean_squared_error: 0.0060 - val_loss: 0.1062 - val_mean_squared_error: 0.1062
Epoch 56/500
7428/7428 - 17s - loss: 0.0054 - mean_squared_error: 0.0054 - val_loss: 0.1393 - val_mean_squared_error: 0.1393
Epoch 57/500
7428/7428 - 17s - loss: 0.0053 - mean_squared_error: 0.0053 - val_loss: 0.1446 - val_mean_squared_error: 0.1446
Epoch 58/500
7428/7428 - 17s - loss: 0.0053 - mean_squared_error: 0.0053 - val_loss: 0.1024 - val_mean_squared_error: 0.1024
Epoch 59/500
7428/7428 - 18s - loss: 0.0055 - mean_squared_error: 0.0055 - val_loss: 0.0842 - val_mean_squared_error: 0.0842
Epoch 60/500
7428/7428 - 17s - loss: 0.0057 - mean_squared_error: 0.0057 - val_loss: 0.0868 - val_mean_squared_error: 0.0868
Epoch 61/500
7428/7428 - 16s - loss: 0.0054 - mean_squared_error: 0.0054 - val_loss: 0.1670 - val_mean_squared_error: 0.1670
Epoch 62/500
7428/7428 - 18s - loss: 0.0054 - mean_squared_error: 0.0054 - val_loss: 0.1084 - val_mean_squared_error: 0.1084
Epoch 63/500
7428/7428 - 16s - loss: 0.0058 - mean_squared_error: 0.0058 - val_loss: 0.1550 - val_mean_squared_error: 0.1550
Epoch 64/500
7428/7428 - 17s - loss: 0.0057 - mean_squared_error: 0.0057 - val_loss: 0.2031 - val_mean_squared_error: 0.2031
Epoch 65/500
7428/7428 - 16s - loss: 0.0047 - mean_squared_error: 0.0047 - val_loss: 0.1487 - val_mean_squared_error: 0.1487
Epoch 66/500
7428/7428 - 18s - loss: 0.0050 - mean_squared_error: 0.0050 - val_loss: 0.0996 - val_mean_squared_error: 0.0996
Epoch 67/500
7428/7428 - 17s - loss: 0.0046 - mean_squared_error: 0.0046 - val_loss: 0.0659 - val_mean_squared_error: 0.0659
Epoch 68/500
7428/7428 - 16s - loss: 0.0053 - mean_squared_error: 0.0053 - val_loss: 0.1474 - val_mean_squared_error: 0.1474
Epoch 69/500
7428/7428 - 15s - loss: 0.0054 - mean_squared_error: 0.0054 - val_loss: 0.1911 - val_mean_squared_error: 0.1911
Epoch 70/500
7428/7428 - 17s - loss: 0.0051 - mean_squared_error: 0.0051 - val_loss: 0.1170 - val_mean_squared_error: 0.1170
Epoch 71/500
7428/7428 - 16s - loss: 0.0046 - mean_squared_error: 0.0046 - val_loss: 0.2572 - val_mean_squared_error: 0.2572
Epoch 72/500
7428/7428 - 16s - loss: 0.0051 - mean_squared_error: 0.0051 - val_loss: 0.1098 - val_mean_squared_error: 0.1098
Epoch 73/500
7428/7428 - 18s - loss: 0.0049 - mean_squared_error: 0.0049 - val_loss: 0.0722 - val_mean_squared_error: 0.0722
Epoch 74/500
7428/7428 - 16s - loss: 0.0051 - mean_squared_error: 0.0051 - val_loss: 0.0982 - val_mean_squared_error: 0.0982
Epoch 75/500
7428/7428 - 17s - loss: 0.0052 - mean_squared_error: 0.0052 - val_loss: 0.1030 - val_mean_squared_error: 0.1030
Epoch 76/500
7428/7428 - 17s - loss: 0.0047 - mean_squared_error: 0.0047 - val_loss: 0.1135 - val_mean_squared_error: 0.1135
Epoch 77/500
7428/7428 - 17s - loss: 0.0045 - mean_squared_error: 0.0045 - val_loss: 0.0739 - val_mean_squared_error: 0.0739
Epoch 78/500
7428/7428 - 16s - loss: 0.0057 - mean_squared_error: 0.0057 - val_loss: 0.1449 - val_mean_squared_error: 0.1449
Epoch 79/500
7428/7428 - 16s - loss: 0.0046 - mean_squared_error: 0.0046 - val_loss: 0.2072 - val_mean_squared_error: 0.2072
Epoch 80/500
7428/7428 - 17s - loss: 0.0050 - mean_squared_error: 0.0050 - val_loss: 0.1096 - val_mean_squared_error: 0.1096
Epoch 81/500
7428/7428 - 16s - loss: 0.0043 - mean_squared_error: 0.0043 - val_loss: 0.0901 - val_mean_squared_error: 0.0901
Epoch 82/500
7428/7428 - 17s - loss: 0.0042 - mean_squared_error: 0.0042 - val_loss: 0.1439 - val_mean_squared_error: 0.1439
Epoch 83/500
7428/7428 - 16s - loss: 0.0045 - mean_squared_error: 0.0045 - val_loss: 0.1576 - val_mean_squared_error: 0.1576
Epoch 84/500
7428/7428 - 16s - loss: 0.0045 - mean_squared_error: 0.0045 - val_loss: 0.1777 - val_mean_squared_error: 0.1777
Epoch 85/500
7428/7428 - 17s - loss: 0.0044 - mean_squared_error: 0.0044 - val_loss: 0.2185 - val_mean_squared_error: 0.2185
Epoch 86/500
7428/7428 - 15s - loss: 0.0043 - mean_squared_error: 0.0043 - val_loss: 0.2628 - val_mean_squared_error: 0.2628
Epoch 87/500
7428/7428 - 17s - loss: 0.0041 - mean_squared_error: 0.0041 - val_loss: 0.1142 - val_mean_squared_error: 0.1142
Epoch 88/500
7428/7428 - 16s - loss: 0.0046 - mean_squared_error: 0.0046 - val_loss: 0.1954 - val_mean_squared_error: 0.1954
Epoch 89/500
7428/7428 - 16s - loss: 0.0044 - mean_squared_error: 0.0044 - val_loss: 0.0759 - val_mean_squared_error: 0.0759
Epoch 90/500
7428/7428 - 18s - loss: 0.0044 - mean_squared_error: 0.0044 - val_loss: 0.1115 - val_mean_squared_error: 0.1115
Epoch 91/500
7428/7428 - 16s - loss: 0.0044 - mean_squared_error: 0.0044 - val_loss: 0.2752 - val_mean_squared_error: 0.2752
Epoch 92/500
7428/7428 - 17s - loss: 0.0042 - mean_squared_error: 0.0042 - val_loss: 0.1087 - val_mean_squared_error: 0.1087
Epoch 93/500
7428/7428 - 17s - loss: 0.0038 - mean_squared_error: 0.0038 - val_loss: 0.1724 - val_mean_squared_error: 0.1724
Epoch 94/500
7428/7428 - 17s - loss: 0.0042 - mean_squared_error: 0.0042 - val_loss: 0.1346 - val_mean_squared_error: 0.1346
Epoch 95/500
7428/7428 - 19s - loss: 0.0045 - mean_squared_error: 0.0045 - val_loss: 0.1386 - val_mean_squared_error: 0.1386
Epoch 96/500
7428/7428 - 19s - loss: 0.0041 - mean_squared_error: 0.0041 - val_loss: 0.3215 - val_mean_squared_error: 0.3215
Epoch 97/500
7428/7428 - 20s - loss: 0.0043 - mean_squared_error: 0.0043 - val_loss: 0.1137 - val_mean_squared_error: 0.1137
Epoch 98/500
7428/7428 - 21s - loss: 0.0043 - mean_squared_error: 0.0043 - val_loss: 0.1753 - val_mean_squared_error: 0.1753
Epoch 99/500
7428/7428 - 19s - loss: 0.0037 - mean_squared_error: 0.0037 - val_loss: 0.1401 - val_mean_squared_error: 0.1401
Epoch 100/500
7428/7428 - 21s - loss: 0.0038 - mean_squared_error: 0.0038 - val_loss: 0.1948 - val_mean_squared_error: 0.1948
Epoch 101/500
7428/7428 - 20s - loss: 0.0039 - mean_squared_error: 0.0039 - val_loss: 0.2225 - val_mean_squared_error: 0.2225
Epoch 102/500
7428/7428 - 21s - loss: 0.0043 - mean_squared_error: 0.0043 - val_loss: 0.2296 - val_mean_squared_error: 0.2296
Epoch 103/500
7428/7428 - 22s - loss: 0.0040 - mean_squared_error: 0.0040 - val_loss: 0.2144 - val_mean_squared_error: 0.2144
Epoch 104/500
7428/7428 - 22s - loss: 0.0041 - mean_squared_error: 0.0041 - val_loss: 0.2088 - val_mean_squared_error: 0.2088
Epoch 105/500
7428/7428 - 22s - loss: 0.0042 - mean_squared_error: 0.0042 - val_loss: 0.1051 - val_mean_squared_error: 0.1051
Epoch 106/500
7428/7428 - 21s - loss: 0.0039 - mean_squared_error: 0.0039 - val_loss: 0.3583 - val_mean_squared_error: 0.3583
Epoch 107/500
7428/7428 - 22s - loss: 0.0037 - mean_squared_error: 0.0037 - val_loss: 0.1986 - val_mean_squared_error: 0.1986
Epoch 108/500
7428/7428 - 22s - loss: 0.0040 - mean_squared_error: 0.0040 - val_loss: 0.1489 - val_mean_squared_error: 0.1489
Epoch 109/500
7428/7428 - 21s - loss: 0.0041 - mean_squared_error: 0.0041 - val_loss: 0.1088 - val_mean_squared_error: 0.1088
Epoch 110/500
7428/7428 - 21s - loss: 0.0035 - mean_squared_error: 0.0035 - val_loss: 0.1823 - val_mean_squared_error: 0.1823
Epoch 111/500
7428/7428 - 22s - loss: 0.0041 - mean_squared_error: 0.0041 - val_loss: 0.1849 - val_mean_squared_error: 0.1849
Epoch 112/500
7428/7428 - 22s - loss: 0.0037 - mean_squared_error: 0.0037 - val_loss: 0.3172 - val_mean_squared_error: 0.3172
Epoch 113/500
7428/7428 - 23s - loss: 0.0035 - mean_squared_error: 0.0035 - val_loss: 0.1941 - val_mean_squared_error: 0.1941
Epoch 114/500
7428/7428 - 21s - loss: 0.0040 - mean_squared_error: 0.0040 - val_loss: 0.1615 - val_mean_squared_error: 0.1615
Epoch 115/500
7428/7428 - 21s - loss: 0.0038 - mean_squared_error: 0.0038 - val_loss: 0.1758 - val_mean_squared_error: 0.1758
Epoch 116/500
7428/7428 - 22s - loss: 0.0039 - mean_squared_error: 0.0039 - val_loss: 0.3595 - val_mean_squared_error: 0.3595
Epoch 117/500
7428/7428 - 20s - loss: 0.0040 - mean_squared_error: 0.0040 - val_loss: 0.1775 - val_mean_squared_error: 0.1775
Epoch 118/500
7428/7428 - 21s - loss: 0.0038 - mean_squared_error: 0.0038 - val_loss: 0.2400 - val_mean_squared_error: 0.2400
Epoch 119/500
7428/7428 - 22s - loss: 0.0038 - mean_squared_error: 0.0038 - val_loss: 0.5476 - val_mean_squared_error: 0.5476
Epoch 120/500
7428/7428 - 21s - loss: 0.0039 - mean_squared_error: 0.0039 - val_loss: 0.2462 - val_mean_squared_error: 0.2462
Epoch 121/500
7428/7428 - 20s - loss: 0.0037 - mean_squared_error: 0.0037 - val_loss: 0.4778 - val_mean_squared_error: 0.4778
Epoch 122/500
7428/7428 - 21s - loss: 0.0042 - mean_squared_error: 0.0042 - val_loss: 0.1292 - val_mean_squared_error: 0.1292
Epoch 123/500
7428/7428 - 23s - loss: 0.0035 - mean_squared_error: 0.0035 - val_loss: 0.5544 - val_mean_squared_error: 0.5544
Epoch 124/500
7428/7428 - 22s - loss: 0.0038 - mean_squared_error: 0.0038 - val_loss: 0.1687 - val_mean_squared_error: 0.1687
Epoch 125/500
7428/7428 - 21s - loss: 0.0034 - mean_squared_error: 0.0034 - val_loss: 0.1904 - val_mean_squared_error: 0.1904
Epoch 126/500
7428/7428 - 21s - loss: 0.0033 - mean_squared_error: 0.0033 - val_loss: 0.1531 - val_mean_squared_error: 0.1531
Epoch 127/500
7428/7428 - 23s - loss: 0.0036 - mean_squared_error: 0.0036 - val_loss: 0.2227 - val_mean_squared_error: 0.2227
Epoch 128/500
7428/7428 - 22s - loss: 0.0036 - mean_squared_error: 0.0036 - val_loss: 0.1763 - val_mean_squared_error: 0.1763
Epoch 129/500
7428/7428 - 21s - loss: 0.0038 - mean_squared_error: 0.0038 - val_loss: 0.2480 - val_mean_squared_error: 0.2480
Epoch 130/500
7428/7428 - 22s - loss: 0.0036 - mean_squared_error: 0.0036 - val_loss: 0.3247 - val_mean_squared_error: 0.3247
Epoch 131/500
7428/7428 - 22s - loss: 0.0036 - mean_squared_error: 0.0036 - val_loss: 0.2781 - val_mean_squared_error: 0.2781
Epoch 132/500
7428/7428 - 22s - loss: 0.0033 - mean_squared_error: 0.0033 - val_loss: 0.2377 - val_mean_squared_error: 0.2377
Epoch 133/500
7428/7428 - 23s - loss: 0.0037 - mean_squared_error: 0.0037 - val_loss: 0.2318 - val_mean_squared_error: 0.2318
Epoch 134/500
7428/7428 - 22s - loss: 0.0033 - mean_squared_error: 0.0033 - val_loss: 0.1801 - val_mean_squared_error: 0.1801
Epoch 135/500
7428/7428 - 22s - loss: 0.0038 - mean_squared_error: 0.0038 - val_loss: 0.2828 - val_mean_squared_error: 0.2828
Epoch 136/500
7428/7428 - 22s - loss: 0.0036 - mean_squared_error: 0.0036 - val_loss: 0.2406 - val_mean_squared_error: 0.2406
Epoch 137/500
7428/7428 - 23s - loss: 0.0038 - mean_squared_error: 0.0038 - val_loss: 0.2901 - val_mean_squared_error: 0.2901
Epoch 138/500
7428/7428 - 21s - loss: 0.0033 - mean_squared_error: 0.0033 - val_loss: 0.2478 - val_mean_squared_error: 0.2478
Epoch 139/500
7428/7428 - 22s - loss: 0.0035 - mean_squared_error: 0.0035 - val_loss: 0.3962 - val_mean_squared_error: 0.3962
Epoch 140/500
7428/7428 - 22s - loss: 0.0034 - mean_squared_error: 0.0034 - val_loss: 0.2595 - val_mean_squared_error: 0.2595
Epoch 141/500
7428/7428 - 22s - loss: 0.0037 - mean_squared_error: 0.0037 - val_loss: 0.2427 - val_mean_squared_error: 0.2427
Epoch 142/500
7428/7428 - 21s - loss: 0.0038 - mean_squared_error: 0.0038 - val_loss: 0.3304 - val_mean_squared_error: 0.3304
Epoch 143/500
7428/7428 - 22s - loss: 0.0032 - mean_squared_error: 0.0032 - val_loss: 0.2947 - val_mean_squared_error: 0.2947
Epoch 144/500
7428/7428 - 22s - loss: 0.0033 - mean_squared_error: 0.0033 - val_loss: 0.3223 - val_mean_squared_error: 0.3223
Epoch 145/500
7428/7428 - 21s - loss: 0.0037 - mean_squared_error: 0.0037 - val_loss: 0.2040 - val_mean_squared_error: 0.2040
Epoch 146/500
7428/7428 - 20s - loss: 0.0032 - mean_squared_error: 0.0032 - val_loss: 0.2542 - val_mean_squared_error: 0.2542
Epoch 147/500
7428/7428 - 22s - loss: 0.0031 - mean_squared_error: 0.0031 - val_loss: 0.3431 - val_mean_squared_error: 0.3431
Epoch 148/500
7428/7428 - 21s - loss: 0.0033 - mean_squared_error: 0.0033 - val_loss: 0.6383 - val_mean_squared_error: 0.6383
Epoch 149/500
7428/7428 - 22s - loss: 0.0033 - mean_squared_error: 0.0033 - val_loss: 0.2300 - val_mean_squared_error: 0.2300
Epoch 150/500
7428/7428 - 22s - loss: 0.0033 - mean_squared_error: 0.0033 - val_loss: 0.3121 - val_mean_squared_error: 0.3121
Epoch 151/500
7428/7428 - 22s - loss: 0.0034 - mean_squared_error: 0.0034 - val_loss: 0.4138 - val_mean_squared_error: 0.4138
Epoch 152/500
7428/7428 - 22s - loss: 0.0033 - mean_squared_error: 0.0033 - val_loss: 0.3624 - val_mean_squared_error: 0.3624
Epoch 153/500
7428/7428 - 22s - loss: 0.0033 - mean_squared_error: 0.0033 - val_loss: 0.4671 - val_mean_squared_error: 0.4671
Epoch 154/500
7428/7428 - 21s - loss: 0.0037 - mean_squared_error: 0.0037 - val_loss: 0.2216 - val_mean_squared_error: 0.2216
Epoch 155/500
7428/7428 - 20s - loss: 0.0033 - mean_squared_error: 0.0033 - val_loss: 0.3973 - val_mean_squared_error: 0.3973
Epoch 156/500
7428/7428 - 18s - loss: 0.0032 - mean_squared_error: 0.0032 - val_loss: 0.3799 - val_mean_squared_error: 0.3799
Epoch 157/500
7428/7428 - 16s - loss: 0.0033 - mean_squared_error: 0.0033 - val_loss: 0.3375 - val_mean_squared_error: 0.3375
Epoch 158/500
7428/7428 - 17s - loss: 0.0032 - mean_squared_error: 0.0032 - val_loss: 0.3147 - val_mean_squared_error: 0.3147
Epoch 159/500
7428/7428 - 18s - loss: 0.0032 - mean_squared_error: 0.0032 - val_loss: 0.2644 - val_mean_squared_error: 0.2644
Epoch 160/500
7428/7428 - 16s - loss: 0.0031 - mean_squared_error: 0.0031 - val_loss: 0.4443 - val_mean_squared_error: 0.4443
Epoch 161/500
7428/7428 - 17s - loss: 0.0035 - mean_squared_error: 0.0035 - val_loss: 0.2458 - val_mean_squared_error: 0.2458
Epoch 162/500
7428/7428 - 17s - loss: 0.0033 - mean_squared_error: 0.0033 - val_loss: 0.1974 - val_mean_squared_error: 0.1974
Epoch 163/500
7428/7428 - 16s - loss: 0.0029 - mean_squared_error: 0.0029 - val_loss: 0.1243 - val_mean_squared_error: 0.1243
Epoch 164/500
7428/7428 - 17s - loss: 0.0030 - mean_squared_error: 0.0030 - val_loss: 0.2035 - val_mean_squared_error: 0.2035
Epoch 165/500
7428/7428 - 16s - loss: 0.0031 - mean_squared_error: 0.0031 - val_loss: 0.3285 - val_mean_squared_error: 0.3285
Epoch 166/500
7428/7428 - 16s - loss: 0.0033 - mean_squared_error: 0.0033 - val_loss: 0.1964 - val_mean_squared_error: 0.1964
Epoch 167/500
7428/7428 - 17s - loss: 0.0032 - mean_squared_error: 0.0032 - val_loss: 0.2283 - val_mean_squared_error: 0.2283
Epoch 168/500
7428/7428 - 16s - loss: 0.0032 - mean_squared_error: 0.0032 - val_loss: 0.2642 - val_mean_squared_error: 0.2642
Epoch 169/500
7428/7428 - 15s - loss: 0.0029 - mean_squared_error: 0.0029 - val_loss: 0.3047 - val_mean_squared_error: 0.3047
Epoch 170/500
7428/7428 - 16s - loss: 0.0033 - mean_squared_error: 0.0033 - val_loss: 0.6169 - val_mean_squared_error: 0.6169
Epoch 171/500
7428/7428 - 17s - loss: 0.0028 - mean_squared_error: 0.0028 - val_loss: 0.3806 - val_mean_squared_error: 0.3806
Epoch 172/500
7428/7428 - 16s - loss: 0.0035 - mean_squared_error: 0.0035 - val_loss: 0.2882 - val_mean_squared_error: 0.2882
Epoch 173/500
7428/7428 - 17s - loss: 0.0030 - mean_squared_error: 0.0030 - val_loss: 0.2721 - val_mean_squared_error: 0.2721
Epoch 174/500
7428/7428 - 16s - loss: 0.0029 - mean_squared_error: 0.0029 - val_loss: 0.2066 - val_mean_squared_error: 0.2066
Epoch 175/500
7428/7428 - 16s - loss: 0.0029 - mean_squared_error: 0.0029 - val_loss: 0.4058 - val_mean_squared_error: 0.4058
Epoch 176/500
7428/7428 - 17s - loss: 0.0030 - mean_squared_error: 0.0030 - val_loss: 0.2811 - val_mean_squared_error: 0.2811
Epoch 177/500
7428/7428 - 15s - loss: 0.0036 - mean_squared_error: 0.0036 - val_loss: 0.3411 - val_mean_squared_error: 0.3411
Epoch 178/500
7428/7428 - 17s - loss: 0.0032 - mean_squared_error: 0.0032 - val_loss: 0.2324 - val_mean_squared_error: 0.2324
Epoch 179/500
7428/7428 - 17s - loss: 0.0033 - mean_squared_error: 0.0033 - val_loss: 0.2264 - val_mean_squared_error: 0.2264
Epoch 180/500
7428/7428 - 17s - loss: 0.0033 - mean_squared_error: 0.0033 - val_loss: 0.1919 - val_mean_squared_error: 0.1919
Epoch 181/500
7428/7428 - 17s - loss: 0.0032 - mean_squared_error: 0.0032 - val_loss: 0.3681 - val_mean_squared_error: 0.3681
Epoch 182/500
7428/7428 - 17s - loss: 0.0036 - mean_squared_error: 0.0036 - val_loss: 0.4085 - val_mean_squared_error: 0.4085
Epoch 183/500
7428/7428 - 17s - loss: 0.0033 - mean_squared_error: 0.0033 - val_loss: 0.3308 - val_mean_squared_error: 0.3308
Epoch 184/500
7428/7428 - 17s - loss: 0.0031 - mean_squared_error: 0.0031 - val_loss: 0.6191 - val_mean_squared_error: 0.6191
Epoch 185/500
7428/7428 - 17s - loss: 0.0028 - mean_squared_error: 0.0028 - val_loss: 0.3515 - val_mean_squared_error: 0.3515
Epoch 186/500
7428/7428 - 16s - loss: 0.0031 - mean_squared_error: 0.0031 - val_loss: 0.4200 - val_mean_squared_error: 0.4200
Epoch 187/500
7428/7428 - 17s - loss: 0.0031 - mean_squared_error: 0.0031 - val_loss: 0.6695 - val_mean_squared_error: 0.6695
Epoch 188/500
7428/7428 - 17s - loss: 0.0032 - mean_squared_error: 0.0032 - val_loss: 0.4012 - val_mean_squared_error: 0.4012
Epoch 189/500
7428/7428 - 17s - loss: 0.0034 - mean_squared_error: 0.0034 - val_loss: 0.7222 - val_mean_squared_error: 0.7222
Epoch 190/500
7428/7428 - 16s - loss: 0.0031 - mean_squared_error: 0.0031 - val_loss: 0.3335 - val_mean_squared_error: 0.3335
Epoch 191/500
7428/7428 - 17s - loss: 0.0030 - mean_squared_error: 0.0030 - val_loss: 0.4860 - val_mean_squared_error: 0.4860
Epoch 192/500
7428/7428 - 16s - loss: 0.0028 - mean_squared_error: 0.0028 - val_loss: 0.6843 - val_mean_squared_error: 0.6843
Epoch 193/500
7428/7428 - 17s - loss: 0.0031 - mean_squared_error: 0.0031 - val_loss: 0.3218 - val_mean_squared_error: 0.3218
Epoch 194/500
7428/7428 - 16s - loss: 0.0029 - mean_squared_error: 0.0029 - val_loss: 0.3089 - val_mean_squared_error: 0.3089
Epoch 195/500
7428/7428 - 17s - loss: 0.0027 - mean_squared_error: 0.0027 - val_loss: 0.6482 - val_mean_squared_error: 0.6482
Epoch 196/500
7428/7428 - 18s - loss: 0.0028 - mean_squared_error: 0.0028 - val_loss: 0.5249 - val_mean_squared_error: 0.5249
Epoch 197/500
7428/7428 - 16s - loss: 0.0027 - mean_squared_error: 0.0027 - val_loss: 0.5461 - val_mean_squared_error: 0.5461
Epoch 198/500
7428/7428 - 17s - loss: 0.0028 - mean_squared_error: 0.0028 - val_loss: 0.3227 - val_mean_squared_error: 0.3227
Epoch 199/500
7428/7428 - 17s - loss: 0.0033 - mean_squared_error: 0.0033 - val_loss: 0.3407 - val_mean_squared_error: 0.3407
Epoch 200/500
7428/7428 - 16s - loss: 0.0027 - mean_squared_error: 0.0027 - val_loss: 0.6754 - val_mean_squared_error: 0.6754
Epoch 201/500
7428/7428 - 17s - loss: 0.0029 - mean_squared_error: 0.0029 - val_loss: 0.6682 - val_mean_squared_error: 0.6682
Epoch 202/500
7428/7428 - 17s - loss: 0.0027 - mean_squared_error: 0.0027 - val_loss: 0.1922 - val_mean_squared_error: 0.1922
Epoch 203/500
7428/7428 - 16s - loss: 0.0028 - mean_squared_error: 0.0028 - val_loss: 0.4142 - val_mean_squared_error: 0.4142
Epoch 204/500
7428/7428 - 15s - loss: 0.0028 - mean_squared_error: 0.0028 - val_loss: 0.3960 - val_mean_squared_error: 0.3960
Epoch 205/500
7428/7428 - 18s - loss: 0.0027 - mean_squared_error: 0.0027 - val_loss: 1.0690 - val_mean_squared_error: 1.0690
Epoch 206/500
7428/7428 - 16s - loss: 0.0030 - mean_squared_error: 0.0030 - val_loss: 0.3389 - val_mean_squared_error: 0.3389
Epoch 207/500
7428/7428 - 15s - loss: 0.0029 - mean_squared_error: 0.0029 - val_loss: 0.5701 - val_mean_squared_error: 0.5701
Epoch 208/500
7428/7428 - 16s - loss: 0.0029 - mean_squared_error: 0.0029 - val_loss: 0.3784 - val_mean_squared_error: 0.3784
Epoch 209/500
7428/7428 - 18s - loss: 0.0024 - mean_squared_error: 0.0024 - val_loss: 0.3788 - val_mean_squared_error: 0.3788
Epoch 210/500
7428/7428 - 16s - loss: 0.0031 - mean_squared_error: 0.0031 - val_loss: 0.6456 - val_mean_squared_error: 0.6456
Epoch 211/500
7428/7428 - 16s - loss: 0.0027 - mean_squared_error: 0.0027 - val_loss: 0.5902 - val_mean_squared_error: 0.5902
Epoch 212/500
7428/7428 - 16s - loss: 0.0032 - mean_squared_error: 0.0032 - val_loss: 0.4275 - val_mean_squared_error: 0.4275
Epoch 213/500
7428/7428 - 17s - loss: 0.0027 - mean_squared_error: 0.0027 - val_loss: 0.2530 - val_mean_squared_error: 0.2530
Epoch 214/500
7428/7428 - 15s - loss: 0.0028 - mean_squared_error: 0.0028 - val_loss: 0.8128 - val_mean_squared_error: 0.8128
Epoch 215/500
7428/7428 - 17s - loss: 0.0030 - mean_squared_error: 0.0030 - val_loss: 0.3408 - val_mean_squared_error: 0.3408
Epoch 216/500
7428/7428 - 16s - loss: 0.0029 - mean_squared_error: 0.0029 - val_loss: 0.4406 - val_mean_squared_error: 0.4406
Epoch 217/500
7428/7428 - 16s - loss: 0.0027 - mean_squared_error: 0.0027 - val_loss: 0.3601 - val_mean_squared_error: 0.3601
Epoch 218/500
7428/7428 - 18s - loss: 0.0031 - mean_squared_error: 0.0031 - val_loss: 0.3440 - val_mean_squared_error: 0.3440
Epoch 219/500
7428/7428 - 16s - loss: 0.0031 - mean_squared_error: 0.0031 - val_loss: 0.4923 - val_mean_squared_error: 0.4923
Epoch 220/500
7428/7428 - 18s - loss: 0.0027 - mean_squared_error: 0.0027 - val_loss: 0.5157 - val_mean_squared_error: 0.5157
Epoch 221/500
7428/7428 - 17s - loss: 0.0029 - mean_squared_error: 0.0029 - val_loss: 0.3182 - val_mean_squared_error: 0.3182
Epoch 222/500
7428/7428 - 17s - loss: 0.0026 - mean_squared_error: 0.0026 - val_loss: 0.6000 - val_mean_squared_error: 0.6000
Epoch 223/500
7428/7428 - 16s - loss: 0.0033 - mean_squared_error: 0.0033 - val_loss: 0.5131 - val_mean_squared_error: 0.5131
Epoch 224/500
7428/7428 - 16s - loss: 0.0026 - mean_squared_error: 0.0026 - val_loss: 0.6018 - val_mean_squared_error: 0.6018
Epoch 225/500
7428/7428 - 17s - loss: 0.0031 - mean_squared_error: 0.0031 - val_loss: 0.5792 - val_mean_squared_error: 0.5792
Epoch 226/500
7428/7428 - 16s - loss: 0.0025 - mean_squared_error: 0.0025 - val_loss: 0.3872 - val_mean_squared_error: 0.3872
Epoch 227/500
7428/7428 - 16s - loss: 0.0029 - mean_squared_error: 0.0029 - val_loss: 0.5184 - val_mean_squared_error: 0.5184
Epoch 228/500
7428/7428 - 15s - loss: 0.0028 - mean_squared_error: 0.0028 - val_loss: 0.5208 - val_mean_squared_error: 0.5208
Epoch 229/500
7428/7428 - 16s - loss: 0.0025 - mean_squared_error: 0.0025 - val_loss: 0.4521 - val_mean_squared_error: 0.4521
Epoch 230/500
7428/7428 - 17s - loss: 0.0028 - mean_squared_error: 0.0028 - val_loss: 0.4665 - val_mean_squared_error: 0.4665
Epoch 231/500
7428/7428 - 17s - loss: 0.0029 - mean_squared_error: 0.0029 - val_loss: 0.3281 - val_mean_squared_error: 0.3281
Epoch 232/500
7428/7428 - 17s - loss: 0.0028 - mean_squared_error: 0.0028 - val_loss: 0.4220 - val_mean_squared_error: 0.4220
Epoch 233/500
7428/7428 - 17s - loss: 0.0026 - mean_squared_error: 0.0026 - val_loss: 0.4230 - val_mean_squared_error: 0.4230
Epoch 234/500
7428/7428 - 16s - loss: 0.0031 - mean_squared_error: 0.0031 - val_loss: 0.7303 - val_mean_squared_error: 0.7303
Epoch 235/500
7428/7428 - 17s - loss: 0.0025 - mean_squared_error: 0.0025 - val_loss: 0.4454 - val_mean_squared_error: 0.4454
Epoch 236/500
7428/7428 - 16s - loss: 0.0029 - mean_squared_error: 0.0029 - val_loss: 0.5173 - val_mean_squared_error: 0.5173
Epoch 237/500
7428/7428 - 16s - loss: 0.0025 - mean_squared_error: 0.0025 - val_loss: 0.5851 - val_mean_squared_error: 0.5851
Epoch 238/500
7428/7428 - 17s - loss: 0.0024 - mean_squared_error: 0.0024 - val_loss: 0.5667 - val_mean_squared_error: 0.5667
Epoch 239/500
7428/7428 - 16s - loss: 0.0023 - mean_squared_error: 0.0023 - val_loss: 0.3610 - val_mean_squared_error: 0.3610
Epoch 240/500
7428/7428 - 17s - loss: 0.0026 - mean_squared_error: 0.0026 - val_loss: 0.5221 - val_mean_squared_error: 0.5221
Epoch 241/500
7428/7428 - 16s - loss: 0.0029 - mean_squared_error: 0.0029 - val_loss: 0.7072 - val_mean_squared_error: 0.7072
Epoch 242/500
7428/7428 - 16s - loss: 0.0024 - mean_squared_error: 0.0024 - val_loss: 0.6045 - val_mean_squared_error: 0.6045
Epoch 243/500
7428/7428 - 17s - loss: 0.0025 - mean_squared_error: 0.0025 - val_loss: 0.8829 - val_mean_squared_error: 0.8829
Epoch 244/500
7428/7428 - 16s - loss: 0.0030 - mean_squared_error: 0.0030 - val_loss: 0.7865 - val_mean_squared_error: 0.7865
Epoch 245/500
7428/7428 - 16s - loss: 0.0024 - mean_squared_error: 0.0024 - val_loss: 0.8434 - val_mean_squared_error: 0.8434
Epoch 246/500
7428/7428 - 17s - loss: 0.0028 - mean_squared_error: 0.0028 - val_loss: 0.7714 - val_mean_squared_error: 0.7714
Epoch 247/500
7428/7428 - 16s - loss: 0.0028 - mean_squared_error: 0.0028 - val_loss: 0.5281 - val_mean_squared_error: 0.5281
Epoch 248/500
7428/7428 - 17s - loss: 0.0026 - mean_squared_error: 0.0026 - val_loss: 0.5147 - val_mean_squared_error: 0.5147
Epoch 249/500
7428/7428 - 17s - loss: 0.0026 - mean_squared_error: 0.0026 - val_loss: 0.5409 - val_mean_squared_error: 0.5409
Epoch 250/500
7428/7428 - 17s - loss: 0.0029 - mean_squared_error: 0.0029 - val_loss: 0.8280 - val_mean_squared_error: 0.8280
Epoch 251/500
7428/7428 - 17s - loss: 0.0025 - mean_squared_error: 0.0025 - val_loss: 0.3808 - val_mean_squared_error: 0.3808
Epoch 252/500
7428/7428 - 16s - loss: 0.0026 - mean_squared_error: 0.0026 - val_loss: 0.5113 - val_mean_squared_error: 0.5113
Epoch 253/500
7428/7428 - 17s - loss: 0.0025 - mean_squared_error: 0.0025 - val_loss: 0.5147 - val_mean_squared_error: 0.5147
Epoch 254/500
7428/7428 - 17s - loss: 0.0025 - mean_squared_error: 0.0025 - val_loss: 0.6898 - val_mean_squared_error: 0.6898
Epoch 255/500
7428/7428 - 16s - loss: 0.0027 - mean_squared_error: 0.0027 - val_loss: 0.6386 - val_mean_squared_error: 0.6386
Epoch 256/500
7428/7428 - 18s - loss: 0.0026 - mean_squared_error: 0.0026 - val_loss: 0.5240 - val_mean_squared_error: 0.5240
Epoch 257/500
7428/7428 - 16s - loss: 0.0029 - mean_squared_error: 0.0029 - val_loss: 0.3623 - val_mean_squared_error: 0.3623
Epoch 258/500
7428/7428 - 16s - loss: 0.0027 - mean_squared_error: 0.0027 - val_loss: 0.8927 - val_mean_squared_error: 0.8927
Epoch 259/500
7428/7428 - 17s - loss: 0.0027 - mean_squared_error: 0.0027 - val_loss: 0.6730 - val_mean_squared_error: 0.6730
Epoch 260/500
7428/7428 - 18s - loss: 0.0027 - mean_squared_error: 0.0027 - val_loss: 0.5665 - val_mean_squared_error: 0.5665
Epoch 261/500
7428/7428 - 16s - loss: 0.0025 - mean_squared_error: 0.0025 - val_loss: 0.4769 - val_mean_squared_error: 0.4769
Epoch 262/500
7428/7428 - 18s - loss: 0.0023 - mean_squared_error: 0.0023 - val_loss: 0.8390 - val_mean_squared_error: 0.8390
Epoch 263/500
7428/7428 - 17s - loss: 0.0023 - mean_squared_error: 0.0023 - val_loss: 0.3622 - val_mean_squared_error: 0.3622
Epoch 264/500
7428/7428 - 17s - loss: 0.0025 - mean_squared_error: 0.0025 - val_loss: 0.7882 - val_mean_squared_error: 0.7882
Epoch 265/500
7428/7428 - 16s - loss: 0.0024 - mean_squared_error: 0.0024 - val_loss: 0.5938 - val_mean_squared_error: 0.5938
Epoch 266/500
7428/7428 - 15s - loss: 0.0025 - mean_squared_error: 0.0025 - val_loss: 0.4296 - val_mean_squared_error: 0.4296
Epoch 267/500
7428/7428 - 17s - loss: 0.0027 - mean_squared_error: 0.0027 - val_loss: 1.0210 - val_mean_squared_error: 1.0210
Epoch 268/500
7428/7428 - 16s - loss: 0.0027 - mean_squared_error: 0.0027 - val_loss: 0.4814 - val_mean_squared_error: 0.4814
Epoch 269/500
7428/7428 - 15s - loss: 0.0025 - mean_squared_error: 0.0025 - val_loss: 0.4289 - val_mean_squared_error: 0.4289
Epoch 270/500
7428/7428 - 17s - loss: 0.0026 - mean_squared_error: 0.0026 - val_loss: 0.6233 - val_mean_squared_error: 0.6233
Epoch 271/500
7428/7428 - 16s - loss: 0.0025 - mean_squared_error: 0.0025 - val_loss: 0.5711 - val_mean_squared_error: 0.5711
Epoch 272/500
7428/7428 - 15s - loss: 0.0025 - mean_squared_error: 0.0025 - val_loss: 0.5223 - val_mean_squared_error: 0.5223
Epoch 273/500
7428/7428 - 15s - loss: 0.0025 - mean_squared_error: 0.0025 - val_loss: 0.5704 - val_mean_squared_error: 0.5704
Epoch 274/500
7428/7428 - 17s - loss: 0.0023 - mean_squared_error: 0.0023 - val_loss: 1.1758 - val_mean_squared_error: 1.1758
Epoch 275/500
7428/7428 - 17s - loss: 0.0023 - mean_squared_error: 0.0023 - val_loss: 0.3847 - val_mean_squared_error: 0.3847
Epoch 276/500
7428/7428 - 16s - loss: 0.0028 - mean_squared_error: 0.0028 - val_loss: 0.4538 - val_mean_squared_error: 0.4538
Epoch 277/500
7428/7428 - 18s - loss: 0.0023 - mean_squared_error: 0.0023 - val_loss: 0.3702 - val_mean_squared_error: 0.3702
Epoch 278/500
7428/7428 - 17s - loss: 0.0025 - mean_squared_error: 0.0025 - val_loss: 0.4863 - val_mean_squared_error: 0.4863
Epoch 279/500
7428/7428 - 18s - loss: 0.0026 - mean_squared_error: 0.0026 - val_loss: 0.5546 - val_mean_squared_error: 0.5546
Epoch 280/500
7428/7428 - 16s - loss: 0.0024 - mean_squared_error: 0.0024 - val_loss: 0.6174 - val_mean_squared_error: 0.6174
Epoch 281/500
7428/7428 - 17s - loss: 0.0022 - mean_squared_error: 0.0022 - val_loss: 0.5232 - val_mean_squared_error: 0.5232
Epoch 282/500
7428/7428 - 16s - loss: 0.0023 - mean_squared_error: 0.0023 - val_loss: 0.7204 - val_mean_squared_error: 0.7204
Epoch 283/500
7428/7428 - 16s - loss: 0.0022 - mean_squared_error: 0.0022 - val_loss: 0.8288 - val_mean_squared_error: 0.8288
Epoch 284/500
7428/7428 - 17s - loss: 0.0024 - mean_squared_error: 0.0024 - val_loss: 0.5937 - val_mean_squared_error: 0.5937
Epoch 285/500
7428/7428 - 16s - loss: 0.0025 - mean_squared_error: 0.0025 - val_loss: 0.6268 - val_mean_squared_error: 0.6268
Epoch 286/500
7428/7428 - 16s - loss: 0.0022 - mean_squared_error: 0.0022 - val_loss: 0.7814 - val_mean_squared_error: 0.7814
Epoch 287/500
7428/7428 - 16s - loss: 0.0024 - mean_squared_error: 0.0024 - val_loss: 0.6533 - val_mean_squared_error: 0.6533
Epoch 288/500
7428/7428 - 17s - loss: 0.0026 - mean_squared_error: 0.0026 - val_loss: 0.8740 - val_mean_squared_error: 0.8740
Epoch 289/500
7428/7428 - 16s - loss: 0.0023 - mean_squared_error: 0.0023 - val_loss: 1.1172 - val_mean_squared_error: 1.1172
Epoch 290/500
7428/7428 - 16s - loss: 0.0027 - mean_squared_error: 0.0027 - val_loss: 0.6550 - val_mean_squared_error: 0.6550
Epoch 291/500
7428/7428 - 17s - loss: 0.0028 - mean_squared_error: 0.0028 - val_loss: 0.3614 - val_mean_squared_error: 0.3614
Epoch 292/500
7428/7428 - 17s - loss: 0.0025 - mean_squared_error: 0.0025 - val_loss: 0.7048 - val_mean_squared_error: 0.7048
Epoch 293/500
7428/7428 - 16s - loss: 0.0025 - mean_squared_error: 0.0025 - val_loss: 1.6242 - val_mean_squared_error: 1.6242
Epoch 294/500
7428/7428 - 16s - loss: 0.0020 - mean_squared_error: 0.0020 - val_loss: 0.8204 - val_mean_squared_error: 0.8204
Epoch 295/500
7428/7428 - 16s - loss: 0.0024 - mean_squared_error: 0.0024 - val_loss: 0.8858 - val_mean_squared_error: 0.8858
Epoch 296/500
7428/7428 - 17s - loss: 0.0023 - mean_squared_error: 0.0023 - val_loss: 0.8127 - val_mean_squared_error: 0.8127
Epoch 297/500
7428/7428 - 17s - loss: 0.0026 - mean_squared_error: 0.0026 - val_loss: 0.5561 - val_mean_squared_error: 0.5561
Epoch 298/500
7428/7428 - 16s - loss: 0.0025 - mean_squared_error: 0.0025 - val_loss: 0.6707 - val_mean_squared_error: 0.6707
Epoch 299/500
7428/7428 - 16s - loss: 0.0025 - mean_squared_error: 0.0025 - val_loss: 0.8998 - val_mean_squared_error: 0.8998
Epoch 300/500
7428/7428 - 17s - loss: 0.0027 - mean_squared_error: 0.0027 - val_loss: 0.8511 - val_mean_squared_error: 0.8511
Epoch 301/500
7428/7428 - 16s - loss: 0.0022 - mean_squared_error: 0.0022 - val_loss: 0.5902 - val_mean_squared_error: 0.5902
Epoch 302/500
7428/7428 - 17s - loss: 0.0026 - mean_squared_error: 0.0026 - val_loss: 0.9645 - val_mean_squared_error: 0.9645
Epoch 303/500
7428/7428 - 19s - loss: 0.0025 - mean_squared_error: 0.0025 - val_loss: 1.3362 - val_mean_squared_error: 1.3362
Epoch 304/500
7428/7428 - 17s - loss: 0.0023 - mean_squared_error: 0.0023 - val_loss: 0.5935 - val_mean_squared_error: 0.5935
Epoch 305/500
7428/7428 - 16s - loss: 0.0024 - mean_squared_error: 0.0024 - val_loss: 0.6402 - val_mean_squared_error: 0.6402
Epoch 306/500
7428/7428 - 17s - loss: 0.0023 - mean_squared_error: 0.0023 - val_loss: 0.3978 - val_mean_squared_error: 0.3978
Epoch 307/500
7428/7428 - 16s - loss: 0.0026 - mean_squared_error: 0.0026 - val_loss: 0.7464 - val_mean_squared_error: 0.7464
Epoch 308/500
7428/7428 - 15s - loss: 0.0025 - mean_squared_error: 0.0025 - val_loss: 0.8309 - val_mean_squared_error: 0.8309
Epoch 309/500
7428/7428 - 17s - loss: 0.0026 - mean_squared_error: 0.0026 - val_loss: 0.4609 - val_mean_squared_error: 0.4609
Epoch 310/500
7428/7428 - 16s - loss: 0.0022 - mean_squared_error: 0.0022 - val_loss: 0.8613 - val_mean_squared_error: 0.8613
Epoch 311/500
7428/7428 - 16s - loss: 0.0023 - mean_squared_error: 0.0023 - val_loss: 0.5938 - val_mean_squared_error: 0.5938
Epoch 312/500
7428/7428 - 16s - loss: 0.0023 - mean_squared_error: 0.0023 - val_loss: 0.4721 - val_mean_squared_error: 0.4721
Epoch 313/500
7428/7428 - 15s - loss: 0.0023 - mean_squared_error: 0.0023 - val_loss: 0.6662 - val_mean_squared_error: 0.6662
Epoch 314/500
7428/7428 - 17s - loss: 0.0026 - mean_squared_error: 0.0026 - val_loss: 0.7096 - val_mean_squared_error: 0.7096
Epoch 315/500
7428/7428 - 18s - loss: 0.0024 - mean_squared_error: 0.0024 - val_loss: 0.6184 - val_mean_squared_error: 0.6184
Epoch 316/500
7428/7428 - 17s - loss: 0.0024 - mean_squared_error: 0.0024 - val_loss: 0.3876 - val_mean_squared_error: 0.3876
Epoch 317/500
7428/7428 - 17s - loss: 0.0023 - mean_squared_error: 0.0023 - val_loss: 0.6832 - val_mean_squared_error: 0.6832
Epoch 318/500
7428/7428 - 17s - loss: 0.0023 - mean_squared_error: 0.0023 - val_loss: 0.4260 - val_mean_squared_error: 0.4260
Epoch 319/500
7428/7428 - 17s - loss: 0.0022 - mean_squared_error: 0.0022 - val_loss: 0.8300 - val_mean_squared_error: 0.8300
Epoch 320/500
7428/7428 - 17s - loss: 0.0020 - mean_squared_error: 0.0020 - val_loss: 0.6907 - val_mean_squared_error: 0.6907
Epoch 321/500
7428/7428 - 17s - loss: 0.0024 - mean_squared_error: 0.0024 - val_loss: 0.5959 - val_mean_squared_error: 0.5959
Epoch 322/500
7428/7428 - 16s - loss: 0.0024 - mean_squared_error: 0.0024 - val_loss: 0.7301 - val_mean_squared_error: 0.7301
Epoch 323/500
7428/7428 - 18s - loss: 0.0022 - mean_squared_error: 0.0022 - val_loss: 0.5180 - val_mean_squared_error: 0.5180
Epoch 324/500
7428/7428 - 17s - loss: 0.0025 - mean_squared_error: 0.0025 - val_loss: 0.2893 - val_mean_squared_error: 0.2893
Epoch 325/500
7428/7428 - 18s - loss: 0.0024 - mean_squared_error: 0.0024 - val_loss: 0.9403 - val_mean_squared_error: 0.9403
Epoch 326/500
7428/7428 - 17s - loss: 0.0021 - mean_squared_error: 0.0021 - val_loss: 0.4125 - val_mean_squared_error: 0.4125
Epoch 327/500
7428/7428 - 17s - loss: 0.0022 - mean_squared_error: 0.0022 - val_loss: 0.5154 - val_mean_squared_error: 0.5154
Epoch 328/500
7428/7428 - 17s - loss: 0.0023 - mean_squared_error: 0.0023 - val_loss: 0.3854 - val_mean_squared_error: 0.3854
Epoch 329/500
7428/7428 - 18s - loss: 0.0024 - mean_squared_error: 0.0024 - val_loss: 0.3802 - val_mean_squared_error: 0.3802
Epoch 330/500
7428/7428 - 18s - loss: 0.0025 - mean_squared_error: 0.0025 - val_loss: 0.4858 - val_mean_squared_error: 0.4858
Epoch 331/500
7428/7428 - 16s - loss: 0.0022 - mean_squared_error: 0.0022 - val_loss: 0.6894 - val_mean_squared_error: 0.6894
Epoch 332/500
7428/7428 - 18s - loss: 0.0020 - mean_squared_error: 0.0020 - val_loss: 0.5211 - val_mean_squared_error: 0.5211
Epoch 333/500
7428/7428 - 17s - loss: 0.0022 - mean_squared_error: 0.0022 - val_loss: 0.4389 - val_mean_squared_error: 0.4389
Epoch 334/500
7428/7428 - 18s - loss: 0.0022 - mean_squared_error: 0.0022 - val_loss: 0.4025 - val_mean_squared_error: 0.4025
Epoch 335/500
7428/7428 - 18s - loss: 0.0023 - mean_squared_error: 0.0023 - val_loss: 0.5578 - val_mean_squared_error: 0.5578
Epoch 336/500
7428/7428 - 17s - loss: 0.0022 - mean_squared_error: 0.0022 - val_loss: 0.7868 - val_mean_squared_error: 0.7868
Epoch 337/500
7428/7428 - 17s - loss: 0.0024 - mean_squared_error: 0.0024 - val_loss: 0.6570 - val_mean_squared_error: 0.6570
Epoch 338/500
7428/7428 - 19s - loss: 0.0022 - mean_squared_error: 0.0022 - val_loss: 0.5722 - val_mean_squared_error: 0.5722
Epoch 339/500
7428/7428 - 17s - loss: 0.0021 - mean_squared_error: 0.0021 - val_loss: 0.3514 - val_mean_squared_error: 0.3514
Epoch 340/500
7428/7428 - 17s - loss: 0.0020 - mean_squared_error: 0.0020 - val_loss: 0.3869 - val_mean_squared_error: 0.3869
Epoch 341/500
7428/7428 - 18s - loss: 0.0021 - mean_squared_error: 0.0021 - val_loss: 0.5344 - val_mean_squared_error: 0.5344
Epoch 342/500
7428/7428 - 18s - loss: 0.0020 - mean_squared_error: 0.0020 - val_loss: 0.6365 - val_mean_squared_error: 0.6365
Epoch 343/500
7428/7428 - 17s - loss: 0.0023 - mean_squared_error: 0.0023 - val_loss: 0.5998 - val_mean_squared_error: 0.5998
Epoch 344/500
7428/7428 - 18s - loss: 0.0024 - mean_squared_error: 0.0024 - val_loss: 0.9876 - val_mean_squared_error: 0.9876
Epoch 345/500
7428/7428 - 19s - loss: 0.0022 - mean_squared_error: 0.0022 - val_loss: 0.7179 - val_mean_squared_error: 0.7179
Epoch 346/500
7428/7428 - 18s - loss: 0.0024 - mean_squared_error: 0.0024 - val_loss: 0.7284 - val_mean_squared_error: 0.7284
Epoch 347/500
7428/7428 - 17s - loss: 0.0023 - mean_squared_error: 0.0023 - val_loss: 0.3217 - val_mean_squared_error: 0.3217
Epoch 348/500
7428/7428 - 18s - loss: 0.0023 - mean_squared_error: 0.0023 - val_loss: 0.6561 - val_mean_squared_error: 0.6561
Epoch 349/500
7428/7428 - 17s - loss: 0.0022 - mean_squared_error: 0.0022 - val_loss: 0.6268 - val_mean_squared_error: 0.6268
Epoch 350/500
7428/7428 - 17s - loss: 0.0023 - mean_squared_error: 0.0023 - val_loss: 0.8393 - val_mean_squared_error: 0.8393
Epoch 351/500
7428/7428 - 18s - loss: 0.0023 - mean_squared_error: 0.0023 - val_loss: 0.5258 - val_mean_squared_error: 0.5258
Epoch 352/500
7428/7428 - 18s - loss: 0.0021 - mean_squared_error: 0.0021 - val_loss: 0.3655 - val_mean_squared_error: 0.3655
Epoch 353/500
7428/7428 - 18s - loss: 0.0024 - mean_squared_error: 0.0024 - val_loss: 0.8019 - val_mean_squared_error: 0.8019
Epoch 354/500
7428/7428 - 18s - loss: 0.0023 - mean_squared_error: 0.0023 - val_loss: 0.7598 - val_mean_squared_error: 0.7598
Epoch 355/500
7428/7428 - 17s - loss: 0.0024 - mean_squared_error: 0.0024 - val_loss: 0.9101 - val_mean_squared_error: 0.9101
Epoch 356/500
7428/7428 - 16s - loss: 0.0025 - mean_squared_error: 0.0025 - val_loss: 0.8779 - val_mean_squared_error: 0.8779
Epoch 357/500
7428/7428 - 18s - loss: 0.0024 - mean_squared_error: 0.0024 - val_loss: 0.7915 - val_mean_squared_error: 0.7915
Epoch 358/500
7428/7428 - 17s - loss: 0.0024 - mean_squared_error: 0.0024 - val_loss: 0.6617 - val_mean_squared_error: 0.6617
Epoch 359/500
7428/7428 - 16s - loss: 0.0022 - mean_squared_error: 0.0022 - val_loss: 0.4571 - val_mean_squared_error: 0.4571
Epoch 360/500
7428/7428 - 17s - loss: 0.0023 - mean_squared_error: 0.0023 - val_loss: 0.6459 - val_mean_squared_error: 0.6459
Epoch 361/500
7428/7428 - 18s - loss: 0.0022 - mean_squared_error: 0.0022 - val_loss: 0.8268 - val_mean_squared_error: 0.8268
Epoch 362/500
7428/7428 - 17s - loss: 0.0021 - mean_squared_error: 0.0021 - val_loss: 0.6399 - val_mean_squared_error: 0.6399
Epoch 363/500
7428/7428 - 17s - loss: 0.0023 - mean_squared_error: 0.0023 - val_loss: 0.7166 - val_mean_squared_error: 0.7166
Epoch 364/500
7428/7428 - 18s - loss: 0.0022 - mean_squared_error: 0.0022 - val_loss: 0.5430 - val_mean_squared_error: 0.5430
Epoch 365/500
7428/7428 - 17s - loss: 0.0020 - mean_squared_error: 0.0020 - val_loss: 0.5602 - val_mean_squared_error: 0.5602
Epoch 366/500
7428/7428 - 17s - loss: 0.0028 - mean_squared_error: 0.0028 - val_loss: 0.4466 - val_mean_squared_error: 0.4466
Epoch 367/500
7428/7428 - 17s - loss: 0.0022 - mean_squared_error: 0.0022 - val_loss: 0.5341 - val_mean_squared_error: 0.5341
Epoch 368/500
7428/7428 - 18s - loss: 0.0024 - mean_squared_error: 0.0024 - val_loss: 0.3307 - val_mean_squared_error: 0.3307
Epoch 369/500
7428/7428 - 17s - loss: 0.0020 - mean_squared_error: 0.0020 - val_loss: 0.5265 - val_mean_squared_error: 0.5265
Epoch 370/500
7428/7428 - 17s - loss: 0.0020 - mean_squared_error: 0.0020 - val_loss: 0.8313 - val_mean_squared_error: 0.8313
Epoch 371/500
7428/7428 - 17s - loss: 0.0020 - mean_squared_error: 0.0020 - val_loss: 0.8459 - val_mean_squared_error: 0.8459
Epoch 372/500
7428/7428 - 18s - loss: 0.0022 - mean_squared_error: 0.0022 - val_loss: 0.5291 - val_mean_squared_error: 0.5291
Epoch 373/500
7428/7428 - 17s - loss: 0.0022 - mean_squared_error: 0.0022 - val_loss: 0.6419 - val_mean_squared_error: 0.6419
Epoch 374/500
7428/7428 - 17s - loss: 0.0021 - mean_squared_error: 0.0021 - val_loss: 0.4676 - val_mean_squared_error: 0.4676
Epoch 375/500
7428/7428 - 17s - loss: 0.0021 - mean_squared_error: 0.0021 - val_loss: 0.5774 - val_mean_squared_error: 0.5774
Epoch 376/500
7428/7428 - 18s - loss: 0.0021 - mean_squared_error: 0.0021 - val_loss: 0.8360 - val_mean_squared_error: 0.8360
Epoch 377/500
7428/7428 - 17s - loss: 0.0023 - mean_squared_error: 0.0023 - val_loss: 0.7227 - val_mean_squared_error: 0.7227
Epoch 378/500
7428/7428 - 17s - loss: 0.0023 - mean_squared_error: 0.0023 - val_loss: 0.7856 - val_mean_squared_error: 0.7856
Epoch 379/500
7428/7428 - 19s - loss: 0.0023 - mean_squared_error: 0.0023 - val_loss: 0.6723 - val_mean_squared_error: 0.6723
Epoch 380/500
7428/7428 - 19s - loss: 0.0023 - mean_squared_error: 0.0023 - val_loss: 0.4744 - val_mean_squared_error: 0.4744
Epoch 381/500
7428/7428 - 18s - loss: 0.0021 - mean_squared_error: 0.0021 - val_loss: 0.6671 - val_mean_squared_error: 0.6671
Epoch 382/500
7428/7428 - 17s - loss: 0.0021 - mean_squared_error: 0.0021 - val_loss: 0.7819 - val_mean_squared_error: 0.7819
Epoch 383/500
7428/7428 - 17s - loss: 0.0020 - mean_squared_error: 0.0020 - val_loss: 0.5902 - val_mean_squared_error: 0.5902
Epoch 384/500
7428/7428 - 18s - loss: 0.0026 - mean_squared_error: 0.0026 - val_loss: 0.3903 - val_mean_squared_error: 0.3903
Epoch 385/500
7428/7428 - 16s - loss: 0.0019 - mean_squared_error: 0.0019 - val_loss: 0.5371 - val_mean_squared_error: 0.5371
Epoch 386/500
7428/7428 - 16s - loss: 0.0019 - mean_squared_error: 0.0019 - val_loss: 0.3815 - val_mean_squared_error: 0.3815
Epoch 387/500
7428/7428 - 17s - loss: 0.0020 - mean_squared_error: 0.0020 - val_loss: 0.5335 - val_mean_squared_error: 0.5335
Epoch 388/500
7428/7428 - 17s - loss: 0.0020 - mean_squared_error: 0.0020 - val_loss: 0.3955 - val_mean_squared_error: 0.3955
Epoch 389/500
7428/7428 - 16s - loss: 0.0020 - mean_squared_error: 0.0020 - val_loss: 0.6028 - val_mean_squared_error: 0.6028
Epoch 390/500
7428/7428 - 19s - loss: 0.0024 - mean_squared_error: 0.0024 - val_loss: 0.8582 - val_mean_squared_error: 0.8582
Epoch 391/500
7428/7428 - 17s - loss: 0.0020 - mean_squared_error: 0.0020 - val_loss: 0.4759 - val_mean_squared_error: 0.4759
Epoch 392/500
7428/7428 - 18s - loss: 0.0019 - mean_squared_error: 0.0019 - val_loss: 0.7682 - val_mean_squared_error: 0.7682
Epoch 393/500
7428/7428 - 19s - loss: 0.0025 - mean_squared_error: 0.0025 - val_loss: 0.6998 - val_mean_squared_error: 0.6998
Epoch 394/500
7428/7428 - 19s - loss: 0.0022 - mean_squared_error: 0.0022 - val_loss: 1.2911 - val_mean_squared_error: 1.2911
Epoch 395/500
7428/7428 - 22s - loss: 0.0022 - mean_squared_error: 0.0022 - val_loss: 0.9925 - val_mean_squared_error: 0.9925
Epoch 396/500
7428/7428 - 21s - loss: 0.0021 - mean_squared_error: 0.0021 - val_loss: 0.6229 - val_mean_squared_error: 0.6229
Epoch 397/500
7428/7428 - 21s - loss: 0.0021 - mean_squared_error: 0.0021 - val_loss: 0.6561 - val_mean_squared_error: 0.6561
Epoch 398/500
7428/7428 - 20s - loss: 0.0022 - mean_squared_error: 0.0022 - val_loss: 0.3969 - val_mean_squared_error: 0.3969
Epoch 399/500
7428/7428 - 20s - loss: 0.0020 - mean_squared_error: 0.0020 - val_loss: 0.7254 - val_mean_squared_error: 0.7254
Epoch 400/500
7428/7428 - 22s - loss: 0.0022 - mean_squared_error: 0.0022 - val_loss: 0.3864 - val_mean_squared_error: 0.3864
Epoch 401/500
7428/7428 - 22s - loss: 0.0021 - mean_squared_error: 0.0021 - val_loss: 0.9188 - val_mean_squared_error: 0.9188
Epoch 402/500
7428/7428 - 21s - loss: 0.0019 - mean_squared_error: 0.0019 - val_loss: 0.5363 - val_mean_squared_error: 0.5363
Epoch 403/500
7428/7428 - 20s - loss: 0.0021 - mean_squared_error: 0.0021 - val_loss: 0.5272 - val_mean_squared_error: 0.5272
Epoch 404/500
7428/7428 - 22s - loss: 0.0021 - mean_squared_error: 0.0021 - val_loss: 0.4869 - val_mean_squared_error: 0.4869
Epoch 405/500
7428/7428 - 20s - loss: 0.0020 - mean_squared_error: 0.0020 - val_loss: 1.1070 - val_mean_squared_error: 1.1070
Epoch 406/500
7428/7428 - 21s - loss: 0.0021 - mean_squared_error: 0.0021 - val_loss: 0.7033 - val_mean_squared_error: 0.7033
Epoch 407/500
7428/7428 - 18s - loss: 0.0021 - mean_squared_error: 0.0021 - val_loss: 1.2018 - val_mean_squared_error: 1.2018
Epoch 408/500
7428/7428 - 21s - loss: 0.0020 - mean_squared_error: 0.0020 - val_loss: 0.8340 - val_mean_squared_error: 0.8340
Epoch 409/500
7428/7428 - 20s - loss: 0.0021 - mean_squared_error: 0.0021 - val_loss: 0.5841 - val_mean_squared_error: 0.5841
Epoch 410/500
7428/7428 - 18s - loss: 0.0021 - mean_squared_error: 0.0021 - val_loss: 0.9622 - val_mean_squared_error: 0.9622
Epoch 411/500
7428/7428 - 21s - loss: 0.0020 - mean_squared_error: 0.0020 - val_loss: 1.5307 - val_mean_squared_error: 1.5307
Epoch 412/500
7428/7428 - 19s - loss: 0.0019 - mean_squared_error: 0.0019 - val_loss: 1.5011 - val_mean_squared_error: 1.5011
Epoch 413/500
7428/7428 - 20s - loss: 0.0020 - mean_squared_error: 0.0020 - val_loss: 1.0833 - val_mean_squared_error: 1.0833
Epoch 414/500
7428/7428 - 23s - loss: 0.0021 - mean_squared_error: 0.0021 - val_loss: 0.8024 - val_mean_squared_error: 0.8024
Epoch 415/500
7428/7428 - 21s - loss: 0.0021 - mean_squared_error: 0.0021 - val_loss: 1.4591 - val_mean_squared_error: 1.4591
Epoch 416/500
7428/7428 - 18s - loss: 0.0022 - mean_squared_error: 0.0022 - val_loss: 0.9720 - val_mean_squared_error: 0.9720
Epoch 417/500
7428/7428 - 19s - loss: 0.0025 - mean_squared_error: 0.0025 - val_loss: 0.9633 - val_mean_squared_error: 0.9633
Epoch 418/500
7428/7428 - 18s - loss: 0.0019 - mean_squared_error: 0.0019 - val_loss: 1.4790 - val_mean_squared_error: 1.4790
Epoch 419/500
7428/7428 - 20s - loss: 0.0021 - mean_squared_error: 0.0021 - val_loss: 0.4373 - val_mean_squared_error: 0.4373
Epoch 420/500
7428/7428 - 20s - loss: 0.0022 - mean_squared_error: 0.0022 - val_loss: 1.1676 - val_mean_squared_error: 1.1676
Epoch 421/500
7428/7428 - 21s - loss: 0.0023 - mean_squared_error: 0.0023 - val_loss: 1.1954 - val_mean_squared_error: 1.1954
Epoch 422/500
7428/7428 - 19s - loss: 0.0020 - mean_squared_error: 0.0020 - val_loss: 0.6246 - val_mean_squared_error: 0.6246
Epoch 423/500
7428/7428 - 20s - loss: 0.0022 - mean_squared_error: 0.0022 - val_loss: 0.8712 - val_mean_squared_error: 0.8712
Epoch 424/500
7428/7428 - 21s - loss: 0.0022 - mean_squared_error: 0.0022 - val_loss: 0.7168 - val_mean_squared_error: 0.7168
Epoch 425/500
7428/7428 - 19s - loss: 0.0020 - mean_squared_error: 0.0020 - val_loss: 0.5831 - val_mean_squared_error: 0.5831
Epoch 426/500
7428/7428 - 18s - loss: 0.0020 - mean_squared_error: 0.0020 - val_loss: 0.9894 - val_mean_squared_error: 0.9894
Epoch 427/500
7428/7428 - 20s - loss: 0.0020 - mean_squared_error: 0.0020 - val_loss: 0.6382 - val_mean_squared_error: 0.6382
Epoch 428/500
7428/7428 - 19s - loss: 0.0019 - mean_squared_error: 0.0019 - val_loss: 0.7470 - val_mean_squared_error: 0.7470
Epoch 429/500
7428/7428 - 17s - loss: 0.0021 - mean_squared_error: 0.0021 - val_loss: 1.7485 - val_mean_squared_error: 1.7485
Epoch 430/500
7428/7428 - 18s - loss: 0.0021 - mean_squared_error: 0.0021 - val_loss: 0.9690 - val_mean_squared_error: 0.9690
Epoch 431/500
7428/7428 - 18s - loss: 0.0019 - mean_squared_error: 0.0019 - val_loss: 0.8685 - val_mean_squared_error: 0.8685
Epoch 432/500
7428/7428 - 20s - loss: 0.0020 - mean_squared_error: 0.0020 - val_loss: 1.0049 - val_mean_squared_error: 1.0049
Epoch 433/500
7428/7428 - 18s - loss: 0.0017 - mean_squared_error: 0.0017 - val_loss: 0.7589 - val_mean_squared_error: 0.7589
Epoch 434/500
7428/7428 - 21s - loss: 0.0019 - mean_squared_error: 0.0019 - val_loss: 0.7199 - val_mean_squared_error: 0.7199
Epoch 435/500
7428/7428 - 21s - loss: 0.0019 - mean_squared_error: 0.0019 - val_loss: 0.5571 - val_mean_squared_error: 0.5571
Epoch 436/500
7428/7428 - 19s - loss: 0.0022 - mean_squared_error: 0.0022 - val_loss: 0.5901 - val_mean_squared_error: 0.5901
Epoch 437/500
7428/7428 - 21s - loss: 0.0020 - mean_squared_error: 0.0020 - val_loss: 0.6034 - val_mean_squared_error: 0.6034
Epoch 438/500
7428/7428 - 20s - loss: 0.0019 - mean_squared_error: 0.0019 - val_loss: 0.8713 - val_mean_squared_error: 0.8713
Epoch 439/500
7428/7428 - 20s - loss: 0.0024 - mean_squared_error: 0.0024 - val_loss: 0.7844 - val_mean_squared_error: 0.7844
Epoch 440/500
7428/7428 - 22s - loss: 0.0019 - mean_squared_error: 0.0019 - val_loss: 1.2611 - val_mean_squared_error: 1.2611
Epoch 441/500
7428/7428 - 21s - loss: 0.0019 - mean_squared_error: 0.0019 - val_loss: 0.7962 - val_mean_squared_error: 0.7962
Epoch 442/500
7428/7428 - 20s - loss: 0.0020 - mean_squared_error: 0.0020 - val_loss: 0.6964 - val_mean_squared_error: 0.6964
Epoch 443/500
7428/7428 - 20s - loss: 0.0021 - mean_squared_error: 0.0021 - val_loss: 0.9882 - val_mean_squared_error: 0.9882
Epoch 444/500
7428/7428 - 21s - loss: 0.0019 - mean_squared_error: 0.0019 - val_loss: 0.7034 - val_mean_squared_error: 0.7034
Epoch 445/500
7428/7428 - 19s - loss: 0.0021 - mean_squared_error: 0.0021 - val_loss: 0.7731 - val_mean_squared_error: 0.7731
Epoch 446/500
7428/7428 - 23s - loss: 0.0021 - mean_squared_error: 0.0021 - val_loss: 0.7657 - val_mean_squared_error: 0.7657
Epoch 447/500
7428/7428 - 18s - loss: 0.0021 - mean_squared_error: 0.0021 - val_loss: 0.7628 - val_mean_squared_error: 0.7628
Epoch 448/500
7428/7428 - 23s - loss: 0.0023 - mean_squared_error: 0.0023 - val_loss: 0.8057 - val_mean_squared_error: 0.8057
Epoch 449/500
7428/7428 - 21s - loss: 0.0020 - mean_squared_error: 0.0020 - val_loss: 0.5036 - val_mean_squared_error: 0.5036
Epoch 450/500
7428/7428 - 20s - loss: 0.0020 - mean_squared_error: 0.0020 - val_loss: 1.0164 - val_mean_squared_error: 1.0164
Epoch 451/500
7428/7428 - 21s - loss: 0.0018 - mean_squared_error: 0.0018 - val_loss: 0.6676 - val_mean_squared_error: 0.6676
Epoch 452/500
7428/7428 - 21s - loss: 0.0021 - mean_squared_error: 0.0021 - val_loss: 1.2090 - val_mean_squared_error: 1.2090
Epoch 453/500
7428/7428 - 22s - loss: 0.0019 - mean_squared_error: 0.0019 - val_loss: 0.8352 - val_mean_squared_error: 0.8352
Epoch 454/500
7428/7428 - 22s - loss: 0.0023 - mean_squared_error: 0.0023 - val_loss: 0.5285 - val_mean_squared_error: 0.5285
Epoch 455/500
7428/7428 - 22s - loss: 0.0020 - mean_squared_error: 0.0020 - val_loss: 0.6704 - val_mean_squared_error: 0.6704
Epoch 456/500
7428/7428 - 20s - loss: 0.0021 - mean_squared_error: 0.0021 - val_loss: 0.7902 - val_mean_squared_error: 0.7902
Epoch 457/500
7428/7428 - 24s - loss: 0.0023 - mean_squared_error: 0.0023 - val_loss: 0.4890 - val_mean_squared_error: 0.4890
Epoch 458/500
7428/7428 - 20s - loss: 0.0021 - mean_squared_error: 0.0021 - val_loss: 0.7045 - val_mean_squared_error: 0.7045
Epoch 459/500
7428/7428 - 20s - loss: 0.0020 - mean_squared_error: 0.0020 - val_loss: 0.6201 - val_mean_squared_error: 0.6201
Epoch 460/500
7428/7428 - 21s - loss: 0.0020 - mean_squared_error: 0.0020 - val_loss: 0.5939 - val_mean_squared_error: 0.5939
Epoch 461/500
7428/7428 - 22s - loss: 0.0021 - mean_squared_error: 0.0021 - val_loss: 1.3449 - val_mean_squared_error: 1.3449
Epoch 462/500
7428/7428 - 20s - loss: 0.0022 - mean_squared_error: 0.0022 - val_loss: 1.1075 - val_mean_squared_error: 1.1075
Epoch 463/500
7428/7428 - 19s - loss: 0.0019 - mean_squared_error: 0.0019 - val_loss: 0.7170 - val_mean_squared_error: 0.7170
Epoch 464/500
7428/7428 - 19s - loss: 0.0025 - mean_squared_error: 0.0025 - val_loss: 0.8274 - val_mean_squared_error: 0.8274
Epoch 465/500
7428/7428 - 19s - loss: 0.0020 - mean_squared_error: 0.0020 - val_loss: 0.6811 - val_mean_squared_error: 0.6811
Epoch 466/500
7428/7428 - 22s - loss: 0.0022 - mean_squared_error: 0.0022 - val_loss: 0.8342 - val_mean_squared_error: 0.8342
Epoch 467/500
7428/7428 - 27s - loss: 0.0022 - mean_squared_error: 0.0022 - val_loss: 1.2271 - val_mean_squared_error: 1.2271
Epoch 468/500
7428/7428 - 26s - loss: 0.0022 - mean_squared_error: 0.0022 - val_loss: 1.5768 - val_mean_squared_error: 1.5768
Epoch 469/500
7428/7428 - 23s - loss: 0.0019 - mean_squared_error: 0.0019 - val_loss: 1.6551 - val_mean_squared_error: 1.6551
Epoch 470/500
7428/7428 - 22s - loss: 0.0018 - mean_squared_error: 0.0018 - val_loss: 1.2846 - val_mean_squared_error: 1.2846
Epoch 471/500
7428/7428 - 21s - loss: 0.0020 - mean_squared_error: 0.0020 - val_loss: 0.8033 - val_mean_squared_error: 0.8033
Epoch 472/500
7428/7428 - 21s - loss: 0.0018 - mean_squared_error: 0.0018 - val_loss: 1.1466 - val_mean_squared_error: 1.1466
Epoch 473/500
7428/7428 - 21s - loss: 0.0017 - mean_squared_error: 0.0017 - val_loss: 1.2662 - val_mean_squared_error: 1.2662
Epoch 474/500
7428/7428 - 18s - loss: 0.0022 - mean_squared_error: 0.0022 - val_loss: 0.9889 - val_mean_squared_error: 0.9889
Epoch 475/500
7428/7428 - 22s - loss: 0.0021 - mean_squared_error: 0.0021 - val_loss: 0.7003 - val_mean_squared_error: 0.7003
Epoch 476/500
7428/7428 - 21s - loss: 0.0022 - mean_squared_error: 0.0022 - val_loss: 0.8746 - val_mean_squared_error: 0.8746
Epoch 477/500
7428/7428 - 21s - loss: 0.0019 - mean_squared_error: 0.0019 - val_loss: 1.8051 - val_mean_squared_error: 1.8051
Epoch 478/500
7428/7428 - 20s - loss: 0.0020 - mean_squared_error: 0.0020 - val_loss: 0.7215 - val_mean_squared_error: 0.7215
Epoch 479/500
7428/7428 - 21s - loss: 0.0020 - mean_squared_error: 0.0020 - val_loss: 0.7891 - val_mean_squared_error: 0.7891
Epoch 480/500
7428/7428 - 22s - loss: 0.0018 - mean_squared_error: 0.0018 - val_loss: 1.1073 - val_mean_squared_error: 1.1073
Epoch 481/500
7428/7428 - 19s - loss: 0.0021 - mean_squared_error: 0.0021 - val_loss: 1.0303 - val_mean_squared_error: 1.0303
Epoch 482/500
7428/7428 - 21s - loss: 0.0021 - mean_squared_error: 0.0021 - val_loss: 1.1175 - val_mean_squared_error: 1.1175
Epoch 483/500
7428/7428 - 21s - loss: 0.0020 - mean_squared_error: 0.0020 - val_loss: 1.0736 - val_mean_squared_error: 1.0736
Epoch 484/500
7428/7428 - 21s - loss: 0.0020 - mean_squared_error: 0.0020 - val_loss: 0.9137 - val_mean_squared_error: 0.9137
Epoch 485/500
7428/7428 - 20s - loss: 0.0019 - mean_squared_error: 0.0019 - val_loss: 1.2243 - val_mean_squared_error: 1.2243
Epoch 486/500
7428/7428 - 19s - loss: 0.0017 - mean_squared_error: 0.0017 - val_loss: 0.8018 - val_mean_squared_error: 0.8018
Epoch 487/500
7428/7428 - 21s - loss: 0.0018 - mean_squared_error: 0.0018 - val_loss: 0.6793 - val_mean_squared_error: 0.6793
Epoch 488/500
7428/7428 - 19s - loss: 0.0020 - mean_squared_error: 0.0020 - val_loss: 0.9024 - val_mean_squared_error: 0.9024
Epoch 489/500
7428/7428 - 21s - loss: 0.0020 - mean_squared_error: 0.0020 - val_loss: 0.6748 - val_mean_squared_error: 0.6748
Epoch 490/500
7428/7428 - 18s - loss: 0.0018 - mean_squared_error: 0.0018 - val_loss: 0.6951 - val_mean_squared_error: 0.6951
Epoch 491/500
7428/7428 - 20s - loss: 0.0016 - mean_squared_error: 0.0016 - val_loss: 0.8315 - val_mean_squared_error: 0.8315
Epoch 492/500
7428/7428 - 18s - loss: 0.0020 - mean_squared_error: 0.0020 - val_loss: 0.8251 - val_mean_squared_error: 0.8251
Epoch 493/500
7428/7428 - 18s - loss: 0.0018 - mean_squared_error: 0.0018 - val_loss: 0.8992 - val_mean_squared_error: 0.8992
Epoch 494/500
7428/7428 - 18s - loss: 0.0018 - mean_squared_error: 0.0018 - val_loss: 0.7698 - val_mean_squared_error: 0.7698
Epoch 495/500
7428/7428 - 17s - loss: 0.0020 - mean_squared_error: 0.0020 - val_loss: 0.6917 - val_mean_squared_error: 0.6917
Epoch 496/500
7428/7428 - 22s - loss: 0.0020 - mean_squared_error: 0.0020 - val_loss: 1.3024 - val_mean_squared_error: 1.3024
Epoch 497/500
7428/7428 - 20s - loss: 0.0020 - mean_squared_error: 0.0020 - val_loss: 0.7580 - val_mean_squared_error: 0.7580
Epoch 498/500
7428/7428 - 20s - loss: 0.0020 - mean_squared_error: 0.0020 - val_loss: 0.7568 - val_mean_squared_error: 0.7568
Epoch 499/500
7428/7428 - 18s - loss: 0.0019 - mean_squared_error: 0.0019 - val_loss: 0.8985 - val_mean_squared_error: 0.8985
Epoch 500/500
7428/7428 - 20s - loss: 0.0018 - mean_squared_error: 0.0018 - val_loss: 0.6860 - val_mean_squared_error: 0.6860
Being drawing the graph of MODEL LOSS
