WARNING: Logging before flag parsing goes to stderr.
W0221 18:07:19.180591 140034169780032 deprecation.py:506] From /home/zoshs2/anaconda3/envs/tf_gpu/lib/python3.7/site-packages/tensorflow/python/ops/init_ops.py:1251: calling VarianceScaling.__init__ (from tensorflow.python.ops.init_ops) with dtype is deprecated and will be removed in a future version.
Instructions for updating:
Call initializer instance with the dtype argument instead of passing it to the constructor
2020-02-21 18:07:20.416483: I tensorflow/core/platform/cpu_feature_guard.cc:142] Your CPU supports instructions that this TensorFlow binary was not compiled to use: SSE4.1 SSE4.2 AVX AVX2 FMA
2020-02-21 18:07:20.425164: I tensorflow/core/platform/profile_utils/cpu_utils.cc:94] CPU Frequency: 2199870000 Hz
2020-02-21 18:07:20.432719: I tensorflow/compiler/xla/service/service.cc:168] XLA service 0x55d011a545f0 executing computations on platform Host. Devices:
2020-02-21 18:07:20.432747: I tensorflow/compiler/xla/service/service.cc:175]   StreamExecutor device (0): <undefined>, <undefined>
2020-02-21 18:07:20.470337: I tensorflow/stream_executor/platform/default/dso_loader.cc:42] Successfully opened dynamic library libcuda.so.1
2020-02-21 18:07:24.487226: I tensorflow/core/common_runtime/gpu/gpu_device.cc:1640] Found device 0 with properties: 
name: Tesla V100-PCIE-16GB major: 7 minor: 0 memoryClockRate(GHz): 1.38
pciBusID: 0000:04:00.0
2020-02-21 18:07:24.819055: I tensorflow/stream_executor/platform/default/dso_loader.cc:42] Successfully opened dynamic library libcudart.so.10.1
2020-02-21 18:07:25.262411: I tensorflow/stream_executor/platform/default/dso_loader.cc:42] Successfully opened dynamic library libcublas.so.10
2020-02-21 18:07:25.465581: I tensorflow/stream_executor/platform/default/dso_loader.cc:42] Successfully opened dynamic library libcufft.so.10
2020-02-21 18:07:25.679005: I tensorflow/stream_executor/platform/default/dso_loader.cc:42] Successfully opened dynamic library libcurand.so.10
2020-02-21 18:07:25.848707: I tensorflow/stream_executor/platform/default/dso_loader.cc:42] Successfully opened dynamic library libcusolver.so.10
2020-02-21 18:07:26.016274: I tensorflow/stream_executor/platform/default/dso_loader.cc:42] Successfully opened dynamic library libcusparse.so.10
2020-02-21 18:07:26.223805: I tensorflow/stream_executor/platform/default/dso_loader.cc:42] Successfully opened dynamic library libcudnn.so.7
2020-02-21 18:07:26.228100: I tensorflow/core/common_runtime/gpu/gpu_device.cc:1763] Adding visible gpu devices: 0
2020-02-21 18:07:26.228191: I tensorflow/stream_executor/platform/default/dso_loader.cc:42] Successfully opened dynamic library libcudart.so.10.1
2020-02-21 18:07:26.405290: I tensorflow/core/common_runtime/gpu/gpu_device.cc:1181] Device interconnect StreamExecutor with strength 1 edge matrix:
2020-02-21 18:07:26.405337: I tensorflow/core/common_runtime/gpu/gpu_device.cc:1187]      0 
2020-02-21 18:07:26.405351: I tensorflow/core/common_runtime/gpu/gpu_device.cc:1200] 0:   N 
2020-02-21 18:07:26.408961: I tensorflow/core/common_runtime/gpu/gpu_device.cc:1326] Created TensorFlow device (/job:localhost/replica:0/task:0/device:GPU:0 with 15051 MB memory) -> physical GPU (device: 0, name: Tesla V100-PCIE-16GB, pci bus id: 0000:04:00.0, compute capability: 7.0)
2020-02-21 18:07:26.411318: I tensorflow/compiler/xla/service/service.cc:168] XLA service 0x55d0128654e0 executing computations on platform CUDA. Devices:
2020-02-21 18:07:26.411340: I tensorflow/compiler/xla/service/service.cc:175]   StreamExecutor device (0): Tesla V100-PCIE-16GB, Compute Capability 7.0
2020-02-21 18:07:31.000351: I tensorflow/stream_executor/platform/default/dso_loader.cc:42] Successfully opened dynamic library libcublas.so.10
2020-02-21 18:07:31.555376: I tensorflow/stream_executor/platform/default/dso_loader.cc:42] Successfully opened dynamic library libcudnn.so.7
Train on 7428 samples, validate on 826 samples
Epoch 1/500
7428/7428 - 23s - loss: 0.0691 - mean_squared_error: 0.0691 - val_loss: 0.3392 - val_mean_squared_error: 0.3392
Epoch 2/500
7428/7428 - 11s - loss: 0.0126 - mean_squared_error: 0.0126 - val_loss: 0.0062 - val_mean_squared_error: 0.0062
Epoch 3/500
7428/7428 - 12s - loss: 0.0103 - mean_squared_error: 0.0103 - val_loss: 0.0037 - val_mean_squared_error: 0.0037
Epoch 4/500
7428/7428 - 10s - loss: 0.0082 - mean_squared_error: 0.0082 - val_loss: 0.0049 - val_mean_squared_error: 0.0049
Epoch 5/500
7428/7428 - 12s - loss: 0.0078 - mean_squared_error: 0.0078 - val_loss: 0.0033 - val_mean_squared_error: 0.0033
Epoch 6/500
7428/7428 - 10s - loss: 0.0066 - mean_squared_error: 0.0066 - val_loss: 0.0029 - val_mean_squared_error: 0.0029
Epoch 7/500
7428/7428 - 11s - loss: 0.0062 - mean_squared_error: 0.0062 - val_loss: 0.0016 - val_mean_squared_error: 0.0016
Epoch 8/500
7428/7428 - 11s - loss: 0.0060 - mean_squared_error: 0.0060 - val_loss: 0.0027 - val_mean_squared_error: 0.0027
Epoch 9/500
7428/7428 - 10s - loss: 0.0065 - mean_squared_error: 0.0065 - val_loss: 0.0052 - val_mean_squared_error: 0.0052
Epoch 10/500
7428/7428 - 10s - loss: 0.0048 - mean_squared_error: 0.0048 - val_loss: 0.0029 - val_mean_squared_error: 0.0029
Epoch 11/500
7428/7428 - 11s - loss: 0.0056 - mean_squared_error: 0.0056 - val_loss: 0.0078 - val_mean_squared_error: 0.0078
Epoch 12/500
7428/7428 - 10s - loss: 0.0051 - mean_squared_error: 0.0051 - val_loss: 0.0014 - val_mean_squared_error: 0.0014
Epoch 13/500
7428/7428 - 12s - loss: 0.0041 - mean_squared_error: 0.0041 - val_loss: 0.0029 - val_mean_squared_error: 0.0029
Epoch 14/500
7428/7428 - 10s - loss: 0.0037 - mean_squared_error: 0.0037 - val_loss: 0.0019 - val_mean_squared_error: 0.0019
Epoch 15/500
7428/7428 - 10s - loss: 0.0057 - mean_squared_error: 0.0057 - val_loss: 0.0014 - val_mean_squared_error: 0.0014
Epoch 16/500
7428/7428 - 11s - loss: 0.0040 - mean_squared_error: 0.0040 - val_loss: 0.0027 - val_mean_squared_error: 0.0027
Epoch 17/500
7428/7428 - 10s - loss: 0.0032 - mean_squared_error: 0.0032 - val_loss: 0.0022 - val_mean_squared_error: 0.0022
Epoch 18/500
7428/7428 - 10s - loss: 0.0031 - mean_squared_error: 0.0031 - val_loss: 0.0022 - val_mean_squared_error: 0.0022
Epoch 19/500
7428/7428 - 10s - loss: 0.0025 - mean_squared_error: 0.0025 - val_loss: 0.0021 - val_mean_squared_error: 0.0021
Epoch 20/500
7428/7428 - 11s - loss: 0.0023 - mean_squared_error: 0.0023 - val_loss: 0.0014 - val_mean_squared_error: 0.0014
Epoch 21/500
7428/7428 - 10s - loss: 0.0025 - mean_squared_error: 0.0025 - val_loss: 0.0035 - val_mean_squared_error: 0.0035
Epoch 22/500
7428/7428 - 10s - loss: 0.0032 - mean_squared_error: 0.0032 - val_loss: 0.0028 - val_mean_squared_error: 0.0028
Epoch 23/500
7428/7428 - 11s - loss: 0.0029 - mean_squared_error: 0.0029 - val_loss: 0.0016 - val_mean_squared_error: 0.0016
Epoch 24/500
7428/7428 - 10s - loss: 0.0024 - mean_squared_error: 0.0024 - val_loss: 0.0033 - val_mean_squared_error: 0.0033
Epoch 25/500
7428/7428 - 10s - loss: 0.0021 - mean_squared_error: 0.0021 - val_loss: 0.0019 - val_mean_squared_error: 0.0019
Epoch 26/500
7428/7428 - 10s - loss: 0.0018 - mean_squared_error: 0.0018 - val_loss: 0.0011 - val_mean_squared_error: 0.0011
Epoch 27/500
7428/7428 - 11s - loss: 0.0025 - mean_squared_error: 0.0025 - val_loss: 0.0017 - val_mean_squared_error: 0.0017
Epoch 28/500
7428/7428 - 11s - loss: 0.0022 - mean_squared_error: 0.0022 - val_loss: 0.0018 - val_mean_squared_error: 0.0018
Epoch 29/500
7428/7428 - 10s - loss: 0.0020 - mean_squared_error: 0.0020 - val_loss: 0.0011 - val_mean_squared_error: 0.0011
Epoch 30/500
7428/7428 - 10s - loss: 0.0015 - mean_squared_error: 0.0015 - val_loss: 8.1301e-04 - val_mean_squared_error: 8.1301e-04
Epoch 31/500
7428/7428 - 10s - loss: 0.0018 - mean_squared_error: 0.0018 - val_loss: 0.0010 - val_mean_squared_error: 0.0010
Epoch 32/500
7428/7428 - 10s - loss: 0.0014 - mean_squared_error: 0.0014 - val_loss: 5.8734e-04 - val_mean_squared_error: 5.8734e-04
Epoch 33/500
7428/7428 - 10s - loss: 0.0015 - mean_squared_error: 0.0015 - val_loss: 9.4349e-04 - val_mean_squared_error: 9.4349e-04
Epoch 34/500
7428/7428 - 10s - loss: 0.0015 - mean_squared_error: 0.0015 - val_loss: 6.8108e-04 - val_mean_squared_error: 6.8108e-04
Epoch 35/500
7428/7428 - 10s - loss: 0.0013 - mean_squared_error: 0.0013 - val_loss: 7.8403e-04 - val_mean_squared_error: 7.8403e-04
Epoch 36/500
7428/7428 - 9s - loss: 0.0012 - mean_squared_error: 0.0012 - val_loss: 0.0015 - val_mean_squared_error: 0.0015
Epoch 37/500
7428/7428 - 10s - loss: 0.0014 - mean_squared_error: 0.0014 - val_loss: 0.0011 - val_mean_squared_error: 0.0011
Epoch 38/500
7428/7428 - 11s - loss: 0.0019 - mean_squared_error: 0.0019 - val_loss: 4.4993e-04 - val_mean_squared_error: 4.4993e-04
Epoch 39/500
7428/7428 - 10s - loss: 0.0010 - mean_squared_error: 0.0010 - val_loss: 5.3515e-04 - val_mean_squared_error: 5.3515e-04
Epoch 40/500
7428/7428 - 10s - loss: 0.0012 - mean_squared_error: 0.0012 - val_loss: 5.1664e-04 - val_mean_squared_error: 5.1664e-04
Epoch 41/500
7428/7428 - 10s - loss: 0.0011 - mean_squared_error: 0.0011 - val_loss: 6.0073e-04 - val_mean_squared_error: 6.0073e-04
Epoch 42/500
7428/7428 - 9s - loss: 0.0011 - mean_squared_error: 0.0011 - val_loss: 0.0015 - val_mean_squared_error: 0.0015
Epoch 43/500
7428/7428 - 9s - loss: 0.0016 - mean_squared_error: 0.0016 - val_loss: 8.9659e-04 - val_mean_squared_error: 8.9659e-04
Epoch 44/500
7428/7428 - 10s - loss: 0.0012 - mean_squared_error: 0.0012 - val_loss: 9.4334e-04 - val_mean_squared_error: 9.4334e-04
Epoch 45/500
7428/7428 - 10s - loss: 8.5638e-04 - mean_squared_error: 8.5638e-04 - val_loss: 5.7968e-04 - val_mean_squared_error: 5.7968e-04
Epoch 46/500
7428/7428 - 10s - loss: 9.3348e-04 - mean_squared_error: 9.3348e-04 - val_loss: 0.0010 - val_mean_squared_error: 0.0010
Epoch 47/500
7428/7428 - 10s - loss: 9.3931e-04 - mean_squared_error: 9.3931e-04 - val_loss: 9.0151e-04 - val_mean_squared_error: 9.0151e-04
Epoch 48/500
7428/7428 - 10s - loss: 9.2603e-04 - mean_squared_error: 9.2603e-04 - val_loss: 0.0012 - val_mean_squared_error: 0.0012
Epoch 49/500
7428/7428 - 10s - loss: 0.0010 - mean_squared_error: 0.0010 - val_loss: 4.4301e-04 - val_mean_squared_error: 4.4301e-04
Epoch 50/500
7428/7428 - 10s - loss: 0.0011 - mean_squared_error: 0.0011 - val_loss: 8.5914e-04 - val_mean_squared_error: 8.5914e-04
Epoch 51/500
7428/7428 - 10s - loss: 9.0299e-04 - mean_squared_error: 9.0299e-04 - val_loss: 5.0287e-04 - val_mean_squared_error: 5.0287e-04
Epoch 52/500
7428/7428 - 10s - loss: 8.4853e-04 - mean_squared_error: 8.4853e-04 - val_loss: 8.2356e-04 - val_mean_squared_error: 8.2356e-04
Epoch 53/500
7428/7428 - 11s - loss: 7.4065e-04 - mean_squared_error: 7.4065e-04 - val_loss: 6.8427e-04 - val_mean_squared_error: 6.8427e-04
Epoch 54/500
7428/7428 - 10s - loss: 0.0010 - mean_squared_error: 0.0010 - val_loss: 0.0016 - val_mean_squared_error: 0.0016
Epoch 55/500
7428/7428 - 10s - loss: 7.7995e-04 - mean_squared_error: 7.7995e-04 - val_loss: 5.5921e-04 - val_mean_squared_error: 5.5921e-04
Epoch 56/500
7428/7428 - 10s - loss: 7.4743e-04 - mean_squared_error: 7.4743e-04 - val_loss: 4.6232e-04 - val_mean_squared_error: 4.6232e-04
Epoch 57/500
7428/7428 - 11s - loss: 7.3482e-04 - mean_squared_error: 7.3482e-04 - val_loss: 5.6698e-04 - val_mean_squared_error: 5.6698e-04
Epoch 58/500
7428/7428 - 10s - loss: 6.5807e-04 - mean_squared_error: 6.5807e-04 - val_loss: 0.0013 - val_mean_squared_error: 0.0013
Epoch 59/500
7428/7428 - 10s - loss: 0.0011 - mean_squared_error: 0.0011 - val_loss: 5.0339e-04 - val_mean_squared_error: 5.0339e-04
Epoch 60/500
7428/7428 - 11s - loss: 8.8943e-04 - mean_squared_error: 8.8943e-04 - val_loss: 5.7923e-04 - val_mean_squared_error: 5.7923e-04
Epoch 61/500
7428/7428 - 11s - loss: 7.6082e-04 - mean_squared_error: 7.6082e-04 - val_loss: 0.0010 - val_mean_squared_error: 0.0010
Epoch 62/500
7428/7428 - 10s - loss: 6.5919e-04 - mean_squared_error: 6.5919e-04 - val_loss: 5.5749e-04 - val_mean_squared_error: 5.5749e-04
Epoch 63/500
7428/7428 - 11s - loss: 5.7401e-04 - mean_squared_error: 5.7401e-04 - val_loss: 7.7085e-04 - val_mean_squared_error: 7.7085e-04
Epoch 64/500
7428/7428 - 11s - loss: 6.7189e-04 - mean_squared_error: 6.7188e-04 - val_loss: 0.0012 - val_mean_squared_error: 0.0012
Epoch 65/500
7428/7428 - 10s - loss: 6.5855e-04 - mean_squared_error: 6.5855e-04 - val_loss: 0.0014 - val_mean_squared_error: 0.0014
Epoch 66/500
7428/7428 - 10s - loss: 6.1254e-04 - mean_squared_error: 6.1254e-04 - val_loss: 2.7501e-04 - val_mean_squared_error: 2.7501e-04
Epoch 67/500
7428/7428 - 11s - loss: 0.0010 - mean_squared_error: 0.0010 - val_loss: 0.0011 - val_mean_squared_error: 0.0011
Epoch 68/500
7428/7428 - 11s - loss: 9.2653e-04 - mean_squared_error: 9.2653e-04 - val_loss: 0.0016 - val_mean_squared_error: 0.0016
Epoch 69/500
7428/7428 - 9s - loss: 6.9709e-04 - mean_squared_error: 6.9709e-04 - val_loss: 0.0042 - val_mean_squared_error: 0.0042
Epoch 70/500
7428/7428 - 10s - loss: 0.0010 - mean_squared_error: 0.0010 - val_loss: 4.0879e-04 - val_mean_squared_error: 4.0879e-04
Epoch 71/500
7428/7428 - 10s - loss: 6.6205e-04 - mean_squared_error: 6.6205e-04 - val_loss: 5.5765e-04 - val_mean_squared_error: 5.5765e-04
Epoch 72/500
7428/7428 - 11s - loss: 6.2336e-04 - mean_squared_error: 6.2336e-04 - val_loss: 7.2433e-04 - val_mean_squared_error: 7.2433e-04
Epoch 73/500
7428/7428 - 10s - loss: 6.9308e-04 - mean_squared_error: 6.9308e-04 - val_loss: 4.6529e-04 - val_mean_squared_error: 4.6529e-04
Epoch 74/500
7428/7428 - 10s - loss: 5.5897e-04 - mean_squared_error: 5.5897e-04 - val_loss: 4.2802e-04 - val_mean_squared_error: 4.2802e-04
Epoch 75/500
7428/7428 - 10s - loss: 5.3386e-04 - mean_squared_error: 5.3386e-04 - val_loss: 3.7199e-04 - val_mean_squared_error: 3.7199e-04
Epoch 76/500
7428/7428 - 12s - loss: 6.0563e-04 - mean_squared_error: 6.0563e-04 - val_loss: 4.4292e-04 - val_mean_squared_error: 4.4292e-04
Epoch 77/500
7428/7428 - 11s - loss: 7.7384e-04 - mean_squared_error: 7.7384e-04 - val_loss: 5.5835e-04 - val_mean_squared_error: 5.5835e-04
Epoch 78/500
7428/7428 - 11s - loss: 5.6743e-04 - mean_squared_error: 5.6744e-04 - val_loss: 2.6683e-04 - val_mean_squared_error: 2.6683e-04
Epoch 79/500
7428/7428 - 11s - loss: 5.2633e-04 - mean_squared_error: 5.2633e-04 - val_loss: 0.0018 - val_mean_squared_error: 0.0018
Epoch 80/500
7428/7428 - 10s - loss: 9.5988e-04 - mean_squared_error: 9.5988e-04 - val_loss: 3.3706e-04 - val_mean_squared_error: 3.3706e-04
Epoch 81/500
7428/7428 - 11s - loss: 5.6736e-04 - mean_squared_error: 5.6736e-04 - val_loss: 2.7178e-04 - val_mean_squared_error: 2.7178e-04
Epoch 82/500
7428/7428 - 10s - loss: 5.4398e-04 - mean_squared_error: 5.4398e-04 - val_loss: 6.3116e-04 - val_mean_squared_error: 6.3116e-04
Epoch 83/500
7428/7428 - 10s - loss: 5.3005e-04 - mean_squared_error: 5.3005e-04 - val_loss: 8.0907e-04 - val_mean_squared_error: 8.0907e-04
Epoch 84/500
7428/7428 - 10s - loss: 7.9128e-04 - mean_squared_error: 7.9128e-04 - val_loss: 6.0223e-04 - val_mean_squared_error: 6.0223e-04
Epoch 85/500
7428/7428 - 11s - loss: 8.6779e-04 - mean_squared_error: 8.6779e-04 - val_loss: 9.2231e-04 - val_mean_squared_error: 9.2231e-04
Epoch 86/500
7428/7428 - 11s - loss: 6.3614e-04 - mean_squared_error: 6.3614e-04 - val_loss: 3.3280e-04 - val_mean_squared_error: 3.3280e-04
Epoch 87/500
7428/7428 - 9s - loss: 4.6039e-04 - mean_squared_error: 4.6039e-04 - val_loss: 7.9303e-04 - val_mean_squared_error: 7.9303e-04
Epoch 88/500
7428/7428 - 10s - loss: 4.6899e-04 - mean_squared_error: 4.6899e-04 - val_loss: 3.0062e-04 - val_mean_squared_error: 3.0062e-04
Epoch 89/500
7428/7428 - 10s - loss: 4.7657e-04 - mean_squared_error: 4.7657e-04 - val_loss: 0.0012 - val_mean_squared_error: 0.0012
Epoch 90/500
7428/7428 - 11s - loss: 5.0813e-04 - mean_squared_error: 5.0813e-04 - val_loss: 2.0112e-04 - val_mean_squared_error: 2.0112e-04
Epoch 91/500
7428/7428 - 10s - loss: 5.0742e-04 - mean_squared_error: 5.0742e-04 - val_loss: 3.4967e-04 - val_mean_squared_error: 3.4967e-04
Epoch 92/500
7428/7428 - 10s - loss: 7.0234e-04 - mean_squared_error: 7.0234e-04 - val_loss: 2.2851e-04 - val_mean_squared_error: 2.2851e-04
Epoch 93/500
7428/7428 - 10s - loss: 3.9894e-04 - mean_squared_error: 3.9894e-04 - val_loss: 4.6442e-04 - val_mean_squared_error: 4.6442e-04
Epoch 94/500
7428/7428 - 10s - loss: 5.0257e-04 - mean_squared_error: 5.0257e-04 - val_loss: 2.7370e-04 - val_mean_squared_error: 2.7370e-04
Epoch 95/500
7428/7428 - 10s - loss: 4.1130e-04 - mean_squared_error: 4.1130e-04 - val_loss: 3.4660e-04 - val_mean_squared_error: 3.4660e-04
Epoch 96/500
7428/7428 - 10s - loss: 5.2816e-04 - mean_squared_error: 5.2816e-04 - val_loss: 4.9211e-04 - val_mean_squared_error: 4.9211e-04
Epoch 97/500
7428/7428 - 11s - loss: 4.2245e-04 - mean_squared_error: 4.2245e-04 - val_loss: 3.1073e-04 - val_mean_squared_error: 3.1073e-04
Epoch 98/500
7428/7428 - 10s - loss: 5.2955e-04 - mean_squared_error: 5.2955e-04 - val_loss: 0.0020 - val_mean_squared_error: 0.0020
Epoch 99/500
7428/7428 - 12s - loss: 5.5824e-04 - mean_squared_error: 5.5824e-04 - val_loss: 3.7325e-04 - val_mean_squared_error: 3.7325e-04
Epoch 100/500
7428/7428 - 10s - loss: 6.3790e-04 - mean_squared_error: 6.3790e-04 - val_loss: 8.2453e-04 - val_mean_squared_error: 8.2453e-04
Epoch 101/500
7428/7428 - 11s - loss: 4.1841e-04 - mean_squared_error: 4.1841e-04 - val_loss: 2.9627e-04 - val_mean_squared_error: 2.9627e-04
Epoch 102/500
7428/7428 - 10s - loss: 4.2067e-04 - mean_squared_error: 4.2067e-04 - val_loss: 3.9159e-04 - val_mean_squared_error: 3.9159e-04
Epoch 103/500
7428/7428 - 10s - loss: 4.1860e-04 - mean_squared_error: 4.1860e-04 - val_loss: 3.4389e-04 - val_mean_squared_error: 3.4389e-04
Epoch 104/500
7428/7428 - 11s - loss: 4.4832e-04 - mean_squared_error: 4.4832e-04 - val_loss: 3.2400e-04 - val_mean_squared_error: 3.2400e-04
Epoch 105/500
7428/7428 - 10s - loss: 4.2701e-04 - mean_squared_error: 4.2701e-04 - val_loss: 3.8493e-04 - val_mean_squared_error: 3.8493e-04
Epoch 106/500
7428/7428 - 10s - loss: 5.1133e-04 - mean_squared_error: 5.1133e-04 - val_loss: 0.0013 - val_mean_squared_error: 0.0013
Epoch 107/500
7428/7428 - 10s - loss: 5.9410e-04 - mean_squared_error: 5.9410e-04 - val_loss: 6.3077e-04 - val_mean_squared_error: 6.3077e-04
Epoch 108/500
7428/7428 - 11s - loss: 7.1463e-04 - mean_squared_error: 7.1463e-04 - val_loss: 4.2810e-04 - val_mean_squared_error: 4.2810e-04
Epoch 109/500
7428/7428 - 10s - loss: 3.7589e-04 - mean_squared_error: 3.7589e-04 - val_loss: 3.4677e-04 - val_mean_squared_error: 3.4677e-04
Epoch 110/500
7428/7428 - 10s - loss: 4.4656e-04 - mean_squared_error: 4.4656e-04 - val_loss: 4.4988e-04 - val_mean_squared_error: 4.4988e-04
Epoch 111/500
7428/7428 - 10s - loss: 4.1354e-04 - mean_squared_error: 4.1354e-04 - val_loss: 1.8000e-04 - val_mean_squared_error: 1.8000e-04
Epoch 112/500
7428/7428 - 11s - loss: 3.3593e-04 - mean_squared_error: 3.3593e-04 - val_loss: 2.8349e-04 - val_mean_squared_error: 2.8349e-04
Epoch 113/500
7428/7428 - 10s - loss: 3.3349e-04 - mean_squared_error: 3.3349e-04 - val_loss: 2.1701e-04 - val_mean_squared_error: 2.1701e-04
Epoch 114/500
7428/7428 - 10s - loss: 3.5400e-04 - mean_squared_error: 3.5400e-04 - val_loss: 2.5119e-04 - val_mean_squared_error: 2.5119e-04
Epoch 115/500
7428/7428 - 11s - loss: 4.1033e-04 - mean_squared_error: 4.1033e-04 - val_loss: 5.8326e-04 - val_mean_squared_error: 5.8326e-04
Epoch 116/500
7428/7428 - 10s - loss: 4.1449e-04 - mean_squared_error: 4.1449e-04 - val_loss: 8.3905e-04 - val_mean_squared_error: 8.3905e-04
Epoch 117/500
7428/7428 - 10s - loss: 3.7793e-04 - mean_squared_error: 3.7793e-04 - val_loss: 2.5717e-04 - val_mean_squared_error: 2.5717e-04
Epoch 118/500
7428/7428 - 10s - loss: 3.3689e-04 - mean_squared_error: 3.3689e-04 - val_loss: 3.6544e-04 - val_mean_squared_error: 3.6544e-04
Epoch 119/500
7428/7428 - 11s - loss: 3.8309e-04 - mean_squared_error: 3.8309e-04 - val_loss: 5.2484e-04 - val_mean_squared_error: 5.2484e-04
Epoch 120/500
7428/7428 - 10s - loss: 3.4562e-04 - mean_squared_error: 3.4562e-04 - val_loss: 2.7157e-04 - val_mean_squared_error: 2.7157e-04
Epoch 121/500
7428/7428 - 10s - loss: 3.5636e-04 - mean_squared_error: 3.5636e-04 - val_loss: 2.2759e-04 - val_mean_squared_error: 2.2759e-04
Epoch 122/500
7428/7428 - 10s - loss: 3.5941e-04 - mean_squared_error: 3.5941e-04 - val_loss: 2.0369e-04 - val_mean_squared_error: 2.0369e-04
Epoch 123/500
7428/7428 - 11s - loss: 3.7522e-04 - mean_squared_error: 3.7522e-04 - val_loss: 2.9590e-04 - val_mean_squared_error: 2.9590e-04
Epoch 124/500
7428/7428 - 10s - loss: 4.6226e-04 - mean_squared_error: 4.6226e-04 - val_loss: 8.2335e-04 - val_mean_squared_error: 8.2335e-04
Epoch 125/500
7428/7428 - 10s - loss: 3.7855e-04 - mean_squared_error: 3.7855e-04 - val_loss: 5.3668e-04 - val_mean_squared_error: 5.3668e-04
Epoch 126/500
7428/7428 - 9s - loss: 3.6475e-04 - mean_squared_error: 3.6475e-04 - val_loss: 3.0253e-04 - val_mean_squared_error: 3.0253e-04
Epoch 127/500
7428/7428 - 10s - loss: 3.9503e-04 - mean_squared_error: 3.9503e-04 - val_loss: 3.4983e-04 - val_mean_squared_error: 3.4983e-04
Epoch 128/500
7428/7428 - 10s - loss: 4.9107e-04 - mean_squared_error: 4.9108e-04 - val_loss: 3.7284e-04 - val_mean_squared_error: 3.7284e-04
Epoch 129/500
7428/7428 - 10s - loss: 2.8809e-04 - mean_squared_error: 2.8809e-04 - val_loss: 2.6895e-04 - val_mean_squared_error: 2.6895e-04
Epoch 130/500
7428/7428 - 10s - loss: 3.1859e-04 - mean_squared_error: 3.1859e-04 - val_loss: 2.7077e-04 - val_mean_squared_error: 2.7077e-04
Epoch 131/500
7428/7428 - 10s - loss: 4.1392e-04 - mean_squared_error: 4.1392e-04 - val_loss: 4.0545e-04 - val_mean_squared_error: 4.0545e-04
Epoch 132/500
7428/7428 - 10s - loss: 2.9110e-04 - mean_squared_error: 2.9110e-04 - val_loss: 3.3830e-04 - val_mean_squared_error: 3.3830e-04
Epoch 133/500
7428/7428 - 10s - loss: 3.2188e-04 - mean_squared_error: 3.2188e-04 - val_loss: 9.2236e-04 - val_mean_squared_error: 9.2236e-04
Epoch 134/500
7428/7428 - 11s - loss: 4.2754e-04 - mean_squared_error: 4.2754e-04 - val_loss: 1.7090e-04 - val_mean_squared_error: 1.7090e-04
Epoch 135/500
7428/7428 - 11s - loss: 3.6504e-04 - mean_squared_error: 3.6504e-04 - val_loss: 4.3519e-04 - val_mean_squared_error: 4.3519e-04
Epoch 136/500
7428/7428 - 10s - loss: 5.4824e-04 - mean_squared_error: 5.4824e-04 - val_loss: 2.5503e-04 - val_mean_squared_error: 2.5503e-04
Epoch 137/500
7428/7428 - 10s - loss: 3.7130e-04 - mean_squared_error: 3.7130e-04 - val_loss: 2.0308e-04 - val_mean_squared_error: 2.0308e-04
Epoch 138/500
7428/7428 - 10s - loss: 3.3199e-04 - mean_squared_error: 3.3199e-04 - val_loss: 6.2525e-04 - val_mean_squared_error: 6.2525e-04
Epoch 139/500
7428/7428 - 10s - loss: 6.1455e-04 - mean_squared_error: 6.1455e-04 - val_loss: 6.1337e-04 - val_mean_squared_error: 6.1338e-04
Epoch 140/500
7428/7428 - 10s - loss: 5.3670e-04 - mean_squared_error: 5.3670e-04 - val_loss: 3.2838e-04 - val_mean_squared_error: 3.2838e-04
Epoch 141/500
7428/7428 - 10s - loss: 3.3438e-04 - mean_squared_error: 3.3438e-04 - val_loss: 0.0014 - val_mean_squared_error: 0.0014
Epoch 142/500
7428/7428 - 10s - loss: 4.9532e-04 - mean_squared_error: 4.9532e-04 - val_loss: 2.8519e-04 - val_mean_squared_error: 2.8519e-04
Epoch 143/500
7428/7428 - 10s - loss: 3.2417e-04 - mean_squared_error: 3.2417e-04 - val_loss: 3.0527e-04 - val_mean_squared_error: 3.0527e-04
Epoch 144/500
7428/7428 - 9s - loss: 5.1959e-04 - mean_squared_error: 5.1959e-04 - val_loss: 2.1227e-04 - val_mean_squared_error: 2.1227e-04
Epoch 145/500
7428/7428 - 10s - loss: 3.9208e-04 - mean_squared_error: 3.9208e-04 - val_loss: 2.8597e-04 - val_mean_squared_error: 2.8597e-04
Epoch 146/500
7428/7428 - 10s - loss: 4.2503e-04 - mean_squared_error: 4.2503e-04 - val_loss: 0.0023 - val_mean_squared_error: 0.0023
Epoch 147/500
7428/7428 - 11s - loss: 4.7228e-04 - mean_squared_error: 4.7228e-04 - val_loss: 5.7519e-04 - val_mean_squared_error: 5.7519e-04
Epoch 148/500
7428/7428 - 11s - loss: 4.7737e-04 - mean_squared_error: 4.7737e-04 - val_loss: 0.0036 - val_mean_squared_error: 0.0036
Epoch 149/500
7428/7428 - 10s - loss: 6.6223e-04 - mean_squared_error: 6.6223e-04 - val_loss: 1.9299e-04 - val_mean_squared_error: 1.9299e-04
Epoch 150/500
7428/7428 - 10s - loss: 3.4311e-04 - mean_squared_error: 3.4311e-04 - val_loss: 2.8155e-04 - val_mean_squared_error: 2.8155e-04
Epoch 151/500
7428/7428 - 11s - loss: 2.9893e-04 - mean_squared_error: 2.9893e-04 - val_loss: 2.5852e-04 - val_mean_squared_error: 2.5852e-04
Epoch 152/500
7428/7428 - 10s - loss: 3.0000e-04 - mean_squared_error: 3.0000e-04 - val_loss: 2.7007e-04 - val_mean_squared_error: 2.7007e-04
Epoch 153/500
7428/7428 - 10s - loss: 2.9125e-04 - mean_squared_error: 2.9124e-04 - val_loss: 2.6545e-04 - val_mean_squared_error: 2.6545e-04
Epoch 154/500
7428/7428 - 11s - loss: 2.7597e-04 - mean_squared_error: 2.7597e-04 - val_loss: 5.7821e-04 - val_mean_squared_error: 5.7821e-04
Epoch 155/500
7428/7428 - 10s - loss: 3.9964e-04 - mean_squared_error: 3.9964e-04 - val_loss: 7.4031e-04 - val_mean_squared_error: 7.4031e-04
Epoch 156/500
7428/7428 - 10s - loss: 3.7290e-04 - mean_squared_error: 3.7290e-04 - val_loss: 1.8054e-04 - val_mean_squared_error: 1.8054e-04
Epoch 157/500
7428/7428 - 10s - loss: 3.1920e-04 - mean_squared_error: 3.1920e-04 - val_loss: 2.1371e-04 - val_mean_squared_error: 2.1371e-04
Epoch 158/500
7428/7428 - 11s - loss: 3.2145e-04 - mean_squared_error: 3.2145e-04 - val_loss: 2.2549e-04 - val_mean_squared_error: 2.2549e-04
Epoch 159/500
7428/7428 - 10s - loss: 2.8433e-04 - mean_squared_error: 2.8433e-04 - val_loss: 1.8129e-04 - val_mean_squared_error: 1.8129e-04
Epoch 160/500
7428/7428 - 10s - loss: 4.0720e-04 - mean_squared_error: 4.0720e-04 - val_loss: 6.2622e-04 - val_mean_squared_error: 6.2622e-04
Epoch 161/500
7428/7428 - 10s - loss: 3.4896e-04 - mean_squared_error: 3.4896e-04 - val_loss: 3.2307e-04 - val_mean_squared_error: 3.2307e-04
Epoch 162/500
7428/7428 - 10s - loss: 3.5391e-04 - mean_squared_error: 3.5391e-04 - val_loss: 5.2907e-04 - val_mean_squared_error: 5.2907e-04
Epoch 163/500
7428/7428 - 11s - loss: 3.1304e-04 - mean_squared_error: 3.1304e-04 - val_loss: 5.9575e-04 - val_mean_squared_error: 5.9575e-04
Epoch 164/500
7428/7428 - 10s - loss: 3.1163e-04 - mean_squared_error: 3.1163e-04 - val_loss: 6.4954e-04 - val_mean_squared_error: 6.4954e-04
Epoch 165/500
7428/7428 - 10s - loss: 3.2858e-04 - mean_squared_error: 3.2858e-04 - val_loss: 3.5647e-04 - val_mean_squared_error: 3.5647e-04
Epoch 166/500
7428/7428 - 11s - loss: 3.6626e-04 - mean_squared_error: 3.6626e-04 - val_loss: 8.0088e-04 - val_mean_squared_error: 8.0088e-04
Epoch 167/500
7428/7428 - 10s - loss: 5.2898e-04 - mean_squared_error: 5.2898e-04 - val_loss: 2.6038e-04 - val_mean_squared_error: 2.6038e-04
Epoch 168/500
7428/7428 - 10s - loss: 3.8390e-04 - mean_squared_error: 3.8390e-04 - val_loss: 2.6098e-04 - val_mean_squared_error: 2.6098e-04
Epoch 169/500
7428/7428 - 11s - loss: 2.9694e-04 - mean_squared_error: 2.9694e-04 - val_loss: 1.4005e-04 - val_mean_squared_error: 1.4005e-04
Epoch 170/500
7428/7428 - 10s - loss: 3.0237e-04 - mean_squared_error: 3.0237e-04 - val_loss: 2.6909e-04 - val_mean_squared_error: 2.6909e-04
Epoch 171/500
7428/7428 - 10s - loss: 3.0400e-04 - mean_squared_error: 3.0400e-04 - val_loss: 1.4774e-04 - val_mean_squared_error: 1.4774e-04
Epoch 172/500
7428/7428 - 10s - loss: 4.3893e-04 - mean_squared_error: 4.3893e-04 - val_loss: 7.3267e-04 - val_mean_squared_error: 7.3267e-04
Epoch 173/500
7428/7428 - 10s - loss: 6.9942e-04 - mean_squared_error: 6.9942e-04 - val_loss: 2.3722e-04 - val_mean_squared_error: 2.3722e-04
Epoch 174/500
7428/7428 - 11s - loss: 3.1869e-04 - mean_squared_error: 3.1869e-04 - val_loss: 3.8694e-04 - val_mean_squared_error: 3.8694e-04
Epoch 175/500
7428/7428 - 10s - loss: 3.0008e-04 - mean_squared_error: 3.0008e-04 - val_loss: 2.6394e-04 - val_mean_squared_error: 2.6394e-04
Epoch 176/500
7428/7428 - 9s - loss: 2.9948e-04 - mean_squared_error: 2.9948e-04 - val_loss: 3.8319e-04 - val_mean_squared_error: 3.8319e-04
Epoch 177/500
7428/7428 - 10s - loss: 3.6371e-04 - mean_squared_error: 3.6371e-04 - val_loss: 5.1340e-04 - val_mean_squared_error: 5.1340e-04
Epoch 178/500
7428/7428 - 12s - loss: 3.3480e-04 - mean_squared_error: 3.3480e-04 - val_loss: 7.8853e-04 - val_mean_squared_error: 7.8853e-04
Epoch 179/500
7428/7428 - 11s - loss: 3.5472e-04 - mean_squared_error: 3.5472e-04 - val_loss: 6.0517e-04 - val_mean_squared_error: 6.0517e-04
Epoch 180/500
7428/7428 - 11s - loss: 2.9657e-04 - mean_squared_error: 2.9657e-04 - val_loss: 0.0011 - val_mean_squared_error: 0.0011
Epoch 181/500
7428/7428 - 10s - loss: 2.9566e-04 - mean_squared_error: 2.9566e-04 - val_loss: 4.7553e-04 - val_mean_squared_error: 4.7553e-04
Epoch 182/500
7428/7428 - 10s - loss: 2.4608e-04 - mean_squared_error: 2.4608e-04 - val_loss: 2.0053e-04 - val_mean_squared_error: 2.0053e-04
Epoch 183/500
7428/7428 - 11s - loss: 3.2199e-04 - mean_squared_error: 3.2199e-04 - val_loss: 2.2433e-04 - val_mean_squared_error: 2.2433e-04
Epoch 184/500
7428/7428 - 10s - loss: 2.6525e-04 - mean_squared_error: 2.6525e-04 - val_loss: 2.6310e-04 - val_mean_squared_error: 2.6310e-04
Epoch 185/500
7428/7428 - 10s - loss: 2.2669e-04 - mean_squared_error: 2.2669e-04 - val_loss: 8.7453e-04 - val_mean_squared_error: 8.7453e-04
Epoch 186/500
7428/7428 - 10s - loss: 3.0084e-04 - mean_squared_error: 3.0084e-04 - val_loss: 1.8912e-04 - val_mean_squared_error: 1.8912e-04
Epoch 187/500
7428/7428 - 11s - loss: 2.7562e-04 - mean_squared_error: 2.7562e-04 - val_loss: 2.7140e-04 - val_mean_squared_error: 2.7140e-04
Epoch 188/500
7428/7428 - 10s - loss: 2.6625e-04 - mean_squared_error: 2.6625e-04 - val_loss: 3.1132e-04 - val_mean_squared_error: 3.1132e-04
Epoch 189/500
7428/7428 - 10s - loss: 3.1977e-04 - mean_squared_error: 3.1977e-04 - val_loss: 1.2571e-04 - val_mean_squared_error: 1.2571e-04
Epoch 190/500
7428/7428 - 10s - loss: 2.4837e-04 - mean_squared_error: 2.4837e-04 - val_loss: 2.5809e-04 - val_mean_squared_error: 2.5809e-04
Epoch 191/500
7428/7428 - 10s - loss: 2.8692e-04 - mean_squared_error: 2.8692e-04 - val_loss: 6.6383e-04 - val_mean_squared_error: 6.6383e-04
Epoch 192/500
7428/7428 - 11s - loss: 4.3543e-04 - mean_squared_error: 4.3543e-04 - val_loss: 1.5478e-04 - val_mean_squared_error: 1.5478e-04
Epoch 193/500
7428/7428 - 10s - loss: 2.8498e-04 - mean_squared_error: 2.8498e-04 - val_loss: 3.4585e-04 - val_mean_squared_error: 3.4585e-04
Epoch 194/500
7428/7428 - 10s - loss: 3.7854e-04 - mean_squared_error: 3.7854e-04 - val_loss: 4.0731e-04 - val_mean_squared_error: 4.0731e-04
Epoch 195/500
7428/7428 - 10s - loss: 4.6026e-04 - mean_squared_error: 4.6026e-04 - val_loss: 1.4038e-04 - val_mean_squared_error: 1.4038e-04
Epoch 196/500
7428/7428 - 10s - loss: 2.7581e-04 - mean_squared_error: 2.7581e-04 - val_loss: 3.5735e-04 - val_mean_squared_error: 3.5735e-04
Epoch 197/500
7428/7428 - 11s - loss: 2.7768e-04 - mean_squared_error: 2.7768e-04 - val_loss: 2.2534e-04 - val_mean_squared_error: 2.2534e-04
Epoch 198/500
7428/7428 - 10s - loss: 3.1871e-04 - mean_squared_error: 3.1871e-04 - val_loss: 3.6292e-04 - val_mean_squared_error: 3.6292e-04
Epoch 199/500
7428/7428 - 10s - loss: 2.3776e-04 - mean_squared_error: 2.3776e-04 - val_loss: 2.1697e-04 - val_mean_squared_error: 2.1697e-04
Epoch 200/500
7428/7428 - 10s - loss: 2.5000e-04 - mean_squared_error: 2.5000e-04 - val_loss: 1.3128e-04 - val_mean_squared_error: 1.3128e-04
Epoch 201/500
7428/7428 - 10s - loss: 2.8457e-04 - mean_squared_error: 2.8457e-04 - val_loss: 2.0481e-04 - val_mean_squared_error: 2.0481e-04
Epoch 202/500
7428/7428 - 11s - loss: 2.7846e-04 - mean_squared_error: 2.7846e-04 - val_loss: 2.2697e-04 - val_mean_squared_error: 2.2697e-04
Epoch 203/500
7428/7428 - 10s - loss: 2.3792e-04 - mean_squared_error: 2.3792e-04 - val_loss: 2.8897e-04 - val_mean_squared_error: 2.8897e-04
Epoch 204/500
7428/7428 - 10s - loss: 2.6562e-04 - mean_squared_error: 2.6562e-04 - val_loss: 2.0638e-04 - val_mean_squared_error: 2.0638e-04
Epoch 205/500
7428/7428 - 10s - loss: 2.7990e-04 - mean_squared_error: 2.7990e-04 - val_loss: 1.4826e-04 - val_mean_squared_error: 1.4826e-04
Epoch 206/500
7428/7428 - 10s - loss: 2.3780e-04 - mean_squared_error: 2.3780e-04 - val_loss: 4.9130e-04 - val_mean_squared_error: 4.9130e-04
Epoch 207/500
7428/7428 - 11s - loss: 2.9616e-04 - mean_squared_error: 2.9616e-04 - val_loss: 3.8714e-04 - val_mean_squared_error: 3.8714e-04
Epoch 208/500
7428/7428 - 10s - loss: 2.4628e-04 - mean_squared_error: 2.4628e-04 - val_loss: 2.2273e-04 - val_mean_squared_error: 2.2273e-04
Epoch 209/500
7428/7428 - 10s - loss: 2.1990e-04 - mean_squared_error: 2.1990e-04 - val_loss: 3.4111e-04 - val_mean_squared_error: 3.4111e-04
Epoch 210/500
7428/7428 - 11s - loss: 4.0515e-04 - mean_squared_error: 4.0515e-04 - val_loss: 3.4417e-04 - val_mean_squared_error: 3.4417e-04
Epoch 211/500
7428/7428 - 11s - loss: 2.5673e-04 - mean_squared_error: 2.5674e-04 - val_loss: 5.7843e-04 - val_mean_squared_error: 5.7843e-04
Epoch 212/500
7428/7428 - 10s - loss: 3.1744e-04 - mean_squared_error: 3.1744e-04 - val_loss: 2.4156e-04 - val_mean_squared_error: 2.4156e-04
Epoch 213/500
7428/7428 - 10s - loss: 2.8905e-04 - mean_squared_error: 2.8905e-04 - val_loss: 2.5487e-04 - val_mean_squared_error: 2.5487e-04
Epoch 214/500
7428/7428 - 10s - loss: 2.9465e-04 - mean_squared_error: 2.9465e-04 - val_loss: 3.0923e-04 - val_mean_squared_error: 3.0923e-04
Epoch 215/500
7428/7428 - 11s - loss: 5.2347e-04 - mean_squared_error: 5.2347e-04 - val_loss: 0.0019 - val_mean_squared_error: 0.0019
Epoch 216/500
7428/7428 - 10s - loss: 7.0938e-04 - mean_squared_error: 7.0938e-04 - val_loss: 1.9250e-04 - val_mean_squared_error: 1.9250e-04
Epoch 217/500
7428/7428 - 10s - loss: 2.8565e-04 - mean_squared_error: 2.8565e-04 - val_loss: 2.2257e-04 - val_mean_squared_error: 2.2257e-04
Epoch 218/500
7428/7428 - 10s - loss: 2.6056e-04 - mean_squared_error: 2.6056e-04 - val_loss: 2.8302e-04 - val_mean_squared_error: 2.8302e-04
Epoch 219/500
7428/7428 - 10s - loss: 2.3509e-04 - mean_squared_error: 2.3509e-04 - val_loss: 2.4770e-04 - val_mean_squared_error: 2.4770e-04
Epoch 220/500
7428/7428 - 11s - loss: 2.5039e-04 - mean_squared_error: 2.5039e-04 - val_loss: 1.5785e-04 - val_mean_squared_error: 1.5785e-04
Epoch 221/500
7428/7428 - 10s - loss: 2.4429e-04 - mean_squared_error: 2.4429e-04 - val_loss: 2.0312e-04 - val_mean_squared_error: 2.0312e-04
Epoch 222/500
7428/7428 - 10s - loss: 2.4700e-04 - mean_squared_error: 2.4700e-04 - val_loss: 1.0803e-04 - val_mean_squared_error: 1.0803e-04
Epoch 223/500
7428/7428 - 10s - loss: 3.2184e-04 - mean_squared_error: 3.2184e-04 - val_loss: 2.4130e-04 - val_mean_squared_error: 2.4130e-04
Epoch 224/500
7428/7428 - 10s - loss: 2.5715e-04 - mean_squared_error: 2.5715e-04 - val_loss: 2.8759e-04 - val_mean_squared_error: 2.8759e-04
Epoch 225/500
7428/7428 - 10s - loss: 2.7805e-04 - mean_squared_error: 2.7805e-04 - val_loss: 7.2334e-04 - val_mean_squared_error: 7.2334e-04
Epoch 226/500
7428/7428 - 11s - loss: 3.3181e-04 - mean_squared_error: 3.3181e-04 - val_loss: 4.3979e-04 - val_mean_squared_error: 4.3979e-04
Epoch 227/500
7428/7428 - 10s - loss: 2.7410e-04 - mean_squared_error: 2.7410e-04 - val_loss: 2.6684e-04 - val_mean_squared_error: 2.6684e-04
Epoch 228/500
7428/7428 - 9s - loss: 3.5052e-04 - mean_squared_error: 3.5052e-04 - val_loss: 1.1931e-04 - val_mean_squared_error: 1.1931e-04
Epoch 229/500
7428/7428 - 10s - loss: 2.5666e-04 - mean_squared_error: 2.5666e-04 - val_loss: 1.9151e-04 - val_mean_squared_error: 1.9151e-04
Epoch 230/500
7428/7428 - 10s - loss: 3.4553e-04 - mean_squared_error: 3.4553e-04 - val_loss: 1.6270e-04 - val_mean_squared_error: 1.6270e-04
Epoch 231/500
7428/7428 - 10s - loss: 2.5061e-04 - mean_squared_error: 2.5061e-04 - val_loss: 2.9216e-04 - val_mean_squared_error: 2.9216e-04
Epoch 232/500
7428/7428 - 10s - loss: 4.1887e-04 - mean_squared_error: 4.1887e-04 - val_loss: 2.0956e-04 - val_mean_squared_error: 2.0956e-04
Epoch 233/500
7428/7428 - 10s - loss: 2.4160e-04 - mean_squared_error: 2.4160e-04 - val_loss: 8.3085e-04 - val_mean_squared_error: 8.3085e-04
Epoch 234/500
7428/7428 - 10s - loss: 3.3916e-04 - mean_squared_error: 3.3916e-04 - val_loss: 3.7113e-04 - val_mean_squared_error: 3.7113e-04
Epoch 235/500
7428/7428 - 9s - loss: 2.3532e-04 - mean_squared_error: 2.3532e-04 - val_loss: 5.8502e-04 - val_mean_squared_error: 5.8502e-04
Epoch 236/500
7428/7428 - 9s - loss: 2.7543e-04 - mean_squared_error: 2.7543e-04 - val_loss: 1.9402e-04 - val_mean_squared_error: 1.9402e-04
Epoch 237/500
7428/7428 - 10s - loss: 2.4607e-04 - mean_squared_error: 2.4607e-04 - val_loss: 7.8754e-04 - val_mean_squared_error: 7.8754e-04
Epoch 238/500
7428/7428 - 11s - loss: 3.7027e-04 - mean_squared_error: 3.7027e-04 - val_loss: 1.9042e-04 - val_mean_squared_error: 1.9042e-04
Epoch 239/500
7428/7428 - 10s - loss: 2.0796e-04 - mean_squared_error: 2.0796e-04 - val_loss: 2.4403e-04 - val_mean_squared_error: 2.4403e-04
Epoch 240/500
7428/7428 - 10s - loss: 2.1437e-04 - mean_squared_error: 2.1437e-04 - val_loss: 2.0517e-04 - val_mean_squared_error: 2.0517e-04
Epoch 241/500
7428/7428 - 11s - loss: 2.9413e-04 - mean_squared_error: 2.9413e-04 - val_loss: 3.3768e-04 - val_mean_squared_error: 3.3768e-04
Epoch 242/500
7428/7428 - 10s - loss: 4.5184e-04 - mean_squared_error: 4.5184e-04 - val_loss: 2.8777e-04 - val_mean_squared_error: 2.8777e-04
Epoch 243/500
7428/7428 - 11s - loss: 4.4498e-04 - mean_squared_error: 4.4498e-04 - val_loss: 0.0013 - val_mean_squared_error: 0.0013
Epoch 244/500
7428/7428 - 11s - loss: 3.9621e-04 - mean_squared_error: 3.9621e-04 - val_loss: 1.8935e-04 - val_mean_squared_error: 1.8935e-04
Epoch 245/500
7428/7428 - 10s - loss: 2.7976e-04 - mean_squared_error: 2.7976e-04 - val_loss: 1.5446e-04 - val_mean_squared_error: 1.5446e-04
Epoch 246/500
7428/7428 - 11s - loss: 2.5013e-04 - mean_squared_error: 2.5013e-04 - val_loss: 1.3968e-04 - val_mean_squared_error: 1.3968e-04
Epoch 247/500
7428/7428 - 10s - loss: 2.2804e-04 - mean_squared_error: 2.2804e-04 - val_loss: 1.6758e-04 - val_mean_squared_error: 1.6758e-04
Epoch 248/500
7428/7428 - 10s - loss: 2.0701e-04 - mean_squared_error: 2.0701e-04 - val_loss: 1.1180e-04 - val_mean_squared_error: 1.1180e-04
Epoch 249/500
7428/7428 - 11s - loss: 2.2261e-04 - mean_squared_error: 2.2261e-04 - val_loss: 1.5611e-04 - val_mean_squared_error: 1.5611e-04
Epoch 250/500
7428/7428 - 11s - loss: 1.9824e-04 - mean_squared_error: 1.9824e-04 - val_loss: 1.5352e-04 - val_mean_squared_error: 1.5352e-04
Epoch 251/500
7428/7428 - 10s - loss: 2.1113e-04 - mean_squared_error: 2.1113e-04 - val_loss: 1.9422e-04 - val_mean_squared_error: 1.9422e-04
Epoch 252/500
7428/7428 - 10s - loss: 2.4686e-04 - mean_squared_error: 2.4686e-04 - val_loss: 1.7597e-04 - val_mean_squared_error: 1.7597e-04
Epoch 253/500
7428/7428 - 9s - loss: 2.1352e-04 - mean_squared_error: 2.1352e-04 - val_loss: 2.3401e-04 - val_mean_squared_error: 2.3401e-04
Epoch 254/500
7428/7428 - 10s - loss: 2.3978e-04 - mean_squared_error: 2.3978e-04 - val_loss: 2.7191e-04 - val_mean_squared_error: 2.7191e-04
Epoch 255/500
7428/7428 - 10s - loss: 3.8541e-04 - mean_squared_error: 3.8541e-04 - val_loss: 0.0013 - val_mean_squared_error: 0.0013
Epoch 256/500
7428/7428 - 11s - loss: 3.5224e-04 - mean_squared_error: 3.5224e-04 - val_loss: 1.8977e-04 - val_mean_squared_error: 1.8977e-04
Epoch 257/500
7428/7428 - 10s - loss: 2.5112e-04 - mean_squared_error: 2.5112e-04 - val_loss: 1.5411e-04 - val_mean_squared_error: 1.5411e-04
Epoch 258/500
7428/7428 - 10s - loss: 2.4165e-04 - mean_squared_error: 2.4165e-04 - val_loss: 2.0092e-04 - val_mean_squared_error: 2.0092e-04
Epoch 259/500
7428/7428 - 10s - loss: 1.9306e-04 - mean_squared_error: 1.9306e-04 - val_loss: 1.3599e-04 - val_mean_squared_error: 1.3599e-04
Epoch 260/500
7428/7428 - 10s - loss: 2.0909e-04 - mean_squared_error: 2.0909e-04 - val_loss: 2.8943e-04 - val_mean_squared_error: 2.8943e-04
Epoch 261/500
7428/7428 - 10s - loss: 2.7569e-04 - mean_squared_error: 2.7569e-04 - val_loss: 6.5522e-04 - val_mean_squared_error: 6.5522e-04
Epoch 262/500
7428/7428 - 11s - loss: 2.4847e-04 - mean_squared_error: 2.4847e-04 - val_loss: 1.7790e-04 - val_mean_squared_error: 1.7790e-04
Epoch 263/500
7428/7428 - 10s - loss: 1.9227e-04 - mean_squared_error: 1.9227e-04 - val_loss: 1.1276e-04 - val_mean_squared_error: 1.1276e-04
Epoch 264/500
7428/7428 - 10s - loss: 3.1921e-04 - mean_squared_error: 3.1921e-04 - val_loss: 0.0028 - val_mean_squared_error: 0.0028
Epoch 265/500
7428/7428 - 10s - loss: 4.9882e-04 - mean_squared_error: 4.9882e-04 - val_loss: 1.4188e-04 - val_mean_squared_error: 1.4188e-04
Epoch 266/500
7428/7428 - 10s - loss: 1.8850e-04 - mean_squared_error: 1.8850e-04 - val_loss: 1.7375e-04 - val_mean_squared_error: 1.7375e-04
Epoch 267/500
7428/7428 - 10s - loss: 2.7082e-04 - mean_squared_error: 2.7082e-04 - val_loss: 5.5319e-04 - val_mean_squared_error: 5.5319e-04
Epoch 268/500
7428/7428 - 11s - loss: 3.3694e-04 - mean_squared_error: 3.3694e-04 - val_loss: 1.7341e-04 - val_mean_squared_error: 1.7341e-04
Epoch 269/500
7428/7428 - 10s - loss: 2.4468e-04 - mean_squared_error: 2.4468e-04 - val_loss: 1.3105e-04 - val_mean_squared_error: 1.3105e-04
Epoch 270/500
7428/7428 - 10s - loss: 2.0706e-04 - mean_squared_error: 2.0706e-04 - val_loss: 2.7780e-04 - val_mean_squared_error: 2.7780e-04
Epoch 271/500
7428/7428 - 10s - loss: 2.7332e-04 - mean_squared_error: 2.7332e-04 - val_loss: 2.6290e-04 - val_mean_squared_error: 2.6290e-04
Epoch 272/500
7428/7428 - 9s - loss: 2.3859e-04 - mean_squared_error: 2.3859e-04 - val_loss: 4.8670e-04 - val_mean_squared_error: 4.8670e-04
Epoch 273/500
7428/7428 - 10s - loss: 2.2011e-04 - mean_squared_error: 2.2011e-04 - val_loss: 3.6930e-04 - val_mean_squared_error: 3.6930e-04
Epoch 274/500
7428/7428 - 10s - loss: 2.2959e-04 - mean_squared_error: 2.2959e-04 - val_loss: 1.6656e-04 - val_mean_squared_error: 1.6656e-04
Epoch 275/500
7428/7428 - 10s - loss: 2.4032e-04 - mean_squared_error: 2.4032e-04 - val_loss: 4.4391e-04 - val_mean_squared_error: 4.4391e-04
Epoch 276/500
7428/7428 - 10s - loss: 2.6907e-04 - mean_squared_error: 2.6907e-04 - val_loss: 8.7557e-04 - val_mean_squared_error: 8.7557e-04
Epoch 277/500
7428/7428 - 9s - loss: 2.4572e-04 - mean_squared_error: 2.4572e-04 - val_loss: 1.3198e-04 - val_mean_squared_error: 1.3198e-04
Epoch 278/500
7428/7428 - 10s - loss: 1.7943e-04 - mean_squared_error: 1.7943e-04 - val_loss: 1.0723e-04 - val_mean_squared_error: 1.0723e-04
Epoch 279/500
7428/7428 - 10s - loss: 1.9327e-04 - mean_squared_error: 1.9327e-04 - val_loss: 1.5096e-04 - val_mean_squared_error: 1.5096e-04
Epoch 280/500
7428/7428 - 10s - loss: 2.0856e-04 - mean_squared_error: 2.0856e-04 - val_loss: 1.6881e-04 - val_mean_squared_error: 1.6881e-04
Epoch 281/500
7428/7428 - 10s - loss: 1.9009e-04 - mean_squared_error: 1.9009e-04 - val_loss: 2.2114e-04 - val_mean_squared_error: 2.2114e-04
Epoch 282/500
7428/7428 - 11s - loss: 2.4756e-04 - mean_squared_error: 2.4756e-04 - val_loss: 1.4109e-04 - val_mean_squared_error: 1.4109e-04
Epoch 283/500
7428/7428 - 10s - loss: 3.2332e-04 - mean_squared_error: 3.2332e-04 - val_loss: 1.9223e-04 - val_mean_squared_error: 1.9223e-04
Epoch 284/500
7428/7428 - 10s - loss: 2.0394e-04 - mean_squared_error: 2.0394e-04 - val_loss: 1.0982e-04 - val_mean_squared_error: 1.0982e-04
Epoch 285/500
7428/7428 - 10s - loss: 2.2989e-04 - mean_squared_error: 2.2989e-04 - val_loss: 6.4896e-04 - val_mean_squared_error: 6.4896e-04
Epoch 286/500
7428/7428 - 11s - loss: 2.6198e-04 - mean_squared_error: 2.6198e-04 - val_loss: 2.1485e-04 - val_mean_squared_error: 2.1485e-04
Epoch 287/500
7428/7428 - 10s - loss: 3.3906e-04 - mean_squared_error: 3.3906e-04 - val_loss: 2.9484e-04 - val_mean_squared_error: 2.9484e-04
Epoch 288/500
7428/7428 - 12s - loss: 2.2501e-04 - mean_squared_error: 2.2501e-04 - val_loss: 2.5575e-04 - val_mean_squared_error: 2.5575e-04
Epoch 289/500
7428/7428 - 12s - loss: 2.3009e-04 - mean_squared_error: 2.3009e-04 - val_loss: 2.0635e-04 - val_mean_squared_error: 2.0635e-04
Epoch 290/500
7428/7428 - 12s - loss: 1.9833e-04 - mean_squared_error: 1.9833e-04 - val_loss: 1.2012e-04 - val_mean_squared_error: 1.2012e-04
Epoch 291/500
7428/7428 - 11s - loss: 2.0313e-04 - mean_squared_error: 2.0313e-04 - val_loss: 4.5784e-04 - val_mean_squared_error: 4.5784e-04
Epoch 292/500
7428/7428 - 11s - loss: 2.7718e-04 - mean_squared_error: 2.7718e-04 - val_loss: 1.4804e-04 - val_mean_squared_error: 1.4804e-04
Epoch 293/500
7428/7428 - 10s - loss: 2.3262e-04 - mean_squared_error: 2.3262e-04 - val_loss: 1.4009e-04 - val_mean_squared_error: 1.4009e-04
Epoch 294/500
7428/7428 - 11s - loss: 1.8302e-04 - mean_squared_error: 1.8302e-04 - val_loss: 1.4639e-04 - val_mean_squared_error: 1.4639e-04
Epoch 295/500
7428/7428 - 10s - loss: 2.3464e-04 - mean_squared_error: 2.3464e-04 - val_loss: 1.5045e-04 - val_mean_squared_error: 1.5045e-04
Epoch 296/500
7428/7428 - 10s - loss: 1.6899e-04 - mean_squared_error: 1.6899e-04 - val_loss: 1.2539e-04 - val_mean_squared_error: 1.2539e-04
Epoch 297/500
7428/7428 - 10s - loss: 2.2053e-04 - mean_squared_error: 2.2053e-04 - val_loss: 2.0807e-04 - val_mean_squared_error: 2.0807e-04
Epoch 298/500
7428/7428 - 11s - loss: 2.4453e-04 - mean_squared_error: 2.4453e-04 - val_loss: 4.5809e-04 - val_mean_squared_error: 4.5809e-04
Epoch 299/500
7428/7428 - 10s - loss: 1.7781e-04 - mean_squared_error: 1.7781e-04 - val_loss: 2.1805e-04 - val_mean_squared_error: 2.1805e-04
Epoch 300/500
7428/7428 - 10s - loss: 2.9611e-04 - mean_squared_error: 2.9611e-04 - val_loss: 1.9987e-04 - val_mean_squared_error: 1.9987e-04
Epoch 301/500
7428/7428 - 10s - loss: 2.0225e-04 - mean_squared_error: 2.0225e-04 - val_loss: 2.8370e-04 - val_mean_squared_error: 2.8370e-04
Epoch 302/500
7428/7428 - 11s - loss: 1.7435e-04 - mean_squared_error: 1.7435e-04 - val_loss: 1.0884e-04 - val_mean_squared_error: 1.0884e-04
Epoch 303/500
7428/7428 - 10s - loss: 1.8946e-04 - mean_squared_error: 1.8946e-04 - val_loss: 7.9098e-04 - val_mean_squared_error: 7.9098e-04
Epoch 304/500
7428/7428 - 10s - loss: 2.0664e-04 - mean_squared_error: 2.0664e-04 - val_loss: 1.5065e-04 - val_mean_squared_error: 1.5065e-04
Epoch 305/500
7428/7428 - 10s - loss: 1.7433e-04 - mean_squared_error: 1.7433e-04 - val_loss: 2.0443e-04 - val_mean_squared_error: 2.0443e-04
Epoch 306/500
7428/7428 - 10s - loss: 1.7236e-04 - mean_squared_error: 1.7236e-04 - val_loss: 2.3152e-04 - val_mean_squared_error: 2.3152e-04
Epoch 307/500
7428/7428 - 11s - loss: 2.4698e-04 - mean_squared_error: 2.4698e-04 - val_loss: 2.6216e-04 - val_mean_squared_error: 2.6216e-04
Epoch 308/500
7428/7428 - 10s - loss: 2.2919e-04 - mean_squared_error: 2.2919e-04 - val_loss: 1.3904e-04 - val_mean_squared_error: 1.3904e-04
Epoch 309/500
7428/7428 - 10s - loss: 2.5559e-04 - mean_squared_error: 2.5559e-04 - val_loss: 1.3521e-04 - val_mean_squared_error: 1.3521e-04
Epoch 310/500
7428/7428 - 11s - loss: 1.9679e-04 - mean_squared_error: 1.9679e-04 - val_loss: 1.2204e-04 - val_mean_squared_error: 1.2204e-04
Epoch 311/500
7428/7428 - 11s - loss: 1.5002e-04 - mean_squared_error: 1.5002e-04 - val_loss: 1.3539e-04 - val_mean_squared_error: 1.3539e-04
Epoch 312/500
7428/7428 - 10s - loss: 2.0528e-04 - mean_squared_error: 2.0528e-04 - val_loss: 6.0433e-04 - val_mean_squared_error: 6.0433e-04
Epoch 313/500
7428/7428 - 11s - loss: 2.6985e-04 - mean_squared_error: 2.6985e-04 - val_loss: 1.5279e-04 - val_mean_squared_error: 1.5279e-04
Epoch 314/500
7428/7428 - 10s - loss: 3.9065e-04 - mean_squared_error: 3.9065e-04 - val_loss: 7.0055e-04 - val_mean_squared_error: 7.0055e-04
Epoch 315/500
7428/7428 - 10s - loss: 5.6231e-04 - mean_squared_error: 5.6231e-04 - val_loss: 1.6312e-04 - val_mean_squared_error: 1.6312e-04
Epoch 316/500
7428/7428 - 10s - loss: 2.1227e-04 - mean_squared_error: 2.1227e-04 - val_loss: 1.2121e-04 - val_mean_squared_error: 1.2121e-04
Epoch 317/500
7428/7428 - 11s - loss: 1.9273e-04 - mean_squared_error: 1.9273e-04 - val_loss: 1.2168e-04 - val_mean_squared_error: 1.2168e-04
Epoch 318/500
7428/7428 - 11s - loss: 2.3907e-04 - mean_squared_error: 2.3907e-04 - val_loss: 1.4079e-04 - val_mean_squared_error: 1.4079e-04
Epoch 319/500
7428/7428 - 10s - loss: 1.5362e-04 - mean_squared_error: 1.5362e-04 - val_loss: 1.3801e-04 - val_mean_squared_error: 1.3801e-04
Epoch 320/500
7428/7428 - 10s - loss: 1.6062e-04 - mean_squared_error: 1.6062e-04 - val_loss: 1.5064e-04 - val_mean_squared_error: 1.5064e-04
Epoch 321/500
7428/7428 - 10s - loss: 1.5763e-04 - mean_squared_error: 1.5763e-04 - val_loss: 1.0338e-04 - val_mean_squared_error: 1.0338e-04
Epoch 322/500
7428/7428 - 11s - loss: 1.6737e-04 - mean_squared_error: 1.6737e-04 - val_loss: 1.8993e-04 - val_mean_squared_error: 1.8993e-04
Epoch 323/500
7428/7428 - 11s - loss: 1.6938e-04 - mean_squared_error: 1.6938e-04 - val_loss: 1.2071e-04 - val_mean_squared_error: 1.2071e-04
Epoch 324/500
7428/7428 - 10s - loss: 3.1574e-04 - mean_squared_error: 3.1574e-04 - val_loss: 0.0020 - val_mean_squared_error: 0.0020
Epoch 325/500
7428/7428 - 11s - loss: 4.7559e-04 - mean_squared_error: 4.7559e-04 - val_loss: 1.5892e-04 - val_mean_squared_error: 1.5892e-04
Epoch 326/500
7428/7428 - 10s - loss: 1.9044e-04 - mean_squared_error: 1.9044e-04 - val_loss: 7.7342e-04 - val_mean_squared_error: 7.7342e-04
Epoch 327/500
7428/7428 - 10s - loss: 2.5083e-04 - mean_squared_error: 2.5083e-04 - val_loss: 1.0593e-04 - val_mean_squared_error: 1.0593e-04
Epoch 328/500
7428/7428 - 10s - loss: 1.7497e-04 - mean_squared_error: 1.7497e-04 - val_loss: 1.2169e-04 - val_mean_squared_error: 1.2169e-04
Epoch 329/500
7428/7428 - 11s - loss: 1.7272e-04 - mean_squared_error: 1.7272e-04 - val_loss: 2.0773e-04 - val_mean_squared_error: 2.0773e-04
Epoch 330/500
7428/7428 - 10s - loss: 1.9922e-04 - mean_squared_error: 1.9922e-04 - val_loss: 3.0247e-04 - val_mean_squared_error: 3.0247e-04
Epoch 331/500
7428/7428 - 10s - loss: 1.8785e-04 - mean_squared_error: 1.8785e-04 - val_loss: 1.1206e-04 - val_mean_squared_error: 1.1206e-04
Epoch 332/500
7428/7428 - 10s - loss: 1.7092e-04 - mean_squared_error: 1.7092e-04 - val_loss: 1.2208e-04 - val_mean_squared_error: 1.2208e-04
Epoch 333/500
7428/7428 - 11s - loss: 1.6085e-04 - mean_squared_error: 1.6085e-04 - val_loss: 1.3635e-04 - val_mean_squared_error: 1.3635e-04
Epoch 334/500
7428/7428 - 10s - loss: 1.7389e-04 - mean_squared_error: 1.7389e-04 - val_loss: 1.4079e-04 - val_mean_squared_error: 1.4079e-04
Epoch 335/500
7428/7428 - 10s - loss: 1.4917e-04 - mean_squared_error: 1.4917e-04 - val_loss: 2.9546e-04 - val_mean_squared_error: 2.9546e-04
Epoch 336/500
7428/7428 - 11s - loss: 1.7199e-04 - mean_squared_error: 1.7199e-04 - val_loss: 2.2460e-04 - val_mean_squared_error: 2.2460e-04
Epoch 337/500
7428/7428 - 10s - loss: 1.7568e-04 - mean_squared_error: 1.7568e-04 - val_loss: 2.8927e-04 - val_mean_squared_error: 2.8927e-04
Epoch 338/500
7428/7428 - 10s - loss: 2.2341e-04 - mean_squared_error: 2.2341e-04 - val_loss: 1.6146e-04 - val_mean_squared_error: 1.6146e-04
Epoch 339/500
7428/7428 - 11s - loss: 1.5760e-04 - mean_squared_error: 1.5760e-04 - val_loss: 2.0695e-04 - val_mean_squared_error: 2.0695e-04
Epoch 340/500
7428/7428 - 11s - loss: 1.7714e-04 - mean_squared_error: 1.7714e-04 - val_loss: 2.0468e-04 - val_mean_squared_error: 2.0468e-04
Epoch 341/500
7428/7428 - 10s - loss: 1.9644e-04 - mean_squared_error: 1.9644e-04 - val_loss: 2.4539e-04 - val_mean_squared_error: 2.4539e-04
Epoch 342/500
7428/7428 - 11s - loss: 2.0525e-04 - mean_squared_error: 2.0525e-04 - val_loss: 3.4963e-04 - val_mean_squared_error: 3.4963e-04
Epoch 343/500
7428/7428 - 12s - loss: 2.1117e-04 - mean_squared_error: 2.1117e-04 - val_loss: 2.6213e-04 - val_mean_squared_error: 2.6213e-04
Epoch 344/500
7428/7428 - 10s - loss: 2.9772e-04 - mean_squared_error: 2.9772e-04 - val_loss: 4.0421e-04 - val_mean_squared_error: 4.0421e-04
Epoch 345/500
7428/7428 - 12s - loss: 1.9586e-04 - mean_squared_error: 1.9586e-04 - val_loss: 1.1874e-04 - val_mean_squared_error: 1.1874e-04
Epoch 346/500
7428/7428 - 10s - loss: 1.7025e-04 - mean_squared_error: 1.7025e-04 - val_loss: 5.0302e-04 - val_mean_squared_error: 5.0302e-04
Epoch 347/500
7428/7428 - 12s - loss: 2.2021e-04 - mean_squared_error: 2.2021e-04 - val_loss: 1.7673e-04 - val_mean_squared_error: 1.7673e-04
Epoch 348/500
7428/7428 - 11s - loss: 1.9639e-04 - mean_squared_error: 1.9639e-04 - val_loss: 1.8190e-04 - val_mean_squared_error: 1.8190e-04
Epoch 349/500
7428/7428 - 12s - loss: 2.1495e-04 - mean_squared_error: 2.1495e-04 - val_loss: 2.4206e-04 - val_mean_squared_error: 2.4206e-04
Epoch 350/500
7428/7428 - 10s - loss: 1.8356e-04 - mean_squared_error: 1.8356e-04 - val_loss: 3.8438e-04 - val_mean_squared_error: 3.8438e-04
Epoch 351/500
7428/7428 - 11s - loss: 2.0442e-04 - mean_squared_error: 2.0442e-04 - val_loss: 1.4460e-04 - val_mean_squared_error: 1.4460e-04
Epoch 352/500
7428/7428 - 10s - loss: 1.7286e-04 - mean_squared_error: 1.7286e-04 - val_loss: 1.6277e-04 - val_mean_squared_error: 1.6277e-04
Epoch 353/500
7428/7428 - 10s - loss: 1.7520e-04 - mean_squared_error: 1.7520e-04 - val_loss: 4.2289e-04 - val_mean_squared_error: 4.2289e-04
Epoch 354/500
7428/7428 - 11s - loss: 1.8090e-04 - mean_squared_error: 1.8090e-04 - val_loss: 1.6626e-04 - val_mean_squared_error: 1.6626e-04
Epoch 355/500
7428/7428 - 10s - loss: 2.2881e-04 - mean_squared_error: 2.2881e-04 - val_loss: 1.5991e-04 - val_mean_squared_error: 1.5991e-04
Epoch 356/500
7428/7428 - 10s - loss: 1.8563e-04 - mean_squared_error: 1.8563e-04 - val_loss: 1.8382e-04 - val_mean_squared_error: 1.8382e-04
Epoch 357/500
7428/7428 - 10s - loss: 1.6977e-04 - mean_squared_error: 1.6977e-04 - val_loss: 1.6188e-04 - val_mean_squared_error: 1.6188e-04
Epoch 358/500
7428/7428 - 11s - loss: 2.7649e-04 - mean_squared_error: 2.7649e-04 - val_loss: 7.4933e-04 - val_mean_squared_error: 7.4933e-04
Epoch 359/500
7428/7428 - 10s - loss: 2.7321e-04 - mean_squared_error: 2.7321e-04 - val_loss: 4.6429e-04 - val_mean_squared_error: 4.6429e-04
Epoch 360/500
7428/7428 - 10s - loss: 3.0060e-04 - mean_squared_error: 3.0060e-04 - val_loss: 1.3589e-04 - val_mean_squared_error: 1.3589e-04
Epoch 361/500
7428/7428 - 10s - loss: 2.2864e-04 - mean_squared_error: 2.2864e-04 - val_loss: 2.0820e-04 - val_mean_squared_error: 2.0820e-04
Epoch 362/500
7428/7428 - 12s - loss: 1.8628e-04 - mean_squared_error: 1.8628e-04 - val_loss: 1.2500e-04 - val_mean_squared_error: 1.2500e-04
Epoch 363/500
7428/7428 - 11s - loss: 1.7830e-04 - mean_squared_error: 1.7830e-04 - val_loss: 9.8175e-05 - val_mean_squared_error: 9.8175e-05
Epoch 364/500
7428/7428 - 11s - loss: 2.1036e-04 - mean_squared_error: 2.1036e-04 - val_loss: 1.6835e-04 - val_mean_squared_error: 1.6835e-04
Epoch 365/500
7428/7428 - 11s - loss: 1.6030e-04 - mean_squared_error: 1.6030e-04 - val_loss: 1.2268e-04 - val_mean_squared_error: 1.2268e-04
Epoch 366/500
7428/7428 - 10s - loss: 1.7190e-04 - mean_squared_error: 1.7190e-04 - val_loss: 9.7101e-04 - val_mean_squared_error: 9.7101e-04
Epoch 367/500
7428/7428 - 11s - loss: 2.9453e-04 - mean_squared_error: 2.9453e-04 - val_loss: 1.2440e-04 - val_mean_squared_error: 1.2440e-04
Epoch 368/500
7428/7428 - 10s - loss: 1.7219e-04 - mean_squared_error: 1.7219e-04 - val_loss: 9.1879e-05 - val_mean_squared_error: 9.1879e-05
Epoch 369/500
7428/7428 - 10s - loss: 1.6479e-04 - mean_squared_error: 1.6479e-04 - val_loss: 1.6667e-04 - val_mean_squared_error: 1.6667e-04
Epoch 370/500
7428/7428 - 10s - loss: 2.0742e-04 - mean_squared_error: 2.0742e-04 - val_loss: 1.9503e-04 - val_mean_squared_error: 1.9503e-04
Epoch 371/500
7428/7428 - 11s - loss: 1.7031e-04 - mean_squared_error: 1.7031e-04 - val_loss: 1.9982e-04 - val_mean_squared_error: 1.9982e-04
Epoch 372/500
7428/7428 - 10s - loss: 2.1198e-04 - mean_squared_error: 2.1198e-04 - val_loss: 2.9669e-04 - val_mean_squared_error: 2.9669e-04
Epoch 373/500
7428/7428 - 10s - loss: 1.8410e-04 - mean_squared_error: 1.8410e-04 - val_loss: 1.1121e-04 - val_mean_squared_error: 1.1121e-04
Epoch 374/500
7428/7428 - 11s - loss: 1.4245e-04 - mean_squared_error: 1.4245e-04 - val_loss: 1.3581e-04 - val_mean_squared_error: 1.3581e-04
Epoch 375/500
7428/7428 - 10s - loss: 1.5662e-04 - mean_squared_error: 1.5662e-04 - val_loss: 1.1908e-04 - val_mean_squared_error: 1.1908e-04
Epoch 376/500
7428/7428 - 10s - loss: 1.9175e-04 - mean_squared_error: 1.9175e-04 - val_loss: 1.7447e-04 - val_mean_squared_error: 1.7447e-04
Epoch 377/500
7428/7428 - 11s - loss: 2.2140e-04 - mean_squared_error: 2.2140e-04 - val_loss: 3.0101e-04 - val_mean_squared_error: 3.0101e-04
Epoch 378/500
7428/7428 - 11s - loss: 2.2703e-04 - mean_squared_error: 2.2703e-04 - val_loss: 1.6394e-04 - val_mean_squared_error: 1.6394e-04
Epoch 379/500
7428/7428 - 10s - loss: 2.1622e-04 - mean_squared_error: 2.1622e-04 - val_loss: 1.6034e-04 - val_mean_squared_error: 1.6034e-04
Epoch 380/500
7428/7428 - 10s - loss: 1.7732e-04 - mean_squared_error: 1.7732e-04 - val_loss: 2.4412e-04 - val_mean_squared_error: 2.4412e-04
Epoch 381/500
7428/7428 - 11s - loss: 2.3135e-04 - mean_squared_error: 2.3135e-04 - val_loss: 1.9965e-04 - val_mean_squared_error: 1.9965e-04
Epoch 382/500
7428/7428 - 10s - loss: 1.9431e-04 - mean_squared_error: 1.9431e-04 - val_loss: 3.8813e-04 - val_mean_squared_error: 3.8813e-04
Epoch 383/500
7428/7428 - 10s - loss: 2.0190e-04 - mean_squared_error: 2.0190e-04 - val_loss: 1.9171e-04 - val_mean_squared_error: 1.9171e-04
Epoch 384/500
7428/7428 - 11s - loss: 1.6777e-04 - mean_squared_error: 1.6777e-04 - val_loss: 5.3917e-04 - val_mean_squared_error: 5.3917e-04
Epoch 385/500
7428/7428 - 11s - loss: 2.1647e-04 - mean_squared_error: 2.1647e-04 - val_loss: 2.5829e-04 - val_mean_squared_error: 2.5829e-04
Epoch 386/500
7428/7428 - 10s - loss: 1.6834e-04 - mean_squared_error: 1.6834e-04 - val_loss: 5.0907e-04 - val_mean_squared_error: 5.0907e-04
Epoch 387/500
7428/7428 - 10s - loss: 2.1305e-04 - mean_squared_error: 2.1305e-04 - val_loss: 1.3769e-04 - val_mean_squared_error: 1.3769e-04
Epoch 388/500
7428/7428 - 11s - loss: 2.0305e-04 - mean_squared_error: 2.0305e-04 - val_loss: 3.2088e-04 - val_mean_squared_error: 3.2088e-04
Epoch 389/500
7428/7428 - 10s - loss: 2.5424e-04 - mean_squared_error: 2.5424e-04 - val_loss: 2.4670e-04 - val_mean_squared_error: 2.4670e-04
Epoch 390/500
7428/7428 - 10s - loss: 1.7140e-04 - mean_squared_error: 1.7140e-04 - val_loss: 2.4952e-04 - val_mean_squared_error: 2.4952e-04
Epoch 391/500
7428/7428 - 11s - loss: 3.3572e-04 - mean_squared_error: 3.3572e-04 - val_loss: 7.6382e-04 - val_mean_squared_error: 7.6382e-04
Epoch 392/500
7428/7428 - 11s - loss: 3.9525e-04 - mean_squared_error: 3.9525e-04 - val_loss: 1.3546e-04 - val_mean_squared_error: 1.3546e-04
Epoch 393/500
7428/7428 - 11s - loss: 1.8580e-04 - mean_squared_error: 1.8580e-04 - val_loss: 1.9524e-04 - val_mean_squared_error: 1.9524e-04
Epoch 394/500
7428/7428 - 11s - loss: 2.0778e-04 - mean_squared_error: 2.0778e-04 - val_loss: 2.6036e-04 - val_mean_squared_error: 2.6036e-04
Epoch 395/500
7428/7428 - 10s - loss: 2.1338e-04 - mean_squared_error: 2.1338e-04 - val_loss: 2.5533e-04 - val_mean_squared_error: 2.5533e-04
Epoch 396/500
7428/7428 - 11s - loss: 1.7214e-04 - mean_squared_error: 1.7214e-04 - val_loss: 1.3755e-04 - val_mean_squared_error: 1.3755e-04
Epoch 397/500
7428/7428 - 10s - loss: 1.9060e-04 - mean_squared_error: 1.9060e-04 - val_loss: 1.0629e-04 - val_mean_squared_error: 1.0629e-04
Epoch 398/500
7428/7428 - 10s - loss: 1.4947e-04 - mean_squared_error: 1.4947e-04 - val_loss: 1.4223e-04 - val_mean_squared_error: 1.4223e-04
Epoch 399/500
7428/7428 - 11s - loss: 1.5035e-04 - mean_squared_error: 1.5035e-04 - val_loss: 1.8436e-04 - val_mean_squared_error: 1.8436e-04
Epoch 400/500
7428/7428 - 11s - loss: 1.7558e-04 - mean_squared_error: 1.7558e-04 - val_loss: 3.2844e-04 - val_mean_squared_error: 3.2844e-04
Epoch 401/500
7428/7428 - 10s - loss: 1.8005e-04 - mean_squared_error: 1.8005e-04 - val_loss: 9.1910e-04 - val_mean_squared_error: 9.1910e-04
Epoch 402/500
7428/7428 - 10s - loss: 2.5498e-04 - mean_squared_error: 2.5498e-04 - val_loss: 1.9470e-04 - val_mean_squared_error: 1.9470e-04
Epoch 403/500
7428/7428 - 11s - loss: 1.5392e-04 - mean_squared_error: 1.5392e-04 - val_loss: 1.4089e-04 - val_mean_squared_error: 1.4089e-04
Epoch 404/500
7428/7428 - 11s - loss: 1.7862e-04 - mean_squared_error: 1.7862e-04 - val_loss: 1.1109e-04 - val_mean_squared_error: 1.1109e-04
Epoch 405/500
7428/7428 - 10s - loss: 1.4866e-04 - mean_squared_error: 1.4866e-04 - val_loss: 1.2524e-04 - val_mean_squared_error: 1.2524e-04
Epoch 406/500
7428/7428 - 10s - loss: 1.5207e-04 - mean_squared_error: 1.5207e-04 - val_loss: 1.3669e-04 - val_mean_squared_error: 1.3669e-04
Epoch 407/500
7428/7428 - 12s - loss: 1.6039e-04 - mean_squared_error: 1.6039e-04 - val_loss: 4.8347e-04 - val_mean_squared_error: 4.8347e-04
Epoch 408/500
7428/7428 - 11s - loss: 2.2024e-04 - mean_squared_error: 2.2024e-04 - val_loss: 1.5807e-04 - val_mean_squared_error: 1.5807e-04
Epoch 409/500
7428/7428 - 10s - loss: 1.9185e-04 - mean_squared_error: 1.9185e-04 - val_loss: 2.2454e-04 - val_mean_squared_error: 2.2454e-04
Epoch 410/500
7428/7428 - 11s - loss: 2.9395e-04 - mean_squared_error: 2.9395e-04 - val_loss: 2.7572e-04 - val_mean_squared_error: 2.7572e-04
Epoch 411/500
7428/7428 - 10s - loss: 1.6971e-04 - mean_squared_error: 1.6971e-04 - val_loss: 1.4181e-04 - val_mean_squared_error: 1.4181e-04
Epoch 412/500
7428/7428 - 10s - loss: 1.7919e-04 - mean_squared_error: 1.7919e-04 - val_loss: 0.0013 - val_mean_squared_error: 0.0013
Epoch 413/500
7428/7428 - 11s - loss: 2.3851e-04 - mean_squared_error: 2.3851e-04 - val_loss: 1.1123e-04 - val_mean_squared_error: 1.1123e-04
Epoch 414/500
7428/7428 - 10s - loss: 1.4828e-04 - mean_squared_error: 1.4828e-04 - val_loss: 2.8907e-04 - val_mean_squared_error: 2.8907e-04
Epoch 415/500
7428/7428 - 10s - loss: 1.6661e-04 - mean_squared_error: 1.6661e-04 - val_loss: 3.9060e-04 - val_mean_squared_error: 3.9060e-04
Epoch 416/500
7428/7428 - 11s - loss: 1.4561e-04 - mean_squared_error: 1.4561e-04 - val_loss: 9.6644e-05 - val_mean_squared_error: 9.6644e-05
Epoch 417/500
7428/7428 - 10s - loss: 1.5629e-04 - mean_squared_error: 1.5629e-04 - val_loss: 1.6432e-04 - val_mean_squared_error: 1.6432e-04
Epoch 418/500
7428/7428 - 11s - loss: 1.5039e-04 - mean_squared_error: 1.5039e-04 - val_loss: 1.6911e-04 - val_mean_squared_error: 1.6911e-04
Epoch 419/500
7428/7428 - 11s - loss: 2.8568e-04 - mean_squared_error: 2.8568e-04 - val_loss: 2.0067e-04 - val_mean_squared_error: 2.0067e-04
Epoch 420/500
7428/7428 - 10s - loss: 1.4088e-04 - mean_squared_error: 1.4088e-04 - val_loss: 4.0244e-04 - val_mean_squared_error: 4.0244e-04
Epoch 421/500
7428/7428 - 11s - loss: 1.7768e-04 - mean_squared_error: 1.7768e-04 - val_loss: 4.3538e-04 - val_mean_squared_error: 4.3538e-04
Epoch 422/500
7428/7428 - 10s - loss: 3.3737e-04 - mean_squared_error: 3.3737e-04 - val_loss: 0.0017 - val_mean_squared_error: 0.0017
Epoch 423/500
7428/7428 - 10s - loss: 5.0600e-04 - mean_squared_error: 5.0600e-04 - val_loss: 1.4338e-04 - val_mean_squared_error: 1.4338e-04
Epoch 424/500
7428/7428 - 12s - loss: 2.2971e-04 - mean_squared_error: 2.2971e-04 - val_loss: 9.5162e-05 - val_mean_squared_error: 9.5162e-05
Epoch 425/500
7428/7428 - 12s - loss: 1.5496e-04 - mean_squared_error: 1.5496e-04 - val_loss: 1.5392e-04 - val_mean_squared_error: 1.5392e-04
Epoch 426/500
7428/7428 - 13s - loss: 1.4404e-04 - mean_squared_error: 1.4404e-04 - val_loss: 2.7531e-04 - val_mean_squared_error: 2.7531e-04
Epoch 427/500
7428/7428 - 12s - loss: 1.8282e-04 - mean_squared_error: 1.8282e-04 - val_loss: 1.4376e-04 - val_mean_squared_error: 1.4376e-04
Epoch 428/500
7428/7428 - 11s - loss: 1.4837e-04 - mean_squared_error: 1.4837e-04 - val_loss: 9.3107e-05 - val_mean_squared_error: 9.3107e-05
Epoch 429/500
7428/7428 - 12s - loss: 1.4118e-04 - mean_squared_error: 1.4118e-04 - val_loss: 9.1135e-05 - val_mean_squared_error: 9.1135e-05
Epoch 430/500
7428/7428 - 11s - loss: 2.4025e-04 - mean_squared_error: 2.4025e-04 - val_loss: 4.1133e-04 - val_mean_squared_error: 4.1133e-04
Epoch 431/500
7428/7428 - 12s - loss: 2.4569e-04 - mean_squared_error: 2.4569e-04 - val_loss: 1.7204e-04 - val_mean_squared_error: 1.7204e-04
Epoch 432/500
7428/7428 - 11s - loss: 2.3431e-04 - mean_squared_error: 2.3431e-04 - val_loss: 4.5768e-04 - val_mean_squared_error: 4.5768e-04
Epoch 433/500
7428/7428 - 12s - loss: 2.6222e-04 - mean_squared_error: 2.6222e-04 - val_loss: 1.3144e-04 - val_mean_squared_error: 1.3144e-04
Epoch 434/500
7428/7428 - 10s - loss: 1.5048e-04 - mean_squared_error: 1.5048e-04 - val_loss: 1.3506e-04 - val_mean_squared_error: 1.3506e-04
Epoch 435/500
7428/7428 - 12s - loss: 1.3210e-04 - mean_squared_error: 1.3210e-04 - val_loss: 1.3411e-04 - val_mean_squared_error: 1.3411e-04
Epoch 436/500
7428/7428 - 10s - loss: 1.7113e-04 - mean_squared_error: 1.7113e-04 - val_loss: 9.7832e-05 - val_mean_squared_error: 9.7832e-05
Epoch 437/500
7428/7428 - 11s - loss: 1.7294e-04 - mean_squared_error: 1.7294e-04 - val_loss: 1.2915e-04 - val_mean_squared_error: 1.2915e-04
Epoch 438/500
7428/7428 - 11s - loss: 1.4488e-04 - mean_squared_error: 1.4488e-04 - val_loss: 9.6982e-05 - val_mean_squared_error: 9.6982e-05
Epoch 439/500
7428/7428 - 10s - loss: 1.8176e-04 - mean_squared_error: 1.8176e-04 - val_loss: 2.3651e-04 - val_mean_squared_error: 2.3651e-04
Epoch 440/500
7428/7428 - 11s - loss: 2.2010e-04 - mean_squared_error: 2.2010e-04 - val_loss: 1.6977e-04 - val_mean_squared_error: 1.6977e-04
Epoch 441/500
7428/7428 - 11s - loss: 1.4861e-04 - mean_squared_error: 1.4861e-04 - val_loss: 2.7322e-04 - val_mean_squared_error: 2.7322e-04
Epoch 442/500
7428/7428 - 11s - loss: 1.9809e-04 - mean_squared_error: 1.9809e-04 - val_loss: 2.7725e-04 - val_mean_squared_error: 2.7725e-04
Epoch 443/500
7428/7428 - 12s - loss: 1.8020e-04 - mean_squared_error: 1.8020e-04 - val_loss: 1.6863e-04 - val_mean_squared_error: 1.6863e-04
Epoch 444/500
7428/7428 - 10s - loss: 2.1015e-04 - mean_squared_error: 2.1015e-04 - val_loss: 1.7655e-04 - val_mean_squared_error: 1.7655e-04
Epoch 445/500
7428/7428 - 12s - loss: 2.0573e-04 - mean_squared_error: 2.0573e-04 - val_loss: 4.7616e-04 - val_mean_squared_error: 4.7616e-04
Epoch 446/500
7428/7428 - 12s - loss: 2.3924e-04 - mean_squared_error: 2.3924e-04 - val_loss: 9.0552e-05 - val_mean_squared_error: 9.0552e-05
Epoch 447/500
7428/7428 - 12s - loss: 1.3212e-04 - mean_squared_error: 1.3212e-04 - val_loss: 1.1998e-04 - val_mean_squared_error: 1.1998e-04
Epoch 448/500
7428/7428 - 11s - loss: 1.3437e-04 - mean_squared_error: 1.3437e-04 - val_loss: 1.6070e-04 - val_mean_squared_error: 1.6070e-04
Epoch 449/500
7428/7428 - 11s - loss: 1.2080e-04 - mean_squared_error: 1.2080e-04 - val_loss: 8.7674e-05 - val_mean_squared_error: 8.7674e-05
Epoch 450/500
7428/7428 - 10s - loss: 2.4891e-04 - mean_squared_error: 2.4891e-04 - val_loss: 6.0676e-04 - val_mean_squared_error: 6.0676e-04
Epoch 451/500
7428/7428 - 11s - loss: 2.1892e-04 - mean_squared_error: 2.1892e-04 - val_loss: 2.5900e-04 - val_mean_squared_error: 2.5900e-04
Epoch 452/500
7428/7428 - 9s - loss: 2.1047e-04 - mean_squared_error: 2.1047e-04 - val_loss: 8.9441e-04 - val_mean_squared_error: 8.9441e-04
Epoch 453/500
7428/7428 - 10s - loss: 2.6906e-04 - mean_squared_error: 2.6906e-04 - val_loss: 1.3134e-04 - val_mean_squared_error: 1.3134e-04
Epoch 454/500
7428/7428 - 11s - loss: 1.6641e-04 - mean_squared_error: 1.6641e-04 - val_loss: 1.8386e-04 - val_mean_squared_error: 1.8386e-04
Epoch 455/500
7428/7428 - 10s - loss: 2.1505e-04 - mean_squared_error: 2.1505e-04 - val_loss: 9.4468e-05 - val_mean_squared_error: 9.4468e-05
Epoch 456/500
7428/7428 - 11s - loss: 2.5472e-04 - mean_squared_error: 2.5472e-04 - val_loss: 3.5586e-04 - val_mean_squared_error: 3.5586e-04
Epoch 457/500
7428/7428 - 11s - loss: 2.8201e-04 - mean_squared_error: 2.8201e-04 - val_loss: 1.3231e-04 - val_mean_squared_error: 1.3231e-04
Epoch 458/500
7428/7428 - 10s - loss: 1.8072e-04 - mean_squared_error: 1.8072e-04 - val_loss: 7.1410e-04 - val_mean_squared_error: 7.1410e-04
Epoch 459/500
7428/7428 - 11s - loss: 2.3224e-04 - mean_squared_error: 2.3224e-04 - val_loss: 2.2793e-04 - val_mean_squared_error: 2.2793e-04
Epoch 460/500
7428/7428 - 10s - loss: 1.8172e-04 - mean_squared_error: 1.8172e-04 - val_loss: 6.1059e-04 - val_mean_squared_error: 6.1059e-04
Epoch 461/500
7428/7428 - 9s - loss: 2.1055e-04 - mean_squared_error: 2.1055e-04 - val_loss: 1.2532e-04 - val_mean_squared_error: 1.2532e-04
Epoch 462/500
7428/7428 - 10s - loss: 1.5282e-04 - mean_squared_error: 1.5282e-04 - val_loss: 1.6271e-04 - val_mean_squared_error: 1.6271e-04
Epoch 463/500
7428/7428 - 10s - loss: 1.5203e-04 - mean_squared_error: 1.5203e-04 - val_loss: 1.7907e-04 - val_mean_squared_error: 1.7907e-04
Epoch 464/500
7428/7428 - 9s - loss: 1.6132e-04 - mean_squared_error: 1.6132e-04 - val_loss: 2.0238e-04 - val_mean_squared_error: 2.0238e-04
Epoch 465/500
7428/7428 - 9s - loss: 1.5084e-04 - mean_squared_error: 1.5084e-04 - val_loss: 1.2000e-04 - val_mean_squared_error: 1.2000e-04
Epoch 466/500
7428/7428 - 10s - loss: 1.1865e-04 - mean_squared_error: 1.1865e-04 - val_loss: 1.3808e-04 - val_mean_squared_error: 1.3808e-04
Epoch 467/500
7428/7428 - 11s - loss: 1.3765e-04 - mean_squared_error: 1.3765e-04 - val_loss: 3.3082e-04 - val_mean_squared_error: 3.3082e-04
Epoch 468/500
7428/7428 - 9s - loss: 1.8120e-04 - mean_squared_error: 1.8120e-04 - val_loss: 2.4905e-04 - val_mean_squared_error: 2.4905e-04
Epoch 469/500
7428/7428 - 9s - loss: 1.7328e-04 - mean_squared_error: 1.7328e-04 - val_loss: 2.8227e-04 - val_mean_squared_error: 2.8227e-04
Epoch 470/500
7428/7428 - 9s - loss: 1.6597e-04 - mean_squared_error: 1.6597e-04 - val_loss: 1.4826e-04 - val_mean_squared_error: 1.4826e-04
Epoch 471/500
7428/7428 - 10s - loss: 1.5131e-04 - mean_squared_error: 1.5131e-04 - val_loss: 1.4280e-04 - val_mean_squared_error: 1.4280e-04
Epoch 472/500
7428/7428 - 10s - loss: 1.8657e-04 - mean_squared_error: 1.8657e-04 - val_loss: 3.9127e-04 - val_mean_squared_error: 3.9127e-04
Epoch 473/500
7428/7428 - 10s - loss: 1.5338e-04 - mean_squared_error: 1.5338e-04 - val_loss: 2.8349e-04 - val_mean_squared_error: 2.8349e-04
Epoch 474/500
7428/7428 - 9s - loss: 1.7912e-04 - mean_squared_error: 1.7912e-04 - val_loss: 2.7355e-04 - val_mean_squared_error: 2.7355e-04
Epoch 475/500
7428/7428 - 9s - loss: 1.6526e-04 - mean_squared_error: 1.6526e-04 - val_loss: 3.5364e-04 - val_mean_squared_error: 3.5364e-04
Epoch 476/500
7428/7428 - 9s - loss: 2.1540e-04 - mean_squared_error: 2.1540e-04 - val_loss: 0.0012 - val_mean_squared_error: 0.0012
Epoch 477/500
7428/7428 - 9s - loss: 2.3171e-04 - mean_squared_error: 2.3171e-04 - val_loss: 1.9565e-04 - val_mean_squared_error: 1.9565e-04
Epoch 478/500
7428/7428 - 10s - loss: 1.6363e-04 - mean_squared_error: 1.6363e-04 - val_loss: 2.3630e-04 - val_mean_squared_error: 2.3630e-04
Epoch 479/500
7428/7428 - 10s - loss: 1.7027e-04 - mean_squared_error: 1.7027e-04 - val_loss: 3.1662e-04 - val_mean_squared_error: 3.1662e-04
Epoch 480/500
7428/7428 - 10s - loss: 1.9657e-04 - mean_squared_error: 1.9657e-04 - val_loss: 1.1880e-04 - val_mean_squared_error: 1.1880e-04
Epoch 481/500
7428/7428 - 9s - loss: 1.7263e-04 - mean_squared_error: 1.7263e-04 - val_loss: 2.5256e-04 - val_mean_squared_error: 2.5256e-04
Epoch 482/500
7428/7428 - 9s - loss: 2.0444e-04 - mean_squared_error: 2.0444e-04 - val_loss: 1.3673e-04 - val_mean_squared_error: 1.3673e-04
Epoch 483/500
7428/7428 - 10s - loss: 1.4910e-04 - mean_squared_error: 1.4910e-04 - val_loss: 2.8662e-04 - val_mean_squared_error: 2.8662e-04
Epoch 484/500
7428/7428 - 10s - loss: 1.3439e-04 - mean_squared_error: 1.3439e-04 - val_loss: 8.3961e-05 - val_mean_squared_error: 8.3961e-05
Epoch 485/500
7428/7428 - 9s - loss: 1.6285e-04 - mean_squared_error: 1.6285e-04 - val_loss: 9.7179e-05 - val_mean_squared_error: 9.7179e-05
Epoch 486/500
7428/7428 - 10s - loss: 1.3160e-04 - mean_squared_error: 1.3160e-04 - val_loss: 1.3116e-04 - val_mean_squared_error: 1.3116e-04
Epoch 487/500
7428/7428 - 10s - loss: 3.0975e-04 - mean_squared_error: 3.0975e-04 - val_loss: 7.6280e-04 - val_mean_squared_error: 7.6280e-04
Epoch 488/500
7428/7428 - 9s - loss: 3.2207e-04 - mean_squared_error: 3.2207e-04 - val_loss: 1.9780e-04 - val_mean_squared_error: 1.9780e-04
Epoch 489/500
7428/7428 - 9s - loss: 1.6190e-04 - mean_squared_error: 1.6190e-04 - val_loss: 1.1962e-04 - val_mean_squared_error: 1.1962e-04
Epoch 490/500
7428/7428 - 11s - loss: 1.5407e-04 - mean_squared_error: 1.5407e-04 - val_loss: 3.2384e-04 - val_mean_squared_error: 3.2384e-04
Epoch 491/500
7428/7428 - 10s - loss: 1.4724e-04 - mean_squared_error: 1.4724e-04 - val_loss: 1.1427e-04 - val_mean_squared_error: 1.1427e-04
Epoch 492/500
7428/7428 - 9s - loss: 1.5722e-04 - mean_squared_error: 1.5722e-04 - val_loss: 1.4112e-04 - val_mean_squared_error: 1.4112e-04
Epoch 493/500
7428/7428 - 10s - loss: 1.1023e-04 - mean_squared_error: 1.1023e-04 - val_loss: 2.8688e-04 - val_mean_squared_error: 2.8688e-04
Epoch 494/500
7428/7428 - 10s - loss: 1.3408e-04 - mean_squared_error: 1.3408e-04 - val_loss: 1.2031e-04 - val_mean_squared_error: 1.2031e-04
Epoch 495/500
7428/7428 - 9s - loss: 1.6999e-04 - mean_squared_error: 1.7000e-04 - val_loss: 1.9653e-04 - val_mean_squared_error: 1.9653e-04
Epoch 496/500
7428/7428 - 10s - loss: 1.4689e-04 - mean_squared_error: 1.4689e-04 - val_loss: 5.1454e-04 - val_mean_squared_error: 5.1454e-04
Epoch 497/500
7428/7428 - 11s - loss: 1.8073e-04 - mean_squared_error: 1.8073e-04 - val_loss: 1.4321e-04 - val_mean_squared_error: 1.4321e-04
Epoch 498/500
7428/7428 - 10s - loss: 1.5951e-04 - mean_squared_error: 1.5951e-04 - val_loss: 1.0523e-04 - val_mean_squared_error: 1.0523e-04
Epoch 499/500
7428/7428 - 11s - loss: 1.4820e-04 - mean_squared_error: 1.4820e-04 - val_loss: 1.0991e-04 - val_mean_squared_error: 1.0991e-04
Epoch 500/500
7428/7428 - 10s - loss: 1.5179e-04 - mean_squared_error: 1.5179e-04 - val_loss: 5.1367e-04 - val_mean_squared_error: 5.1367e-04
Being drawing the graph of MODEL LOSS
