WARNING: Logging before flag parsing goes to stderr.
W0221 18:07:30.728176 140336290408256 deprecation.py:506] From /home/zoshs2/anaconda3/envs/tf_gpu/lib/python3.7/site-packages/tensorflow/python/ops/init_ops.py:1251: calling VarianceScaling.__init__ (from tensorflow.python.ops.init_ops) with dtype is deprecated and will be removed in a future version.
Instructions for updating:
Call initializer instance with the dtype argument instead of passing it to the constructor
2020-02-21 18:07:31.981223: I tensorflow/core/platform/cpu_feature_guard.cc:142] Your CPU supports instructions that this TensorFlow binary was not compiled to use: SSE4.1 SSE4.2 AVX AVX2 FMA
2020-02-21 18:07:31.989697: I tensorflow/core/platform/profile_utils/cpu_utils.cc:94] CPU Frequency: 2199870000 Hz
2020-02-21 18:07:31.991861: I tensorflow/compiler/xla/service/service.cc:168] XLA service 0x55d7b9b0a430 executing computations on platform Host. Devices:
2020-02-21 18:07:31.991884: I tensorflow/compiler/xla/service/service.cc:175]   StreamExecutor device (0): <undefined>, <undefined>
2020-02-21 18:07:31.994828: I tensorflow/stream_executor/platform/default/dso_loader.cc:42] Successfully opened dynamic library libcuda.so.1
2020-02-21 18:07:35.564384: I tensorflow/core/common_runtime/gpu/gpu_device.cc:1640] Found device 0 with properties: 
name: Tesla V100-PCIE-16GB major: 7 minor: 0 memoryClockRate(GHz): 1.38
pciBusID: 0000:0c:00.0
2020-02-21 18:07:35.565574: I tensorflow/stream_executor/platform/default/dso_loader.cc:42] Successfully opened dynamic library libcudart.so.10.1
2020-02-21 18:07:35.571211: I tensorflow/stream_executor/platform/default/dso_loader.cc:42] Successfully opened dynamic library libcublas.so.10
2020-02-21 18:07:35.575976: I tensorflow/stream_executor/platform/default/dso_loader.cc:42] Successfully opened dynamic library libcufft.so.10
2020-02-21 18:07:35.577137: I tensorflow/stream_executor/platform/default/dso_loader.cc:42] Successfully opened dynamic library libcurand.so.10
2020-02-21 18:07:35.582117: I tensorflow/stream_executor/platform/default/dso_loader.cc:42] Successfully opened dynamic library libcusolver.so.10
2020-02-21 18:07:35.603342: I tensorflow/stream_executor/platform/default/dso_loader.cc:42] Successfully opened dynamic library libcusparse.so.10
2020-02-21 18:07:35.637970: I tensorflow/stream_executor/platform/default/dso_loader.cc:42] Successfully opened dynamic library libcudnn.so.7
2020-02-21 18:07:35.641633: I tensorflow/core/common_runtime/gpu/gpu_device.cc:1763] Adding visible gpu devices: 0
2020-02-21 18:07:35.641690: I tensorflow/stream_executor/platform/default/dso_loader.cc:42] Successfully opened dynamic library libcudart.so.10.1
2020-02-21 18:07:36.047318: I tensorflow/core/common_runtime/gpu/gpu_device.cc:1181] Device interconnect StreamExecutor with strength 1 edge matrix:
2020-02-21 18:07:36.047373: I tensorflow/core/common_runtime/gpu/gpu_device.cc:1187]      0 
2020-02-21 18:07:36.047390: I tensorflow/core/common_runtime/gpu/gpu_device.cc:1200] 0:   N 
2020-02-21 18:07:36.052178: I tensorflow/core/common_runtime/gpu/gpu_device.cc:1326] Created TensorFlow device (/job:localhost/replica:0/task:0/device:GPU:0 with 15051 MB memory) -> physical GPU (device: 0, name: Tesla V100-PCIE-16GB, pci bus id: 0000:0c:00.0, compute capability: 7.0)
2020-02-21 18:07:36.055297: I tensorflow/compiler/xla/service/service.cc:168] XLA service 0x55d7ba91b370 executing computations on platform CUDA. Devices:
2020-02-21 18:07:36.055327: I tensorflow/compiler/xla/service/service.cc:175]   StreamExecutor device (0): Tesla V100-PCIE-16GB, Compute Capability 7.0
2020-02-21 18:07:38.301662: I tensorflow/stream_executor/platform/default/dso_loader.cc:42] Successfully opened dynamic library libcublas.so.10
2020-02-21 18:07:38.616497: I tensorflow/stream_executor/platform/default/dso_loader.cc:42] Successfully opened dynamic library libcudnn.so.7
Train on 7428 samples, validate on 826 samples
Epoch 1/500
7428/7428 - 21s - loss: 0.0551 - mean_squared_error: 0.0551 - val_loss: 0.1185 - val_mean_squared_error: 0.1185
Epoch 2/500
7428/7428 - 16s - loss: 0.0100 - mean_squared_error: 0.0100 - val_loss: 0.1276 - val_mean_squared_error: 0.1276
Epoch 3/500
7428/7428 - 16s - loss: 0.0080 - mean_squared_error: 0.0080 - val_loss: 0.2110 - val_mean_squared_error: 0.2110
Epoch 4/500
7428/7428 - 15s - loss: 0.0061 - mean_squared_error: 0.0061 - val_loss: 0.1807 - val_mean_squared_error: 0.1807
Epoch 5/500
7428/7428 - 15s - loss: 0.0061 - mean_squared_error: 0.0061 - val_loss: 0.0382 - val_mean_squared_error: 0.0382
Epoch 6/500
7428/7428 - 16s - loss: 0.0063 - mean_squared_error: 0.0063 - val_loss: 0.0087 - val_mean_squared_error: 0.0087
Epoch 7/500
7428/7428 - 14s - loss: 0.0054 - mean_squared_error: 0.0054 - val_loss: 0.0032 - val_mean_squared_error: 0.0032
Epoch 8/500
7428/7428 - 15s - loss: 0.0043 - mean_squared_error: 0.0043 - val_loss: 0.0024 - val_mean_squared_error: 0.0024
Epoch 9/500
7428/7428 - 15s - loss: 0.0064 - mean_squared_error: 0.0064 - val_loss: 0.0037 - val_mean_squared_error: 0.0037
Epoch 10/500
7428/7428 - 14s - loss: 0.0052 - mean_squared_error: 0.0052 - val_loss: 0.0050 - val_mean_squared_error: 0.0050
Epoch 11/500
7428/7428 - 15s - loss: 0.0061 - mean_squared_error: 0.0061 - val_loss: 0.0085 - val_mean_squared_error: 0.0085
Epoch 12/500
7428/7428 - 15s - loss: 0.0052 - mean_squared_error: 0.0052 - val_loss: 0.0055 - val_mean_squared_error: 0.0055
Epoch 13/500
7428/7428 - 14s - loss: 0.0039 - mean_squared_error: 0.0039 - val_loss: 0.0019 - val_mean_squared_error: 0.0019
Epoch 14/500
7428/7428 - 16s - loss: 0.0038 - mean_squared_error: 0.0038 - val_loss: 0.0047 - val_mean_squared_error: 0.0047
Epoch 15/500
7428/7428 - 15s - loss: 0.0059 - mean_squared_error: 0.0059 - val_loss: 0.0113 - val_mean_squared_error: 0.0113
Epoch 16/500
7428/7428 - 14s - loss: 0.0032 - mean_squared_error: 0.0032 - val_loss: 0.0048 - val_mean_squared_error: 0.0048
Epoch 17/500
7428/7428 - 15s - loss: 0.0028 - mean_squared_error: 0.0028 - val_loss: 0.0013 - val_mean_squared_error: 0.0013
Epoch 18/500
7428/7428 - 15s - loss: 0.0025 - mean_squared_error: 0.0025 - val_loss: 0.0021 - val_mean_squared_error: 0.0021
Epoch 19/500
7428/7428 - 14s - loss: 0.0029 - mean_squared_error: 0.0029 - val_loss: 0.0019 - val_mean_squared_error: 0.0019
Epoch 20/500
7428/7428 - 15s - loss: 0.0023 - mean_squared_error: 0.0023 - val_loss: 0.0040 - val_mean_squared_error: 0.0040
Epoch 21/500
7428/7428 - 16s - loss: 0.0028 - mean_squared_error: 0.0028 - val_loss: 0.0016 - val_mean_squared_error: 0.0016
Epoch 22/500
7428/7428 - 13s - loss: 0.0025 - mean_squared_error: 0.0025 - val_loss: 0.0014 - val_mean_squared_error: 0.0014
Epoch 23/500
7428/7428 - 14s - loss: 0.0022 - mean_squared_error: 0.0022 - val_loss: 0.0015 - val_mean_squared_error: 0.0015
Epoch 24/500
7428/7428 - 16s - loss: 0.0027 - mean_squared_error: 0.0027 - val_loss: 0.0017 - val_mean_squared_error: 0.0017
Epoch 25/500
7428/7428 - 15s - loss: 0.0021 - mean_squared_error: 0.0021 - val_loss: 0.0032 - val_mean_squared_error: 0.0032
Epoch 26/500
7428/7428 - 14s - loss: 0.0025 - mean_squared_error: 0.0025 - val_loss: 0.0040 - val_mean_squared_error: 0.0040
Epoch 27/500
7428/7428 - 15s - loss: 0.0036 - mean_squared_error: 0.0036 - val_loss: 0.0014 - val_mean_squared_error: 0.0014
Epoch 28/500
7428/7428 - 15s - loss: 0.0041 - mean_squared_error: 0.0041 - val_loss: 0.0055 - val_mean_squared_error: 0.0055
Epoch 29/500
7428/7428 - 14s - loss: 0.0037 - mean_squared_error: 0.0037 - val_loss: 0.0023 - val_mean_squared_error: 0.0023
Epoch 30/500
7428/7428 - 13s - loss: 0.0028 - mean_squared_error: 0.0028 - val_loss: 0.0023 - val_mean_squared_error: 0.0023
Epoch 31/500
7428/7428 - 15s - loss: 0.0027 - mean_squared_error: 0.0027 - val_loss: 0.0025 - val_mean_squared_error: 0.0025
Epoch 32/500
7428/7428 - 15s - loss: 0.0035 - mean_squared_error: 0.0035 - val_loss: 0.0032 - val_mean_squared_error: 0.0032
Epoch 33/500
7428/7428 - 16s - loss: 0.0019 - mean_squared_error: 0.0019 - val_loss: 8.9213e-04 - val_mean_squared_error: 8.9213e-04
Epoch 34/500
7428/7428 - 15s - loss: 0.0022 - mean_squared_error: 0.0022 - val_loss: 0.0015 - val_mean_squared_error: 0.0015
Epoch 35/500
7428/7428 - 15s - loss: 0.0019 - mean_squared_error: 0.0019 - val_loss: 8.5697e-04 - val_mean_squared_error: 8.5697e-04
Epoch 36/500
7428/7428 - 13s - loss: 0.0017 - mean_squared_error: 0.0017 - val_loss: 8.9566e-04 - val_mean_squared_error: 8.9566e-04
Epoch 37/500
7428/7428 - 13s - loss: 0.0016 - mean_squared_error: 0.0016 - val_loss: 0.0011 - val_mean_squared_error: 0.0011
Epoch 38/500
7428/7428 - 15s - loss: 0.0020 - mean_squared_error: 0.0020 - val_loss: 0.0011 - val_mean_squared_error: 0.0011
Epoch 39/500
7428/7428 - 15s - loss: 0.0013 - mean_squared_error: 0.0013 - val_loss: 0.0012 - val_mean_squared_error: 0.0012
Epoch 40/500
7428/7428 - 13s - loss: 0.0025 - mean_squared_error: 0.0025 - val_loss: 9.2356e-04 - val_mean_squared_error: 9.2356e-04
Epoch 41/500
7428/7428 - 15s - loss: 0.0015 - mean_squared_error: 0.0015 - val_loss: 0.0031 - val_mean_squared_error: 0.0031
Epoch 42/500
7428/7428 - 13s - loss: 0.0034 - mean_squared_error: 0.0034 - val_loss: 0.0037 - val_mean_squared_error: 0.0037
Epoch 43/500
7428/7428 - 16s - loss: 0.0044 - mean_squared_error: 0.0044 - val_loss: 0.0037 - val_mean_squared_error: 0.0037
Epoch 44/500
7428/7428 - 16s - loss: 0.0087 - mean_squared_error: 0.0087 - val_loss: 0.0139 - val_mean_squared_error: 0.0139
Epoch 45/500
7428/7428 - 15s - loss: 0.0037 - mean_squared_error: 0.0037 - val_loss: 0.0038 - val_mean_squared_error: 0.0038
Epoch 46/500
7428/7428 - 14s - loss: 0.0037 - mean_squared_error: 0.0037 - val_loss: 0.0060 - val_mean_squared_error: 0.0060
Epoch 47/500
7428/7428 - 16s - loss: 0.0042 - mean_squared_error: 0.0042 - val_loss: 0.0031 - val_mean_squared_error: 0.0031
Epoch 48/500
7428/7428 - 13s - loss: 0.0044 - mean_squared_error: 0.0044 - val_loss: 0.0057 - val_mean_squared_error: 0.0057
Epoch 49/500
7428/7428 - 14s - loss: 0.0031 - mean_squared_error: 0.0031 - val_loss: 0.0013 - val_mean_squared_error: 0.0013
Epoch 50/500
7428/7428 - 15s - loss: 0.0026 - mean_squared_error: 0.0026 - val_loss: 0.0017 - val_mean_squared_error: 0.0017
Epoch 51/500
7428/7428 - 14s - loss: 0.0026 - mean_squared_error: 0.0026 - val_loss: 0.0020 - val_mean_squared_error: 0.0020
Epoch 52/500
7428/7428 - 13s - loss: 0.0032 - mean_squared_error: 0.0032 - val_loss: 0.0011 - val_mean_squared_error: 0.0011
Epoch 53/500
7428/7428 - 14s - loss: 0.0023 - mean_squared_error: 0.0023 - val_loss: 0.0013 - val_mean_squared_error: 0.0013
Epoch 54/500
7428/7428 - 16s - loss: 0.0033 - mean_squared_error: 0.0033 - val_loss: 0.0024 - val_mean_squared_error: 0.0024
Epoch 55/500
7428/7428 - 16s - loss: 0.0020 - mean_squared_error: 0.0020 - val_loss: 7.8209e-04 - val_mean_squared_error: 7.8209e-04
Epoch 56/500
7428/7428 - 15s - loss: 0.0021 - mean_squared_error: 0.0021 - val_loss: 0.0011 - val_mean_squared_error: 0.0011
Epoch 57/500
7428/7428 - 16s - loss: 0.0028 - mean_squared_error: 0.0028 - val_loss: 0.0015 - val_mean_squared_error: 0.0015
Epoch 58/500
7428/7428 - 14s - loss: 0.0025 - mean_squared_error: 0.0025 - val_loss: 0.0013 - val_mean_squared_error: 0.0013
Epoch 59/500
7428/7428 - 13s - loss: 0.0023 - mean_squared_error: 0.0023 - val_loss: 0.0012 - val_mean_squared_error: 0.0012
Epoch 60/500
7428/7428 - 16s - loss: 0.0019 - mean_squared_error: 0.0019 - val_loss: 7.7837e-04 - val_mean_squared_error: 7.7837e-04
Epoch 61/500
7428/7428 - 14s - loss: 0.0022 - mean_squared_error: 0.0022 - val_loss: 0.0011 - val_mean_squared_error: 0.0011
Epoch 62/500
7428/7428 - 14s - loss: 0.0016 - mean_squared_error: 0.0016 - val_loss: 6.0924e-04 - val_mean_squared_error: 6.0924e-04
Epoch 63/500
7428/7428 - 16s - loss: 0.0015 - mean_squared_error: 0.0015 - val_loss: 6.8877e-04 - val_mean_squared_error: 6.8877e-04
Epoch 64/500
7428/7428 - 16s - loss: 0.0014 - mean_squared_error: 0.0014 - val_loss: 0.0023 - val_mean_squared_error: 0.0023
Epoch 65/500
7428/7428 - 13s - loss: 0.0018 - mean_squared_error: 0.0018 - val_loss: 0.0010 - val_mean_squared_error: 0.0010
Epoch 66/500
7428/7428 - 16s - loss: 0.0025 - mean_squared_error: 0.0025 - val_loss: 0.0022 - val_mean_squared_error: 0.0022
Epoch 67/500
7428/7428 - 14s - loss: 0.0018 - mean_squared_error: 0.0018 - val_loss: 7.9970e-04 - val_mean_squared_error: 7.9970e-04
Epoch 68/500
7428/7428 - 13s - loss: 0.0027 - mean_squared_error: 0.0027 - val_loss: 0.0021 - val_mean_squared_error: 0.0021
Epoch 69/500
7428/7428 - 15s - loss: 0.0023 - mean_squared_error: 0.0023 - val_loss: 0.0017 - val_mean_squared_error: 0.0017
Epoch 70/500
7428/7428 - 14s - loss: 0.0027 - mean_squared_error: 0.0027 - val_loss: 0.0019 - val_mean_squared_error: 0.0019
Epoch 71/500
7428/7428 - 14s - loss: 0.0029 - mean_squared_error: 0.0029 - val_loss: 0.0018 - val_mean_squared_error: 0.0018
Epoch 72/500
7428/7428 - 14s - loss: 0.0020 - mean_squared_error: 0.0020 - val_loss: 9.0907e-04 - val_mean_squared_error: 9.0907e-04
Epoch 73/500
7428/7428 - 15s - loss: 0.0015 - mean_squared_error: 0.0015 - val_loss: 0.0015 - val_mean_squared_error: 0.0015
Epoch 74/500
7428/7428 - 16s - loss: 0.0014 - mean_squared_error: 0.0014 - val_loss: 0.0014 - val_mean_squared_error: 0.0014
Epoch 75/500
7428/7428 - 15s - loss: 0.0014 - mean_squared_error: 0.0014 - val_loss: 8.0732e-04 - val_mean_squared_error: 8.0732e-04
Epoch 76/500
7428/7428 - 16s - loss: 0.0020 - mean_squared_error: 0.0020 - val_loss: 0.0012 - val_mean_squared_error: 0.0012
Epoch 77/500
7428/7428 - 14s - loss: 0.0018 - mean_squared_error: 0.0018 - val_loss: 7.8771e-04 - val_mean_squared_error: 7.8771e-04
Epoch 78/500
7428/7428 - 14s - loss: 0.0016 - mean_squared_error: 0.0016 - val_loss: 5.6101e-04 - val_mean_squared_error: 5.6101e-04
Epoch 79/500
7428/7428 - 16s - loss: 0.0015 - mean_squared_error: 0.0015 - val_loss: 4.8304e-04 - val_mean_squared_error: 4.8304e-04
Epoch 80/500
7428/7428 - 14s - loss: 0.0018 - mean_squared_error: 0.0018 - val_loss: 8.1124e-04 - val_mean_squared_error: 8.1124e-04
Epoch 81/500
7428/7428 - 13s - loss: 0.0013 - mean_squared_error: 0.0013 - val_loss: 5.3698e-04 - val_mean_squared_error: 5.3698e-04
Epoch 82/500
7428/7428 - 13s - loss: 0.0012 - mean_squared_error: 0.0012 - val_loss: 8.2139e-04 - val_mean_squared_error: 8.2139e-04
Epoch 83/500
7428/7428 - 15s - loss: 0.0018 - mean_squared_error: 0.0018 - val_loss: 0.0012 - val_mean_squared_error: 0.0012
Epoch 84/500
7428/7428 - 12s - loss: 0.0026 - mean_squared_error: 0.0026 - val_loss: 0.0017 - val_mean_squared_error: 0.0017
Epoch 85/500
7428/7428 - 12s - loss: 0.0015 - mean_squared_error: 0.0015 - val_loss: 8.5073e-04 - val_mean_squared_error: 8.5073e-04
Epoch 86/500
7428/7428 - 13s - loss: 0.0023 - mean_squared_error: 0.0023 - val_loss: 0.0025 - val_mean_squared_error: 0.0025
Epoch 87/500
7428/7428 - 13s - loss: 0.0014 - mean_squared_error: 0.0014 - val_loss: 6.3875e-04 - val_mean_squared_error: 6.3875e-04
Epoch 88/500
7428/7428 - 14s - loss: 0.0013 - mean_squared_error: 0.0013 - val_loss: 0.0013 - val_mean_squared_error: 0.0013
Epoch 89/500
7428/7428 - 15s - loss: 0.0012 - mean_squared_error: 0.0012 - val_loss: 7.6967e-04 - val_mean_squared_error: 7.6967e-04
Epoch 90/500
7428/7428 - 14s - loss: 0.0011 - mean_squared_error: 0.0011 - val_loss: 0.0015 - val_mean_squared_error: 0.0015
Epoch 91/500
7428/7428 - 15s - loss: 0.0023 - mean_squared_error: 0.0023 - val_loss: 0.0013 - val_mean_squared_error: 0.0013
Epoch 92/500
7428/7428 - 15s - loss: 0.0011 - mean_squared_error: 0.0011 - val_loss: 5.6182e-04 - val_mean_squared_error: 5.6182e-04
Epoch 93/500
7428/7428 - 14s - loss: 9.8321e-04 - mean_squared_error: 9.8321e-04 - val_loss: 7.8996e-04 - val_mean_squared_error: 7.8996e-04
Epoch 94/500
7428/7428 - 14s - loss: 0.0019 - mean_squared_error: 0.0019 - val_loss: 9.7655e-04 - val_mean_squared_error: 9.7655e-04
Epoch 95/500
7428/7428 - 14s - loss: 0.0015 - mean_squared_error: 0.0015 - val_loss: 5.6033e-04 - val_mean_squared_error: 5.6033e-04
Epoch 96/500
7428/7428 - 15s - loss: 0.0011 - mean_squared_error: 0.0011 - val_loss: 9.7126e-04 - val_mean_squared_error: 9.7126e-04
Epoch 97/500
7428/7428 - 14s - loss: 0.0011 - mean_squared_error: 0.0011 - val_loss: 9.3436e-04 - val_mean_squared_error: 9.3436e-04
Epoch 98/500
7428/7428 - 14s - loss: 0.0013 - mean_squared_error: 0.0013 - val_loss: 6.6451e-04 - val_mean_squared_error: 6.6451e-04
Epoch 99/500
7428/7428 - 14s - loss: 0.0012 - mean_squared_error: 0.0012 - val_loss: 5.8490e-04 - val_mean_squared_error: 5.8490e-04
Epoch 100/500
7428/7428 - 16s - loss: 0.0011 - mean_squared_error: 0.0011 - val_loss: 7.2550e-04 - val_mean_squared_error: 7.2550e-04
Epoch 101/500
7428/7428 - 14s - loss: 0.0012 - mean_squared_error: 0.0012 - val_loss: 0.0013 - val_mean_squared_error: 0.0013
Epoch 102/500
7428/7428 - 13s - loss: 9.3837e-04 - mean_squared_error: 9.3837e-04 - val_loss: 6.0745e-04 - val_mean_squared_error: 6.0745e-04
Epoch 103/500
7428/7428 - 13s - loss: 0.0013 - mean_squared_error: 0.0013 - val_loss: 6.2564e-04 - val_mean_squared_error: 6.2564e-04
Epoch 104/500
7428/7428 - 15s - loss: 0.0014 - mean_squared_error: 0.0014 - val_loss: 0.0012 - val_mean_squared_error: 0.0012
Epoch 105/500
7428/7428 - 14s - loss: 0.0012 - mean_squared_error: 0.0012 - val_loss: 7.4500e-04 - val_mean_squared_error: 7.4500e-04
Epoch 106/500
7428/7428 - 13s - loss: 0.0010 - mean_squared_error: 0.0010 - val_loss: 0.0019 - val_mean_squared_error: 0.0019
Epoch 107/500
7428/7428 - 15s - loss: 0.0013 - mean_squared_error: 0.0013 - val_loss: 7.1200e-04 - val_mean_squared_error: 7.1200e-04
Epoch 108/500
7428/7428 - 15s - loss: 0.0011 - mean_squared_error: 0.0011 - val_loss: 8.9375e-04 - val_mean_squared_error: 8.9375e-04
Epoch 109/500
7428/7428 - 16s - loss: 7.5298e-04 - mean_squared_error: 7.5298e-04 - val_loss: 4.0753e-04 - val_mean_squared_error: 4.0753e-04
Epoch 110/500
7428/7428 - 15s - loss: 9.0364e-04 - mean_squared_error: 9.0364e-04 - val_loss: 4.1719e-04 - val_mean_squared_error: 4.1719e-04
Epoch 111/500
7428/7428 - 16s - loss: 0.0012 - mean_squared_error: 0.0012 - val_loss: 5.7195e-04 - val_mean_squared_error: 5.7195e-04
Epoch 112/500
7428/7428 - 14s - loss: 0.0013 - mean_squared_error: 0.0013 - val_loss: 4.9403e-04 - val_mean_squared_error: 4.9403e-04
Epoch 113/500
7428/7428 - 15s - loss: 8.2505e-04 - mean_squared_error: 8.2506e-04 - val_loss: 4.9885e-04 - val_mean_squared_error: 4.9885e-04
Epoch 114/500
7428/7428 - 14s - loss: 6.9301e-04 - mean_squared_error: 6.9301e-04 - val_loss: 3.7142e-04 - val_mean_squared_error: 3.7142e-04
Epoch 115/500
7428/7428 - 15s - loss: 6.2579e-04 - mean_squared_error: 6.2579e-04 - val_loss: 3.7803e-04 - val_mean_squared_error: 3.7803e-04
Epoch 116/500
7428/7428 - 15s - loss: 6.3600e-04 - mean_squared_error: 6.3600e-04 - val_loss: 4.2605e-04 - val_mean_squared_error: 4.2605e-04
Epoch 117/500
7428/7428 - 13s - loss: 7.5243e-04 - mean_squared_error: 7.5243e-04 - val_loss: 4.6026e-04 - val_mean_squared_error: 4.6026e-04
Epoch 118/500
7428/7428 - 13s - loss: 7.0816e-04 - mean_squared_error: 7.0816e-04 - val_loss: 0.0019 - val_mean_squared_error: 0.0019
Epoch 119/500
7428/7428 - 14s - loss: 0.0012 - mean_squared_error: 0.0012 - val_loss: 5.7461e-04 - val_mean_squared_error: 5.7461e-04
Epoch 120/500
7428/7428 - 15s - loss: 7.9148e-04 - mean_squared_error: 7.9148e-04 - val_loss: 4.2808e-04 - val_mean_squared_error: 4.2808e-04
Epoch 121/500
7428/7428 - 14s - loss: 6.6474e-04 - mean_squared_error: 6.6474e-04 - val_loss: 0.0015 - val_mean_squared_error: 0.0015
Epoch 122/500
7428/7428 - 14s - loss: 0.0012 - mean_squared_error: 0.0012 - val_loss: 5.0575e-04 - val_mean_squared_error: 5.0575e-04
Epoch 123/500
7428/7428 - 15s - loss: 6.8746e-04 - mean_squared_error: 6.8746e-04 - val_loss: 5.7649e-04 - val_mean_squared_error: 5.7649e-04
Epoch 124/500
7428/7428 - 13s - loss: 6.9945e-04 - mean_squared_error: 6.9945e-04 - val_loss: 5.9988e-04 - val_mean_squared_error: 5.9988e-04
Epoch 125/500
7428/7428 - 13s - loss: 0.0010 - mean_squared_error: 0.0010 - val_loss: 0.0018 - val_mean_squared_error: 0.0018
Epoch 126/500
7428/7428 - 13s - loss: 0.0023 - mean_squared_error: 0.0023 - val_loss: 0.0036 - val_mean_squared_error: 0.0036
Epoch 127/500
7428/7428 - 16s - loss: 0.0017 - mean_squared_error: 0.0017 - val_loss: 0.0018 - val_mean_squared_error: 0.0018
Epoch 128/500
7428/7428 - 14s - loss: 0.0017 - mean_squared_error: 0.0017 - val_loss: 9.1648e-04 - val_mean_squared_error: 9.1648e-04
Epoch 129/500
7428/7428 - 14s - loss: 0.0011 - mean_squared_error: 0.0011 - val_loss: 5.8451e-04 - val_mean_squared_error: 5.8451e-04
Epoch 130/500
7428/7428 - 14s - loss: 8.8482e-04 - mean_squared_error: 8.8482e-04 - val_loss: 5.6417e-04 - val_mean_squared_error: 5.6417e-04
Epoch 131/500
7428/7428 - 15s - loss: 7.8050e-04 - mean_squared_error: 7.8050e-04 - val_loss: 7.5815e-04 - val_mean_squared_error: 7.5815e-04
Epoch 132/500
7428/7428 - 13s - loss: 7.3746e-04 - mean_squared_error: 7.3746e-04 - val_loss: 4.2299e-04 - val_mean_squared_error: 4.2299e-04
Epoch 133/500
7428/7428 - 14s - loss: 9.4276e-04 - mean_squared_error: 9.4276e-04 - val_loss: 0.0011 - val_mean_squared_error: 0.0011
Epoch 134/500
7428/7428 - 15s - loss: 0.0012 - mean_squared_error: 0.0012 - val_loss: 7.3158e-04 - val_mean_squared_error: 7.3158e-04
Epoch 135/500
7428/7428 - 14s - loss: 9.0015e-04 - mean_squared_error: 9.0015e-04 - val_loss: 6.1061e-04 - val_mean_squared_error: 6.1061e-04
Epoch 136/500
7428/7428 - 14s - loss: 0.0015 - mean_squared_error: 0.0015 - val_loss: 6.1747e-04 - val_mean_squared_error: 6.1747e-04
Epoch 137/500
7428/7428 - 15s - loss: 8.6772e-04 - mean_squared_error: 8.6772e-04 - val_loss: 5.3497e-04 - val_mean_squared_error: 5.3497e-04
Epoch 138/500
7428/7428 - 15s - loss: 6.9396e-04 - mean_squared_error: 6.9396e-04 - val_loss: 6.2115e-04 - val_mean_squared_error: 6.2115e-04
Epoch 139/500
7428/7428 - 14s - loss: 0.0011 - mean_squared_error: 0.0011 - val_loss: 0.0011 - val_mean_squared_error: 0.0011
Epoch 140/500
7428/7428 - 14s - loss: 0.0011 - mean_squared_error: 0.0011 - val_loss: 7.5523e-04 - val_mean_squared_error: 7.5523e-04
Epoch 141/500
7428/7428 - 15s - loss: 8.3731e-04 - mean_squared_error: 8.3731e-04 - val_loss: 6.9419e-04 - val_mean_squared_error: 6.9419e-04
Epoch 142/500
7428/7428 - 14s - loss: 0.0017 - mean_squared_error: 0.0017 - val_loss: 0.0015 - val_mean_squared_error: 0.0015
Epoch 143/500
7428/7428 - 14s - loss: 9.5634e-04 - mean_squared_error: 9.5634e-04 - val_loss: 5.4862e-04 - val_mean_squared_error: 5.4862e-04
Epoch 144/500
7428/7428 - 14s - loss: 8.7773e-04 - mean_squared_error: 8.7773e-04 - val_loss: 6.5540e-04 - val_mean_squared_error: 6.5540e-04
Epoch 145/500
7428/7428 - 16s - loss: 8.4869e-04 - mean_squared_error: 8.4869e-04 - val_loss: 5.9833e-04 - val_mean_squared_error: 5.9833e-04
Epoch 146/500
7428/7428 - 14s - loss: 8.4423e-04 - mean_squared_error: 8.4423e-04 - val_loss: 6.4523e-04 - val_mean_squared_error: 6.4523e-04
Epoch 147/500
7428/7428 - 14s - loss: 0.0012 - mean_squared_error: 0.0012 - val_loss: 4.8318e-04 - val_mean_squared_error: 4.8318e-04
Epoch 148/500
7428/7428 - 14s - loss: 0.0013 - mean_squared_error: 0.0013 - val_loss: 0.0032 - val_mean_squared_error: 0.0032
Epoch 149/500
7428/7428 - 14s - loss: 0.0015 - mean_squared_error: 0.0015 - val_loss: 5.5331e-04 - val_mean_squared_error: 5.5331e-04
Epoch 150/500
7428/7428 - 14s - loss: 6.7640e-04 - mean_squared_error: 6.7640e-04 - val_loss: 5.7437e-04 - val_mean_squared_error: 5.7437e-04
Epoch 151/500
7428/7428 - 13s - loss: 0.0011 - mean_squared_error: 0.0011 - val_loss: 4.6406e-04 - val_mean_squared_error: 4.6406e-04
Epoch 152/500
7428/7428 - 14s - loss: 6.9036e-04 - mean_squared_error: 6.9036e-04 - val_loss: 4.1957e-04 - val_mean_squared_error: 4.1957e-04
Epoch 153/500
7428/7428 - 15s - loss: 6.5175e-04 - mean_squared_error: 6.5175e-04 - val_loss: 3.1283e-04 - val_mean_squared_error: 3.1283e-04
Epoch 154/500
7428/7428 - 15s - loss: 6.1153e-04 - mean_squared_error: 6.1153e-04 - val_loss: 4.1119e-04 - val_mean_squared_error: 4.1119e-04
Epoch 155/500
7428/7428 - 14s - loss: 0.0012 - mean_squared_error: 0.0012 - val_loss: 7.5129e-04 - val_mean_squared_error: 7.5129e-04
Epoch 156/500
7428/7428 - 14s - loss: 0.0011 - mean_squared_error: 0.0011 - val_loss: 8.5186e-04 - val_mean_squared_error: 8.5186e-04
Epoch 157/500
7428/7428 - 12s - loss: 7.2575e-04 - mean_squared_error: 7.2575e-04 - val_loss: 3.5093e-04 - val_mean_squared_error: 3.5093e-04
Epoch 158/500
7428/7428 - 16s - loss: 6.2404e-04 - mean_squared_error: 6.2404e-04 - val_loss: 4.9556e-04 - val_mean_squared_error: 4.9556e-04
Epoch 159/500
7428/7428 - 13s - loss: 6.4546e-04 - mean_squared_error: 6.4546e-04 - val_loss: 4.3724e-04 - val_mean_squared_error: 4.3724e-04
Epoch 160/500
7428/7428 - 15s - loss: 7.6852e-04 - mean_squared_error: 7.6852e-04 - val_loss: 7.9741e-04 - val_mean_squared_error: 7.9741e-04
Epoch 161/500
7428/7428 - 16s - loss: 0.0012 - mean_squared_error: 0.0012 - val_loss: 5.8903e-04 - val_mean_squared_error: 5.8903e-04
Epoch 162/500
7428/7428 - 15s - loss: 7.3605e-04 - mean_squared_error: 7.3605e-04 - val_loss: 6.0120e-04 - val_mean_squared_error: 6.0120e-04
Epoch 163/500
7428/7428 - 15s - loss: 7.8495e-04 - mean_squared_error: 7.8495e-04 - val_loss: 5.4342e-04 - val_mean_squared_error: 5.4342e-04
Epoch 164/500
7428/7428 - 14s - loss: 6.5216e-04 - mean_squared_error: 6.5216e-04 - val_loss: 6.5192e-04 - val_mean_squared_error: 6.5192e-04
Epoch 165/500
7428/7428 - 14s - loss: 0.0014 - mean_squared_error: 0.0014 - val_loss: 0.0010 - val_mean_squared_error: 0.0010
Epoch 166/500
7428/7428 - 16s - loss: 7.6286e-04 - mean_squared_error: 7.6286e-04 - val_loss: 6.1893e-04 - val_mean_squared_error: 6.1893e-04
Epoch 167/500
7428/7428 - 14s - loss: 0.0012 - mean_squared_error: 0.0012 - val_loss: 0.0017 - val_mean_squared_error: 0.0017
Epoch 168/500
7428/7428 - 14s - loss: 0.0011 - mean_squared_error: 0.0011 - val_loss: 4.4826e-04 - val_mean_squared_error: 4.4826e-04
Epoch 169/500
7428/7428 - 14s - loss: 6.2394e-04 - mean_squared_error: 6.2394e-04 - val_loss: 3.0422e-04 - val_mean_squared_error: 3.0422e-04
Epoch 170/500
7428/7428 - 14s - loss: 5.5248e-04 - mean_squared_error: 5.5248e-04 - val_loss: 4.9537e-04 - val_mean_squared_error: 4.9537e-04
Epoch 171/500
7428/7428 - 14s - loss: 7.5631e-04 - mean_squared_error: 7.5631e-04 - val_loss: 3.4685e-04 - val_mean_squared_error: 3.4685e-04
Epoch 172/500
7428/7428 - 13s - loss: 6.4511e-04 - mean_squared_error: 6.4512e-04 - val_loss: 0.0015 - val_mean_squared_error: 0.0015
Epoch 173/500
7428/7428 - 14s - loss: 0.0013 - mean_squared_error: 0.0013 - val_loss: 7.1434e-04 - val_mean_squared_error: 7.1434e-04
Epoch 174/500
7428/7428 - 14s - loss: 9.2983e-04 - mean_squared_error: 9.2983e-04 - val_loss: 3.6964e-04 - val_mean_squared_error: 3.6964e-04
Epoch 175/500
7428/7428 - 13s - loss: 6.6112e-04 - mean_squared_error: 6.6112e-04 - val_loss: 8.6403e-04 - val_mean_squared_error: 8.6403e-04
Epoch 176/500
7428/7428 - 14s - loss: 9.8737e-04 - mean_squared_error: 9.8737e-04 - val_loss: 0.0012 - val_mean_squared_error: 0.0012
Epoch 177/500
7428/7428 - 14s - loss: 0.0010 - mean_squared_error: 0.0010 - val_loss: 4.5802e-04 - val_mean_squared_error: 4.5802e-04
Epoch 178/500
7428/7428 - 13s - loss: 7.2193e-04 - mean_squared_error: 7.2193e-04 - val_loss: 7.2414e-04 - val_mean_squared_error: 7.2414e-04
Epoch 179/500
7428/7428 - 12s - loss: 7.3662e-04 - mean_squared_error: 7.3662e-04 - val_loss: 5.0504e-04 - val_mean_squared_error: 5.0504e-04
Epoch 180/500
7428/7428 - 13s - loss: 7.1381e-04 - mean_squared_error: 7.1381e-04 - val_loss: 6.5834e-04 - val_mean_squared_error: 6.5834e-04
Epoch 181/500
7428/7428 - 14s - loss: 0.0011 - mean_squared_error: 0.0011 - val_loss: 4.8926e-04 - val_mean_squared_error: 4.8926e-04
Epoch 182/500
7428/7428 - 13s - loss: 9.5599e-04 - mean_squared_error: 9.5599e-04 - val_loss: 3.4382e-04 - val_mean_squared_error: 3.4382e-04
Epoch 183/500
7428/7428 - 13s - loss: 6.7946e-04 - mean_squared_error: 6.7946e-04 - val_loss: 7.7396e-04 - val_mean_squared_error: 7.7396e-04
Epoch 184/500
7428/7428 - 14s - loss: 0.0010 - mean_squared_error: 0.0010 - val_loss: 3.1765e-04 - val_mean_squared_error: 3.1765e-04
Epoch 185/500
7428/7428 - 14s - loss: 5.8151e-04 - mean_squared_error: 5.8151e-04 - val_loss: 4.2893e-04 - val_mean_squared_error: 4.2893e-04
Epoch 186/500
7428/7428 - 15s - loss: 8.5763e-04 - mean_squared_error: 8.5763e-04 - val_loss: 5.2378e-04 - val_mean_squared_error: 5.2378e-04
Epoch 187/500
7428/7428 - 14s - loss: 8.2325e-04 - mean_squared_error: 8.2325e-04 - val_loss: 5.5338e-04 - val_mean_squared_error: 5.5338e-04
Epoch 188/500
7428/7428 - 13s - loss: 9.4314e-04 - mean_squared_error: 9.4314e-04 - val_loss: 4.5583e-04 - val_mean_squared_error: 4.5583e-04
Epoch 189/500
7428/7428 - 13s - loss: 0.0011 - mean_squared_error: 0.0011 - val_loss: 5.4994e-04 - val_mean_squared_error: 5.4994e-04
Epoch 190/500
7428/7428 - 14s - loss: 6.0505e-04 - mean_squared_error: 6.0505e-04 - val_loss: 3.1419e-04 - val_mean_squared_error: 3.1419e-04
Epoch 191/500
7428/7428 - 15s - loss: 6.0549e-04 - mean_squared_error: 6.0549e-04 - val_loss: 4.4600e-04 - val_mean_squared_error: 4.4600e-04
Epoch 192/500
7428/7428 - 14s - loss: 8.0539e-04 - mean_squared_error: 8.0539e-04 - val_loss: 6.7324e-04 - val_mean_squared_error: 6.7324e-04
Epoch 193/500
7428/7428 - 14s - loss: 8.6214e-04 - mean_squared_error: 8.6214e-04 - val_loss: 0.0022 - val_mean_squared_error: 0.0022
Epoch 194/500
7428/7428 - 15s - loss: 0.0010 - mean_squared_error: 0.0010 - val_loss: 6.5215e-04 - val_mean_squared_error: 6.5215e-04
Epoch 195/500
7428/7428 - 16s - loss: 0.0012 - mean_squared_error: 0.0012 - val_loss: 5.0739e-04 - val_mean_squared_error: 5.0740e-04
Epoch 196/500
7428/7428 - 14s - loss: 5.7887e-04 - mean_squared_error: 5.7887e-04 - val_loss: 9.1061e-04 - val_mean_squared_error: 9.1061e-04
Epoch 197/500
7428/7428 - 14s - loss: 9.7623e-04 - mean_squared_error: 9.7623e-04 - val_loss: 4.8824e-04 - val_mean_squared_error: 4.8824e-04
Epoch 198/500
7428/7428 - 14s - loss: 6.8758e-04 - mean_squared_error: 6.8758e-04 - val_loss: 3.2636e-04 - val_mean_squared_error: 3.2636e-04
Epoch 199/500
7428/7428 - 14s - loss: 5.2081e-04 - mean_squared_error: 5.2081e-04 - val_loss: 2.6517e-04 - val_mean_squared_error: 2.6517e-04
Epoch 200/500
7428/7428 - 15s - loss: 5.1564e-04 - mean_squared_error: 5.1564e-04 - val_loss: 3.8582e-04 - val_mean_squared_error: 3.8582e-04
Epoch 201/500
7428/7428 - 15s - loss: 4.4329e-04 - mean_squared_error: 4.4329e-04 - val_loss: 6.6648e-04 - val_mean_squared_error: 6.6648e-04
Epoch 202/500
7428/7428 - 16s - loss: 7.1967e-04 - mean_squared_error: 7.1967e-04 - val_loss: 3.5691e-04 - val_mean_squared_error: 3.5691e-04
Epoch 203/500
7428/7428 - 15s - loss: 4.7514e-04 - mean_squared_error: 4.7514e-04 - val_loss: 2.6586e-04 - val_mean_squared_error: 2.6586e-04
Epoch 204/500
7428/7428 - 15s - loss: 4.8808e-04 - mean_squared_error: 4.8808e-04 - val_loss: 3.0960e-04 - val_mean_squared_error: 3.0960e-04
Epoch 205/500
7428/7428 - 14s - loss: 4.4094e-04 - mean_squared_error: 4.4094e-04 - val_loss: 3.3933e-04 - val_mean_squared_error: 3.3933e-04
Epoch 206/500
7428/7428 - 16s - loss: 4.0365e-04 - mean_squared_error: 4.0365e-04 - val_loss: 3.4407e-04 - val_mean_squared_error: 3.4407e-04
Epoch 207/500
7428/7428 - 14s - loss: 5.3181e-04 - mean_squared_error: 5.3181e-04 - val_loss: 4.9296e-04 - val_mean_squared_error: 4.9296e-04
Epoch 208/500
7428/7428 - 14s - loss: 6.5960e-04 - mean_squared_error: 6.5960e-04 - val_loss: 5.1484e-04 - val_mean_squared_error: 5.1484e-04
Epoch 209/500
7428/7428 - 15s - loss: 5.0527e-04 - mean_squared_error: 5.0527e-04 - val_loss: 8.0148e-04 - val_mean_squared_error: 8.0148e-04
Epoch 210/500
7428/7428 - 15s - loss: 9.0015e-04 - mean_squared_error: 9.0015e-04 - val_loss: 3.0596e-04 - val_mean_squared_error: 3.0596e-04
Epoch 211/500
7428/7428 - 13s - loss: 5.3859e-04 - mean_squared_error: 5.3859e-04 - val_loss: 5.9264e-04 - val_mean_squared_error: 5.9264e-04
Epoch 212/500
7428/7428 - 14s - loss: 4.8294e-04 - mean_squared_error: 4.8294e-04 - val_loss: 2.4965e-04 - val_mean_squared_error: 2.4965e-04
Epoch 213/500
7428/7428 - 15s - loss: 3.9387e-04 - mean_squared_error: 3.9387e-04 - val_loss: 2.0719e-04 - val_mean_squared_error: 2.0719e-04
Epoch 214/500
7428/7428 - 16s - loss: 4.8130e-04 - mean_squared_error: 4.8130e-04 - val_loss: 4.0638e-04 - val_mean_squared_error: 4.0638e-04
Epoch 215/500
7428/7428 - 15s - loss: 8.0354e-04 - mean_squared_error: 8.0354e-04 - val_loss: 0.0027 - val_mean_squared_error: 0.0027
Epoch 216/500
7428/7428 - 14s - loss: 0.0017 - mean_squared_error: 0.0017 - val_loss: 0.0027 - val_mean_squared_error: 0.0027
Epoch 217/500
7428/7428 - 13s - loss: 8.8618e-04 - mean_squared_error: 8.8618e-04 - val_loss: 5.2370e-04 - val_mean_squared_error: 5.2370e-04
Epoch 218/500
7428/7428 - 15s - loss: 5.3934e-04 - mean_squared_error: 5.3934e-04 - val_loss: 2.8222e-04 - val_mean_squared_error: 2.8222e-04
Epoch 219/500
7428/7428 - 16s - loss: 5.5955e-04 - mean_squared_error: 5.5955e-04 - val_loss: 3.2096e-04 - val_mean_squared_error: 3.2096e-04
Epoch 220/500
7428/7428 - 14s - loss: 4.9489e-04 - mean_squared_error: 4.9489e-04 - val_loss: 3.2123e-04 - val_mean_squared_error: 3.2123e-04
Epoch 221/500
7428/7428 - 14s - loss: 4.0501e-04 - mean_squared_error: 4.0501e-04 - val_loss: 2.9183e-04 - val_mean_squared_error: 2.9183e-04
Epoch 222/500
7428/7428 - 14s - loss: 4.5906e-04 - mean_squared_error: 4.5906e-04 - val_loss: 4.7111e-04 - val_mean_squared_error: 4.7111e-04
Epoch 223/500
7428/7428 - 15s - loss: 7.3188e-04 - mean_squared_error: 7.3188e-04 - val_loss: 2.9922e-04 - val_mean_squared_error: 2.9922e-04
Epoch 224/500
7428/7428 - 15s - loss: 4.8377e-04 - mean_squared_error: 4.8377e-04 - val_loss: 2.2937e-04 - val_mean_squared_error: 2.2937e-04
Epoch 225/500
7428/7428 - 14s - loss: 4.5820e-04 - mean_squared_error: 4.5820e-04 - val_loss: 2.3381e-04 - val_mean_squared_error: 2.3381e-04
Epoch 226/500
7428/7428 - 14s - loss: 6.7439e-04 - mean_squared_error: 6.7439e-04 - val_loss: 3.7293e-04 - val_mean_squared_error: 3.7293e-04
Epoch 227/500
7428/7428 - 13s - loss: 5.6099e-04 - mean_squared_error: 5.6099e-04 - val_loss: 4.1165e-04 - val_mean_squared_error: 4.1165e-04
Epoch 228/500
7428/7428 - 16s - loss: 4.8823e-04 - mean_squared_error: 4.8823e-04 - val_loss: 4.6736e-04 - val_mean_squared_error: 4.6736e-04
Epoch 229/500
7428/7428 - 16s - loss: 7.3477e-04 - mean_squared_error: 7.3477e-04 - val_loss: 5.1505e-04 - val_mean_squared_error: 5.1505e-04
Epoch 230/500
7428/7428 - 14s - loss: 6.6116e-04 - mean_squared_error: 6.6116e-04 - val_loss: 2.5378e-04 - val_mean_squared_error: 2.5378e-04
Epoch 231/500
7428/7428 - 14s - loss: 8.8249e-04 - mean_squared_error: 8.8249e-04 - val_loss: 6.2267e-04 - val_mean_squared_error: 6.2267e-04
Epoch 232/500
7428/7428 - 16s - loss: 9.3120e-04 - mean_squared_error: 9.3120e-04 - val_loss: 7.0118e-04 - val_mean_squared_error: 7.0118e-04
Epoch 233/500
7428/7428 - 14s - loss: 6.4936e-04 - mean_squared_error: 6.4936e-04 - val_loss: 0.0010 - val_mean_squared_error: 0.0010
Epoch 234/500
7428/7428 - 16s - loss: 9.7437e-04 - mean_squared_error: 9.7437e-04 - val_loss: 3.3025e-04 - val_mean_squared_error: 3.3025e-04
Epoch 235/500
7428/7428 - 15s - loss: 5.1144e-04 - mean_squared_error: 5.1144e-04 - val_loss: 2.5528e-04 - val_mean_squared_error: 2.5528e-04
Epoch 236/500
7428/7428 - 14s - loss: 6.2779e-04 - mean_squared_error: 6.2779e-04 - val_loss: 5.3483e-04 - val_mean_squared_error: 5.3483e-04
Epoch 237/500
7428/7428 - 16s - loss: 6.0001e-04 - mean_squared_error: 6.0001e-04 - val_loss: 2.6750e-04 - val_mean_squared_error: 2.6750e-04
Epoch 238/500
7428/7428 - 14s - loss: 7.2970e-04 - mean_squared_error: 7.2970e-04 - val_loss: 3.6149e-04 - val_mean_squared_error: 3.6149e-04
Epoch 239/500
7428/7428 - 14s - loss: 4.8398e-04 - mean_squared_error: 4.8398e-04 - val_loss: 3.9945e-04 - val_mean_squared_error: 3.9945e-04
Epoch 240/500
7428/7428 - 15s - loss: 6.2358e-04 - mean_squared_error: 6.2358e-04 - val_loss: 3.7846e-04 - val_mean_squared_error: 3.7846e-04
Epoch 241/500
7428/7428 - 16s - loss: 8.7186e-04 - mean_squared_error: 8.7186e-04 - val_loss: 9.1741e-04 - val_mean_squared_error: 9.1741e-04
Epoch 242/500
7428/7428 - 14s - loss: 8.8751e-04 - mean_squared_error: 8.8751e-04 - val_loss: 3.6058e-04 - val_mean_squared_error: 3.6058e-04
Epoch 243/500
7428/7428 - 14s - loss: 7.6419e-04 - mean_squared_error: 7.6419e-04 - val_loss: 3.0944e-04 - val_mean_squared_error: 3.0944e-04
Epoch 244/500
7428/7428 - 15s - loss: 8.4502e-04 - mean_squared_error: 8.4502e-04 - val_loss: 2.7074e-04 - val_mean_squared_error: 2.7074e-04
Epoch 245/500
7428/7428 - 16s - loss: 4.7577e-04 - mean_squared_error: 4.7577e-04 - val_loss: 2.8718e-04 - val_mean_squared_error: 2.8718e-04
Epoch 246/500
7428/7428 - 13s - loss: 4.4281e-04 - mean_squared_error: 4.4281e-04 - val_loss: 2.8733e-04 - val_mean_squared_error: 2.8733e-04
Epoch 247/500
7428/7428 - 13s - loss: 5.3155e-04 - mean_squared_error: 5.3155e-04 - val_loss: 2.3903e-04 - val_mean_squared_error: 2.3903e-04
Epoch 248/500
7428/7428 - 15s - loss: 4.4506e-04 - mean_squared_error: 4.4506e-04 - val_loss: 4.8320e-04 - val_mean_squared_error: 4.8320e-04
Epoch 249/500
7428/7428 - 16s - loss: 5.6250e-04 - mean_squared_error: 5.6250e-04 - val_loss: 2.8294e-04 - val_mean_squared_error: 2.8294e-04
Epoch 250/500
7428/7428 - 15s - loss: 4.2657e-04 - mean_squared_error: 4.2657e-04 - val_loss: 9.0016e-04 - val_mean_squared_error: 9.0016e-04
Epoch 251/500
7428/7428 - 14s - loss: 7.0776e-04 - mean_squared_error: 7.0776e-04 - val_loss: 3.1997e-04 - val_mean_squared_error: 3.1997e-04
Epoch 252/500
7428/7428 - 13s - loss: 4.3915e-04 - mean_squared_error: 4.3915e-04 - val_loss: 2.0730e-04 - val_mean_squared_error: 2.0730e-04
Epoch 253/500
7428/7428 - 16s - loss: 4.1883e-04 - mean_squared_error: 4.1883e-04 - val_loss: 1.9685e-04 - val_mean_squared_error: 1.9685e-04
Epoch 254/500
7428/7428 - 14s - loss: 4.4781e-04 - mean_squared_error: 4.4781e-04 - val_loss: 3.3384e-04 - val_mean_squared_error: 3.3384e-04
Epoch 255/500
7428/7428 - 13s - loss: 6.1165e-04 - mean_squared_error: 6.1165e-04 - val_loss: 2.0073e-04 - val_mean_squared_error: 2.0073e-04
Epoch 256/500
7428/7428 - 14s - loss: 5.3444e-04 - mean_squared_error: 5.3444e-04 - val_loss: 3.3003e-04 - val_mean_squared_error: 3.3003e-04
Epoch 257/500
7428/7428 - 15s - loss: 7.9476e-04 - mean_squared_error: 7.9476e-04 - val_loss: 4.8134e-04 - val_mean_squared_error: 4.8134e-04
Epoch 258/500
7428/7428 - 15s - loss: 5.0378e-04 - mean_squared_error: 5.0378e-04 - val_loss: 3.0411e-04 - val_mean_squared_error: 3.0411e-04
Epoch 259/500
7428/7428 - 14s - loss: 3.8538e-04 - mean_squared_error: 3.8538e-04 - val_loss: 4.0566e-04 - val_mean_squared_error: 4.0566e-04
Epoch 260/500
7428/7428 - 14s - loss: 4.1031e-04 - mean_squared_error: 4.1031e-04 - val_loss: 5.2290e-04 - val_mean_squared_error: 5.2290e-04
Epoch 261/500
7428/7428 - 15s - loss: 3.8059e-04 - mean_squared_error: 3.8059e-04 - val_loss: 6.4825e-04 - val_mean_squared_error: 6.4825e-04
Epoch 262/500
7428/7428 - 15s - loss: 5.3578e-04 - mean_squared_error: 5.3578e-04 - val_loss: 2.0065e-04 - val_mean_squared_error: 2.0065e-04
Epoch 263/500
7428/7428 - 14s - loss: 5.8321e-04 - mean_squared_error: 5.8321e-04 - val_loss: 2.3181e-04 - val_mean_squared_error: 2.3181e-04
Epoch 264/500
7428/7428 - 15s - loss: 4.2831e-04 - mean_squared_error: 4.2831e-04 - val_loss: 7.9244e-04 - val_mean_squared_error: 7.9244e-04
Epoch 265/500
7428/7428 - 15s - loss: 8.0005e-04 - mean_squared_error: 8.0005e-04 - val_loss: 2.4085e-04 - val_mean_squared_error: 2.4085e-04
Epoch 266/500
7428/7428 - 14s - loss: 4.4214e-04 - mean_squared_error: 4.4214e-04 - val_loss: 7.1154e-04 - val_mean_squared_error: 7.1154e-04
Epoch 267/500
7428/7428 - 13s - loss: 5.0938e-04 - mean_squared_error: 5.0938e-04 - val_loss: 2.8125e-04 - val_mean_squared_error: 2.8125e-04
Epoch 268/500
7428/7428 - 14s - loss: 8.0860e-04 - mean_squared_error: 8.0860e-04 - val_loss: 2.7767e-04 - val_mean_squared_error: 2.7767e-04
Epoch 269/500
7428/7428 - 14s - loss: 4.3100e-04 - mean_squared_error: 4.3100e-04 - val_loss: 3.2396e-04 - val_mean_squared_error: 3.2396e-04
Epoch 270/500
7428/7428 - 15s - loss: 4.0264e-04 - mean_squared_error: 4.0264e-04 - val_loss: 2.4512e-04 - val_mean_squared_error: 2.4512e-04
Epoch 271/500
7428/7428 - 14s - loss: 4.5952e-04 - mean_squared_error: 4.5952e-04 - val_loss: 3.1217e-04 - val_mean_squared_error: 3.1217e-04
Epoch 272/500
7428/7428 - 14s - loss: 8.6941e-04 - mean_squared_error: 8.6941e-04 - val_loss: 8.4793e-04 - val_mean_squared_error: 8.4793e-04
Epoch 273/500
7428/7428 - 15s - loss: 6.7423e-04 - mean_squared_error: 6.7423e-04 - val_loss: 6.7607e-04 - val_mean_squared_error: 6.7607e-04
Epoch 274/500
7428/7428 - 13s - loss: 6.8820e-04 - mean_squared_error: 6.8820e-04 - val_loss: 5.3090e-04 - val_mean_squared_error: 5.3090e-04
Epoch 275/500
7428/7428 - 13s - loss: 5.3084e-04 - mean_squared_error: 5.3084e-04 - val_loss: 9.8748e-04 - val_mean_squared_error: 9.8748e-04
Epoch 276/500
7428/7428 - 13s - loss: 7.7800e-04 - mean_squared_error: 7.7800e-04 - val_loss: 4.5312e-04 - val_mean_squared_error: 4.5312e-04
Epoch 277/500
7428/7428 - 15s - loss: 5.4495e-04 - mean_squared_error: 5.4495e-04 - val_loss: 5.4055e-04 - val_mean_squared_error: 5.4055e-04
Epoch 278/500
7428/7428 - 15s - loss: 5.8905e-04 - mean_squared_error: 5.8905e-04 - val_loss: 2.1922e-04 - val_mean_squared_error: 2.1922e-04
Epoch 279/500
7428/7428 - 14s - loss: 3.7050e-04 - mean_squared_error: 3.7050e-04 - val_loss: 2.1500e-04 - val_mean_squared_error: 2.1500e-04
Epoch 280/500
7428/7428 - 14s - loss: 3.6107e-04 - mean_squared_error: 3.6107e-04 - val_loss: 2.0947e-04 - val_mean_squared_error: 2.0947e-04
Epoch 281/500
7428/7428 - 13s - loss: 3.3535e-04 - mean_squared_error: 3.3535e-04 - val_loss: 2.2110e-04 - val_mean_squared_error: 2.2110e-04
Epoch 282/500
7428/7428 - 15s - loss: 3.6588e-04 - mean_squared_error: 3.6588e-04 - val_loss: 3.3798e-04 - val_mean_squared_error: 3.3798e-04
Epoch 283/500
7428/7428 - 16s - loss: 5.1313e-04 - mean_squared_error: 5.1313e-04 - val_loss: 6.5463e-04 - val_mean_squared_error: 6.5463e-04
Epoch 284/500
7428/7428 - 14s - loss: 3.9749e-04 - mean_squared_error: 3.9749e-04 - val_loss: 1.9712e-04 - val_mean_squared_error: 1.9712e-04
Epoch 285/500
7428/7428 - 14s - loss: 3.2865e-04 - mean_squared_error: 3.2865e-04 - val_loss: 3.0634e-04 - val_mean_squared_error: 3.0634e-04
Epoch 286/500
7428/7428 - 14s - loss: 5.0807e-04 - mean_squared_error: 5.0807e-04 - val_loss: 2.5095e-04 - val_mean_squared_error: 2.5095e-04
Epoch 287/500
7428/7428 - 15s - loss: 3.9480e-04 - mean_squared_error: 3.9480e-04 - val_loss: 2.1964e-04 - val_mean_squared_error: 2.1964e-04
Epoch 288/500
7428/7428 - 14s - loss: 4.2064e-04 - mean_squared_error: 4.2064e-04 - val_loss: 7.4266e-04 - val_mean_squared_error: 7.4266e-04
Epoch 289/500
7428/7428 - 14s - loss: 7.9036e-04 - mean_squared_error: 7.9036e-04 - val_loss: 4.2716e-04 - val_mean_squared_error: 4.2716e-04
Epoch 290/500
7428/7428 - 13s - loss: 4.2125e-04 - mean_squared_error: 4.2125e-04 - val_loss: 2.9138e-04 - val_mean_squared_error: 2.9138e-04
Epoch 291/500
7428/7428 - 15s - loss: 4.2613e-04 - mean_squared_error: 4.2613e-04 - val_loss: 4.9480e-04 - val_mean_squared_error: 4.9480e-04
Epoch 292/500
7428/7428 - 14s - loss: 6.8001e-04 - mean_squared_error: 6.8001e-04 - val_loss: 5.1811e-04 - val_mean_squared_error: 5.1811e-04
Epoch 293/500
7428/7428 - 13s - loss: 4.5092e-04 - mean_squared_error: 4.5092e-04 - val_loss: 7.0559e-04 - val_mean_squared_error: 7.0559e-04
Epoch 294/500
7428/7428 - 14s - loss: 3.9248e-04 - mean_squared_error: 3.9248e-04 - val_loss: 3.5741e-04 - val_mean_squared_error: 3.5741e-04
Epoch 295/500
7428/7428 - 15s - loss: 3.9230e-04 - mean_squared_error: 3.9230e-04 - val_loss: 1.8143e-04 - val_mean_squared_error: 1.8143e-04
Epoch 296/500
7428/7428 - 15s - loss: 3.1170e-04 - mean_squared_error: 3.1170e-04 - val_loss: 2.5263e-04 - val_mean_squared_error: 2.5263e-04
Epoch 297/500
7428/7428 - 14s - loss: 3.2694e-04 - mean_squared_error: 3.2694e-04 - val_loss: 2.6454e-04 - val_mean_squared_error: 2.6454e-04
Epoch 298/500
7428/7428 - 14s - loss: 3.9828e-04 - mean_squared_error: 3.9828e-04 - val_loss: 8.0028e-04 - val_mean_squared_error: 8.0028e-04
Epoch 299/500
7428/7428 - 14s - loss: 5.7295e-04 - mean_squared_error: 5.7295e-04 - val_loss: 2.3937e-04 - val_mean_squared_error: 2.3937e-04
Epoch 300/500
7428/7428 - 14s - loss: 4.6088e-04 - mean_squared_error: 4.6088e-04 - val_loss: 1.8070e-04 - val_mean_squared_error: 1.8070e-04
Epoch 301/500
7428/7428 - 17s - loss: 4.3743e-04 - mean_squared_error: 4.3743e-04 - val_loss: 1.8373e-04 - val_mean_squared_error: 1.8373e-04
Epoch 302/500
7428/7428 - 14s - loss: 4.2121e-04 - mean_squared_error: 4.2121e-04 - val_loss: 3.7377e-04 - val_mean_squared_error: 3.7377e-04
Epoch 303/500
7428/7428 - 16s - loss: 5.3556e-04 - mean_squared_error: 5.3556e-04 - val_loss: 3.6438e-04 - val_mean_squared_error: 3.6438e-04
Epoch 304/500
7428/7428 - 13s - loss: 4.8524e-04 - mean_squared_error: 4.8524e-04 - val_loss: 2.3706e-04 - val_mean_squared_error: 2.3706e-04
Epoch 305/500
7428/7428 - 17s - loss: 3.3845e-04 - mean_squared_error: 3.3845e-04 - val_loss: 2.6261e-04 - val_mean_squared_error: 2.6261e-04
Epoch 306/500
7428/7428 - 16s - loss: 3.7390e-04 - mean_squared_error: 3.7390e-04 - val_loss: 2.9806e-04 - val_mean_squared_error: 2.9806e-04
Epoch 307/500
7428/7428 - 15s - loss: 5.4542e-04 - mean_squared_error: 5.4542e-04 - val_loss: 3.4356e-04 - val_mean_squared_error: 3.4356e-04
Epoch 308/500
7428/7428 - 16s - loss: 4.1786e-04 - mean_squared_error: 4.1786e-04 - val_loss: 2.6276e-04 - val_mean_squared_error: 2.6276e-04
Epoch 309/500
7428/7428 - 14s - loss: 3.9732e-04 - mean_squared_error: 3.9732e-04 - val_loss: 4.8557e-04 - val_mean_squared_error: 4.8557e-04
Epoch 310/500
7428/7428 - 14s - loss: 3.2025e-04 - mean_squared_error: 3.2025e-04 - val_loss: 2.1060e-04 - val_mean_squared_error: 2.1060e-04
Epoch 311/500
7428/7428 - 16s - loss: 3.1623e-04 - mean_squared_error: 3.1623e-04 - val_loss: 2.1063e-04 - val_mean_squared_error: 2.1063e-04
Epoch 312/500
7428/7428 - 16s - loss: 3.4266e-04 - mean_squared_error: 3.4266e-04 - val_loss: 6.3720e-04 - val_mean_squared_error: 6.3720e-04
Epoch 313/500
7428/7428 - 15s - loss: 5.1468e-04 - mean_squared_error: 5.1468e-04 - val_loss: 2.5401e-04 - val_mean_squared_error: 2.5401e-04
Epoch 314/500
7428/7428 - 16s - loss: 4.4235e-04 - mean_squared_error: 4.4235e-04 - val_loss: 0.0013 - val_mean_squared_error: 0.0013
Epoch 315/500
7428/7428 - 17s - loss: 0.0014 - mean_squared_error: 0.0014 - val_loss: 6.1230e-04 - val_mean_squared_error: 6.1230e-04
Epoch 316/500
7428/7428 - 15s - loss: 3.7688e-04 - mean_squared_error: 3.7688e-04 - val_loss: 2.1890e-04 - val_mean_squared_error: 2.1890e-04
Epoch 317/500
7428/7428 - 15s - loss: 4.1111e-04 - mean_squared_error: 4.1111e-04 - val_loss: 2.7867e-04 - val_mean_squared_error: 2.7867e-04
Epoch 318/500
7428/7428 - 16s - loss: 3.1711e-04 - mean_squared_error: 3.1711e-04 - val_loss: 2.2568e-04 - val_mean_squared_error: 2.2568e-04
Epoch 319/500
7428/7428 - 15s - loss: 3.1181e-04 - mean_squared_error: 3.1181e-04 - val_loss: 1.5609e-04 - val_mean_squared_error: 1.5609e-04
Epoch 320/500
7428/7428 - 15s - loss: 3.4586e-04 - mean_squared_error: 3.4586e-04 - val_loss: 2.4646e-04 - val_mean_squared_error: 2.4646e-04
Epoch 321/500
7428/7428 - 16s - loss: 4.5652e-04 - mean_squared_error: 4.5652e-04 - val_loss: 6.6741e-04 - val_mean_squared_error: 6.6741e-04
Epoch 322/500
7428/7428 - 14s - loss: 4.0034e-04 - mean_squared_error: 4.0034e-04 - val_loss: 3.0791e-04 - val_mean_squared_error: 3.0791e-04
Epoch 323/500
7428/7428 - 15s - loss: 3.1517e-04 - mean_squared_error: 3.1517e-04 - val_loss: 2.4500e-04 - val_mean_squared_error: 2.4500e-04
Epoch 324/500
7428/7428 - 15s - loss: 3.4980e-04 - mean_squared_error: 3.4980e-04 - val_loss: 5.5892e-04 - val_mean_squared_error: 5.5892e-04
Epoch 325/500
7428/7428 - 16s - loss: 7.1161e-04 - mean_squared_error: 7.1161e-04 - val_loss: 2.9002e-04 - val_mean_squared_error: 2.9002e-04
Epoch 326/500
7428/7428 - 18s - loss: 4.2867e-04 - mean_squared_error: 4.2867e-04 - val_loss: 3.1536e-04 - val_mean_squared_error: 3.1536e-04
Epoch 327/500
7428/7428 - 17s - loss: 8.1778e-04 - mean_squared_error: 8.1778e-04 - val_loss: 2.5642e-04 - val_mean_squared_error: 2.5642e-04
Epoch 328/500
7428/7428 - 15s - loss: 3.6183e-04 - mean_squared_error: 3.6183e-04 - val_loss: 1.9108e-04 - val_mean_squared_error: 1.9108e-04
Epoch 329/500
7428/7428 - 15s - loss: 3.1543e-04 - mean_squared_error: 3.1543e-04 - val_loss: 1.9280e-04 - val_mean_squared_error: 1.9280e-04
Epoch 330/500
7428/7428 - 16s - loss: 3.4714e-04 - mean_squared_error: 3.4714e-04 - val_loss: 1.7921e-04 - val_mean_squared_error: 1.7921e-04
Epoch 331/500
7428/7428 - 16s - loss: 4.6410e-04 - mean_squared_error: 4.6410e-04 - val_loss: 2.5955e-04 - val_mean_squared_error: 2.5955e-04
Epoch 332/500
7428/7428 - 16s - loss: 4.2726e-04 - mean_squared_error: 4.2726e-04 - val_loss: 2.3016e-04 - val_mean_squared_error: 2.3016e-04
Epoch 333/500
7428/7428 - 15s - loss: 3.1968e-04 - mean_squared_error: 3.1968e-04 - val_loss: 1.8821e-04 - val_mean_squared_error: 1.8821e-04
Epoch 334/500
7428/7428 - 16s - loss: 3.5761e-04 - mean_squared_error: 3.5761e-04 - val_loss: 3.6690e-04 - val_mean_squared_error: 3.6690e-04
Epoch 335/500
7428/7428 - 14s - loss: 3.5029e-04 - mean_squared_error: 3.5029e-04 - val_loss: 4.1749e-04 - val_mean_squared_error: 4.1749e-04
Epoch 336/500
7428/7428 - 15s - loss: 4.6225e-04 - mean_squared_error: 4.6225e-04 - val_loss: 2.0889e-04 - val_mean_squared_error: 2.0889e-04
Epoch 337/500
7428/7428 - 15s - loss: 3.1662e-04 - mean_squared_error: 3.1662e-04 - val_loss: 2.3935e-04 - val_mean_squared_error: 2.3935e-04
Epoch 338/500
7428/7428 - 14s - loss: 3.8110e-04 - mean_squared_error: 3.8110e-04 - val_loss: 3.8994e-04 - val_mean_squared_error: 3.8994e-04
Epoch 339/500
7428/7428 - 13s - loss: 3.8269e-04 - mean_squared_error: 3.8269e-04 - val_loss: 2.0273e-04 - val_mean_squared_error: 2.0273e-04
Epoch 340/500
7428/7428 - 14s - loss: 2.6975e-04 - mean_squared_error: 2.6975e-04 - val_loss: 1.7171e-04 - val_mean_squared_error: 1.7171e-04
Epoch 341/500
7428/7428 - 15s - loss: 2.6279e-04 - mean_squared_error: 2.6279e-04 - val_loss: 2.6989e-04 - val_mean_squared_error: 2.6989e-04
Epoch 342/500
7428/7428 - 13s - loss: 4.0162e-04 - mean_squared_error: 4.0162e-04 - val_loss: 4.5884e-04 - val_mean_squared_error: 4.5884e-04
Epoch 343/500
7428/7428 - 13s - loss: 7.2597e-04 - mean_squared_error: 7.2597e-04 - val_loss: 5.5010e-04 - val_mean_squared_error: 5.5010e-04
Epoch 344/500
7428/7428 - 15s - loss: 4.2342e-04 - mean_squared_error: 4.2342e-04 - val_loss: 2.8439e-04 - val_mean_squared_error: 2.8439e-04
Epoch 345/500
7428/7428 - 14s - loss: 3.3228e-04 - mean_squared_error: 3.3228e-04 - val_loss: 2.0370e-04 - val_mean_squared_error: 2.0370e-04
Epoch 346/500
7428/7428 - 15s - loss: 3.3265e-04 - mean_squared_error: 3.3265e-04 - val_loss: 2.8552e-04 - val_mean_squared_error: 2.8552e-04
Epoch 347/500
7428/7428 - 14s - loss: 4.4916e-04 - mean_squared_error: 4.4916e-04 - val_loss: 3.5332e-04 - val_mean_squared_error: 3.5332e-04
Epoch 348/500
7428/7428 - 14s - loss: 3.2498e-04 - mean_squared_error: 3.2498e-04 - val_loss: 4.1283e-04 - val_mean_squared_error: 4.1283e-04
Epoch 349/500
7428/7428 - 16s - loss: 3.0973e-04 - mean_squared_error: 3.0973e-04 - val_loss: 2.1837e-04 - val_mean_squared_error: 2.1837e-04
Epoch 350/500
7428/7428 - 14s - loss: 2.9650e-04 - mean_squared_error: 2.9650e-04 - val_loss: 8.3203e-04 - val_mean_squared_error: 8.3203e-04
Epoch 351/500
7428/7428 - 14s - loss: 5.0301e-04 - mean_squared_error: 5.0301e-04 - val_loss: 2.1269e-04 - val_mean_squared_error: 2.1269e-04
Epoch 352/500
7428/7428 - 13s - loss: 5.7212e-04 - mean_squared_error: 5.7212e-04 - val_loss: 0.0013 - val_mean_squared_error: 0.0013
Epoch 353/500
7428/7428 - 14s - loss: 8.4955e-04 - mean_squared_error: 8.4955e-04 - val_loss: 3.7138e-04 - val_mean_squared_error: 3.7138e-04
Epoch 354/500
7428/7428 - 14s - loss: 4.1081e-04 - mean_squared_error: 4.1081e-04 - val_loss: 2.7134e-04 - val_mean_squared_error: 2.7134e-04
Epoch 355/500
7428/7428 - 13s - loss: 3.5859e-04 - mean_squared_error: 3.5859e-04 - val_loss: 2.6397e-04 - val_mean_squared_error: 2.6397e-04
Epoch 356/500
7428/7428 - 14s - loss: 3.9179e-04 - mean_squared_error: 3.9179e-04 - val_loss: 2.1347e-04 - val_mean_squared_error: 2.1347e-04
Epoch 357/500
7428/7428 - 15s - loss: 3.8227e-04 - mean_squared_error: 3.8227e-04 - val_loss: 5.0979e-04 - val_mean_squared_error: 5.0979e-04
Epoch 358/500
7428/7428 - 14s - loss: 4.7348e-04 - mean_squared_error: 4.7348e-04 - val_loss: 2.6702e-04 - val_mean_squared_error: 2.6702e-04
Epoch 359/500
7428/7428 - 15s - loss: 3.4404e-04 - mean_squared_error: 3.4404e-04 - val_loss: 2.3290e-04 - val_mean_squared_error: 2.3290e-04
Epoch 360/500
7428/7428 - 15s - loss: 5.2092e-04 - mean_squared_error: 5.2092e-04 - val_loss: 3.8633e-04 - val_mean_squared_error: 3.8633e-04
Epoch 361/500
7428/7428 - 16s - loss: 6.9379e-04 - mean_squared_error: 6.9379e-04 - val_loss: 2.9892e-04 - val_mean_squared_error: 2.9892e-04
Epoch 362/500
7428/7428 - 15s - loss: 3.1499e-04 - mean_squared_error: 3.1499e-04 - val_loss: 1.7049e-04 - val_mean_squared_error: 1.7049e-04
Epoch 363/500
7428/7428 - 18s - loss: 2.7000e-04 - mean_squared_error: 2.7000e-04 - val_loss: 1.9759e-04 - val_mean_squared_error: 1.9759e-04
Epoch 364/500
7428/7428 - 17s - loss: 2.9409e-04 - mean_squared_error: 2.9409e-04 - val_loss: 1.8105e-04 - val_mean_squared_error: 1.8105e-04
Epoch 365/500
7428/7428 - 15s - loss: 2.5922e-04 - mean_squared_error: 2.5922e-04 - val_loss: 4.3110e-04 - val_mean_squared_error: 4.3110e-04
Epoch 366/500
7428/7428 - 17s - loss: 4.0048e-04 - mean_squared_error: 4.0048e-04 - val_loss: 5.8727e-04 - val_mean_squared_error: 5.8727e-04
Epoch 367/500
7428/7428 - 15s - loss: 4.7714e-04 - mean_squared_error: 4.7714e-04 - val_loss: 1.9351e-04 - val_mean_squared_error: 1.9351e-04
Epoch 368/500
7428/7428 - 17s - loss: 3.2029e-04 - mean_squared_error: 3.2029e-04 - val_loss: 1.6381e-04 - val_mean_squared_error: 1.6381e-04
Epoch 369/500
7428/7428 - 14s - loss: 3.1506e-04 - mean_squared_error: 3.1506e-04 - val_loss: 2.3910e-04 - val_mean_squared_error: 2.3910e-04
Epoch 370/500
7428/7428 - 14s - loss: 5.5974e-04 - mean_squared_error: 5.5974e-04 - val_loss: 2.8892e-04 - val_mean_squared_error: 2.8892e-04
Epoch 371/500
7428/7428 - 15s - loss: 3.1278e-04 - mean_squared_error: 3.1278e-04 - val_loss: 2.3098e-04 - val_mean_squared_error: 2.3098e-04
Epoch 372/500
7428/7428 - 16s - loss: 3.4279e-04 - mean_squared_error: 3.4279e-04 - val_loss: 2.2126e-04 - val_mean_squared_error: 2.2126e-04
Epoch 373/500
7428/7428 - 14s - loss: 5.1326e-04 - mean_squared_error: 5.1326e-04 - val_loss: 2.4347e-04 - val_mean_squared_error: 2.4347e-04
Epoch 374/500
7428/7428 - 13s - loss: 3.6561e-04 - mean_squared_error: 3.6561e-04 - val_loss: 2.3934e-04 - val_mean_squared_error: 2.3934e-04
Epoch 375/500
7428/7428 - 13s - loss: 3.4821e-04 - mean_squared_error: 3.4821e-04 - val_loss: 5.0511e-04 - val_mean_squared_error: 5.0511e-04
Epoch 376/500
7428/7428 - 14s - loss: 4.9819e-04 - mean_squared_error: 4.9819e-04 - val_loss: 2.8006e-04 - val_mean_squared_error: 2.8006e-04
Epoch 377/500
7428/7428 - 14s - loss: 3.0219e-04 - mean_squared_error: 3.0219e-04 - val_loss: 2.8500e-04 - val_mean_squared_error: 2.8500e-04
Epoch 378/500
7428/7428 - 13s - loss: 5.0258e-04 - mean_squared_error: 5.0258e-04 - val_loss: 2.7520e-04 - val_mean_squared_error: 2.7520e-04
Epoch 379/500
7428/7428 - 13s - loss: 3.2599e-04 - mean_squared_error: 3.2599e-04 - val_loss: 2.8886e-04 - val_mean_squared_error: 2.8886e-04
Epoch 380/500
7428/7428 - 13s - loss: 3.7633e-04 - mean_squared_error: 3.7633e-04 - val_loss: 6.6065e-04 - val_mean_squared_error: 6.6065e-04
Epoch 381/500
7428/7428 - 14s - loss: 5.5701e-04 - mean_squared_error: 5.5701e-04 - val_loss: 3.5160e-04 - val_mean_squared_error: 3.5160e-04
Epoch 382/500
7428/7428 - 14s - loss: 3.2827e-04 - mean_squared_error: 3.2827e-04 - val_loss: 2.3299e-04 - val_mean_squared_error: 2.3299e-04
Epoch 383/500
7428/7428 - 14s - loss: 5.0809e-04 - mean_squared_error: 5.0809e-04 - val_loss: 1.9441e-04 - val_mean_squared_error: 1.9441e-04
Epoch 384/500
7428/7428 - 16s - loss: 3.4726e-04 - mean_squared_error: 3.4726e-04 - val_loss: 4.6033e-04 - val_mean_squared_error: 4.6033e-04
Epoch 385/500
7428/7428 - 13s - loss: 4.0711e-04 - mean_squared_error: 4.0711e-04 - val_loss: 2.1349e-04 - val_mean_squared_error: 2.1349e-04
Epoch 386/500
7428/7428 - 15s - loss: 3.3260e-04 - mean_squared_error: 3.3260e-04 - val_loss: 5.4763e-04 - val_mean_squared_error: 5.4763e-04
Epoch 387/500
7428/7428 - 13s - loss: 6.2348e-04 - mean_squared_error: 6.2348e-04 - val_loss: 4.9303e-04 - val_mean_squared_error: 4.9303e-04
Epoch 388/500
7428/7428 - 14s - loss: 4.6751e-04 - mean_squared_error: 4.6751e-04 - val_loss: 6.1601e-04 - val_mean_squared_error: 6.1601e-04
Epoch 389/500
7428/7428 - 15s - loss: 6.8260e-04 - mean_squared_error: 6.8260e-04 - val_loss: 5.2471e-04 - val_mean_squared_error: 5.2471e-04
Epoch 390/500
7428/7428 - 13s - loss: 5.2534e-04 - mean_squared_error: 5.2534e-04 - val_loss: 4.5340e-04 - val_mean_squared_error: 4.5340e-04
Epoch 391/500
7428/7428 - 13s - loss: 5.8789e-04 - mean_squared_error: 5.8789e-04 - val_loss: 3.6164e-04 - val_mean_squared_error: 3.6164e-04
Epoch 392/500
7428/7428 - 15s - loss: 5.4323e-04 - mean_squared_error: 5.4323e-04 - val_loss: 2.3199e-04 - val_mean_squared_error: 2.3199e-04
Epoch 393/500
7428/7428 - 15s - loss: 3.6745e-04 - mean_squared_error: 3.6745e-04 - val_loss: 2.5997e-04 - val_mean_squared_error: 2.5997e-04
Epoch 394/500
7428/7428 - 16s - loss: 8.2646e-04 - mean_squared_error: 8.2646e-04 - val_loss: 5.3566e-04 - val_mean_squared_error: 5.3566e-04
Epoch 395/500
7428/7428 - 14s - loss: 5.0407e-04 - mean_squared_error: 5.0407e-04 - val_loss: 2.7411e-04 - val_mean_squared_error: 2.7411e-04
Epoch 396/500
7428/7428 - 15s - loss: 3.1756e-04 - mean_squared_error: 3.1756e-04 - val_loss: 1.8696e-04 - val_mean_squared_error: 1.8696e-04
Epoch 397/500
7428/7428 - 13s - loss: 3.2184e-04 - mean_squared_error: 3.2184e-04 - val_loss: 3.6658e-04 - val_mean_squared_error: 3.6658e-04
Epoch 398/500
7428/7428 - 15s - loss: 2.9374e-04 - mean_squared_error: 2.9374e-04 - val_loss: 2.1682e-04 - val_mean_squared_error: 2.1682e-04
Epoch 399/500
7428/7428 - 14s - loss: 2.7606e-04 - mean_squared_error: 2.7606e-04 - val_loss: 1.8508e-04 - val_mean_squared_error: 1.8508e-04
Epoch 400/500
7428/7428 - 13s - loss: 2.7251e-04 - mean_squared_error: 2.7251e-04 - val_loss: 2.1934e-04 - val_mean_squared_error: 2.1934e-04
Epoch 401/500
7428/7428 - 14s - loss: 3.1423e-04 - mean_squared_error: 3.1423e-04 - val_loss: 3.0804e-04 - val_mean_squared_error: 3.0804e-04
Epoch 402/500
7428/7428 - 16s - loss: 6.2845e-04 - mean_squared_error: 6.2845e-04 - val_loss: 3.3912e-04 - val_mean_squared_error: 3.3912e-04
Epoch 403/500
7428/7428 - 16s - loss: 2.9407e-04 - mean_squared_error: 2.9407e-04 - val_loss: 1.8047e-04 - val_mean_squared_error: 1.8047e-04
Epoch 404/500
7428/7428 - 15s - loss: 2.8103e-04 - mean_squared_error: 2.8103e-04 - val_loss: 2.5741e-04 - val_mean_squared_error: 2.5741e-04
Epoch 405/500
7428/7428 - 15s - loss: 2.6647e-04 - mean_squared_error: 2.6647e-04 - val_loss: 1.7089e-04 - val_mean_squared_error: 1.7089e-04
Epoch 406/500
7428/7428 - 14s - loss: 2.6084e-04 - mean_squared_error: 2.6084e-04 - val_loss: 1.6572e-04 - val_mean_squared_error: 1.6572e-04
Epoch 407/500
7428/7428 - 14s - loss: 2.5434e-04 - mean_squared_error: 2.5434e-04 - val_loss: 2.0178e-04 - val_mean_squared_error: 2.0178e-04
Epoch 408/500
7428/7428 - 13s - loss: 3.5882e-04 - mean_squared_error: 3.5882e-04 - val_loss: 2.2394e-04 - val_mean_squared_error: 2.2394e-04
Epoch 409/500
7428/7428 - 14s - loss: 3.0284e-04 - mean_squared_error: 3.0284e-04 - val_loss: 6.9148e-04 - val_mean_squared_error: 6.9148e-04
Epoch 410/500
7428/7428 - 13s - loss: 5.4351e-04 - mean_squared_error: 5.4351e-04 - val_loss: 1.6033e-04 - val_mean_squared_error: 1.6033e-04
Epoch 411/500
7428/7428 - 13s - loss: 2.5460e-04 - mean_squared_error: 2.5460e-04 - val_loss: 1.7372e-04 - val_mean_squared_error: 1.7372e-04
Epoch 412/500
7428/7428 - 15s - loss: 2.8386e-04 - mean_squared_error: 2.8386e-04 - val_loss: 5.8002e-04 - val_mean_squared_error: 5.8002e-04
Epoch 413/500
7428/7428 - 13s - loss: 4.8191e-04 - mean_squared_error: 4.8191e-04 - val_loss: 3.2510e-04 - val_mean_squared_error: 3.2510e-04
Epoch 414/500
7428/7428 - 16s - loss: 2.6617e-04 - mean_squared_error: 2.6617e-04 - val_loss: 1.5472e-04 - val_mean_squared_error: 1.5472e-04
Epoch 415/500
7428/7428 - 14s - loss: 2.3684e-04 - mean_squared_error: 2.3684e-04 - val_loss: 1.4481e-04 - val_mean_squared_error: 1.4481e-04
Epoch 416/500
7428/7428 - 16s - loss: 2.1989e-04 - mean_squared_error: 2.1989e-04 - val_loss: 1.3877e-04 - val_mean_squared_error: 1.3877e-04
Epoch 417/500
7428/7428 - 15s - loss: 2.0433e-04 - mean_squared_error: 2.0433e-04 - val_loss: 1.7117e-04 - val_mean_squared_error: 1.7117e-04
Epoch 418/500
7428/7428 - 14s - loss: 2.4268e-04 - mean_squared_error: 2.4268e-04 - val_loss: 2.3761e-04 - val_mean_squared_error: 2.3761e-04
Epoch 419/500
7428/7428 - 15s - loss: 2.6504e-04 - mean_squared_error: 2.6504e-04 - val_loss: 2.3973e-04 - val_mean_squared_error: 2.3973e-04
Epoch 420/500
7428/7428 - 14s - loss: 2.7751e-04 - mean_squared_error: 2.7751e-04 - val_loss: 1.9778e-04 - val_mean_squared_error: 1.9778e-04
Epoch 421/500
7428/7428 - 14s - loss: 4.6820e-04 - mean_squared_error: 4.6820e-04 - val_loss: 2.9053e-04 - val_mean_squared_error: 2.9053e-04
Epoch 422/500
7428/7428 - 15s - loss: 6.6890e-04 - mean_squared_error: 6.6890e-04 - val_loss: 9.6100e-04 - val_mean_squared_error: 9.6100e-04
Epoch 423/500
7428/7428 - 13s - loss: 0.0011 - mean_squared_error: 0.0011 - val_loss: 4.2516e-04 - val_mean_squared_error: 4.2516e-04
Epoch 424/500
7428/7428 - 13s - loss: 3.4367e-04 - mean_squared_error: 3.4367e-04 - val_loss: 2.2199e-04 - val_mean_squared_error: 2.2199e-04
Epoch 425/500
7428/7428 - 13s - loss: 2.7484e-04 - mean_squared_error: 2.7484e-04 - val_loss: 2.2114e-04 - val_mean_squared_error: 2.2114e-04
Epoch 426/500
7428/7428 - 14s - loss: 2.9996e-04 - mean_squared_error: 2.9996e-04 - val_loss: 3.1536e-04 - val_mean_squared_error: 3.1536e-04
Epoch 427/500
7428/7428 - 14s - loss: 4.0924e-04 - mean_squared_error: 4.0924e-04 - val_loss: 1.7761e-04 - val_mean_squared_error: 1.7761e-04
Epoch 428/500
7428/7428 - 13s - loss: 2.4569e-04 - mean_squared_error: 2.4569e-04 - val_loss: 1.5946e-04 - val_mean_squared_error: 1.5946e-04
Epoch 429/500
7428/7428 - 13s - loss: 3.0013e-04 - mean_squared_error: 3.0013e-04 - val_loss: 0.0011 - val_mean_squared_error: 0.0011
Epoch 430/500
7428/7428 - 13s - loss: 6.9055e-04 - mean_squared_error: 6.9055e-04 - val_loss: 4.8145e-04 - val_mean_squared_error: 4.8145e-04
Epoch 431/500
7428/7428 - 15s - loss: 4.2829e-04 - mean_squared_error: 4.2829e-04 - val_loss: 1.8092e-04 - val_mean_squared_error: 1.8092e-04
Epoch 432/500
7428/7428 - 15s - loss: 3.2043e-04 - mean_squared_error: 3.2043e-04 - val_loss: 1.8408e-04 - val_mean_squared_error: 1.8408e-04
Epoch 433/500
7428/7428 - 13s - loss: 3.4808e-04 - mean_squared_error: 3.4808e-04 - val_loss: 1.6818e-04 - val_mean_squared_error: 1.6818e-04
Epoch 434/500
7428/7428 - 13s - loss: 2.5148e-04 - mean_squared_error: 2.5148e-04 - val_loss: 1.7382e-04 - val_mean_squared_error: 1.7382e-04
Epoch 435/500
7428/7428 - 13s - loss: 2.1019e-04 - mean_squared_error: 2.1019e-04 - val_loss: 1.6240e-04 - val_mean_squared_error: 1.6240e-04
Epoch 436/500
7428/7428 - 14s - loss: 2.5016e-04 - mean_squared_error: 2.5016e-04 - val_loss: 1.4944e-04 - val_mean_squared_error: 1.4944e-04
Epoch 437/500
7428/7428 - 15s - loss: 2.1140e-04 - mean_squared_error: 2.1140e-04 - val_loss: 1.6099e-04 - val_mean_squared_error: 1.6099e-04
Epoch 438/500
7428/7428 - 13s - loss: 2.6305e-04 - mean_squared_error: 2.6305e-04 - val_loss: 1.7512e-04 - val_mean_squared_error: 1.7512e-04
Epoch 439/500
7428/7428 - 13s - loss: 2.8355e-04 - mean_squared_error: 2.8355e-04 - val_loss: 2.6570e-04 - val_mean_squared_error: 2.6570e-04
Epoch 440/500
7428/7428 - 13s - loss: 4.4681e-04 - mean_squared_error: 4.4681e-04 - val_loss: 1.5226e-04 - val_mean_squared_error: 1.5226e-04
Epoch 441/500
7428/7428 - 14s - loss: 2.8378e-04 - mean_squared_error: 2.8378e-04 - val_loss: 9.4524e-04 - val_mean_squared_error: 9.4524e-04
Epoch 442/500
7428/7428 - 14s - loss: 6.3327e-04 - mean_squared_error: 6.3327e-04 - val_loss: 8.6129e-04 - val_mean_squared_error: 8.6129e-04
Epoch 443/500
7428/7428 - 12s - loss: 4.5733e-04 - mean_squared_error: 4.5733e-04 - val_loss: 2.8354e-04 - val_mean_squared_error: 2.8354e-04
Epoch 444/500
7428/7428 - 13s - loss: 3.6553e-04 - mean_squared_error: 3.6553e-04 - val_loss: 4.4102e-04 - val_mean_squared_error: 4.4102e-04
Epoch 445/500
7428/7428 - 13s - loss: 4.4866e-04 - mean_squared_error: 4.4866e-04 - val_loss: 4.6144e-04 - val_mean_squared_error: 4.6144e-04
Epoch 446/500
7428/7428 - 13s - loss: 6.7922e-04 - mean_squared_error: 6.7922e-04 - val_loss: 3.0107e-04 - val_mean_squared_error: 3.0107e-04
Epoch 447/500
7428/7428 - 14s - loss: 3.1313e-04 - mean_squared_error: 3.1313e-04 - val_loss: 2.1351e-04 - val_mean_squared_error: 2.1351e-04
Epoch 448/500
7428/7428 - 15s - loss: 2.6744e-04 - mean_squared_error: 2.6744e-04 - val_loss: 1.4450e-04 - val_mean_squared_error: 1.4450e-04
Epoch 449/500
7428/7428 - 13s - loss: 2.2532e-04 - mean_squared_error: 2.2532e-04 - val_loss: 2.8682e-04 - val_mean_squared_error: 2.8682e-04
Epoch 450/500
7428/7428 - 13s - loss: 4.1100e-04 - mean_squared_error: 4.1100e-04 - val_loss: 3.8559e-04 - val_mean_squared_error: 3.8559e-04
Epoch 451/500
7428/7428 - 14s - loss: 4.5691e-04 - mean_squared_error: 4.5691e-04 - val_loss: 1.9125e-04 - val_mean_squared_error: 1.9125e-04
Epoch 452/500
7428/7428 - 13s - loss: 2.7394e-04 - mean_squared_error: 2.7394e-04 - val_loss: 3.8137e-04 - val_mean_squared_error: 3.8137e-04
Epoch 453/500
7428/7428 - 15s - loss: 4.4750e-04 - mean_squared_error: 4.4750e-04 - val_loss: 1.9928e-04 - val_mean_squared_error: 1.9928e-04
Epoch 454/500
7428/7428 - 14s - loss: 3.3450e-04 - mean_squared_error: 3.3450e-04 - val_loss: 2.8863e-04 - val_mean_squared_error: 2.8863e-04
Epoch 455/500
7428/7428 - 14s - loss: 8.5085e-04 - mean_squared_error: 8.5085e-04 - val_loss: 4.4337e-04 - val_mean_squared_error: 4.4337e-04
Epoch 456/500
7428/7428 - 15s - loss: 4.6407e-04 - mean_squared_error: 4.6407e-04 - val_loss: 4.8671e-04 - val_mean_squared_error: 4.8671e-04
Epoch 457/500
7428/7428 - 14s - loss: 6.2096e-04 - mean_squared_error: 6.2096e-04 - val_loss: 3.5572e-04 - val_mean_squared_error: 3.5572e-04
Epoch 458/500
7428/7428 - 13s - loss: 4.2094e-04 - mean_squared_error: 4.2094e-04 - val_loss: 2.3462e-04 - val_mean_squared_error: 2.3462e-04
Epoch 459/500
7428/7428 - 15s - loss: 4.3457e-04 - mean_squared_error: 4.3457e-04 - val_loss: 2.8828e-04 - val_mean_squared_error: 2.8828e-04
Epoch 460/500
7428/7428 - 13s - loss: 4.0569e-04 - mean_squared_error: 4.0569e-04 - val_loss: 5.2242e-04 - val_mean_squared_error: 5.2242e-04
Epoch 461/500
7428/7428 - 14s - loss: 6.7598e-04 - mean_squared_error: 6.7598e-04 - val_loss: 3.2772e-04 - val_mean_squared_error: 3.2772e-04
Epoch 462/500
7428/7428 - 13s - loss: 3.6323e-04 - mean_squared_error: 3.6323e-04 - val_loss: 2.2466e-04 - val_mean_squared_error: 2.2466e-04
Epoch 463/500
7428/7428 - 14s - loss: 3.4340e-04 - mean_squared_error: 3.4340e-04 - val_loss: 2.2783e-04 - val_mean_squared_error: 2.2783e-04
Epoch 464/500
7428/7428 - 14s - loss: 3.3819e-04 - mean_squared_error: 3.3819e-04 - val_loss: 2.4996e-04 - val_mean_squared_error: 2.4996e-04
Epoch 465/500
7428/7428 - 14s - loss: 3.5170e-04 - mean_squared_error: 3.5170e-04 - val_loss: 2.5324e-04 - val_mean_squared_error: 2.5324e-04
Epoch 466/500
7428/7428 - 16s - loss: 2.3033e-04 - mean_squared_error: 2.3033e-04 - val_loss: 1.8802e-04 - val_mean_squared_error: 1.8802e-04
Epoch 467/500
7428/7428 - 15s - loss: 2.4697e-04 - mean_squared_error: 2.4697e-04 - val_loss: 3.4581e-04 - val_mean_squared_error: 3.4581e-04
Epoch 468/500
7428/7428 - 15s - loss: 3.2540e-04 - mean_squared_error: 3.2540e-04 - val_loss: 3.7696e-04 - val_mean_squared_error: 3.7696e-04
Epoch 469/500
7428/7428 - 16s - loss: 3.4750e-04 - mean_squared_error: 3.4750e-04 - val_loss: 3.1454e-04 - val_mean_squared_error: 3.1454e-04
Epoch 470/500
7428/7428 - 14s - loss: 3.6383e-04 - mean_squared_error: 3.6383e-04 - val_loss: 3.1121e-04 - val_mean_squared_error: 3.1121e-04
Epoch 471/500
7428/7428 - 14s - loss: 3.6869e-04 - mean_squared_error: 3.6869e-04 - val_loss: 2.3525e-04 - val_mean_squared_error: 2.3525e-04
Epoch 472/500
7428/7428 - 14s - loss: 3.0407e-04 - mean_squared_error: 3.0407e-04 - val_loss: 3.1174e-04 - val_mean_squared_error: 3.1174e-04
Epoch 473/500
7428/7428 - 15s - loss: 3.6177e-04 - mean_squared_error: 3.6177e-04 - val_loss: 1.8314e-04 - val_mean_squared_error: 1.8314e-04
Epoch 474/500
7428/7428 - 14s - loss: 4.0973e-04 - mean_squared_error: 4.0973e-04 - val_loss: 2.1497e-04 - val_mean_squared_error: 2.1497e-04
Epoch 475/500
7428/7428 - 13s - loss: 3.6592e-04 - mean_squared_error: 3.6592e-04 - val_loss: 2.9326e-04 - val_mean_squared_error: 2.9326e-04
Epoch 476/500
7428/7428 - 15s - loss: 3.5526e-04 - mean_squared_error: 3.5526e-04 - val_loss: 2.4258e-04 - val_mean_squared_error: 2.4258e-04
Epoch 477/500
7428/7428 - 13s - loss: 5.1487e-04 - mean_squared_error: 5.1487e-04 - val_loss: 2.5217e-04 - val_mean_squared_error: 2.5217e-04
Epoch 478/500
7428/7428 - 12s - loss: 3.1878e-04 - mean_squared_error: 3.1878e-04 - val_loss: 3.3664e-04 - val_mean_squared_error: 3.3664e-04
Epoch 479/500
7428/7428 - 14s - loss: 4.1994e-04 - mean_squared_error: 4.1994e-04 - val_loss: 1.8259e-04 - val_mean_squared_error: 1.8259e-04
Epoch 480/500
7428/7428 - 16s - loss: 2.9870e-04 - mean_squared_error: 2.9870e-04 - val_loss: 5.0132e-04 - val_mean_squared_error: 5.0132e-04
Epoch 481/500
7428/7428 - 17s - loss: 4.8785e-04 - mean_squared_error: 4.8785e-04 - val_loss: 1.9927e-04 - val_mean_squared_error: 1.9927e-04
Epoch 482/500
7428/7428 - 17s - loss: 3.9644e-04 - mean_squared_error: 3.9644e-04 - val_loss: 1.9400e-04 - val_mean_squared_error: 1.9400e-04
Epoch 483/500
7428/7428 - 16s - loss: 3.0007e-04 - mean_squared_error: 3.0007e-04 - val_loss: 1.8336e-04 - val_mean_squared_error: 1.8336e-04
Epoch 484/500
7428/7428 - 16s - loss: 2.5243e-04 - mean_squared_error: 2.5243e-04 - val_loss: 1.8448e-04 - val_mean_squared_error: 1.8448e-04
Epoch 485/500
7428/7428 - 14s - loss: 3.3520e-04 - mean_squared_error: 3.3520e-04 - val_loss: 1.6541e-04 - val_mean_squared_error: 1.6541e-04
Epoch 486/500
7428/7428 - 15s - loss: 3.6417e-04 - mean_squared_error: 3.6417e-04 - val_loss: 2.0652e-04 - val_mean_squared_error: 2.0652e-04
Epoch 487/500
7428/7428 - 14s - loss: 3.4556e-04 - mean_squared_error: 3.4556e-04 - val_loss: 2.0828e-04 - val_mean_squared_error: 2.0828e-04
Epoch 488/500
7428/7428 - 12s - loss: 4.1500e-04 - mean_squared_error: 4.1500e-04 - val_loss: 2.8509e-04 - val_mean_squared_error: 2.8509e-04
Epoch 489/500
7428/7428 - 15s - loss: 2.8196e-04 - mean_squared_error: 2.8196e-04 - val_loss: 2.3390e-04 - val_mean_squared_error: 2.3390e-04
Epoch 490/500
7428/7428 - 14s - loss: 3.2087e-04 - mean_squared_error: 3.2087e-04 - val_loss: 1.7180e-04 - val_mean_squared_error: 1.7180e-04
Epoch 491/500
7428/7428 - 14s - loss: 2.3945e-04 - mean_squared_error: 2.3945e-04 - val_loss: 1.4366e-04 - val_mean_squared_error: 1.4366e-04
Epoch 492/500
7428/7428 - 16s - loss: 2.4860e-04 - mean_squared_error: 2.4860e-04 - val_loss: 1.5945e-04 - val_mean_squared_error: 1.5945e-04
Epoch 493/500
7428/7428 - 14s - loss: 2.5174e-04 - mean_squared_error: 2.5174e-04 - val_loss: 1.7985e-04 - val_mean_squared_error: 1.7985e-04
Epoch 494/500
7428/7428 - 14s - loss: 2.0638e-04 - mean_squared_error: 2.0638e-04 - val_loss: 1.6389e-04 - val_mean_squared_error: 1.6389e-04
Epoch 495/500
7428/7428 - 14s - loss: 2.2715e-04 - mean_squared_error: 2.2715e-04 - val_loss: 3.9637e-04 - val_mean_squared_error: 3.9637e-04
Epoch 496/500
7428/7428 - 16s - loss: 4.0322e-04 - mean_squared_error: 4.0322e-04 - val_loss: 3.1671e-04 - val_mean_squared_error: 3.1671e-04
Epoch 497/500
7428/7428 - 14s - loss: 3.1833e-04 - mean_squared_error: 3.1833e-04 - val_loss: 2.6561e-04 - val_mean_squared_error: 2.6561e-04
Epoch 498/500
7428/7428 - 14s - loss: 3.4787e-04 - mean_squared_error: 3.4787e-04 - val_loss: 2.4360e-04 - val_mean_squared_error: 2.4360e-04
Epoch 499/500
7428/7428 - 13s - loss: 5.1851e-04 - mean_squared_error: 5.1851e-04 - val_loss: 2.2967e-04 - val_mean_squared_error: 2.2967e-04
Epoch 500/500
7428/7428 - 14s - loss: 2.8901e-04 - mean_squared_error: 2.8901e-04 - val_loss: 3.2894e-04 - val_mean_squared_error: 3.2894e-04
Being drawing the graph of MODEL LOSS
