WARNING: Logging before flag parsing goes to stderr.
W0221 18:07:41.724091 140226130233152 deprecation.py:506] From /home/zoshs2/anaconda3/envs/tf_gpu/lib/python3.7/site-packages/tensorflow/python/ops/init_ops.py:1251: calling VarianceScaling.__init__ (from tensorflow.python.ops.init_ops) with dtype is deprecated and will be removed in a future version.
Instructions for updating:
Call initializer instance with the dtype argument instead of passing it to the constructor
2020-02-21 18:07:43.025899: I tensorflow/core/platform/cpu_feature_guard.cc:142] Your CPU supports instructions that this TensorFlow binary was not compiled to use: SSE4.1 SSE4.2 AVX AVX2 FMA
2020-02-21 18:07:43.033902: I tensorflow/core/platform/profile_utils/cpu_utils.cc:94] CPU Frequency: 2199870000 Hz
2020-02-21 18:07:43.036213: I tensorflow/compiler/xla/service/service.cc:168] XLA service 0x55dcf1d2e4e0 executing computations on platform Host. Devices:
2020-02-21 18:07:43.036266: I tensorflow/compiler/xla/service/service.cc:175]   StreamExecutor device (0): <undefined>, <undefined>
2020-02-21 18:07:43.037704: I tensorflow/stream_executor/platform/default/dso_loader.cc:42] Successfully opened dynamic library libcuda.so.1
2020-02-21 18:07:45.034745: I tensorflow/core/common_runtime/gpu/gpu_device.cc:1640] Found device 0 with properties: 
name: Tesla V100-PCIE-16GB major: 7 minor: 0 memoryClockRate(GHz): 1.38
pciBusID: 0000:08:00.0
2020-02-21 18:07:45.035395: I tensorflow/stream_executor/platform/default/dso_loader.cc:42] Successfully opened dynamic library libcudart.so.10.1
2020-02-21 18:07:45.038137: I tensorflow/stream_executor/platform/default/dso_loader.cc:42] Successfully opened dynamic library libcublas.so.10
2020-02-21 18:07:45.040778: I tensorflow/stream_executor/platform/default/dso_loader.cc:42] Successfully opened dynamic library libcufft.so.10
2020-02-21 18:07:45.041291: I tensorflow/stream_executor/platform/default/dso_loader.cc:42] Successfully opened dynamic library libcurand.so.10
2020-02-21 18:07:45.043945: I tensorflow/stream_executor/platform/default/dso_loader.cc:42] Successfully opened dynamic library libcusolver.so.10
2020-02-21 18:07:45.045438: I tensorflow/stream_executor/platform/default/dso_loader.cc:42] Successfully opened dynamic library libcusparse.so.10
2020-02-21 18:07:45.050743: I tensorflow/stream_executor/platform/default/dso_loader.cc:42] Successfully opened dynamic library libcudnn.so.7
2020-02-21 18:07:45.053017: I tensorflow/core/common_runtime/gpu/gpu_device.cc:1763] Adding visible gpu devices: 0
2020-02-21 18:07:45.053055: I tensorflow/stream_executor/platform/default/dso_loader.cc:42] Successfully opened dynamic library libcudart.so.10.1
2020-02-21 18:07:45.199152: I tensorflow/core/common_runtime/gpu/gpu_device.cc:1181] Device interconnect StreamExecutor with strength 1 edge matrix:
2020-02-21 18:07:45.199197: I tensorflow/core/common_runtime/gpu/gpu_device.cc:1187]      0 
2020-02-21 18:07:45.199209: I tensorflow/core/common_runtime/gpu/gpu_device.cc:1200] 0:   N 
2020-02-21 18:07:45.202668: I tensorflow/core/common_runtime/gpu/gpu_device.cc:1326] Created TensorFlow device (/job:localhost/replica:0/task:0/device:GPU:0 with 15050 MB memory) -> physical GPU (device: 0, name: Tesla V100-PCIE-16GB, pci bus id: 0000:08:00.0, compute capability: 7.0)
2020-02-21 18:07:45.205291: I tensorflow/compiler/xla/service/service.cc:168] XLA service 0x55dcf2b3f4f0 executing computations on platform CUDA. Devices:
2020-02-21 18:07:45.205311: I tensorflow/compiler/xla/service/service.cc:175]   StreamExecutor device (0): Tesla V100-PCIE-16GB, Compute Capability 7.0
2020-02-21 18:07:47.242586: I tensorflow/stream_executor/platform/default/dso_loader.cc:42] Successfully opened dynamic library libcublas.so.10
2020-02-21 18:07:47.565952: I tensorflow/stream_executor/platform/default/dso_loader.cc:42] Successfully opened dynamic library libcudnn.so.7
Train on 7428 samples, validate on 826 samples
Epoch 1/500
7428/7428 - 16s - loss: 0.0458 - mean_squared_error: 0.0458 - val_loss: 0.3256 - val_mean_squared_error: 0.3256
Epoch 2/500
7428/7428 - 9s - loss: 0.0104 - mean_squared_error: 0.0104 - val_loss: 0.3311 - val_mean_squared_error: 0.3311
Epoch 3/500
7428/7428 - 9s - loss: 0.0083 - mean_squared_error: 0.0083 - val_loss: 0.0105 - val_mean_squared_error: 0.0105
Epoch 4/500
7428/7428 - 10s - loss: 0.0054 - mean_squared_error: 0.0054 - val_loss: 0.0029 - val_mean_squared_error: 0.0029
Epoch 5/500
7428/7428 - 9s - loss: 0.0052 - mean_squared_error: 0.0052 - val_loss: 0.0032 - val_mean_squared_error: 0.0032
Epoch 6/500
7428/7428 - 9s - loss: 0.0053 - mean_squared_error: 0.0053 - val_loss: 0.0032 - val_mean_squared_error: 0.0032
Epoch 7/500
7428/7428 - 10s - loss: 0.0047 - mean_squared_error: 0.0047 - val_loss: 0.0034 - val_mean_squared_error: 0.0034
Epoch 8/500
7428/7428 - 10s - loss: 0.0037 - mean_squared_error: 0.0037 - val_loss: 0.0048 - val_mean_squared_error: 0.0048
Epoch 9/500
7428/7428 - 9s - loss: 0.0071 - mean_squared_error: 0.0071 - val_loss: 0.0031 - val_mean_squared_error: 0.0031
Epoch 10/500
7428/7428 - 9s - loss: 0.0045 - mean_squared_error: 0.0045 - val_loss: 0.0018 - val_mean_squared_error: 0.0018
Epoch 11/500
7428/7428 - 10s - loss: 0.0032 - mean_squared_error: 0.0032 - val_loss: 0.0081 - val_mean_squared_error: 0.0081
Epoch 12/500
7428/7428 - 9s - loss: 0.0067 - mean_squared_error: 0.0067 - val_loss: 0.0052 - val_mean_squared_error: 0.0052
Epoch 13/500
7428/7428 - 9s - loss: 0.0048 - mean_squared_error: 0.0048 - val_loss: 0.0035 - val_mean_squared_error: 0.0035
Epoch 14/500
7428/7428 - 9s - loss: 0.0039 - mean_squared_error: 0.0039 - val_loss: 0.0015 - val_mean_squared_error: 0.0015
Epoch 15/500
7428/7428 - 9s - loss: 0.0044 - mean_squared_error: 0.0044 - val_loss: 0.0021 - val_mean_squared_error: 0.0021
Epoch 16/500
7428/7428 - 10s - loss: 0.0028 - mean_squared_error: 0.0028 - val_loss: 0.0025 - val_mean_squared_error: 0.0025
Epoch 17/500
7428/7428 - 9s - loss: 0.0026 - mean_squared_error: 0.0026 - val_loss: 0.0019 - val_mean_squared_error: 0.0019
Epoch 18/500
7428/7428 - 9s - loss: 0.0023 - mean_squared_error: 0.0023 - val_loss: 0.0022 - val_mean_squared_error: 0.0022
Epoch 19/500
7428/7428 - 9s - loss: 0.0025 - mean_squared_error: 0.0025 - val_loss: 9.2898e-04 - val_mean_squared_error: 9.2898e-04
Epoch 20/500
7428/7428 - 9s - loss: 0.0023 - mean_squared_error: 0.0023 - val_loss: 0.0074 - val_mean_squared_error: 0.0074
Epoch 21/500
7428/7428 - 10s - loss: 0.0044 - mean_squared_error: 0.0044 - val_loss: 0.0012 - val_mean_squared_error: 0.0012
Epoch 22/500
7428/7428 - 10s - loss: 0.0021 - mean_squared_error: 0.0021 - val_loss: 9.9541e-04 - val_mean_squared_error: 9.9541e-04
Epoch 23/500
7428/7428 - 9s - loss: 0.0020 - mean_squared_error: 0.0020 - val_loss: 0.0018 - val_mean_squared_error: 0.0018
Epoch 24/500
7428/7428 - 9s - loss: 0.0020 - mean_squared_error: 0.0020 - val_loss: 0.0017 - val_mean_squared_error: 0.0017
Epoch 25/500
7428/7428 - 9s - loss: 0.0017 - mean_squared_error: 0.0017 - val_loss: 0.0031 - val_mean_squared_error: 0.0031
Epoch 26/500
7428/7428 - 9s - loss: 0.0028 - mean_squared_error: 0.0028 - val_loss: 0.0048 - val_mean_squared_error: 0.0048
Epoch 27/500
7428/7428 - 9s - loss: 0.0053 - mean_squared_error: 0.0053 - val_loss: 0.0032 - val_mean_squared_error: 0.0032
Epoch 28/500
7428/7428 - 9s - loss: 0.0027 - mean_squared_error: 0.0027 - val_loss: 0.0018 - val_mean_squared_error: 0.0018
Epoch 29/500
7428/7428 - 10s - loss: 0.0021 - mean_squared_error: 0.0021 - val_loss: 8.1381e-04 - val_mean_squared_error: 8.1381e-04
Epoch 30/500
7428/7428 - 9s - loss: 0.0020 - mean_squared_error: 0.0020 - val_loss: 0.0012 - val_mean_squared_error: 0.0012
Epoch 31/500
7428/7428 - 9s - loss: 0.0016 - mean_squared_error: 0.0016 - val_loss: 0.0030 - val_mean_squared_error: 0.0030
Epoch 32/500
7428/7428 - 9s - loss: 0.0018 - mean_squared_error: 0.0018 - val_loss: 0.0011 - val_mean_squared_error: 0.0011
Epoch 33/500
7428/7428 - 9s - loss: 0.0015 - mean_squared_error: 0.0015 - val_loss: 5.5011e-04 - val_mean_squared_error: 5.5011e-04
Epoch 34/500
7428/7428 - 9s - loss: 0.0014 - mean_squared_error: 0.0014 - val_loss: 6.7518e-04 - val_mean_squared_error: 6.7518e-04
Epoch 35/500
7428/7428 - 9s - loss: 0.0015 - mean_squared_error: 0.0015 - val_loss: 0.0015 - val_mean_squared_error: 0.0015
Epoch 36/500
7428/7428 - 9s - loss: 0.0019 - mean_squared_error: 0.0019 - val_loss: 9.2899e-04 - val_mean_squared_error: 9.2899e-04
Epoch 37/500
7428/7428 - 9s - loss: 0.0014 - mean_squared_error: 0.0014 - val_loss: 0.0024 - val_mean_squared_error: 0.0024
Epoch 38/500
7428/7428 - 8s - loss: 0.0033 - mean_squared_error: 0.0033 - val_loss: 9.5688e-04 - val_mean_squared_error: 9.5688e-04
Epoch 39/500
7428/7428 - 8s - loss: 0.0014 - mean_squared_error: 0.0014 - val_loss: 0.0011 - val_mean_squared_error: 0.0011
Epoch 40/500
7428/7428 - 9s - loss: 0.0018 - mean_squared_error: 0.0018 - val_loss: 0.0011 - val_mean_squared_error: 0.0011
Epoch 41/500
7428/7428 - 9s - loss: 0.0012 - mean_squared_error: 0.0012 - val_loss: 0.0020 - val_mean_squared_error: 0.0020
Epoch 42/500
7428/7428 - 9s - loss: 0.0018 - mean_squared_error: 0.0018 - val_loss: 0.0041 - val_mean_squared_error: 0.0041
Epoch 43/500
7428/7428 - 10s - loss: 0.0035 - mean_squared_error: 0.0035 - val_loss: 0.0020 - val_mean_squared_error: 0.0020
Epoch 44/500
7428/7428 - 10s - loss: 0.0027 - mean_squared_error: 0.0027 - val_loss: 0.0010 - val_mean_squared_error: 0.0010
Epoch 45/500
7428/7428 - 9s - loss: 0.0015 - mean_squared_error: 0.0015 - val_loss: 6.5640e-04 - val_mean_squared_error: 6.5640e-04
Epoch 46/500
7428/7428 - 9s - loss: 0.0018 - mean_squared_error: 0.0018 - val_loss: 7.3710e-04 - val_mean_squared_error: 7.3710e-04
Epoch 47/500
7428/7428 - 9s - loss: 0.0017 - mean_squared_error: 0.0017 - val_loss: 0.0019 - val_mean_squared_error: 0.0019
Epoch 48/500
7428/7428 - 9s - loss: 0.0020 - mean_squared_error: 0.0020 - val_loss: 0.0013 - val_mean_squared_error: 0.0013
Epoch 49/500
7428/7428 - 10s - loss: 0.0017 - mean_squared_error: 0.0017 - val_loss: 0.0018 - val_mean_squared_error: 0.0018
Epoch 50/500
7428/7428 - 9s - loss: 0.0013 - mean_squared_error: 0.0013 - val_loss: 8.5788e-04 - val_mean_squared_error: 8.5788e-04
Epoch 51/500
7428/7428 - 9s - loss: 0.0015 - mean_squared_error: 0.0015 - val_loss: 4.1234e-04 - val_mean_squared_error: 4.1234e-04
Epoch 52/500
7428/7428 - 9s - loss: 0.0014 - mean_squared_error: 0.0014 - val_loss: 7.3611e-04 - val_mean_squared_error: 7.3611e-04
Epoch 53/500
7428/7428 - 9s - loss: 0.0016 - mean_squared_error: 0.0016 - val_loss: 0.0011 - val_mean_squared_error: 0.0011
Epoch 54/500
7428/7428 - 10s - loss: 0.0019 - mean_squared_error: 0.0019 - val_loss: 0.0011 - val_mean_squared_error: 0.0011
Epoch 55/500
7428/7428 - 10s - loss: 0.0011 - mean_squared_error: 0.0011 - val_loss: 0.0011 - val_mean_squared_error: 0.0011
Epoch 56/500
7428/7428 - 9s - loss: 0.0011 - mean_squared_error: 0.0011 - val_loss: 6.9183e-04 - val_mean_squared_error: 6.9183e-04
Epoch 57/500
7428/7428 - 9s - loss: 0.0012 - mean_squared_error: 0.0012 - val_loss: 3.8956e-04 - val_mean_squared_error: 3.8956e-04
Epoch 58/500
7428/7428 - 9s - loss: 0.0013 - mean_squared_error: 0.0013 - val_loss: 0.0018 - val_mean_squared_error: 0.0018
Epoch 59/500
7428/7428 - 10s - loss: 0.0018 - mean_squared_error: 0.0018 - val_loss: 8.1875e-04 - val_mean_squared_error: 8.1875e-04
Epoch 60/500
7428/7428 - 10s - loss: 0.0010 - mean_squared_error: 0.0010 - val_loss: 7.6455e-04 - val_mean_squared_error: 7.6455e-04
Epoch 61/500
7428/7428 - 9s - loss: 0.0012 - mean_squared_error: 0.0012 - val_loss: 7.5871e-04 - val_mean_squared_error: 7.5871e-04
Epoch 62/500
7428/7428 - 9s - loss: 9.4396e-04 - mean_squared_error: 9.4396e-04 - val_loss: 6.0260e-04 - val_mean_squared_error: 6.0260e-04
Epoch 63/500
7428/7428 - 9s - loss: 8.1252e-04 - mean_squared_error: 8.1252e-04 - val_loss: 4.7402e-04 - val_mean_squared_error: 4.7402e-04
Epoch 64/500
7428/7428 - 10s - loss: 9.5420e-04 - mean_squared_error: 9.5420e-04 - val_loss: 0.0017 - val_mean_squared_error: 0.0017
Epoch 65/500
7428/7428 - 10s - loss: 0.0011 - mean_squared_error: 0.0011 - val_loss: 4.3439e-04 - val_mean_squared_error: 4.3439e-04
Epoch 66/500
7428/7428 - 9s - loss: 9.5916e-04 - mean_squared_error: 9.5916e-04 - val_loss: 5.4762e-04 - val_mean_squared_error: 5.4762e-04
Epoch 67/500
7428/7428 - 9s - loss: 8.0171e-04 - mean_squared_error: 8.0171e-04 - val_loss: 6.1639e-04 - val_mean_squared_error: 6.1639e-04
Epoch 68/500
7428/7428 - 10s - loss: 0.0016 - mean_squared_error: 0.0016 - val_loss: 0.0057 - val_mean_squared_error: 0.0057
Epoch 69/500
7428/7428 - 10s - loss: 0.0016 - mean_squared_error: 0.0016 - val_loss: 0.0021 - val_mean_squared_error: 0.0021
Epoch 70/500
7428/7428 - 9s - loss: 0.0022 - mean_squared_error: 0.0022 - val_loss: 0.0012 - val_mean_squared_error: 0.0012
Epoch 71/500
7428/7428 - 9s - loss: 0.0011 - mean_squared_error: 0.0011 - val_loss: 7.8339e-04 - val_mean_squared_error: 7.8339e-04
Epoch 72/500
7428/7428 - 9s - loss: 0.0011 - mean_squared_error: 0.0011 - val_loss: 5.3441e-04 - val_mean_squared_error: 5.3441e-04
Epoch 73/500
7428/7428 - 10s - loss: 7.2233e-04 - mean_squared_error: 7.2233e-04 - val_loss: 3.7799e-04 - val_mean_squared_error: 3.7799e-04
Epoch 74/500
7428/7428 - 9s - loss: 7.3058e-04 - mean_squared_error: 7.3058e-04 - val_loss: 0.0016 - val_mean_squared_error: 0.0016
Epoch 75/500
7428/7428 - 9s - loss: 0.0011 - mean_squared_error: 0.0011 - val_loss: 5.3726e-04 - val_mean_squared_error: 5.3726e-04
Epoch 76/500
7428/7428 - 9s - loss: 0.0013 - mean_squared_error: 0.0013 - val_loss: 4.7318e-04 - val_mean_squared_error: 4.7318e-04
Epoch 77/500
7428/7428 - 9s - loss: 0.0014 - mean_squared_error: 0.0014 - val_loss: 0.0071 - val_mean_squared_error: 0.0071
Epoch 78/500
7428/7428 - 10s - loss: 0.0011 - mean_squared_error: 0.0011 - val_loss: 4.8907e-04 - val_mean_squared_error: 4.8907e-04
Epoch 79/500
7428/7428 - 9s - loss: 0.0011 - mean_squared_error: 0.0011 - val_loss: 6.8838e-04 - val_mean_squared_error: 6.8838e-04
Epoch 80/500
7428/7428 - 9s - loss: 0.0011 - mean_squared_error: 0.0011 - val_loss: 4.7928e-04 - val_mean_squared_error: 4.7928e-04
Epoch 81/500
7428/7428 - 9s - loss: 7.9807e-04 - mean_squared_error: 7.9807e-04 - val_loss: 7.5855e-04 - val_mean_squared_error: 7.5855e-04
Epoch 82/500
7428/7428 - 10s - loss: 0.0010 - mean_squared_error: 0.0010 - val_loss: 5.1247e-04 - val_mean_squared_error: 5.1247e-04
Epoch 83/500
7428/7428 - 11s - loss: 0.0016 - mean_squared_error: 0.0016 - val_loss: 4.9910e-04 - val_mean_squared_error: 4.9910e-04
Epoch 84/500
7428/7428 - 9s - loss: 0.0016 - mean_squared_error: 0.0016 - val_loss: 0.0013 - val_mean_squared_error: 0.0013
Epoch 85/500
7428/7428 - 9s - loss: 0.0013 - mean_squared_error: 0.0013 - val_loss: 5.8285e-04 - val_mean_squared_error: 5.8285e-04
Epoch 86/500
7428/7428 - 9s - loss: 0.0012 - mean_squared_error: 0.0012 - val_loss: 5.4512e-04 - val_mean_squared_error: 5.4512e-04
Epoch 87/500
7428/7428 - 10s - loss: 8.3322e-04 - mean_squared_error: 8.3322e-04 - val_loss: 3.4876e-04 - val_mean_squared_error: 3.4876e-04
Epoch 88/500
7428/7428 - 10s - loss: 6.8448e-04 - mean_squared_error: 6.8448e-04 - val_loss: 2.7566e-04 - val_mean_squared_error: 2.7566e-04
Epoch 89/500
7428/7428 - 9s - loss: 6.4591e-04 - mean_squared_error: 6.4591e-04 - val_loss: 3.2689e-04 - val_mean_squared_error: 3.2689e-04
Epoch 90/500
7428/7428 - 9s - loss: 6.6496e-04 - mean_squared_error: 6.6496e-04 - val_loss: 3.1498e-04 - val_mean_squared_error: 3.1498e-04
Epoch 91/500
7428/7428 - 9s - loss: 0.0013 - mean_squared_error: 0.0013 - val_loss: 9.2598e-04 - val_mean_squared_error: 9.2598e-04
Epoch 92/500
7428/7428 - 9s - loss: 6.4821e-04 - mean_squared_error: 6.4821e-04 - val_loss: 3.6942e-04 - val_mean_squared_error: 3.6942e-04
Epoch 93/500
7428/7428 - 10s - loss: 6.0335e-04 - mean_squared_error: 6.0335e-04 - val_loss: 3.6171e-04 - val_mean_squared_error: 3.6171e-04
Epoch 94/500
7428/7428 - 9s - loss: 7.0138e-04 - mean_squared_error: 7.0138e-04 - val_loss: 3.5370e-04 - val_mean_squared_error: 3.5370e-04
Epoch 95/500
7428/7428 - 8s - loss: 9.2173e-04 - mean_squared_error: 9.2173e-04 - val_loss: 6.3096e-04 - val_mean_squared_error: 6.3096e-04
Epoch 96/500
7428/7428 - 9s - loss: 6.2855e-04 - mean_squared_error: 6.2855e-04 - val_loss: 4.1364e-04 - val_mean_squared_error: 4.1364e-04
Epoch 97/500
7428/7428 - 9s - loss: 6.6006e-04 - mean_squared_error: 6.6006e-04 - val_loss: 0.0010 - val_mean_squared_error: 0.0010
Epoch 98/500
7428/7428 - 9s - loss: 8.5579e-04 - mean_squared_error: 8.5579e-04 - val_loss: 3.0547e-04 - val_mean_squared_error: 3.0547e-04
Epoch 99/500
7428/7428 - 9s - loss: 0.0010 - mean_squared_error: 0.0010 - val_loss: 2.8595e-04 - val_mean_squared_error: 2.8595e-04
Epoch 100/500
7428/7428 - 9s - loss: 8.1644e-04 - mean_squared_error: 8.1644e-04 - val_loss: 4.8015e-04 - val_mean_squared_error: 4.8015e-04
Epoch 101/500
7428/7428 - 8s - loss: 0.0010 - mean_squared_error: 0.0010 - val_loss: 6.3625e-04 - val_mean_squared_error: 6.3625e-04
Epoch 102/500
7428/7428 - 8s - loss: 0.0012 - mean_squared_error: 0.0012 - val_loss: 9.0067e-04 - val_mean_squared_error: 9.0067e-04
Epoch 103/500
7428/7428 - 9s - loss: 6.7720e-04 - mean_squared_error: 6.7720e-04 - val_loss: 4.2647e-04 - val_mean_squared_error: 4.2647e-04
Epoch 104/500
7428/7428 - 9s - loss: 8.1926e-04 - mean_squared_error: 8.1925e-04 - val_loss: 0.0012 - val_mean_squared_error: 0.0012
Epoch 105/500
7428/7428 - 9s - loss: 7.8383e-04 - mean_squared_error: 7.8383e-04 - val_loss: 4.8647e-04 - val_mean_squared_error: 4.8647e-04
Epoch 106/500
7428/7428 - 9s - loss: 6.3789e-04 - mean_squared_error: 6.3789e-04 - val_loss: 0.0026 - val_mean_squared_error: 0.0026
Epoch 107/500
7428/7428 - 9s - loss: 0.0011 - mean_squared_error: 0.0011 - val_loss: 9.8208e-04 - val_mean_squared_error: 9.8208e-04
Epoch 108/500
7428/7428 - 9s - loss: 8.7976e-04 - mean_squared_error: 8.7976e-04 - val_loss: 0.0016 - val_mean_squared_error: 0.0016
Epoch 109/500
7428/7428 - 10s - loss: 6.2402e-04 - mean_squared_error: 6.2402e-04 - val_loss: 4.0669e-04 - val_mean_squared_error: 4.0669e-04
Epoch 110/500
7428/7428 - 11s - loss: 6.0231e-04 - mean_squared_error: 6.0231e-04 - val_loss: 0.0011 - val_mean_squared_error: 0.0011
Epoch 111/500
7428/7428 - 9s - loss: 7.9131e-04 - mean_squared_error: 7.9131e-04 - val_loss: 5.8090e-04 - val_mean_squared_error: 5.8090e-04
Epoch 112/500
7428/7428 - 10s - loss: 8.2968e-04 - mean_squared_error: 8.2968e-04 - val_loss: 6.8321e-04 - val_mean_squared_error: 6.8321e-04
Epoch 113/500
7428/7428 - 9s - loss: 5.5104e-04 - mean_squared_error: 5.5104e-04 - val_loss: 3.9007e-04 - val_mean_squared_error: 3.9007e-04
Epoch 114/500
7428/7428 - 9s - loss: 4.9533e-04 - mean_squared_error: 4.9533e-04 - val_loss: 3.4241e-04 - val_mean_squared_error: 3.4241e-04
Epoch 115/500
7428/7428 - 9s - loss: 4.4949e-04 - mean_squared_error: 4.4949e-04 - val_loss: 5.0653e-04 - val_mean_squared_error: 5.0653e-04
Epoch 116/500
7428/7428 - 10s - loss: 4.4191e-04 - mean_squared_error: 4.4191e-04 - val_loss: 3.7773e-04 - val_mean_squared_error: 3.7773e-04
Epoch 117/500
7428/7428 - 9s - loss: 4.8015e-04 - mean_squared_error: 4.8015e-04 - val_loss: 3.8781e-04 - val_mean_squared_error: 3.8781e-04
Epoch 118/500
7428/7428 - 8s - loss: 5.1427e-04 - mean_squared_error: 5.1427e-04 - val_loss: 0.0021 - val_mean_squared_error: 0.0021
Epoch 119/500
7428/7428 - 9s - loss: 7.9059e-04 - mean_squared_error: 7.9059e-04 - val_loss: 0.0011 - val_mean_squared_error: 0.0011
Epoch 120/500
7428/7428 - 9s - loss: 6.1289e-04 - mean_squared_error: 6.1289e-04 - val_loss: 2.5064e-04 - val_mean_squared_error: 2.5064e-04
Epoch 121/500
7428/7428 - 9s - loss: 4.1648e-04 - mean_squared_error: 4.1648e-04 - val_loss: 2.1484e-04 - val_mean_squared_error: 2.1484e-04
Epoch 122/500
7428/7428 - 9s - loss: 5.3900e-04 - mean_squared_error: 5.3900e-04 - val_loss: 3.4453e-04 - val_mean_squared_error: 3.4453e-04
Epoch 123/500
7428/7428 - 9s - loss: 4.1032e-04 - mean_squared_error: 4.1032e-04 - val_loss: 2.3136e-04 - val_mean_squared_error: 2.3136e-04
Epoch 124/500
7428/7428 - 9s - loss: 3.9818e-04 - mean_squared_error: 3.9818e-04 - val_loss: 4.9895e-04 - val_mean_squared_error: 4.9895e-04
Epoch 125/500
7428/7428 - 8s - loss: 8.0215e-04 - mean_squared_error: 8.0215e-04 - val_loss: 5.4508e-04 - val_mean_squared_error: 5.4508e-04
Epoch 126/500
7428/7428 - 9s - loss: 6.7886e-04 - mean_squared_error: 6.7886e-04 - val_loss: 2.4013e-04 - val_mean_squared_error: 2.4013e-04
Epoch 127/500
7428/7428 - 8s - loss: 7.2718e-04 - mean_squared_error: 7.2718e-04 - val_loss: 3.2995e-04 - val_mean_squared_error: 3.2995e-04
Epoch 128/500
7428/7428 - 9s - loss: 8.3735e-04 - mean_squared_error: 8.3735e-04 - val_loss: 3.1282e-04 - val_mean_squared_error: 3.1282e-04
Epoch 129/500
7428/7428 - 9s - loss: 5.8637e-04 - mean_squared_error: 5.8637e-04 - val_loss: 2.0452e-04 - val_mean_squared_error: 2.0452e-04
Epoch 130/500
7428/7428 - 9s - loss: 6.7634e-04 - mean_squared_error: 6.7634e-04 - val_loss: 2.3545e-04 - val_mean_squared_error: 2.3545e-04
Epoch 131/500
7428/7428 - 9s - loss: 4.3554e-04 - mean_squared_error: 4.3554e-04 - val_loss: 1.9075e-04 - val_mean_squared_error: 1.9075e-04
Epoch 132/500
7428/7428 - 9s - loss: 3.4686e-04 - mean_squared_error: 3.4686e-04 - val_loss: 0.0012 - val_mean_squared_error: 0.0012
Epoch 133/500
7428/7428 - 8s - loss: 7.0686e-04 - mean_squared_error: 7.0686e-04 - val_loss: 0.0011 - val_mean_squared_error: 0.0011
Epoch 134/500
7428/7428 - 8s - loss: 5.6758e-04 - mean_squared_error: 5.6758e-04 - val_loss: 2.5238e-04 - val_mean_squared_error: 2.5238e-04
Epoch 135/500
7428/7428 - 9s - loss: 4.4934e-04 - mean_squared_error: 4.4934e-04 - val_loss: 3.5334e-04 - val_mean_squared_error: 3.5334e-04
Epoch 136/500
7428/7428 - 9s - loss: 6.1079e-04 - mean_squared_error: 6.1079e-04 - val_loss: 2.2925e-04 - val_mean_squared_error: 2.2925e-04
Epoch 137/500
7428/7428 - 9s - loss: 4.4660e-04 - mean_squared_error: 4.4660e-04 - val_loss: 2.0279e-04 - val_mean_squared_error: 2.0279e-04
Epoch 138/500
7428/7428 - 9s - loss: 3.8523e-04 - mean_squared_error: 3.8523e-04 - val_loss: 3.0068e-04 - val_mean_squared_error: 3.0068e-04
Epoch 139/500
7428/7428 - 9s - loss: 8.3551e-04 - mean_squared_error: 8.3551e-04 - val_loss: 4.6235e-04 - val_mean_squared_error: 4.6235e-04
Epoch 140/500
7428/7428 - 8s - loss: 7.8708e-04 - mean_squared_error: 7.8708e-04 - val_loss: 2.9623e-04 - val_mean_squared_error: 2.9623e-04
Epoch 141/500
7428/7428 - 8s - loss: 5.3853e-04 - mean_squared_error: 5.3853e-04 - val_loss: 7.0503e-04 - val_mean_squared_error: 7.0503e-04
Epoch 142/500
7428/7428 - 8s - loss: 9.0576e-04 - mean_squared_error: 9.0576e-04 - val_loss: 4.6822e-04 - val_mean_squared_error: 4.6822e-04
Epoch 143/500
7428/7428 - 9s - loss: 7.1078e-04 - mean_squared_error: 7.1078e-04 - val_loss: 3.3183e-04 - val_mean_squared_error: 3.3183e-04
Epoch 144/500
7428/7428 - 9s - loss: 5.0230e-04 - mean_squared_error: 5.0230e-04 - val_loss: 3.5637e-04 - val_mean_squared_error: 3.5637e-04
Epoch 145/500
7428/7428 - 9s - loss: 4.3563e-04 - mean_squared_error: 4.3563e-04 - val_loss: 4.2951e-04 - val_mean_squared_error: 4.2951e-04
Epoch 146/500
7428/7428 - 9s - loss: 4.5967e-04 - mean_squared_error: 4.5967e-04 - val_loss: 0.0015 - val_mean_squared_error: 0.0015
Epoch 147/500
7428/7428 - 9s - loss: 9.1349e-04 - mean_squared_error: 9.1349e-04 - val_loss: 4.9649e-04 - val_mean_squared_error: 4.9649e-04
Epoch 148/500
7428/7428 - 9s - loss: 6.5691e-04 - mean_squared_error: 6.5691e-04 - val_loss: 0.0017 - val_mean_squared_error: 0.0017
Epoch 149/500
7428/7428 - 9s - loss: 0.0010 - mean_squared_error: 0.0010 - val_loss: 3.4100e-04 - val_mean_squared_error: 3.4100e-04
Epoch 150/500
7428/7428 - 8s - loss: 4.0086e-04 - mean_squared_error: 4.0086e-04 - val_loss: 2.0246e-04 - val_mean_squared_error: 2.0246e-04
Epoch 151/500
7428/7428 - 8s - loss: 4.7827e-04 - mean_squared_error: 4.7827e-04 - val_loss: 2.2506e-04 - val_mean_squared_error: 2.2506e-04
Epoch 152/500
7428/7428 - 9s - loss: 3.9627e-04 - mean_squared_error: 3.9627e-04 - val_loss: 2.1226e-04 - val_mean_squared_error: 2.1226e-04
Epoch 153/500
7428/7428 - 9s - loss: 3.5128e-04 - mean_squared_error: 3.5128e-04 - val_loss: 3.5265e-04 - val_mean_squared_error: 3.5265e-04
Epoch 154/500
7428/7428 - 10s - loss: 3.4085e-04 - mean_squared_error: 3.4085e-04 - val_loss: 6.1016e-04 - val_mean_squared_error: 6.1016e-04
Epoch 155/500
7428/7428 - 10s - loss: 5.7012e-04 - mean_squared_error: 5.7012e-04 - val_loss: 2.4026e-04 - val_mean_squared_error: 2.4026e-04
Epoch 156/500
7428/7428 - 9s - loss: 4.2193e-04 - mean_squared_error: 4.2193e-04 - val_loss: 2.0775e-04 - val_mean_squared_error: 2.0775e-04
Epoch 157/500
7428/7428 - 9s - loss: 3.4337e-04 - mean_squared_error: 3.4337e-04 - val_loss: 2.5258e-04 - val_mean_squared_error: 2.5258e-04
Epoch 158/500
7428/7428 - 8s - loss: 3.8989e-04 - mean_squared_error: 3.8989e-04 - val_loss: 2.7195e-04 - val_mean_squared_error: 2.7195e-04
Epoch 159/500
7428/7428 - 8s - loss: 3.5815e-04 - mean_squared_error: 3.5815e-04 - val_loss: 5.6267e-04 - val_mean_squared_error: 5.6267e-04
Epoch 160/500
7428/7428 - 9s - loss: 4.0605e-04 - mean_squared_error: 4.0605e-04 - val_loss: 4.8656e-04 - val_mean_squared_error: 4.8656e-04
Epoch 161/500
7428/7428 - 9s - loss: 5.7263e-04 - mean_squared_error: 5.7263e-04 - val_loss: 2.4242e-04 - val_mean_squared_error: 2.4242e-04
Epoch 162/500
7428/7428 - 9s - loss: 5.0009e-04 - mean_squared_error: 5.0009e-04 - val_loss: 5.1448e-04 - val_mean_squared_error: 5.1448e-04
Epoch 163/500
7428/7428 - 8s - loss: 4.7672e-04 - mean_squared_error: 4.7672e-04 - val_loss: 2.0686e-04 - val_mean_squared_error: 2.0686e-04
Epoch 164/500
7428/7428 - 9s - loss: 3.8568e-04 - mean_squared_error: 3.8568e-04 - val_loss: 3.0548e-04 - val_mean_squared_error: 3.0548e-04
Epoch 165/500
7428/7428 - 9s - loss: 4.0296e-04 - mean_squared_error: 4.0296e-04 - val_loss: 2.0384e-04 - val_mean_squared_error: 2.0384e-04
Epoch 166/500
7428/7428 - 9s - loss: 3.3502e-04 - mean_squared_error: 3.3502e-04 - val_loss: 3.9629e-04 - val_mean_squared_error: 3.9629e-04
Epoch 167/500
7428/7428 - 9s - loss: 5.4013e-04 - mean_squared_error: 5.4013e-04 - val_loss: 0.0012 - val_mean_squared_error: 0.0012
Epoch 168/500
7428/7428 - 9s - loss: 4.8790e-04 - mean_squared_error: 4.8790e-04 - val_loss: 2.4007e-04 - val_mean_squared_error: 2.4007e-04
Epoch 169/500
7428/7428 - 9s - loss: 3.3988e-04 - mean_squared_error: 3.3988e-04 - val_loss: 1.6302e-04 - val_mean_squared_error: 1.6302e-04
Epoch 170/500
7428/7428 - 9s - loss: 3.5985e-04 - mean_squared_error: 3.5985e-04 - val_loss: 3.9137e-04 - val_mean_squared_error: 3.9137e-04
Epoch 171/500
7428/7428 - 9s - loss: 3.2271e-04 - mean_squared_error: 3.2271e-04 - val_loss: 2.0324e-04 - val_mean_squared_error: 2.0324e-04
Epoch 172/500
7428/7428 - 9s - loss: 4.1053e-04 - mean_squared_error: 4.1053e-04 - val_loss: 0.0025 - val_mean_squared_error: 0.0025
Epoch 173/500
7428/7428 - 8s - loss: 0.0012 - mean_squared_error: 0.0012 - val_loss: 6.2871e-04 - val_mean_squared_error: 6.2871e-04
Epoch 174/500
7428/7428 - 9s - loss: 6.6388e-04 - mean_squared_error: 6.6388e-04 - val_loss: 2.6938e-04 - val_mean_squared_error: 2.6938e-04
Epoch 175/500
7428/7428 - 9s - loss: 3.8641e-04 - mean_squared_error: 3.8641e-04 - val_loss: 7.5705e-04 - val_mean_squared_error: 7.5705e-04
Epoch 176/500
7428/7428 - 9s - loss: 5.2561e-04 - mean_squared_error: 5.2561e-04 - val_loss: 8.5004e-04 - val_mean_squared_error: 8.5004e-04
Epoch 177/500
7428/7428 - 9s - loss: 6.2510e-04 - mean_squared_error: 6.2510e-04 - val_loss: 4.4039e-04 - val_mean_squared_error: 4.4039e-04
Epoch 178/500
7428/7428 - 8s - loss: 4.4199e-04 - mean_squared_error: 4.4199e-04 - val_loss: 7.5632e-04 - val_mean_squared_error: 7.5632e-04
Epoch 179/500
7428/7428 - 8s - loss: 8.2178e-04 - mean_squared_error: 8.2178e-04 - val_loss: 3.3952e-04 - val_mean_squared_error: 3.3952e-04
Epoch 180/500
7428/7428 - 8s - loss: 5.0196e-04 - mean_squared_error: 5.0196e-04 - val_loss: 4.3476e-04 - val_mean_squared_error: 4.3476e-04
Epoch 181/500
7428/7428 - 9s - loss: 5.6439e-04 - mean_squared_error: 5.6439e-04 - val_loss: 7.4466e-04 - val_mean_squared_error: 7.4466e-04
Epoch 182/500
7428/7428 - 9s - loss: 3.8943e-04 - mean_squared_error: 3.8943e-04 - val_loss: 1.4349e-04 - val_mean_squared_error: 1.4349e-04
Epoch 183/500
7428/7428 - 9s - loss: 4.4225e-04 - mean_squared_error: 4.4225e-04 - val_loss: 7.1509e-04 - val_mean_squared_error: 7.1509e-04
Epoch 184/500
7428/7428 - 10s - loss: 5.0007e-04 - mean_squared_error: 5.0007e-04 - val_loss: 2.1430e-04 - val_mean_squared_error: 2.1430e-04
Epoch 185/500
7428/7428 - 8s - loss: 3.8596e-04 - mean_squared_error: 3.8596e-04 - val_loss: 5.5579e-04 - val_mean_squared_error: 5.5579e-04
Epoch 186/500
7428/7428 - 9s - loss: 4.7334e-04 - mean_squared_error: 4.7334e-04 - val_loss: 4.6054e-04 - val_mean_squared_error: 4.6054e-04
Epoch 187/500
7428/7428 - 10s - loss: 3.6468e-04 - mean_squared_error: 3.6468e-04 - val_loss: 3.4642e-04 - val_mean_squared_error: 3.4642e-04
Epoch 188/500
7428/7428 - 9s - loss: 3.9125e-04 - mean_squared_error: 3.9125e-04 - val_loss: 4.4685e-04 - val_mean_squared_error: 4.4685e-04
Epoch 189/500
7428/7428 - 9s - loss: 4.6054e-04 - mean_squared_error: 4.6054e-04 - val_loss: 3.8971e-04 - val_mean_squared_error: 3.8971e-04
Epoch 190/500
7428/7428 - 9s - loss: 2.9307e-04 - mean_squared_error: 2.9307e-04 - val_loss: 2.6778e-04 - val_mean_squared_error: 2.6778e-04
Epoch 191/500
7428/7428 - 9s - loss: 3.7267e-04 - mean_squared_error: 3.7267e-04 - val_loss: 5.1109e-04 - val_mean_squared_error: 5.1109e-04
Epoch 192/500
7428/7428 - 10s - loss: 5.5898e-04 - mean_squared_error: 5.5898e-04 - val_loss: 6.1803e-04 - val_mean_squared_error: 6.1803e-04
Epoch 193/500
7428/7428 - 9s - loss: 3.8665e-04 - mean_squared_error: 3.8665e-04 - val_loss: 3.2033e-04 - val_mean_squared_error: 3.2033e-04
Epoch 194/500
7428/7428 - 9s - loss: 5.2778e-04 - mean_squared_error: 5.2778e-04 - val_loss: 8.7527e-04 - val_mean_squared_error: 8.7527e-04
Epoch 195/500
7428/7428 - 9s - loss: 9.4465e-04 - mean_squared_error: 9.4465e-04 - val_loss: 2.0845e-04 - val_mean_squared_error: 2.0845e-04
Epoch 196/500
7428/7428 - 9s - loss: 3.7423e-04 - mean_squared_error: 3.7423e-04 - val_loss: 7.1999e-04 - val_mean_squared_error: 7.1999e-04
Epoch 197/500
7428/7428 - 9s - loss: 5.4856e-04 - mean_squared_error: 5.4856e-04 - val_loss: 2.6337e-04 - val_mean_squared_error: 2.6337e-04
Epoch 198/500
7428/7428 - 9s - loss: 4.7801e-04 - mean_squared_error: 4.7801e-04 - val_loss: 1.9322e-04 - val_mean_squared_error: 1.9322e-04
Epoch 199/500
7428/7428 - 9s - loss: 3.3115e-04 - mean_squared_error: 3.3115e-04 - val_loss: 1.6817e-04 - val_mean_squared_error: 1.6817e-04
Epoch 200/500
7428/7428 - 8s - loss: 3.8058e-04 - mean_squared_error: 3.8058e-04 - val_loss: 4.5900e-04 - val_mean_squared_error: 4.5900e-04
Epoch 201/500
7428/7428 - 9s - loss: 2.9549e-04 - mean_squared_error: 2.9549e-04 - val_loss: 6.6062e-04 - val_mean_squared_error: 6.6062e-04
Epoch 202/500
7428/7428 - 11s - loss: 3.1811e-04 - mean_squared_error: 3.1811e-04 - val_loss: 2.5488e-04 - val_mean_squared_error: 2.5488e-04
Epoch 203/500
7428/7428 - 10s - loss: 3.0082e-04 - mean_squared_error: 3.0082e-04 - val_loss: 6.7386e-04 - val_mean_squared_error: 6.7386e-04
Epoch 204/500
7428/7428 - 9s - loss: 5.8443e-04 - mean_squared_error: 5.8443e-04 - val_loss: 2.0316e-04 - val_mean_squared_error: 2.0316e-04
Epoch 205/500
7428/7428 - 10s - loss: 3.2894e-04 - mean_squared_error: 3.2894e-04 - val_loss: 3.3445e-04 - val_mean_squared_error: 3.3445e-04
Epoch 206/500
7428/7428 - 9s - loss: 3.2366e-04 - mean_squared_error: 3.2366e-04 - val_loss: 0.0012 - val_mean_squared_error: 0.0012
Epoch 207/500
7428/7428 - 9s - loss: 6.2736e-04 - mean_squared_error: 6.2736e-04 - val_loss: 0.0012 - val_mean_squared_error: 0.0012
Epoch 208/500
7428/7428 - 10s - loss: 5.6345e-04 - mean_squared_error: 5.6345e-04 - val_loss: 1.7954e-04 - val_mean_squared_error: 1.7954e-04
Epoch 209/500
7428/7428 - 9s - loss: 3.4616e-04 - mean_squared_error: 3.4616e-04 - val_loss: 2.2280e-04 - val_mean_squared_error: 2.2280e-04
Epoch 210/500
7428/7428 - 8s - loss: 4.8442e-04 - mean_squared_error: 4.8442e-04 - val_loss: 5.2261e-04 - val_mean_squared_error: 5.2261e-04
Epoch 211/500
7428/7428 - 9s - loss: 4.0938e-04 - mean_squared_error: 4.0938e-04 - val_loss: 2.5875e-04 - val_mean_squared_error: 2.5875e-04
Epoch 212/500
7428/7428 - 9s - loss: 2.8306e-04 - mean_squared_error: 2.8306e-04 - val_loss: 4.5919e-04 - val_mean_squared_error: 4.5919e-04
Epoch 213/500
7428/7428 - 9s - loss: 2.8545e-04 - mean_squared_error: 2.8545e-04 - val_loss: 2.9654e-04 - val_mean_squared_error: 2.9654e-04
Epoch 214/500
7428/7428 - 9s - loss: 3.6508e-04 - mean_squared_error: 3.6508e-04 - val_loss: 5.5740e-04 - val_mean_squared_error: 5.5740e-04
Epoch 215/500
7428/7428 - 9s - loss: 4.6848e-04 - mean_squared_error: 4.6848e-04 - val_loss: 0.0020 - val_mean_squared_error: 0.0020
Epoch 216/500
7428/7428 - 9s - loss: 9.2510e-04 - mean_squared_error: 9.2510e-04 - val_loss: 6.5885e-04 - val_mean_squared_error: 6.5885e-04
Epoch 217/500
7428/7428 - 9s - loss: 5.2245e-04 - mean_squared_error: 5.2245e-04 - val_loss: 2.6600e-04 - val_mean_squared_error: 2.6600e-04
Epoch 218/500
7428/7428 - 9s - loss: 2.8638e-04 - mean_squared_error: 2.8638e-04 - val_loss: 1.9587e-04 - val_mean_squared_error: 1.9587e-04
Epoch 219/500
7428/7428 - 10s - loss: 2.8624e-04 - mean_squared_error: 2.8624e-04 - val_loss: 1.6139e-04 - val_mean_squared_error: 1.6139e-04
Epoch 220/500
7428/7428 - 9s - loss: 3.6872e-04 - mean_squared_error: 3.6872e-04 - val_loss: 2.1200e-04 - val_mean_squared_error: 2.1200e-04
Epoch 221/500
7428/7428 - 8s - loss: 3.3259e-04 - mean_squared_error: 3.3259e-04 - val_loss: 1.5791e-04 - val_mean_squared_error: 1.5791e-04
Epoch 222/500
7428/7428 - 9s - loss: 3.0657e-04 - mean_squared_error: 3.0657e-04 - val_loss: 1.6283e-04 - val_mean_squared_error: 1.6283e-04
Epoch 223/500
7428/7428 - 9s - loss: 3.6831e-04 - mean_squared_error: 3.6831e-04 - val_loss: 7.5921e-04 - val_mean_squared_error: 7.5921e-04
Epoch 224/500
7428/7428 - 10s - loss: 4.0719e-04 - mean_squared_error: 4.0719e-04 - val_loss: 3.5585e-04 - val_mean_squared_error: 3.5585e-04
Epoch 225/500
7428/7428 - 9s - loss: 2.6919e-04 - mean_squared_error: 2.6919e-04 - val_loss: 3.2099e-04 - val_mean_squared_error: 3.2099e-04
Epoch 226/500
7428/7428 - 9s - loss: 4.1347e-04 - mean_squared_error: 4.1347e-04 - val_loss: 5.8940e-04 - val_mean_squared_error: 5.8940e-04
Epoch 227/500
7428/7428 - 8s - loss: 4.8776e-04 - mean_squared_error: 4.8776e-04 - val_loss: 3.4850e-04 - val_mean_squared_error: 3.4850e-04
Epoch 228/500
7428/7428 - 9s - loss: 4.4995e-04 - mean_squared_error: 4.4995e-04 - val_loss: 5.8143e-04 - val_mean_squared_error: 5.8143e-04
Epoch 229/500
7428/7428 - 9s - loss: 3.9909e-04 - mean_squared_error: 3.9909e-04 - val_loss: 9.9388e-04 - val_mean_squared_error: 9.9388e-04
Epoch 230/500
7428/7428 - 9s - loss: 4.2583e-04 - mean_squared_error: 4.2583e-04 - val_loss: 2.7180e-04 - val_mean_squared_error: 2.7180e-04
Epoch 231/500
7428/7428 - 9s - loss: 4.7678e-04 - mean_squared_error: 4.7678e-04 - val_loss: 0.0011 - val_mean_squared_error: 0.0011
Epoch 232/500
7428/7428 - 9s - loss: 5.9930e-04 - mean_squared_error: 5.9930e-04 - val_loss: 3.1569e-04 - val_mean_squared_error: 3.1569e-04
Epoch 233/500
7428/7428 - 9s - loss: 3.2312e-04 - mean_squared_error: 3.2312e-04 - val_loss: 7.5647e-04 - val_mean_squared_error: 7.5647e-04
Epoch 234/500
7428/7428 - 9s - loss: 5.6069e-04 - mean_squared_error: 5.6069e-04 - val_loss: 4.2351e-04 - val_mean_squared_error: 4.2351e-04
Epoch 235/500
7428/7428 - 9s - loss: 3.1014e-04 - mean_squared_error: 3.1014e-04 - val_loss: 2.1954e-04 - val_mean_squared_error: 2.1954e-04
Epoch 236/500
7428/7428 - 9s - loss: 3.0782e-04 - mean_squared_error: 3.0781e-04 - val_loss: 3.1668e-04 - val_mean_squared_error: 3.1668e-04
Epoch 237/500
7428/7428 - 10s - loss: 3.6762e-04 - mean_squared_error: 3.6762e-04 - val_loss: 5.7847e-04 - val_mean_squared_error: 5.7847e-04
Epoch 238/500
7428/7428 - 9s - loss: 4.2859e-04 - mean_squared_error: 4.2859e-04 - val_loss: 2.1105e-04 - val_mean_squared_error: 2.1105e-04
Epoch 239/500
7428/7428 - 9s - loss: 2.5287e-04 - mean_squared_error: 2.5286e-04 - val_loss: 2.6067e-04 - val_mean_squared_error: 2.6067e-04
Epoch 240/500
7428/7428 - 10s - loss: 3.2804e-04 - mean_squared_error: 3.2804e-04 - val_loss: 3.9073e-04 - val_mean_squared_error: 3.9073e-04
Epoch 241/500
7428/7428 - 9s - loss: 4.6359e-04 - mean_squared_error: 4.6359e-04 - val_loss: 7.3841e-04 - val_mean_squared_error: 7.3841e-04
Epoch 242/500
7428/7428 - 9s - loss: 5.3104e-04 - mean_squared_error: 5.3104e-04 - val_loss: 2.4899e-04 - val_mean_squared_error: 2.4899e-04
Epoch 243/500
7428/7428 - 9s - loss: 5.4389e-04 - mean_squared_error: 5.4389e-04 - val_loss: 9.0711e-04 - val_mean_squared_error: 9.0711e-04
Epoch 244/500
7428/7428 - 10s - loss: 5.8337e-04 - mean_squared_error: 5.8337e-04 - val_loss: 2.7916e-04 - val_mean_squared_error: 2.7916e-04
Epoch 245/500
7428/7428 - 9s - loss: 3.1533e-04 - mean_squared_error: 3.1533e-04 - val_loss: 2.2746e-04 - val_mean_squared_error: 2.2746e-04
Epoch 246/500
7428/7428 - 8s - loss: 4.4678e-04 - mean_squared_error: 4.4678e-04 - val_loss: 2.3169e-04 - val_mean_squared_error: 2.3169e-04
Epoch 247/500
7428/7428 - 9s - loss: 3.3358e-04 - mean_squared_error: 3.3358e-04 - val_loss: 5.1968e-04 - val_mean_squared_error: 5.1968e-04
Epoch 248/500
7428/7428 - 9s - loss: 3.4215e-04 - mean_squared_error: 3.4215e-04 - val_loss: 1.6455e-04 - val_mean_squared_error: 1.6455e-04
Epoch 249/500
7428/7428 - 9s - loss: 3.4709e-04 - mean_squared_error: 3.4709e-04 - val_loss: 2.2313e-04 - val_mean_squared_error: 2.2313e-04
Epoch 250/500
7428/7428 - 9s - loss: 2.8268e-04 - mean_squared_error: 2.8268e-04 - val_loss: 4.8671e-04 - val_mean_squared_error: 4.8671e-04
Epoch 251/500
7428/7428 - 9s - loss: 3.5854e-04 - mean_squared_error: 3.5854e-04 - val_loss: 7.9344e-04 - val_mean_squared_error: 7.9344e-04
Epoch 252/500
7428/7428 - 8s - loss: 3.8693e-04 - mean_squared_error: 3.8693e-04 - val_loss: 2.1520e-04 - val_mean_squared_error: 2.1520e-04
Epoch 253/500
7428/7428 - 8s - loss: 2.6159e-04 - mean_squared_error: 2.6160e-04 - val_loss: 1.5326e-04 - val_mean_squared_error: 1.5326e-04
Epoch 254/500
7428/7428 - 8s - loss: 3.1933e-04 - mean_squared_error: 3.1933e-04 - val_loss: 5.6800e-04 - val_mean_squared_error: 5.6800e-04
Epoch 255/500
7428/7428 - 9s - loss: 4.4227e-04 - mean_squared_error: 4.4227e-04 - val_loss: 6.0801e-04 - val_mean_squared_error: 6.0801e-04
Epoch 256/500
7428/7428 - 9s - loss: 3.0643e-04 - mean_squared_error: 3.0643e-04 - val_loss: 1.9296e-04 - val_mean_squared_error: 1.9296e-04
Epoch 257/500
7428/7428 - 9s - loss: 3.2832e-04 - mean_squared_error: 3.2832e-04 - val_loss: 1.7244e-04 - val_mean_squared_error: 1.7244e-04
Epoch 258/500
7428/7428 - 9s - loss: 2.8650e-04 - mean_squared_error: 2.8650e-04 - val_loss: 2.4866e-04 - val_mean_squared_error: 2.4866e-04
Epoch 259/500
7428/7428 - 9s - loss: 3.2676e-04 - mean_squared_error: 3.2676e-04 - val_loss: 1.3674e-04 - val_mean_squared_error: 1.3674e-04
Epoch 260/500
7428/7428 - 9s - loss: 2.6236e-04 - mean_squared_error: 2.6236e-04 - val_loss: 2.8405e-04 - val_mean_squared_error: 2.8405e-04
Epoch 261/500
7428/7428 - 9s - loss: 3.2103e-04 - mean_squared_error: 3.2103e-04 - val_loss: 5.3044e-04 - val_mean_squared_error: 5.3044e-04
Epoch 262/500
7428/7428 - 9s - loss: 3.5334e-04 - mean_squared_error: 3.5334e-04 - val_loss: 6.7504e-04 - val_mean_squared_error: 6.7504e-04
Epoch 263/500
7428/7428 - 9s - loss: 3.9530e-04 - mean_squared_error: 3.9530e-04 - val_loss: 2.0456e-04 - val_mean_squared_error: 2.0456e-04
Epoch 264/500
7428/7428 - 9s - loss: 3.9321e-04 - mean_squared_error: 3.9321e-04 - val_loss: 6.6931e-04 - val_mean_squared_error: 6.6931e-04
Epoch 265/500
7428/7428 - 9s - loss: 6.5573e-04 - mean_squared_error: 6.5573e-04 - val_loss: 1.4930e-04 - val_mean_squared_error: 1.4930e-04
Epoch 266/500
7428/7428 - 9s - loss: 2.6984e-04 - mean_squared_error: 2.6984e-04 - val_loss: 2.9589e-04 - val_mean_squared_error: 2.9589e-04
Epoch 267/500
7428/7428 - 9s - loss: 3.7816e-04 - mean_squared_error: 3.7816e-04 - val_loss: 2.4620e-04 - val_mean_squared_error: 2.4620e-04
Epoch 268/500
7428/7428 - 9s - loss: 3.2365e-04 - mean_squared_error: 3.2365e-04 - val_loss: 1.9482e-04 - val_mean_squared_error: 1.9482e-04
Epoch 269/500
7428/7428 - 9s - loss: 2.8891e-04 - mean_squared_error: 2.8891e-04 - val_loss: 1.4882e-04 - val_mean_squared_error: 1.4882e-04
Epoch 270/500
7428/7428 - 9s - loss: 2.6766e-04 - mean_squared_error: 2.6766e-04 - val_loss: 2.3182e-04 - val_mean_squared_error: 2.3182e-04
Epoch 271/500
7428/7428 - 9s - loss: 2.9152e-04 - mean_squared_error: 2.9152e-04 - val_loss: 4.4729e-04 - val_mean_squared_error: 4.4729e-04
Epoch 272/500
7428/7428 - 9s - loss: 3.7912e-04 - mean_squared_error: 3.7912e-04 - val_loss: 8.2122e-04 - val_mean_squared_error: 8.2122e-04
Epoch 273/500
7428/7428 - 10s - loss: 3.8027e-04 - mean_squared_error: 3.8027e-04 - val_loss: 7.1702e-04 - val_mean_squared_error: 7.1702e-04
Epoch 274/500
7428/7428 - 9s - loss: 4.2000e-04 - mean_squared_error: 4.2000e-04 - val_loss: 2.5585e-04 - val_mean_squared_error: 2.5585e-04
Epoch 275/500
7428/7428 - 9s - loss: 3.4123e-04 - mean_squared_error: 3.4123e-04 - val_loss: 7.0022e-04 - val_mean_squared_error: 7.0022e-04
Epoch 276/500
7428/7428 - 9s - loss: 4.2424e-04 - mean_squared_error: 4.2424e-04 - val_loss: 1.8478e-04 - val_mean_squared_error: 1.8478e-04
Epoch 277/500
7428/7428 - 10s - loss: 4.0065e-04 - mean_squared_error: 4.0065e-04 - val_loss: 4.5428e-04 - val_mean_squared_error: 4.5428e-04
Epoch 278/500
7428/7428 - 9s - loss: 3.6198e-04 - mean_squared_error: 3.6198e-04 - val_loss: 1.7087e-04 - val_mean_squared_error: 1.7087e-04
Epoch 279/500
7428/7428 - 9s - loss: 2.8646e-04 - mean_squared_error: 2.8646e-04 - val_loss: 2.3325e-04 - val_mean_squared_error: 2.3325e-04
Epoch 280/500
7428/7428 - 9s - loss: 2.3256e-04 - mean_squared_error: 2.3256e-04 - val_loss: 1.3144e-04 - val_mean_squared_error: 1.3144e-04
Epoch 281/500
7428/7428 - 9s - loss: 2.3382e-04 - mean_squared_error: 2.3382e-04 - val_loss: 1.7846e-04 - val_mean_squared_error: 1.7846e-04
Epoch 282/500
7428/7428 - 9s - loss: 2.4764e-04 - mean_squared_error: 2.4764e-04 - val_loss: 4.5337e-04 - val_mean_squared_error: 4.5337e-04
Epoch 283/500
7428/7428 - 9s - loss: 3.3515e-04 - mean_squared_error: 3.3515e-04 - val_loss: 1.9108e-04 - val_mean_squared_error: 1.9108e-04
Epoch 284/500
7428/7428 - 8s - loss: 2.9690e-04 - mean_squared_error: 2.9690e-04 - val_loss: 2.3018e-04 - val_mean_squared_error: 2.3018e-04
Epoch 285/500
7428/7428 - 8s - loss: 2.2716e-04 - mean_squared_error: 2.2716e-04 - val_loss: 0.0013 - val_mean_squared_error: 0.0013
Epoch 286/500
7428/7428 - 8s - loss: 3.2056e-04 - mean_squared_error: 3.2056e-04 - val_loss: 1.4182e-04 - val_mean_squared_error: 1.4182e-04
Epoch 287/500
7428/7428 - 8s - loss: 2.3190e-04 - mean_squared_error: 2.3190e-04 - val_loss: 1.9963e-04 - val_mean_squared_error: 1.9963e-04
Epoch 288/500
7428/7428 - 9s - loss: 2.5441e-04 - mean_squared_error: 2.5441e-04 - val_loss: 5.5579e-04 - val_mean_squared_error: 5.5579e-04
Epoch 289/500
7428/7428 - 9s - loss: 3.3189e-04 - mean_squared_error: 3.3189e-04 - val_loss: 2.9153e-04 - val_mean_squared_error: 2.9153e-04
Epoch 290/500
7428/7428 - 9s - loss: 2.6615e-04 - mean_squared_error: 2.6615e-04 - val_loss: 1.6188e-04 - val_mean_squared_error: 1.6188e-04
Epoch 291/500
7428/7428 - 9s - loss: 3.0778e-04 - mean_squared_error: 3.0778e-04 - val_loss: 7.0376e-04 - val_mean_squared_error: 7.0376e-04
Epoch 292/500
7428/7428 - 9s - loss: 5.0511e-04 - mean_squared_error: 5.0511e-04 - val_loss: 6.3251e-04 - val_mean_squared_error: 6.3251e-04
Epoch 293/500
7428/7428 - 9s - loss: 3.2591e-04 - mean_squared_error: 3.2591e-04 - val_loss: 3.5083e-04 - val_mean_squared_error: 3.5083e-04
Epoch 294/500
7428/7428 - 9s - loss: 3.6423e-04 - mean_squared_error: 3.6423e-04 - val_loss: 2.4792e-04 - val_mean_squared_error: 2.4792e-04
Epoch 295/500
7428/7428 - 8s - loss: 2.5110e-04 - mean_squared_error: 2.5110e-04 - val_loss: 2.0988e-04 - val_mean_squared_error: 2.0988e-04
Epoch 296/500
7428/7428 - 9s - loss: 2.2059e-04 - mean_squared_error: 2.2059e-04 - val_loss: 1.6211e-04 - val_mean_squared_error: 1.6211e-04
Epoch 297/500
7428/7428 - 9s - loss: 2.3557e-04 - mean_squared_error: 2.3557e-04 - val_loss: 3.1540e-04 - val_mean_squared_error: 3.1540e-04
Epoch 298/500
7428/7428 - 9s - loss: 3.4357e-04 - mean_squared_error: 3.4357e-04 - val_loss: 2.9017e-04 - val_mean_squared_error: 2.9017e-04
Epoch 299/500
7428/7428 - 9s - loss: 2.6058e-04 - mean_squared_error: 2.6058e-04 - val_loss: 1.4468e-04 - val_mean_squared_error: 1.4468e-04
Epoch 300/500
7428/7428 - 9s - loss: 2.8522e-04 - mean_squared_error: 2.8522e-04 - val_loss: 2.9183e-04 - val_mean_squared_error: 2.9183e-04
Epoch 301/500
7428/7428 - 8s - loss: 2.8712e-04 - mean_squared_error: 2.8712e-04 - val_loss: 3.9711e-04 - val_mean_squared_error: 3.9711e-04
Epoch 302/500
7428/7428 - 9s - loss: 3.2706e-04 - mean_squared_error: 3.2706e-04 - val_loss: 1.9371e-04 - val_mean_squared_error: 1.9371e-04
Epoch 303/500
7428/7428 - 9s - loss: 2.5414e-04 - mean_squared_error: 2.5414e-04 - val_loss: 1.7254e-04 - val_mean_squared_error: 1.7254e-04
Epoch 304/500
7428/7428 - 9s - loss: 2.7374e-04 - mean_squared_error: 2.7374e-04 - val_loss: 4.1383e-04 - val_mean_squared_error: 4.1383e-04
Epoch 305/500
7428/7428 - 9s - loss: 2.1723e-04 - mean_squared_error: 2.1723e-04 - val_loss: 2.0617e-04 - val_mean_squared_error: 2.0617e-04
Epoch 306/500
7428/7428 - 9s - loss: 2.3647e-04 - mean_squared_error: 2.3647e-04 - val_loss: 2.9585e-04 - val_mean_squared_error: 2.9585e-04
Epoch 307/500
7428/7428 - 9s - loss: 3.3637e-04 - mean_squared_error: 3.3637e-04 - val_loss: 1.3694e-04 - val_mean_squared_error: 1.3694e-04
Epoch 308/500
7428/7428 - 9s - loss: 2.9850e-04 - mean_squared_error: 2.9850e-04 - val_loss: 3.1013e-04 - val_mean_squared_error: 3.1013e-04
Epoch 309/500
7428/7428 - 9s - loss: 3.2571e-04 - mean_squared_error: 3.2571e-04 - val_loss: 1.5759e-04 - val_mean_squared_error: 1.5759e-04
Epoch 310/500
7428/7428 - 9s - loss: 2.0668e-04 - mean_squared_error: 2.0668e-04 - val_loss: 2.1801e-04 - val_mean_squared_error: 2.1801e-04
Epoch 311/500
7428/7428 - 10s - loss: 2.0339e-04 - mean_squared_error: 2.0339e-04 - val_loss: 2.9814e-04 - val_mean_squared_error: 2.9814e-04
Epoch 312/500
7428/7428 - 9s - loss: 2.2573e-04 - mean_squared_error: 2.2573e-04 - val_loss: 3.8102e-04 - val_mean_squared_error: 3.8102e-04
Epoch 313/500
7428/7428 - 10s - loss: 3.4704e-04 - mean_squared_error: 3.4704e-04 - val_loss: 2.5010e-04 - val_mean_squared_error: 2.5010e-04
Epoch 314/500
7428/7428 - 10s - loss: 3.7062e-04 - mean_squared_error: 3.7062e-04 - val_loss: 0.0020 - val_mean_squared_error: 0.0020
Epoch 315/500
7428/7428 - 8s - loss: 7.9317e-04 - mean_squared_error: 7.9317e-04 - val_loss: 1.5575e-04 - val_mean_squared_error: 1.5575e-04
Epoch 316/500
7428/7428 - 9s - loss: 2.6583e-04 - mean_squared_error: 2.6583e-04 - val_loss: 3.3477e-04 - val_mean_squared_error: 3.3477e-04
Epoch 317/500
7428/7428 - 9s - loss: 2.6888e-04 - mean_squared_error: 2.6888e-04 - val_loss: 1.6719e-04 - val_mean_squared_error: 1.6719e-04
Epoch 318/500
7428/7428 - 10s - loss: 2.2323e-04 - mean_squared_error: 2.2323e-04 - val_loss: 1.7652e-04 - val_mean_squared_error: 1.7652e-04
Epoch 319/500
7428/7428 - 9s - loss: 2.0292e-04 - mean_squared_error: 2.0292e-04 - val_loss: 1.1415e-04 - val_mean_squared_error: 1.1415e-04
Epoch 320/500
7428/7428 - 9s - loss: 1.8611e-04 - mean_squared_error: 1.8611e-04 - val_loss: 2.0399e-04 - val_mean_squared_error: 2.0399e-04
Epoch 321/500
7428/7428 - 10s - loss: 2.2433e-04 - mean_squared_error: 2.2433e-04 - val_loss: 1.6820e-04 - val_mean_squared_error: 1.6820e-04
Epoch 322/500
7428/7428 - 9s - loss: 2.7802e-04 - mean_squared_error: 2.7802e-04 - val_loss: 2.1941e-04 - val_mean_squared_error: 2.1941e-04
Epoch 323/500
7428/7428 - 9s - loss: 2.4195e-04 - mean_squared_error: 2.4195e-04 - val_loss: 1.5856e-04 - val_mean_squared_error: 1.5856e-04
Epoch 324/500
7428/7428 - 11s - loss: 2.7071e-04 - mean_squared_error: 2.7071e-04 - val_loss: 9.2022e-04 - val_mean_squared_error: 9.2022e-04
Epoch 325/500
7428/7428 - 10s - loss: 5.6456e-04 - mean_squared_error: 5.6456e-04 - val_loss: 2.6521e-04 - val_mean_squared_error: 2.6521e-04
Epoch 326/500
7428/7428 - 9s - loss: 2.2175e-04 - mean_squared_error: 2.2175e-04 - val_loss: 2.3253e-04 - val_mean_squared_error: 2.3253e-04
Epoch 327/500
7428/7428 - 10s - loss: 2.9474e-04 - mean_squared_error: 2.9474e-04 - val_loss: 1.3021e-04 - val_mean_squared_error: 1.3021e-04
Epoch 328/500
7428/7428 - 9s - loss: 1.8562e-04 - mean_squared_error: 1.8562e-04 - val_loss: 1.9631e-04 - val_mean_squared_error: 1.9631e-04
Epoch 329/500
7428/7428 - 10s - loss: 1.9441e-04 - mean_squared_error: 1.9441e-04 - val_loss: 1.0575e-04 - val_mean_squared_error: 1.0575e-04
Epoch 330/500
7428/7428 - 10s - loss: 2.1461e-04 - mean_squared_error: 2.1461e-04 - val_loss: 1.5811e-04 - val_mean_squared_error: 1.5811e-04
Epoch 331/500
7428/7428 - 9s - loss: 3.2407e-04 - mean_squared_error: 3.2407e-04 - val_loss: 1.2391e-04 - val_mean_squared_error: 1.2391e-04
Epoch 332/500
7428/7428 - 9s - loss: 2.2209e-04 - mean_squared_error: 2.2209e-04 - val_loss: 1.1119e-04 - val_mean_squared_error: 1.1119e-04
Epoch 333/500
7428/7428 - 9s - loss: 1.7740e-04 - mean_squared_error: 1.7740e-04 - val_loss: 1.4364e-04 - val_mean_squared_error: 1.4364e-04
Epoch 334/500
7428/7428 - 10s - loss: 1.7905e-04 - mean_squared_error: 1.7905e-04 - val_loss: 1.4367e-04 - val_mean_squared_error: 1.4367e-04
Epoch 335/500
7428/7428 - 9s - loss: 2.3013e-04 - mean_squared_error: 2.3013e-04 - val_loss: 4.7929e-04 - val_mean_squared_error: 4.7929e-04
Epoch 336/500
7428/7428 - 9s - loss: 2.7908e-04 - mean_squared_error: 2.7908e-04 - val_loss: 1.2856e-04 - val_mean_squared_error: 1.2856e-04
Epoch 337/500
7428/7428 - 9s - loss: 2.2987e-04 - mean_squared_error: 2.2987e-04 - val_loss: 2.0835e-04 - val_mean_squared_error: 2.0835e-04
Epoch 338/500
7428/7428 - 9s - loss: 2.4663e-04 - mean_squared_error: 2.4663e-04 - val_loss: 1.6979e-04 - val_mean_squared_error: 1.6979e-04
Epoch 339/500
7428/7428 - 9s - loss: 2.0702e-04 - mean_squared_error: 2.0702e-04 - val_loss: 1.6669e-04 - val_mean_squared_error: 1.6669e-04
Epoch 340/500
7428/7428 - 9s - loss: 1.8109e-04 - mean_squared_error: 1.8109e-04 - val_loss: 1.0822e-04 - val_mean_squared_error: 1.0822e-04
Epoch 341/500
7428/7428 - 9s - loss: 1.7980e-04 - mean_squared_error: 1.7980e-04 - val_loss: 4.2263e-04 - val_mean_squared_error: 4.2263e-04
Epoch 342/500
7428/7428 - 9s - loss: 2.6218e-04 - mean_squared_error: 2.6218e-04 - val_loss: 1.7324e-04 - val_mean_squared_error: 1.7324e-04
Epoch 343/500
7428/7428 - 8s - loss: 2.2815e-04 - mean_squared_error: 2.2815e-04 - val_loss: 3.4024e-04 - val_mean_squared_error: 3.4024e-04
Epoch 344/500
7428/7428 - 8s - loss: 3.3124e-04 - mean_squared_error: 3.3124e-04 - val_loss: 3.3125e-04 - val_mean_squared_error: 3.3125e-04
Epoch 345/500
7428/7428 - 8s - loss: 3.5844e-04 - mean_squared_error: 3.5844e-04 - val_loss: 1.9195e-04 - val_mean_squared_error: 1.9195e-04
Epoch 346/500
7428/7428 - 8s - loss: 2.2205e-04 - mean_squared_error: 2.2205e-04 - val_loss: 2.6576e-04 - val_mean_squared_error: 2.6576e-04
Epoch 347/500
7428/7428 - 9s - loss: 2.6274e-04 - mean_squared_error: 2.6274e-04 - val_loss: 1.6970e-04 - val_mean_squared_error: 1.6970e-04
Epoch 348/500
7428/7428 - 10s - loss: 2.9768e-04 - mean_squared_error: 2.9768e-04 - val_loss: 4.9865e-04 - val_mean_squared_error: 4.9865e-04
Epoch 349/500
7428/7428 - 9s - loss: 2.5035e-04 - mean_squared_error: 2.5035e-04 - val_loss: 1.6864e-04 - val_mean_squared_error: 1.6864e-04
Epoch 350/500
7428/7428 - 9s - loss: 2.1423e-04 - mean_squared_error: 2.1423e-04 - val_loss: 1.5891e-04 - val_mean_squared_error: 1.5891e-04
Epoch 351/500
7428/7428 - 10s - loss: 2.1665e-04 - mean_squared_error: 2.1665e-04 - val_loss: 7.6578e-04 - val_mean_squared_error: 7.6578e-04
Epoch 352/500
7428/7428 - 9s - loss: 4.4962e-04 - mean_squared_error: 4.4962e-04 - val_loss: 4.8810e-04 - val_mean_squared_error: 4.8810e-04
Epoch 353/500
7428/7428 - 9s - loss: 4.2183e-04 - mean_squared_error: 4.2183e-04 - val_loss: 2.8633e-04 - val_mean_squared_error: 2.8633e-04
Epoch 354/500
7428/7428 - 10s - loss: 2.5485e-04 - mean_squared_error: 2.5485e-04 - val_loss: 1.7991e-04 - val_mean_squared_error: 1.7991e-04
Epoch 355/500
7428/7428 - 9s - loss: 2.7947e-04 - mean_squared_error: 2.7947e-04 - val_loss: 1.8212e-04 - val_mean_squared_error: 1.8212e-04
Epoch 356/500
7428/7428 - 9s - loss: 2.8242e-04 - mean_squared_error: 2.8242e-04 - val_loss: 3.6974e-04 - val_mean_squared_error: 3.6974e-04
Epoch 357/500
7428/7428 - 10s - loss: 2.6494e-04 - mean_squared_error: 2.6494e-04 - val_loss: 2.5376e-04 - val_mean_squared_error: 2.5376e-04
Epoch 358/500
7428/7428 - 9s - loss: 2.1269e-04 - mean_squared_error: 2.1269e-04 - val_loss: 1.9234e-04 - val_mean_squared_error: 1.9234e-04
Epoch 359/500
7428/7428 - 9s - loss: 2.8253e-04 - mean_squared_error: 2.8253e-04 - val_loss: 4.3024e-04 - val_mean_squared_error: 4.3024e-04
Epoch 360/500
7428/7428 - 9s - loss: 3.5416e-04 - mean_squared_error: 3.5416e-04 - val_loss: 2.5451e-04 - val_mean_squared_error: 2.5451e-04
Epoch 361/500
7428/7428 - 10s - loss: 3.7523e-04 - mean_squared_error: 3.7523e-04 - val_loss: 1.4064e-04 - val_mean_squared_error: 1.4064e-04
Epoch 362/500
7428/7428 - 9s - loss: 1.7651e-04 - mean_squared_error: 1.7651e-04 - val_loss: 1.3534e-04 - val_mean_squared_error: 1.3534e-04
Epoch 363/500
7428/7428 - 9s - loss: 2.0410e-04 - mean_squared_error: 2.0410e-04 - val_loss: 1.7055e-04 - val_mean_squared_error: 1.7055e-04
Epoch 364/500
7428/7428 - 9s - loss: 2.0223e-04 - mean_squared_error: 2.0223e-04 - val_loss: 2.2761e-04 - val_mean_squared_error: 2.2761e-04
Epoch 365/500
7428/7428 - 9s - loss: 1.7618e-04 - mean_squared_error: 1.7618e-04 - val_loss: 1.6040e-04 - val_mean_squared_error: 1.6040e-04
Epoch 366/500
7428/7428 - 9s - loss: 2.2538e-04 - mean_squared_error: 2.2538e-04 - val_loss: 2.5727e-04 - val_mean_squared_error: 2.5727e-04
Epoch 367/500
7428/7428 - 9s - loss: 2.6880e-04 - mean_squared_error: 2.6880e-04 - val_loss: 1.2110e-04 - val_mean_squared_error: 1.2110e-04
Epoch 368/500
7428/7428 - 8s - loss: 2.3592e-04 - mean_squared_error: 2.3592e-04 - val_loss: 1.9462e-04 - val_mean_squared_error: 1.9462e-04
Epoch 369/500
7428/7428 - 8s - loss: 2.1111e-04 - mean_squared_error: 2.1111e-04 - val_loss: 3.3212e-04 - val_mean_squared_error: 3.3212e-04
Epoch 370/500
7428/7428 - 9s - loss: 2.3680e-04 - mean_squared_error: 2.3680e-04 - val_loss: 1.8376e-04 - val_mean_squared_error: 1.8376e-04
Epoch 371/500
7428/7428 - 9s - loss: 1.5608e-04 - mean_squared_error: 1.5608e-04 - val_loss: 2.3270e-04 - val_mean_squared_error: 2.3270e-04
Epoch 372/500
7428/7428 - 9s - loss: 1.9340e-04 - mean_squared_error: 1.9340e-04 - val_loss: 3.1169e-04 - val_mean_squared_error: 3.1169e-04
Epoch 373/500
7428/7428 - 10s - loss: 1.9875e-04 - mean_squared_error: 1.9875e-04 - val_loss: 1.3146e-04 - val_mean_squared_error: 1.3146e-04
Epoch 374/500
7428/7428 - 9s - loss: 2.0502e-04 - mean_squared_error: 2.0502e-04 - val_loss: 1.5025e-04 - val_mean_squared_error: 1.5025e-04
Epoch 375/500
7428/7428 - 9s - loss: 1.8080e-04 - mean_squared_error: 1.8080e-04 - val_loss: 4.6834e-04 - val_mean_squared_error: 4.6834e-04
Epoch 376/500
7428/7428 - 10s - loss: 2.4140e-04 - mean_squared_error: 2.4140e-04 - val_loss: 1.2706e-04 - val_mean_squared_error: 1.2706e-04
Epoch 377/500
7428/7428 - 9s - loss: 1.7469e-04 - mean_squared_error: 1.7469e-04 - val_loss: 7.6129e-04 - val_mean_squared_error: 7.6129e-04
Epoch 378/500
7428/7428 - 9s - loss: 3.8667e-04 - mean_squared_error: 3.8667e-04 - val_loss: 2.5075e-04 - val_mean_squared_error: 2.5075e-04
Epoch 379/500
7428/7428 - 10s - loss: 1.9928e-04 - mean_squared_error: 1.9928e-04 - val_loss: 2.7196e-04 - val_mean_squared_error: 2.7196e-04
Epoch 380/500
7428/7428 - 9s - loss: 2.2783e-04 - mean_squared_error: 2.2783e-04 - val_loss: 2.7341e-04 - val_mean_squared_error: 2.7341e-04
Epoch 381/500
7428/7428 - 9s - loss: 1.8418e-04 - mean_squared_error: 1.8418e-04 - val_loss: 1.5679e-04 - val_mean_squared_error: 1.5679e-04
Epoch 382/500
7428/7428 - 11s - loss: 2.2529e-04 - mean_squared_error: 2.2529e-04 - val_loss: 6.6926e-04 - val_mean_squared_error: 6.6926e-04
Epoch 383/500
7428/7428 - 9s - loss: 3.9606e-04 - mean_squared_error: 3.9606e-04 - val_loss: 1.6982e-04 - val_mean_squared_error: 1.6982e-04
Epoch 384/500
7428/7428 - 11s - loss: 2.0875e-04 - mean_squared_error: 2.0875e-04 - val_loss: 2.0437e-04 - val_mean_squared_error: 2.0437e-04
Epoch 385/500
7428/7428 - 9s - loss: 2.6928e-04 - mean_squared_error: 2.6928e-04 - val_loss: 2.9946e-04 - val_mean_squared_error: 2.9946e-04
Epoch 386/500
7428/7428 - 10s - loss: 3.0600e-04 - mean_squared_error: 3.0600e-04 - val_loss: 7.9095e-04 - val_mean_squared_error: 7.9095e-04
Epoch 387/500
7428/7428 - 10s - loss: 4.3918e-04 - mean_squared_error: 4.3919e-04 - val_loss: 3.0893e-04 - val_mean_squared_error: 3.0893e-04
Epoch 388/500
7428/7428 - 10s - loss: 3.8044e-04 - mean_squared_error: 3.8044e-04 - val_loss: 4.8154e-04 - val_mean_squared_error: 4.8154e-04
Epoch 389/500
7428/7428 - 10s - loss: 3.4731e-04 - mean_squared_error: 3.4731e-04 - val_loss: 3.1374e-04 - val_mean_squared_error: 3.1374e-04
Epoch 390/500
7428/7428 - 9s - loss: 2.7047e-04 - mean_squared_error: 2.7047e-04 - val_loss: 2.6634e-04 - val_mean_squared_error: 2.6634e-04
Epoch 391/500
7428/7428 - 11s - loss: 3.0634e-04 - mean_squared_error: 3.0634e-04 - val_loss: 3.8855e-04 - val_mean_squared_error: 3.8855e-04
Epoch 392/500
7428/7428 - 10s - loss: 3.5700e-04 - mean_squared_error: 3.5700e-04 - val_loss: 1.4253e-04 - val_mean_squared_error: 1.4253e-04
Epoch 393/500
7428/7428 - 11s - loss: 2.3977e-04 - mean_squared_error: 2.3977e-04 - val_loss: 2.2368e-04 - val_mean_squared_error: 2.2368e-04
Epoch 394/500
7428/7428 - 9s - loss: 3.0931e-04 - mean_squared_error: 3.0931e-04 - val_loss: 3.5726e-04 - val_mean_squared_error: 3.5726e-04
Epoch 395/500
7428/7428 - 9s - loss: 4.2658e-04 - mean_squared_error: 4.2658e-04 - val_loss: 1.5534e-04 - val_mean_squared_error: 1.5534e-04
Epoch 396/500
7428/7428 - 10s - loss: 2.4569e-04 - mean_squared_error: 2.4569e-04 - val_loss: 1.5540e-04 - val_mean_squared_error: 1.5540e-04
Epoch 397/500
7428/7428 - 9s - loss: 2.3467e-04 - mean_squared_error: 2.3467e-04 - val_loss: 2.5876e-04 - val_mean_squared_error: 2.5876e-04
Epoch 398/500
7428/7428 - 9s - loss: 2.0598e-04 - mean_squared_error: 2.0598e-04 - val_loss: 1.1435e-04 - val_mean_squared_error: 1.1435e-04
Epoch 399/500
7428/7428 - 9s - loss: 1.8328e-04 - mean_squared_error: 1.8328e-04 - val_loss: 4.2325e-04 - val_mean_squared_error: 4.2325e-04
Epoch 400/500
7428/7428 - 10s - loss: 2.5924e-04 - mean_squared_error: 2.5924e-04 - val_loss: 2.4234e-04 - val_mean_squared_error: 2.4234e-04
Epoch 401/500
7428/7428 - 9s - loss: 2.4348e-04 - mean_squared_error: 2.4348e-04 - val_loss: 3.8884e-04 - val_mean_squared_error: 3.8884e-04
Epoch 402/500
7428/7428 - 9s - loss: 3.4819e-04 - mean_squared_error: 3.4819e-04 - val_loss: 1.8079e-04 - val_mean_squared_error: 1.8079e-04
Epoch 403/500
7428/7428 - 9s - loss: 1.8756e-04 - mean_squared_error: 1.8756e-04 - val_loss: 1.8620e-04 - val_mean_squared_error: 1.8620e-04
Epoch 404/500
7428/7428 - 9s - loss: 1.6742e-04 - mean_squared_error: 1.6742e-04 - val_loss: 1.5545e-04 - val_mean_squared_error: 1.5545e-04
Epoch 405/500
7428/7428 - 10s - loss: 1.8223e-04 - mean_squared_error: 1.8223e-04 - val_loss: 1.6448e-04 - val_mean_squared_error: 1.6448e-04
Epoch 406/500
7428/7428 - 9s - loss: 1.6841e-04 - mean_squared_error: 1.6841e-04 - val_loss: 1.1317e-04 - val_mean_squared_error: 1.1317e-04
Epoch 407/500
7428/7428 - 10s - loss: 1.6404e-04 - mean_squared_error: 1.6404e-04 - val_loss: 1.3668e-04 - val_mean_squared_error: 1.3668e-04
Epoch 408/500
7428/7428 - 11s - loss: 2.0831e-04 - mean_squared_error: 2.0831e-04 - val_loss: 3.3402e-04 - val_mean_squared_error: 3.3402e-04
Epoch 409/500
7428/7428 - 9s - loss: 2.3533e-04 - mean_squared_error: 2.3533e-04 - val_loss: 5.4565e-04 - val_mean_squared_error: 5.4565e-04
Epoch 410/500
7428/7428 - 10s - loss: 3.7151e-04 - mean_squared_error: 3.7151e-04 - val_loss: 1.3623e-04 - val_mean_squared_error: 1.3623e-04
Epoch 411/500
7428/7428 - 9s - loss: 1.7265e-04 - mean_squared_error: 1.7265e-04 - val_loss: 1.6736e-04 - val_mean_squared_error: 1.6736e-04
Epoch 412/500
7428/7428 - 11s - loss: 2.3916e-04 - mean_squared_error: 2.3916e-04 - val_loss: 9.2495e-04 - val_mean_squared_error: 9.2495e-04
Epoch 413/500
7428/7428 - 9s - loss: 4.6548e-04 - mean_squared_error: 4.6548e-04 - val_loss: 1.4305e-04 - val_mean_squared_error: 1.4305e-04
Epoch 414/500
7428/7428 - 9s - loss: 2.3032e-04 - mean_squared_error: 2.3032e-04 - val_loss: 2.1166e-04 - val_mean_squared_error: 2.1166e-04
Epoch 415/500
7428/7428 - 10s - loss: 1.7107e-04 - mean_squared_error: 1.7107e-04 - val_loss: 1.4297e-04 - val_mean_squared_error: 1.4297e-04
Epoch 416/500
7428/7428 - 9s - loss: 1.7880e-04 - mean_squared_error: 1.7880e-04 - val_loss: 1.1514e-04 - val_mean_squared_error: 1.1514e-04
Epoch 417/500
7428/7428 - 9s - loss: 2.0926e-04 - mean_squared_error: 2.0926e-04 - val_loss: 1.1485e-04 - val_mean_squared_error: 1.1485e-04
Epoch 418/500
7428/7428 - 9s - loss: 1.5625e-04 - mean_squared_error: 1.5625e-04 - val_loss: 2.5183e-04 - val_mean_squared_error: 2.5183e-04
Epoch 419/500
7428/7428 - 10s - loss: 2.0471e-04 - mean_squared_error: 2.0471e-04 - val_loss: 1.8189e-04 - val_mean_squared_error: 1.8189e-04
Epoch 420/500
7428/7428 - 9s - loss: 1.7201e-04 - mean_squared_error: 1.7201e-04 - val_loss: 1.7852e-04 - val_mean_squared_error: 1.7852e-04
Epoch 421/500
7428/7428 - 9s - loss: 1.8598e-04 - mean_squared_error: 1.8598e-04 - val_loss: 3.7583e-04 - val_mean_squared_error: 3.7583e-04
Epoch 422/500
7428/7428 - 9s - loss: 3.6383e-04 - mean_squared_error: 3.6383e-04 - val_loss: 0.0017 - val_mean_squared_error: 0.0017
Epoch 423/500
7428/7428 - 9s - loss: 6.1547e-04 - mean_squared_error: 6.1547e-04 - val_loss: 2.0046e-04 - val_mean_squared_error: 2.0046e-04
Epoch 424/500
7428/7428 - 10s - loss: 2.4154e-04 - mean_squared_error: 2.4154e-04 - val_loss: 9.5656e-05 - val_mean_squared_error: 9.5656e-05
Epoch 425/500
7428/7428 - 9s - loss: 1.7106e-04 - mean_squared_error: 1.7106e-04 - val_loss: 1.3244e-04 - val_mean_squared_error: 1.3244e-04
Epoch 426/500
7428/7428 - 8s - loss: 1.8186e-04 - mean_squared_error: 1.8186e-04 - val_loss: 2.6194e-04 - val_mean_squared_error: 2.6194e-04
Epoch 427/500
7428/7428 - 8s - loss: 2.8297e-04 - mean_squared_error: 2.8297e-04 - val_loss: 1.5141e-04 - val_mean_squared_error: 1.5141e-04
Epoch 428/500
7428/7428 - 9s - loss: 1.7013e-04 - mean_squared_error: 1.7013e-04 - val_loss: 1.3583e-04 - val_mean_squared_error: 1.3583e-04
Epoch 429/500
7428/7428 - 9s - loss: 1.6298e-04 - mean_squared_error: 1.6298e-04 - val_loss: 3.3209e-04 - val_mean_squared_error: 3.3209e-04
Epoch 430/500
7428/7428 - 10s - loss: 2.0281e-04 - mean_squared_error: 2.0281e-04 - val_loss: 5.9935e-04 - val_mean_squared_error: 5.9935e-04
Epoch 431/500
7428/7428 - 10s - loss: 2.5273e-04 - mean_squared_error: 2.5273e-04 - val_loss: 1.1784e-04 - val_mean_squared_error: 1.1784e-04
Epoch 432/500
7428/7428 - 9s - loss: 1.5933e-04 - mean_squared_error: 1.5933e-04 - val_loss: 2.1904e-04 - val_mean_squared_error: 2.1904e-04
Epoch 433/500
7428/7428 - 10s - loss: 1.7136e-04 - mean_squared_error: 1.7136e-04 - val_loss: 1.6020e-04 - val_mean_squared_error: 1.6020e-04
Epoch 434/500
7428/7428 - 9s - loss: 1.5274e-04 - mean_squared_error: 1.5274e-04 - val_loss: 2.1033e-04 - val_mean_squared_error: 2.1033e-04
Epoch 435/500
7428/7428 - 10s - loss: 1.4587e-04 - mean_squared_error: 1.4587e-04 - val_loss: 1.2985e-04 - val_mean_squared_error: 1.2985e-04
Epoch 436/500
7428/7428 - 10s - loss: 1.5526e-04 - mean_squared_error: 1.5526e-04 - val_loss: 1.0432e-04 - val_mean_squared_error: 1.0432e-04
Epoch 437/500
7428/7428 - 9s - loss: 1.4616e-04 - mean_squared_error: 1.4616e-04 - val_loss: 1.4073e-04 - val_mean_squared_error: 1.4073e-04
Epoch 438/500
7428/7428 - 11s - loss: 1.4809e-04 - mean_squared_error: 1.4809e-04 - val_loss: 1.7080e-04 - val_mean_squared_error: 1.7080e-04
Epoch 439/500
7428/7428 - 10s - loss: 1.6059e-04 - mean_squared_error: 1.6059e-04 - val_loss: 2.1789e-04 - val_mean_squared_error: 2.1789e-04
Epoch 440/500
7428/7428 - 10s - loss: 2.5269e-04 - mean_squared_error: 2.5269e-04 - val_loss: 1.0254e-04 - val_mean_squared_error: 1.0254e-04
Epoch 441/500
7428/7428 - 11s - loss: 1.5783e-04 - mean_squared_error: 1.5783e-04 - val_loss: 4.3416e-04 - val_mean_squared_error: 4.3416e-04
Epoch 442/500
7428/7428 - 10s - loss: 2.1197e-04 - mean_squared_error: 2.1197e-04 - val_loss: 2.9698e-04 - val_mean_squared_error: 2.9698e-04
Epoch 443/500
7428/7428 - 11s - loss: 2.2606e-04 - mean_squared_error: 2.2606e-04 - val_loss: 1.0878e-04 - val_mean_squared_error: 1.0878e-04
Epoch 444/500
7428/7428 - 10s - loss: 1.7174e-04 - mean_squared_error: 1.7174e-04 - val_loss: 3.6402e-04 - val_mean_squared_error: 3.6402e-04
Epoch 445/500
7428/7428 - 10s - loss: 2.4332e-04 - mean_squared_error: 2.4332e-04 - val_loss: 2.8904e-04 - val_mean_squared_error: 2.8904e-04
Epoch 446/500
7428/7428 - 9s - loss: 3.6297e-04 - mean_squared_error: 3.6297e-04 - val_loss: 1.5978e-04 - val_mean_squared_error: 1.5978e-04
Epoch 447/500
7428/7428 - 11s - loss: 1.5829e-04 - mean_squared_error: 1.5829e-04 - val_loss: 9.8989e-05 - val_mean_squared_error: 9.8989e-05
Epoch 448/500
7428/7428 - 10s - loss: 1.5237e-04 - mean_squared_error: 1.5237e-04 - val_loss: 9.1716e-05 - val_mean_squared_error: 9.1716e-05
Epoch 449/500
7428/7428 - 10s - loss: 1.3193e-04 - mean_squared_error: 1.3193e-04 - val_loss: 9.5307e-05 - val_mean_squared_error: 9.5307e-05
Epoch 450/500
7428/7428 - 10s - loss: 2.7853e-04 - mean_squared_error: 2.7853e-04 - val_loss: 1.7508e-04 - val_mean_squared_error: 1.7508e-04
Epoch 451/500
7428/7428 - 9s - loss: 2.4020e-04 - mean_squared_error: 2.4020e-04 - val_loss: 2.0640e-04 - val_mean_squared_error: 2.0640e-04
Epoch 452/500
7428/7428 - 9s - loss: 2.1731e-04 - mean_squared_error: 2.1731e-04 - val_loss: 2.1964e-04 - val_mean_squared_error: 2.1964e-04
Epoch 453/500
7428/7428 - 10s - loss: 2.1806e-04 - mean_squared_error: 2.1806e-04 - val_loss: 1.0732e-04 - val_mean_squared_error: 1.0732e-04
Epoch 454/500
7428/7428 - 10s - loss: 1.6434e-04 - mean_squared_error: 1.6434e-04 - val_loss: 8.5436e-04 - val_mean_squared_error: 8.5436e-04
Epoch 455/500
7428/7428 - 11s - loss: 2.8478e-04 - mean_squared_error: 2.8478e-04 - val_loss: 1.2020e-04 - val_mean_squared_error: 1.2020e-04
Epoch 456/500
7428/7428 - 10s - loss: 1.9154e-04 - mean_squared_error: 1.9154e-04 - val_loss: 6.4098e-04 - val_mean_squared_error: 6.4098e-04
Epoch 457/500
7428/7428 - 11s - loss: 3.5412e-04 - mean_squared_error: 3.5412e-04 - val_loss: 2.2612e-04 - val_mean_squared_error: 2.2612e-04
Epoch 458/500
7428/7428 - 9s - loss: 2.0633e-04 - mean_squared_error: 2.0633e-04 - val_loss: 2.4990e-04 - val_mean_squared_error: 2.4990e-04
Epoch 459/500
7428/7428 - 10s - loss: 2.8365e-04 - mean_squared_error: 2.8365e-04 - val_loss: 1.7648e-04 - val_mean_squared_error: 1.7648e-04
Epoch 460/500
7428/7428 - 11s - loss: 2.4846e-04 - mean_squared_error: 2.4846e-04 - val_loss: 7.9773e-04 - val_mean_squared_error: 7.9773e-04
Epoch 461/500
7428/7428 - 9s - loss: 3.6001e-04 - mean_squared_error: 3.6001e-04 - val_loss: 1.9200e-04 - val_mean_squared_error: 1.9200e-04
Epoch 462/500
7428/7428 - 11s - loss: 1.9302e-04 - mean_squared_error: 1.9302e-04 - val_loss: 1.8586e-04 - val_mean_squared_error: 1.8586e-04
Epoch 463/500
7428/7428 - 9s - loss: 1.7589e-04 - mean_squared_error: 1.7589e-04 - val_loss: 3.5198e-04 - val_mean_squared_error: 3.5198e-04
Epoch 464/500
7428/7428 - 9s - loss: 2.0499e-04 - mean_squared_error: 2.0499e-04 - val_loss: 1.2078e-04 - val_mean_squared_error: 1.2078e-04
Epoch 465/500
7428/7428 - 10s - loss: 1.3343e-04 - mean_squared_error: 1.3343e-04 - val_loss: 1.0725e-04 - val_mean_squared_error: 1.0725e-04
Epoch 466/500
7428/7428 - 9s - loss: 1.3052e-04 - mean_squared_error: 1.3052e-04 - val_loss: 1.0424e-04 - val_mean_squared_error: 1.0424e-04
Epoch 467/500
7428/7428 - 9s - loss: 1.4762e-04 - mean_squared_error: 1.4762e-04 - val_loss: 2.7974e-04 - val_mean_squared_error: 2.7974e-04
Epoch 468/500
7428/7428 - 9s - loss: 1.8310e-04 - mean_squared_error: 1.8310e-04 - val_loss: 2.3630e-04 - val_mean_squared_error: 2.3630e-04
Epoch 469/500
7428/7428 - 10s - loss: 1.7812e-04 - mean_squared_error: 1.7812e-04 - val_loss: 2.4414e-04 - val_mean_squared_error: 2.4414e-04
Epoch 470/500
7428/7428 - 9s - loss: 2.0744e-04 - mean_squared_error: 2.0744e-04 - val_loss: 1.6422e-04 - val_mean_squared_error: 1.6422e-04
Epoch 471/500
7428/7428 - 9s - loss: 2.3321e-04 - mean_squared_error: 2.3321e-04 - val_loss: 1.6656e-04 - val_mean_squared_error: 1.6656e-04
Epoch 472/500
7428/7428 - 9s - loss: 1.6025e-04 - mean_squared_error: 1.6025e-04 - val_loss: 5.2067e-04 - val_mean_squared_error: 5.2067e-04
Epoch 473/500
7428/7428 - 11s - loss: 2.8308e-04 - mean_squared_error: 2.8308e-04 - val_loss: 2.4263e-04 - val_mean_squared_error: 2.4263e-04
Epoch 474/500
7428/7428 - 9s - loss: 2.7447e-04 - mean_squared_error: 2.7447e-04 - val_loss: 1.3957e-04 - val_mean_squared_error: 1.3957e-04
Epoch 475/500
7428/7428 - 11s - loss: 2.2272e-04 - mean_squared_error: 2.2272e-04 - val_loss: 8.2533e-04 - val_mean_squared_error: 8.2533e-04
Epoch 476/500
7428/7428 - 10s - loss: 2.5185e-04 - mean_squared_error: 2.5185e-04 - val_loss: 2.8884e-04 - val_mean_squared_error: 2.8884e-04
Epoch 477/500
7428/7428 - 11s - loss: 2.8974e-04 - mean_squared_error: 2.8974e-04 - val_loss: 2.0166e-04 - val_mean_squared_error: 2.0166e-04
Epoch 478/500
7428/7428 - 11s - loss: 2.1532e-04 - mean_squared_error: 2.1532e-04 - val_loss: 3.8533e-04 - val_mean_squared_error: 3.8533e-04
Epoch 479/500
7428/7428 - 10s - loss: 2.9898e-04 - mean_squared_error: 2.9898e-04 - val_loss: 2.7030e-04 - val_mean_squared_error: 2.7030e-04
Epoch 480/500
7428/7428 - 11s - loss: 1.9852e-04 - mean_squared_error: 1.9852e-04 - val_loss: 2.3525e-04 - val_mean_squared_error: 2.3525e-04
Epoch 481/500
7428/7428 - 11s - loss: 2.4781e-04 - mean_squared_error: 2.4781e-04 - val_loss: 1.8313e-04 - val_mean_squared_error: 1.8313e-04
Epoch 482/500
7428/7428 - 10s - loss: 2.2049e-04 - mean_squared_error: 2.2049e-04 - val_loss: 1.7471e-04 - val_mean_squared_error: 1.7471e-04
Epoch 483/500
7428/7428 - 11s - loss: 2.0711e-04 - mean_squared_error: 2.0711e-04 - val_loss: 1.5599e-04 - val_mean_squared_error: 1.5599e-04
Epoch 484/500
7428/7428 - 10s - loss: 1.6179e-04 - mean_squared_error: 1.6179e-04 - val_loss: 1.8814e-04 - val_mean_squared_error: 1.8814e-04
Epoch 485/500
7428/7428 - 10s - loss: 1.5963e-04 - mean_squared_error: 1.5963e-04 - val_loss: 1.4064e-04 - val_mean_squared_error: 1.4064e-04
Epoch 486/500
7428/7428 - 10s - loss: 1.6042e-04 - mean_squared_error: 1.6042e-04 - val_loss: 4.5523e-04 - val_mean_squared_error: 4.5523e-04
Epoch 487/500
7428/7428 - 9s - loss: 2.5754e-04 - mean_squared_error: 2.5754e-04 - val_loss: 3.4589e-04 - val_mean_squared_error: 3.4589e-04
Epoch 488/500
7428/7428 - 11s - loss: 2.1236e-04 - mean_squared_error: 2.1236e-04 - val_loss: 1.7577e-04 - val_mean_squared_error: 1.7577e-04
Epoch 489/500
7428/7428 - 10s - loss: 1.9251e-04 - mean_squared_error: 1.9251e-04 - val_loss: 1.4430e-04 - val_mean_squared_error: 1.4430e-04
Epoch 490/500
7428/7428 - 11s - loss: 1.7843e-04 - mean_squared_error: 1.7843e-04 - val_loss: 1.2910e-04 - val_mean_squared_error: 1.2910e-04
Epoch 491/500
7428/7428 - 11s - loss: 1.3792e-04 - mean_squared_error: 1.3792e-04 - val_loss: 1.2195e-04 - val_mean_squared_error: 1.2195e-04
Epoch 492/500
7428/7428 - 11s - loss: 1.3866e-04 - mean_squared_error: 1.3866e-04 - val_loss: 3.2037e-04 - val_mean_squared_error: 3.2037e-04
Epoch 493/500
7428/7428 - 11s - loss: 1.5760e-04 - mean_squared_error: 1.5760e-04 - val_loss: 1.2817e-04 - val_mean_squared_error: 1.2817e-04
Epoch 494/500
7428/7428 - 10s - loss: 1.5911e-04 - mean_squared_error: 1.5911e-04 - val_loss: 1.8603e-04 - val_mean_squared_error: 1.8603e-04
Epoch 495/500
7428/7428 - 11s - loss: 1.5698e-04 - mean_squared_error: 1.5698e-04 - val_loss: 3.0596e-04 - val_mean_squared_error: 3.0596e-04
Epoch 496/500
7428/7428 - 9s - loss: 2.1769e-04 - mean_squared_error: 2.1769e-04 - val_loss: 4.7477e-04 - val_mean_squared_error: 4.7477e-04
Epoch 497/500
7428/7428 - 10s - loss: 1.7080e-04 - mean_squared_error: 1.7080e-04 - val_loss: 1.1576e-04 - val_mean_squared_error: 1.1576e-04
Epoch 498/500
7428/7428 - 12s - loss: 1.9510e-04 - mean_squared_error: 1.9510e-04 - val_loss: 3.5233e-04 - val_mean_squared_error: 3.5233e-04
Epoch 499/500
7428/7428 - 10s - loss: 2.4336e-04 - mean_squared_error: 2.4336e-04 - val_loss: 1.1098e-04 - val_mean_squared_error: 1.1098e-04
Epoch 500/500
7428/7428 - 10s - loss: 1.6429e-04 - mean_squared_error: 1.6429e-04 - val_loss: 7.7513e-04 - val_mean_squared_error: 7.7513e-04
Being drawing the graph of MODEL LOSS
